RUN	com.gatling.tests.registerUser2	registeruser2	1669304946984	asd	3.6.1
USER	registerUser	START	1669304948898
USER	createOrder	START	1669304948898
USER	createOrder	START	1669304948898
USER	registerUser	START	1669304948898
USER	createOrder	START	1669304948898
USER	registerUser	START	1669304948898
REQUEST		CreateOrder_00_LandingPage	1669304948967	1669304949752	OK	 
REQUEST		CreateOrder_00_LandingPage	1669304948967	1669304949752	OK	 
REQUEST		RegisterUser_00_LandingPage	1669304948968	1669304949752	OK	 
REQUEST		RegisterUser_00_LandingPage	1669304948967	1669304949752	OK	 
REQUEST		RegisterUser_00_LandingPage	1669304948967	1669304949752	OK	 
REQUEST		CreateOrder_00_LandingPage	1669304948967	1669304949752	OK	 
REQUEST		RegisterUser_01_ClickSignIn	1669304952024	1669304952264	OK	 
REQUEST		CreateOrder_01_ClickSignIn	1669304952024	1669304952264	OK	 
REQUEST		CreateOrder_01_ClickSignIn	1669304952024	1669304952264	OK	 
REQUEST		RegisterUser_01_ClickSignIn	1669304952024	1669304952264	OK	 
REQUEST		RegisterUser_01_ClickSignIn	1669304952024	1669304952264	OK	 
REQUEST		CreateOrder_01_ClickSignIn	1669304952024	1669304952264	OK	 
REQUEST		RegisterUser_02_ClickRegisterNow	1669304954284	1669304954528	OK	 
REQUEST		RegisterUser_02_ClickRegisterNow	1669304954284	1669304954528	OK	 
REQUEST		RegisterUser_02_ClickRegisterNow	1669304954284	1669304954528	OK	 
REQUEST		CreateOrder_02_Login PerfTest002	1669304954299	1669304954548	OK	 
REQUEST		CreateOrder_02_Login PerfTest003	1669304954299	1669304954548	OK	 
REQUEST		CreateOrder_02_Login PerfTest001	1669304954299	1669304954548	OK	 
REQUEST		CreateOrder_02_Login PerfTest001 Redirect 1	1669304954556	1669304954799	OK	 
REQUEST		CreateOrder_02_Login PerfTest002 Redirect 1	1669304954556	1669304954799	OK	 
REQUEST		CreateOrder_02_Login PerfTest003 Redirect 1	1669304954556	1669304954799	OK	 
REQUEST		RegisterUser_03_SaveAccountInfo	1669304956546	1669304956790	OK	 
REQUEST		RegisterUser_03_SaveAccountInfo	1669304956546	1669304956790	OK	 
REQUEST		RegisterUser_03_SaveAccountInfo	1669304956546	1669304956800	OK	 
REQUEST		RegisterUser_03_SaveAccountInfo Redirect 1	1669304956791	1669304957031	OK	 
REQUEST		RegisterUser_03_SaveAccountInfo Redirect 1	1669304956791	1669304957031	OK	 
USER	registerUser	END	1669304957040
USER	registerUser	END	1669304957040
REQUEST		RegisterUser_03_SaveAccountInfo Redirect 1	1669304956801	1669304957042	OK	 
USER	registerUser	END	1669304957047
REQUEST		CreateOrder_03_SelectCategory FISH	1669304957526	1669304957769	OK	 
REQUEST		CreateOrder_03_SelectCategory FISH	1669304957662	1669304957898	OK	 
REQUEST		CreateOrder_03_SelectCategory REPTILES	1669304958798	1669304959038	OK	 
REQUEST		CreateOrder_04_SelectProduct FI-SW-01	1669304961120	1669304961370	OK	 
REQUEST		CreateOrder_04_SelectProduct RP-LI-02	1669304961167	1669304961407	OK	 
REQUEST		CreateOrder_04_SelectProduct FI-SW-01	1669304961692	1669304961932	OK	 
REQUEST		CreateOrder_05_ViewItem	1669304964452	1669304964693	OK	 
REQUEST		CreateOrder_05_ViewItem	1669304964731	1669304964973	OK	 
REQUEST		CreateOrder_05_ViewItem	1669304964809	1669304965045	OK	 
REQUEST		CreateOrder_05_AddToCart	1669304967583	1669304967847	OK	 
REQUEST		CreateOrder_05_AddToCart	1669304967677	1669304967914	OK	 
REQUEST		CreateOrder_05_AddToCart	1669304967769	1669304968008	OK	 
REQUEST		CreateOrder_06_ProceedCheckout	1669304970367	1669304970608	OK	 
REQUEST		CreateOrder_06_ProceedCheckout	1669304971486	1669304971729	OK	 
REQUEST		CreateOrder_06_ProceedCheckout	1669304971517	1669304971753	OK	 
REQUEST		CreateOrder_07_PressContinue	1669304972803	1669304973048	OK	 
REQUEST		CreateOrder_07_PressContinue	1669304974621	1669304974863	OK	 
REQUEST		CreateOrder_07_PressContinue	1669304974838	1669304975081	OK	 
REQUEST		CreateOrder_08_ConfirmOrder	1669304976417	1669304976660	OK	 
USER	createOrder	END	1669304976663
REQUEST		CreateOrder_08_ConfirmOrder	1669304977097	1669304977338	OK	 
USER	createOrder	END	1669304977341
REQUEST		CreateOrder_08_ConfirmOrder	1669304978613	1669304978853	OK	 
USER	createOrder	END	1669304978856
