RUN	com.gatling.tests.createOrder	createorder	1669294158645	fg	3.6.1
USER	createOrder	START	1669294160655
USER	createOrder	START	1669294160655
USER	createOrder	START	1669294160655
REQUEST		CreateOrder_00_LandingPage	1669294160713	1669294161480	OK	 
REQUEST		CreateOrder_00_LandingPage	1669294160713	1669294161480	OK	 
REQUEST		CreateOrder_00_LandingPage	1669294160713	1669294161480	OK	 
REQUEST		CreateOrder_01_ClickSignIn	1669294163731	1669294163967	OK	 
REQUEST		CreateOrder_01_ClickSignIn	1669294163731	1669294163967	OK	 
REQUEST		CreateOrder_01_ClickSignIn	1669294163731	1669294163977	OK	 
REQUEST		CreateOrder_02_Login #{username}	1669294166001	1669294166238	OK	 
REQUEST		CreateOrder_02_Login #{username}	1669294166001	1669294166246	OK	 
REQUEST		CreateOrder_02_Login #{username}	1669294166001	1669294166246	OK	 
REQUEST		CreateOrder_03_SelectCategory CATS	1669294168259	1669294168494	OK	 
REQUEST		CreateOrder_03_SelectCategory DOGS	1669294168269	1669294168506	OK	 
REQUEST		CreateOrder_03_SelectCategory REPTILES	1669294168269	1669294168514	OK	 
REQUEST		CreateOrder_04_SelectProduct K9-PO-02	1669294170522	1669294170758	OK	 
REQUEST		CreateOrder_04_SelectProduct FL-DLH-02	1669294170522	1669294170758	OK	 
REQUEST		CreateOrder_04_SelectProduct RP-LI-02	1669294170522	1669294170768	OK	 
REQUEST		CreateOrder_05_ViewItem	1669294172780	1669294173014	OK	 
REQUEST		CreateOrder_05_ViewItem	1669294172780	1669294173014	OK	 
REQUEST		CreateOrder_05_ViewItem	1669294172780	1669294173014	OK	 
REQUEST		CreateOrder_05_AddToCart	1669294175025	1669294175261	OK	 
REQUEST		CreateOrder_05_AddToCart	1669294175025	1669294175261	OK	 
REQUEST		CreateOrder_05_AddToCart	1669294175025	1669294175290	OK	 
REQUEST		CreateOrder_06_ProceedCheckout	1669294177268	1669294177503	OK	 
REQUEST		CreateOrder_06_ProceedCheckout	1669294177268	1669294177511	OK	 
REQUEST		CreateOrder_06_ProceedCheckout	1669294177300	1669294177535	OK	 
REQUEST		CreateOrder_07_PressContinue	1669294179513	1669294179770	OK	 
REQUEST		CreateOrder_07_PressContinue	1669294179529	1669294179770	OK	 
REQUEST		CreateOrder_07_PressContinue	1669294179545	1669294179782	OK	 
REQUEST		CreateOrder_08_ConfirmOrder	1669294181783	1669294182255	KO	status.find.in(200,201,202,203,204,205,206,207,208,209,304), found 500
REQUEST		CreateOrder_08_ConfirmOrder	1669294181783	1669294182255	KO	status.find.in(200,201,202,203,204,205,206,207,208,209,304), found 500
REQUEST		CreateOrder_08_ConfirmOrder	1669294181798	1669294182270	KO	status.find.in(200,201,202,203,204,205,206,207,208,209,304), found 500
USER	createOrder	END	1669294182272
USER	createOrder	END	1669294182272
USER	createOrder	END	1669294182272
