RUN	com.gatling.tests.petshop	petshop	1669214301979	kkkkkkkkk	3.6.1
USER	registerUser	START	1669214303908
USER	registerUser	START	1669214303908
USER	registerUser	START	1669214303908
REQUEST		request_0	1669214303960	1669214304692	OK	 
REQUEST		request_0	1669214303960	1669214304692	OK	 
REQUEST		request_0	1669214303960	1669214304692	OK	 
REQUEST		jpetstore.css	1669214304957	1669214305192	OK	 
REQUEST		jpetstore.css	1669214304957	1669214305192	OK	 
REQUEST		jpetstore.css	1669214304957	1669214305183	OK	 
REQUEST		sm_reptiles.gif	1669214305239	1669214305473	OK	 
REQUEST		sm_reptiles.gif	1669214305242	1669214305473	OK	 
REQUEST		sm_reptiles.gif	1669214305242	1669214305487	OK	 
REQUEST		sm_cats.gif	1669214305476	1669214305703	OK	 
REQUEST		separator.gif	1669214304962	1669214305710	OK	 
REQUEST		sm_cats.gif	1669214305476	1669214305714	OK	 
REQUEST		sm_dogs.gif	1669214304967	1669214305722	OK	 
REQUEST		logo-topbar.gif	1669214304960	1669214305722	OK	 
REQUEST		sm_cats.gif	1669214305490	1669214305726	OK	 
REQUEST		logo-topbar.gif	1669214304960	1669214305745	OK	 
REQUEST		logo-topbar.gif	1669214304960	1669214305745	OK	 
REQUEST		cart.gif	1669214304961	1669214305745	OK	 
REQUEST		sm_dogs.gif	1669214304966	1669214305749	OK	 
REQUEST		sm_fish.gif	1669214304964	1669214305753	OK	 
REQUEST		cart.gif	1669214304961	1669214305757	OK	 
REQUEST		sm_dogs.gif	1669214304968	1669214305762	OK	 
REQUEST		cart.gif	1669214304961	1669214305769	OK	 
REQUEST		separator.gif	1669214304963	1669214305775	OK	 
REQUEST		sm_fish.gif	1669214304964	1669214305778	OK	 
REQUEST		separator.gif	1669214304963	1669214305786	OK	 
REQUEST		sm_fish.gif	1669214304964	1669214305794	OK	 
REQUEST		sm_birds.gif	1669214305711	1669214305931	OK	 
REQUEST		sm_birds.gif	1669214305705	1669214305931	OK	 
REQUEST		fish_icon.gif	1669214305716	1669214305950	OK	 
REQUEST		fish_icon.gif	1669214305724	1669214305950	OK	 
REQUEST		sm_birds.gif	1669214305724	1669214305963	OK	 
REQUEST		fish_icon.gif	1669214305727	1669214305966	OK	 
REQUEST		dogs_icon.gif	1669214305746	1669214305986	OK	 
REQUEST		cats_icon.gif	1669214305754	1669214305986	OK	 
REQUEST		dogs_icon.gif	1669214305746	1669214305986	OK	 
REQUEST		cats_icon.gif	1669214305750	1669214305990	OK	 
REQUEST		dogs_icon.gif	1669214305746	1669214305991	OK	 
REQUEST		birds_icon.gif	1669214305764	1669214305994	OK	 
REQUEST		reptiles_icon.gif	1669214305760	1669214306004	OK	 
REQUEST		birds_icon.gif	1669214305779	1669214306012	OK	 
REQUEST		cats_icon.gif	1669214305771	1669214306012	OK	 
REQUEST		reptiles_icon.gif	1669214305787	1669214306023	OK	 
REQUEST		reptiles_icon.gif	1669214305776	1669214306023	OK	 
REQUEST		birds_icon.gif	1669214305795	1669214306035	OK	 
REQUEST		request_11	1669214305960	1669214306185	OK	 
REQUEST		request_11	1669214305960	1669214306196	OK	 
REQUEST		request_11	1669214305971	1669214306215	OK	 
REQUEST		request_13	1669214305988	1669214306215	OK	 
REQUEST		request_12	1669214305987	1669214306222	OK	 
REQUEST		request_12	1669214305987	1669214306222	OK	 
REQUEST		request_13	1669214305992	1669214306229	OK	 
REQUEST		request_14	1669214305992	1669214306230	OK	 
REQUEST		request_13	1669214306013	1669214306252	OK	 
REQUEST		request_14	1669214306024	1669214306261	OK	 
REQUEST		splash.gif	1669214305932	1669214306386	OK	 
REQUEST		splash.gif	1669214305932	1669214306390	OK	 
REQUEST		splash.gif	1669214305964	1669214306432	OK	 
REQUEST		request_15	1669214305996	1669214306459	OK	 
REQUEST		request_15	1669214306013	1669214306486	OK	 
REQUEST		request_15	1669214306036	1669214306522	OK	 
REQUEST		request_16	1669214308472	1669214308744	OK	 
REQUEST		request_16	1669214308502	1669214308756	OK	 
REQUEST		request_16	1669214308534	1669214308756	OK	 
REQUEST		separator.gif	1669214308768	1669214308997	OK	 
REQUEST		logo-topbar.gif	1669214308764	1669214309004	OK	 
REQUEST		sm_fish.gif	1669214308769	1669214309006	OK	 
REQUEST		jpetstore.css	1669214308762	1669214309008	OK	 
REQUEST		separator.gif	1669214308779	1669214309008	OK	 
REQUEST		logo-topbar.gif	1669214308777	1669214309010	OK	 
REQUEST		cart.gif	1669214308766	1669214309010	OK	 
REQUEST		sm_dogs.gif	1669214308771	1669214309012	OK	 
REQUEST		jpetstore.css	1669214308774	1669214309015	OK	 
REQUEST		sm_dogs.gif	1669214308782	1669214309016	OK	 
REQUEST		jpetstore.css	1669214308775	1669214309016	OK	 
REQUEST		logo-topbar.gif	1669214308775	1669214309017	OK	 
REQUEST		separator.gif	1669214308780	1669214309018	OK	 
REQUEST		cart.gif	1669214308777	1669214309018	OK	 
REQUEST		sm_fish.gif	1669214308780	1669214309019	OK	 
REQUEST		cart.gif	1669214308779	1669214309019	OK	 
REQUEST		sm_fish.gif	1669214308782	1669214309024	OK	 
REQUEST		sm_dogs.gif	1669214308784	1669214309033	OK	 
REQUEST		request_26	1669214311021	1669214311248	OK	 
REQUEST		request_26	1669214311037	1669214311264	OK	 
REQUEST		request_26	1669214311037	1669214311273	OK	 
REQUEST		logo-topbar.gif	1669214311265	1669214311492	OK	 
REQUEST		jpetstore.css	1669214311264	1669214311496	OK	 
REQUEST		sm_dogs.gif	1669214311270	1669214311499	OK	 
REQUEST		logo-topbar.gif	1669214311278	1669214311499	OK	 
REQUEST		cart.gif	1669214311267	1669214311501	OK	 
REQUEST		separator.gif	1669214311268	1669214311510	OK	 
REQUEST		sm_dogs.gif	1669214311285	1669214311510	OK	 
REQUEST		sm_fish.gif	1669214311269	1669214311512	OK	 
REQUEST		jpetstore.css	1669214311277	1669214311512	OK	 
REQUEST		cart.gif	1669214311279	1669214311513	OK	 
REQUEST		separator.gif	1669214311281	1669214311522	OK	 
REQUEST		jpetstore.css	1669214311289	1669214311522	OK	 
REQUEST		sm_fish.gif	1669214311283	1669214311524	OK	 
REQUEST		logo-topbar.gif	1669214311291	1669214311530	OK	 
REQUEST		sm_dogs.gif	1669214311297	1669214311531	OK	 
REQUEST		separator.gif	1669214311294	1669214311532	OK	 
REQUEST		cart.gif	1669214311293	1669214311533	OK	 
REQUEST		sm_fish.gif	1669214311296	1669214311540	OK	 
REQUEST		AAAAAAAAAAAAAA	1669214313531	1669214313763	OK	 
REQUEST		AAAAAAAAAAAAAA	1669214313539	1669214313775	OK	 
REQUEST		AAAAAAAAAAAAAA	1669214313555	1669214313793	OK	 
REQUEST		AAAAAAAAAAAAAA Redirect 1	1669214313769	1669214314001	OK	 
REQUEST		AAAAAAAAAAAAAA Redirect 1	1669214313776	1669214314005	OK	 
REQUEST		AAAAAAAAAAAAAA Redirect 1	1669214313794	1669214314029	OK	 
REQUEST		jpetstore.css	1669214314017	1669214314242	OK	 
REQUEST		sm_fish.gif	1669214314022	1669214314251	OK	 
REQUEST		sm_dogs.gif	1669214314030	1669214314255	OK	 
REQUEST		sm_dogs.gif	1669214314024	1669214314255	OK	 
REQUEST		logo-topbar.gif	1669214314019	1669214314257	OK	 
REQUEST		cart.gif	1669214314020	1669214314258	OK	 
REQUEST		separator.gif	1669214314021	1669214314259	OK	 
REQUEST		sm_fish.gif	1669214314029	1669214314264	OK	 
REQUEST		cart.gif	1669214314026	1669214314269	OK	 
REQUEST		jpetstore.css	1669214314024	1669214314270	OK	 
REQUEST		logo-topbar.gif	1669214314025	1669214314272	OK	 
REQUEST		separator.gif	1669214314028	1669214314273	OK	 
REQUEST		jpetstore.css	1669214314045	1669214314283	OK	 
USER	registerUser	END	1669214314283
USER	registerUser	END	1669214314285
REQUEST		sm_fish.gif	1669214314049	1669214314288	OK	 
REQUEST		logo-topbar.gif	1669214314046	1669214314290	OK	 
REQUEST		cart.gif	1669214314047	1669214314292	OK	 
REQUEST		sm_dogs.gif	1669214314050	1669214314294	OK	 
REQUEST		separator.gif	1669214314048	1669214314295	OK	 
USER	registerUser	END	1669214314302
