RUN	com.gatling.tests.createOrder2	createorder2	1669308794426	asd	3.6.1
USER	createOrder	START	1669308796290
USER	createOrder	START	1669308796290
USER	createOrder	START	1669308796290
REQUEST		CreateOrder_00_LandingPage	1669308796344	1669308797160	OK	 
REQUEST		CreateOrder_00_LandingPage	1669308796344	1669308797160	OK	 
REQUEST		CreateOrder_00_LandingPage	1669308796344	1669308797160	OK	 
REQUEST		CreateOrder_01_ClickSignIn	1669308799418	1669308799648	OK	 
REQUEST		CreateOrder_01_ClickSignIn	1669308799418	1669308799659	OK	 
REQUEST		CreateOrder_01_ClickSignIn	1669308799418	1669308799667	OK	 
REQUEST		CreateOrder_02_Login	1669308801673	1669308801909	OK	 
REQUEST		CreateOrder_02_Login	1669308801678	1669308801917	OK	 
REQUEST		CreateOrder_02_Login	1669308801678	1669308801917	OK	 
REQUEST		CreateOrder_02_Login Redirect 1	1669308801915	1669308802145	OK	 
REQUEST		CreateOrder_02_Login Redirect 1	1669308801918	1669308802165	OK	 
REQUEST		CreateOrder_02_Login Redirect 1	1669308801918	1669308802164	OK	 
REQUEST		CreateOrder_03_SelectCategory DOGS	1669308804166	1669308804403	OK	 
REQUEST		CreateOrder_03_SelectCategory REPTILES	1669308804176	1669308804420	OK	 
REQUEST		CreateOrder_03_SelectCategory DOGS	1669308804176	1669308804421	OK	 
REQUEST		CreateOrder_04_SelectProduct K9-DL-01	1669308806437	1669308806673	OK	 
REQUEST		CreateOrder_04_SelectProduct RP-SN-01	1669308806437	1669308806684	OK	 
REQUEST		CreateOrder_04_SelectProduct K9-CW-01	1669308806437	1669308806684	OK	 
REQUEST		CreateOrder_05_ViewItem	1669308808685	1669308808921	OK	 
REQUEST		CreateOrder_05_ViewItem	1669308808701	1669308808944	OK	 
REQUEST		CreateOrder_05_ViewItem	1669308808701	1669308808943	OK	 
REQUEST		CreateOrder_05_AddToCart	1669308810933	1669308811167	OK	 
REQUEST		CreateOrder_05_AddToCart	1669308810949	1669308811192	OK	 
REQUEST		CreateOrder_05_AddToCart	1669308810964	1669308811211	OK	 
REQUEST		CreateOrder_06_ProceedCheckout	1669308813180	1669308813418	OK	 
REQUEST		CreateOrder_06_ProceedCheckout	1669308813211	1669308813452	OK	 
REQUEST		CreateOrder_06_ProceedCheckout	1669308813226	1669308813489	OK	 
REQUEST		CreateOrder_07_PressContinue	1669308815426	1669308815671	OK	 
REQUEST		CreateOrder_07_PressContinue	1669308815457	1669308815703	OK	 
REQUEST		CreateOrder_07_PressContinue	1669308815504	1669308815745	OK	 
REQUEST		CreateOrder_08_ConfirmOrder	1669308818744	1669308818990	OK	 
USER	createOrder	END	1669308819001
REQUEST		CreateOrder_08_ConfirmOrder	1669308819380	1669308819627	OK	 
USER	createOrder	END	1669308819630
REQUEST		CreateOrder_08_ConfirmOrder	1669308819661	1669308819896	OK	 
USER	createOrder	END	1669308819900
