RUN	com.gatling.tests.createOrder	createorder	1669289067068	dfg	3.6.1
USER	createOrder	START	1669289068986
USER	createOrder	START	1669289068986
USER	createOrder	START	1669289068986
REQUEST		CreateOrder_00_LandingPage	1669289069037	1669289069780	OK	 
REQUEST		CreateOrder_00_LandingPage	1669289069037	1669289069780	OK	 
REQUEST		CreateOrder_00_LandingPage	1669289069037	1669289069780	OK	 
REQUEST		CreateOrder_01_ClickSignIn	1669289072039	1669289072268	OK	 
REQUEST		CreateOrder_01_ClickSignIn	1669289072039	1669289072268	OK	 
REQUEST		CreateOrder_01_ClickSignIn	1669289072039	1669289072283	OK	 
REQUEST		CreateOrder_02_Login #{username}	1669289074307	1669289074538	OK	 
REQUEST		CreateOrder_02_Login #{username}	1669289074307	1669289074538	OK	 
REQUEST		CreateOrder_02_Login #{username}	1669289074307	1669289074548	OK	 
REQUEST		CreateOrder_03_SelectCategory REPTILES	1669289076559	1669289076792	OK	 
REQUEST		CreateOrder_03_SelectCategory DOGS	1669289076559	1669289076792	OK	 
REQUEST		CreateOrder_03_SelectCategory CATS	1669289076568	1669289076809	OK	 
REQUEST		CreateOrder_04_SelectProduct RP-LI-02	1669289078827	1669289079054	OK	 
REQUEST		CreateOrder_04_SelectProduct K9-DL-01	1669289078827	1669289079088	OK	 
REQUEST		CreateOrder_04_SelectProduct FL-DSH-01	1669289078827	1669289079088	OK	 
REQUEST		CreateOrder_05_ViewItem	1669289081064	1669289081290	OK	 
REQUEST		CreateOrder_05_ViewItem	1669289081094	1669289081320	OK	 
REQUEST		CreateOrder_05_ViewItem	1669289081094	1669289081331	OK	 
REQUEST		CreateOrder_05_AddToCart	1669289083294	1669289083522	OK	 
REQUEST		CreateOrder_05_AddToCart	1669289083327	1669289083554	OK	 
REQUEST		CreateOrder_05_AddToCart	1669289083342	1669289083580	OK	 
REQUEST		CreateOrder_06_ProceedCheckout	1669289085539	1669289085766	OK	 
REQUEST		CreateOrder_06_ProceedCheckout	1669289085571	1669289085806	OK	 
REQUEST		CreateOrder_06_ProceedCheckout	1669289085588	1669289085834	OK	 
REQUEST		CreateOrder_07_PressContinue	1669289087771	1669289087999	OK	 
REQUEST		CreateOrder_07_PressContinue	1669289087820	1669289088049	OK	 
REQUEST		CreateOrder_07_PressContinue	1669289087851	1669289088089	OK	 
REQUEST		CreateOrder_08_ConfirmOrder	1669289090014	1669289090506	KO	status.find.in(200,201,202,203,204,205,206,207,208,209,304), found 500
REQUEST		CreateOrder_08_ConfirmOrder	1669289090061	1669289090512	KO	status.find.in(200,201,202,203,204,205,206,207,208,209,304), found 500
USER	createOrder	END	1669289090525
USER	createOrder	END	1669289090525
REQUEST		CreateOrder_08_ConfirmOrder	1669289090093	1669289090563	KO	status.find.in(200,201,202,203,204,205,206,207,208,209,304), found 500
USER	createOrder	END	1669289090566
