RUN	com.gatling.tests.createOrder	createorder	1669300128284	sdf	3.6.1
USER	createOrder	START	1669300130307
USER	createOrder	START	1669300130307
USER	createOrder	START	1669300130307
REQUEST		CreateOrder_00_LandingPage	1669300130371	1669300131151	OK	 
REQUEST		CreateOrder_00_LandingPage	1669300130371	1669300131151	OK	 
REQUEST		CreateOrder_00_LandingPage	1669300130371	1669300131151	OK	 
REQUEST		CreateOrder_01_ClickSignIn	1669300133439	1669300133678	OK	 
REQUEST		CreateOrder_01_ClickSignIn	1669300133439	1669300133678	OK	 
REQUEST		CreateOrder_01_ClickSignIn	1669300133439	1669300133685	OK	 
REQUEST		CreateOrder_02_Login PerfTest001	1669300135719	1669300135962	OK	 
REQUEST		CreateOrder_02_Login PerfTest002	1669300135719	1669300135962	OK	 
REQUEST		CreateOrder_02_Login PerfTest002	1669300135719	1669300135962	OK	 
REQUEST		CreateOrder_03_SelectCategory BIRDS	1669300137983	1669300138239	OK	 
REQUEST		CreateOrder_03_SelectCategory BIRDS	1669300137982	1669300138239	OK	 
REQUEST		CreateOrder_03_SelectCategory BIRDS	1669300137983	1669300138242	OK	 
REQUEST		CreateOrder_04_SelectProduct AV-SB-02	1669300140268	1669300140506	OK	 
REQUEST		CreateOrder_04_SelectProduct AV-CB-01	1669300140268	1669300140511	OK	 
REQUEST		CreateOrder_04_SelectProduct AV-SB-02	1669300140268	1669300140511	OK	 
REQUEST		CreateOrder_05_ViewItem	1669300142519	1669300142757	OK	 
REQUEST		CreateOrder_05_ViewItem	1669300142519	1669300142757	OK	 
REQUEST		CreateOrder_05_ViewItem	1669300142519	1669300142757	OK	 
REQUEST		CreateOrder_05_AddToCart	1669300144767	1669300145001	OK	 
REQUEST		CreateOrder_05_AddToCart	1669300144767	1669300145001	OK	 
REQUEST		CreateOrder_05_AddToCart	1669300144767	1669300145001	OK	 
REQUEST		CreateOrder_06_ProceedCheckout	1669300147006	1669300147237	OK	 
REQUEST		CreateOrder_06_ProceedCheckout	1669300147005	1669300147245	OK	 
REQUEST		CreateOrder_06_ProceedCheckout	1669300147005	1669300147245	OK	 
REQUEST		CreateOrder_07_PressContinue	1669300149242	1669300149480	OK	 
REQUEST		CreateOrder_07_PressContinue	1669300149257	1669300149496	OK	 
REQUEST		CreateOrder_07_PressContinue	1669300149257	1669300149496	OK	 
REQUEST		CreateOrder_08_ConfirmOrder	1669300151492	1669300151960	KO	status.find.in(200,201,202,203,204,205,206,207,208,209,304), found 500
USER	createOrder	END	1669300151979
REQUEST		CreateOrder_08_ConfirmOrder	1669300151507	1669300151978	KO	status.find.in(200,201,202,203,204,205,206,207,208,209,304), found 500
REQUEST		CreateOrder_08_ConfirmOrder	1669300151507	1669300151978	KO	status.find.in(200,201,202,203,204,205,206,207,208,209,304), found 500
USER	createOrder	END	1669300151981
USER	createOrder	END	1669300151981
