RUN	com.gatling.tests.createOrder	createorder	1669294964264	sd	3.6.1
USER	createOrder	START	1669294966166
USER	createOrder	START	1669294966166
USER	createOrder	START	1669294966166
REQUEST		CreateOrder_00_LandingPage	1669294966227	1669294966966	OK	 
REQUEST		CreateOrder_00_LandingPage	1669294966227	1669294966966	OK	 
REQUEST		CreateOrder_00_LandingPage	1669294966227	1669294966966	OK	 
REQUEST		CreateOrder_01_ClickSignIn	1669294969251	1669294969479	OK	 
REQUEST		CreateOrder_01_ClickSignIn	1669294969251	1669294969479	OK	 
REQUEST		CreateOrder_01_ClickSignIn	1669294969251	1669294969490	OK	 
REQUEST		CreateOrder_02_Login #{username}	1669294971511	1669294971742	OK	 
REQUEST		CreateOrder_02_Login #{username}	1669294971511	1669294971742	OK	 
REQUEST		CreateOrder_02_Login #{username}	1669294971511	1669294971753	OK	 
REQUEST		CreateOrder_03_SelectCategory CATS	1669294973761	1669294973992	OK	 
REQUEST		CreateOrder_03_SelectCategory REPTILES	1669294973767	1669294974003	OK	 
REQUEST		CreateOrder_03_SelectCategory FISH	1669294973761	1669294973992	OK	 
REQUEST		CreateOrder_04_SelectProduct FI-SW-01	1669294976028	1669294976257	OK	 
REQUEST		CreateOrder_04_SelectProduct FL-DSH-01	1669294976028	1669294976257	OK	 
REQUEST		CreateOrder_04_SelectProduct RP-SN-01	1669294976028	1669294976272	OK	 
REQUEST		CreateOrder_05_ViewItem	1669294978272	1669294978513	OK	 
REQUEST		CreateOrder_05_ViewItem	1669294978272	1669294978513	OK	 
REQUEST		CreateOrder_05_ViewItem	1669294978287	1669294978526	OK	 
REQUEST		CreateOrder_05_AddToCart	1669294980540	1669294980780	OK	 
REQUEST		CreateOrder_05_AddToCart	1669294980524	1669294980780	OK	 
REQUEST		CreateOrder_05_AddToCart	1669294980524	1669294980784	OK	 
REQUEST		CreateOrder_06_ProceedCheckout	1669294982792	1669294983022	OK	 
REQUEST		CreateOrder_06_ProceedCheckout	1669294982792	1669294983030	OK	 
REQUEST		CreateOrder_06_ProceedCheckout	1669294982792	1669294983031	OK	 
REQUEST		CreateOrder_07_PressContinue	1669294985039	1669294985269	OK	 
REQUEST		CreateOrder_07_PressContinue	1669294985039	1669294985269	OK	 
REQUEST		CreateOrder_07_PressContinue	1669294985039	1669294985287	OK	 
REQUEST		CreateOrder_08_ConfirmOrder	1669294987284	1669294987739	KO	status.find.in(200,201,202,203,204,205,206,207,208,209,304), found 500
REQUEST		CreateOrder_08_ConfirmOrder	1669294987284	1669294987739	KO	status.find.in(200,201,202,203,204,205,206,207,208,209,304), found 500
USER	createOrder	END	1669294987767
USER	createOrder	END	1669294987767
REQUEST		CreateOrder_08_ConfirmOrder	1669294987300	1669294987771	KO	status.find.in(200,201,202,203,204,205,206,207,208,209,304), found 500
USER	createOrder	END	1669294987775
