RUN	com.gatling.tests.createOrder	createorder	1669300027594	sdf	3.6.1
USER	createOrder	START	1669300029564
USER	createOrder	START	1669300029564
USER	createOrder	START	1669300029564
REQUEST		CreateOrder_00_LandingPage	1669300029620	1669300030450	OK	 
REQUEST		CreateOrder_00_LandingPage	1669300029620	1669300030449	OK	 
REQUEST		CreateOrder_00_LandingPage	1669300029620	1669300030449	OK	 
REQUEST		CreateOrder_01_ClickSignIn	1669300032767	1669300032995	OK	 
REQUEST		CreateOrder_01_ClickSignIn	1669300032767	1669300032995	OK	 
REQUEST		CreateOrder_01_ClickSignIn	1669300032777	1669300033035	OK	 
REQUEST		CreateOrder_02_Login PerfTest002	1669300035035	1669300035270	OK	 
REQUEST		CreateOrder_02_Login PerfTest002	1669300035035	1669300035270	OK	 
REQUEST		CreateOrder_02_Login PerfTest001	1669300035049	1669300035286	OK	 
REQUEST		CreateOrder_03_SelectCategory DOGS	1669300037290	1669300037519	OK	 
REQUEST		CreateOrder_03_SelectCategory CATS	1669300037290	1669300037519	OK	 
REQUEST		CreateOrder_03_SelectCategory DOGS	1669300037302	1669300037548	OK	 
REQUEST		CreateOrder_04_SelectProduct K9-BD-01	1669300039546	1669300039781	OK	 
REQUEST		CreateOrder_04_SelectProduct FL-DLH-02	1669300039546	1669300039784	OK	 
REQUEST		CreateOrder_04_SelectProduct K9-PO-02	1669300039561	1669300039802	OK	 
REQUEST		CreateOrder_05_ViewItem	1669300041795	1669300042027	OK	 
REQUEST		CreateOrder_05_ViewItem	1669300041795	1669300042027	OK	 
REQUEST		CreateOrder_05_ViewItem	1669300041810	1669300042044	OK	 
REQUEST		CreateOrder_05_AddToCart	1669300044037	1669300044286	OK	 
REQUEST		CreateOrder_05_AddToCart	1669300044037	1669300044286	OK	 
REQUEST		CreateOrder_05_AddToCart	1669300044053	1669300044293	OK	 
REQUEST		CreateOrder_06_ProceedCheckout	1669300046299	1669300046529	OK	 
REQUEST		CreateOrder_06_ProceedCheckout	1669300046299	1669300046529	OK	 
REQUEST		CreateOrder_06_ProceedCheckout	1669300046299	1669300046543	OK	 
REQUEST		CreateOrder_07_PressContinue	1669300048547	1669300048776	OK	 
REQUEST		CreateOrder_07_PressContinue	1669300048547	1669300048776	OK	 
REQUEST		CreateOrder_07_PressContinue	1669300048562	1669300048801	OK	 
REQUEST		CreateOrder_08_ConfirmOrder	1669300050783	1669300051238	KO	status.find.in(200,201,202,203,204,205,206,207,208,209,304), found 500
REQUEST		CreateOrder_08_ConfirmOrder	1669300050783	1669300051238	KO	status.find.in(200,201,202,203,204,205,206,207,208,209,304), found 500
USER	createOrder	END	1669300051262
USER	createOrder	END	1669300051262
REQUEST		CreateOrder_08_ConfirmOrder	1669300050814	1669300051298	KO	status.find.in(200,201,202,203,204,205,206,207,208,209,304), found 500
USER	createOrder	END	1669300051301
