RUN	com.gatling.tests.petshop	petshop	1669213176398	asdf	3.6.1
USER	registerUser	START	1669213178292
USER	registerUser	START	1669213178292
USER	registerUser	START	1669213178292
REQUEST		request_0	1669213178346	1669213179081	OK	 
REQUEST		request_0	1669213178346	1669213179081	OK	 
REQUEST		request_0	1669213178346	1669213179081	OK	 
REQUEST		jpetstore.css	1669213179358	1669213179591	OK	 
REQUEST		jpetstore.css	1669213179358	1669213179599	OK	 
REQUEST		jpetstore.css	1669213179358	1669213179599	OK	 
REQUEST		sm_reptiles.gif	1669213179643	1669213179875	OK	 
REQUEST		sm_reptiles.gif	1669213179644	1669213179880	OK	 
REQUEST		sm_reptiles.gif	1669213179642	1669213179880	OK	 
REQUEST		sm_cats.gif	1669213179877	1669213180101	OK	 
REQUEST		logo-topbar.gif	1669213179360	1669213180129	OK	 
REQUEST		logo-topbar.gif	1669213179366	1669213180129	OK	 
REQUEST		logo-topbar.gif	1669213179360	1669213180129	OK	 
REQUEST		sm_cats.gif	1669213179882	1669213180133	OK	 
REQUEST		sm_cats.gif	1669213179882	1669213180133	OK	 
REQUEST		cart.gif	1669213179362	1669213180143	OK	 
REQUEST		cart.gif	1669213179367	1669213180143	OK	 
REQUEST		cart.gif	1669213179362	1669213180146	OK	 
REQUEST		separator.gif	1669213179364	1669213180148	OK	 
REQUEST		separator.gif	1669213179368	1669213180148	OK	 
REQUEST		sm_dogs.gif	1669213179367	1669213180152	OK	 
REQUEST		separator.gif	1669213179364	1669213180154	OK	 
REQUEST		sm_fish.gif	1669213179371	1669213180156	OK	 
REQUEST		sm_fish.gif	1669213179365	1669213180158	OK	 
REQUEST		sm_dogs.gif	1669213179372	1669213180173	OK	 
REQUEST		sm_fish.gif	1669213179365	1669213180186	OK	 
REQUEST		sm_dogs.gif	1669213179367	1669213180191	OK	 
REQUEST		sm_birds.gif	1669213180103	1669213180333	OK	 
REQUEST		fish_icon.gif	1669213180130	1669213180357	OK	 
REQUEST		fish_icon.gif	1669213180134	1669213180364	OK	 
REQUEST		sm_birds.gif	1669213180130	1669213180364	OK	 
REQUEST		fish_icon.gif	1669213180134	1669213180367	OK	 
REQUEST		sm_birds.gif	1669213180130	1669213180368	OK	 
REQUEST		dogs_icon.gif	1669213180148	1669213180384	OK	 
REQUEST		dogs_icon.gif	1669213180145	1669213180384	OK	 
REQUEST		dogs_icon.gif	1669213180145	1669213180384	OK	 
REQUEST		reptiles_icon.gif	1669213180158	1669213180388	OK	 
REQUEST		cats_icon.gif	1669213180155	1669213180391	OK	 
REQUEST		cats_icon.gif	1669213180149	1669213180391	OK	 
REQUEST		cats_icon.gif	1669213180149	1669213180394	OK	 
REQUEST		reptiles_icon.gif	1669213180155	1669213180397	OK	 
REQUEST		birds_icon.gif	1669213180161	1669213180404	OK	 
REQUEST		birds_icon.gif	1669213180192	1669213180422	OK	 
REQUEST		birds_icon.gif	1669213180176	1669213180422	OK	 
REQUEST		reptiles_icon.gif	1669213180188	1669213180427	OK	 
REQUEST		request_11	1669213180364	1669213180593	OK	 
REQUEST		request_11	1669213180372	1669213180611	OK	 
REQUEST		request_11	1669213180373	1669213180613	OK	 
REQUEST		request_12	1669213180385	1669213180623	OK	 
REQUEST		request_12	1669213180385	1669213180623	OK	 
REQUEST		request_14	1669213180390	1669213180623	OK	 
REQUEST		request_12	1669213180385	1669213180626	OK	 
REQUEST		request_13	1669213180393	1669213180632	OK	 
REQUEST		request_14	1669213180398	1669213180632	OK	 
REQUEST		request_13	1669213180393	1669213180633	OK	 
REQUEST		splash.gif	1669213180334	1669213180787	OK	 
REQUEST		splash.gif	1669213180366	1669213180848	OK	 
REQUEST		splash.gif	1669213180366	1669213180848	OK	 
REQUEST		request_15	1669213180406	1669213180889	OK	 
REQUEST		request_15	1669213180425	1669213180890	OK	 
REQUEST		request_15	1669213180396	1669213180891	OK	 
REQUEST		request_16	1669213182904	1669213183143	OK	 
REQUEST		request_16	1669213182905	1669213183155	OK	 
REQUEST		request_16	1669213182904	1669213183159	OK	 
REQUEST		jpetstore.css	1669213183176	1669213183407	OK	 
REQUEST		logo-topbar.gif	1669213183172	1669213183407	OK	 
REQUEST		logo-topbar.gif	1669213183183	1669213183412	OK	 
REQUEST		separator.gif	1669213183183	1669213183415	OK	 
REQUEST		separator.gif	1669213183178	1669213183415	OK	 
REQUEST		jpetstore.css	1669213183181	1669213183416	OK	 
REQUEST		sm_dogs.gif	1669213183181	1669213183417	OK	 
REQUEST		logo-topbar.gif	1669213183179	1669213183416	OK	 
REQUEST		separator.gif	1669213183186	1669213183418	OK	 
REQUEST		jpetstore.css	1669213183171	1669213183418	OK	 
REQUEST		cart.gif	1669213183181	1669213183418	OK	 
REQUEST		sm_fish.gif	1669213183185	1669213183419	OK	 
REQUEST		cart.gif	1669213183174	1669213183419	OK	 
REQUEST		cart.gif	1669213183185	1669213183419	OK	 
REQUEST		sm_fish.gif	1669213183179	1669213183421	OK	 
REQUEST		sm_fish.gif	1669213183187	1669213183421	OK	 
REQUEST		sm_dogs.gif	1669213183186	1669213183424	OK	 
REQUEST		sm_dogs.gif	1669213183189	1669213183424	OK	 
REQUEST		request_26	1669213185432	1669213185665	OK	 
REQUEST		request_26	1669213185432	1669213185665	OK	 
REQUEST		request_26	1669213185432	1669213185672	OK	 
REQUEST		jpetstore.css	1669213185682	1669213185910	OK	 
REQUEST		cart.gif	1669213185686	1669213185918	OK	 
REQUEST		cart.gif	1669213185685	1669213185918	OK	 
REQUEST		sm_dogs.gif	1669213185689	1669213185919	OK	 
REQUEST		logo-topbar.gif	1669213185684	1669213185921	OK	 
REQUEST		separator.gif	1669213185687	1669213185922	OK	 
REQUEST		jpetstore.css	1669213185683	1669213185922	OK	 
REQUEST		logo-topbar.gif	1669213185684	1669213185923	OK	 
REQUEST		separator.gif	1669213185687	1669213185924	OK	 
REQUEST		sm_dogs.gif	1669213185690	1669213185926	OK	 
REQUEST		sm_fish.gif	1669213185688	1669213185927	OK	 
REQUEST		jpetstore.css	1669213185690	1669213185927	OK	 
REQUEST		sm_fish.gif	1669213185688	1669213185927	OK	 
REQUEST		logo-topbar.gif	1669213185691	1669213185934	OK	 
REQUEST		cart.gif	1669213185693	1669213185935	OK	 
REQUEST		sm_dogs.gif	1669213185698	1669213185936	OK	 
REQUEST		separator.gif	1669213185694	1669213185946	OK	 
REQUEST		sm_fish.gif	1669213185697	1669213185948	OK	 
REQUEST		AAAAAAAAAAAAAA	1669213187941	1669213188172	OK	 
REQUEST		AAAAAAAAAAAAAA	1669213187941	1669213188182	OK	 
REQUEST		AAAAAAAAAAAAAA	1669213187965	1669213188199	OK	 
REQUEST		AAAAAAAAAAAAAA Redirect 1	1669213188176	1669213188415	OK	 
REQUEST		AAAAAAAAAAAAAA Redirect 1	1669213188183	1669213188420	OK	 
REQUEST		AAAAAAAAAAAAAA Redirect 1	1669213188200	1669213188437	OK	 
REQUEST		jpetstore.css	1669213188432	1669213188656	OK	 
REQUEST		sm_fish.gif	1669213188437	1669213188661	OK	 
REQUEST		cart.gif	1669213188439	1669213188670	OK	 
REQUEST		logo-topbar.gif	1669213188433	1669213188670	OK	 
REQUEST		separator.gif	1669213188436	1669213188672	OK	 
REQUEST		cart.gif	1669213188434	1669213188673	OK	 
REQUEST		jpetstore.css	1669213188437	1669213188675	OK	 
REQUEST		sm_dogs.gif	1669213188438	1669213188676	OK	 
REQUEST		sm_dogs.gif	1669213188443	1669213188676	OK	 
REQUEST		sm_fish.gif	1669213188442	1669213188677	OK	 
REQUEST		logo-topbar.gif	1669213188438	1669213188679	OK	 
REQUEST		separator.gif	1669213188441	1669213188681	OK	 
REQUEST		logo-topbar.gif	1669213188452	1669213188686	OK	 
REQUEST		sm_fish.gif	1669213188455	1669213188691	OK	 
REQUEST		jpetstore.css	1669213188450	1669213188692	OK	 
REQUEST		sm_dogs.gif	1669213188456	1669213188693	OK	 
REQUEST		cart.gif	1669213188453	1669213188695	OK	 
REQUEST		separator.gif	1669213188454	1669213188696	OK	 
USER	registerUser	END	1669213188698
USER	registerUser	END	1669213188701
USER	registerUser	END	1669213188702
