RUN	com.gatling.tests.updateOrder	updateorder	1669315582204	asdf	3.6.1
USER	createOrder	START	1669315584084
REQUEST		CreateOrder_00_LandingPage	1669315584126	1669315584923	OK	 
REQUEST		CreateOrder_01_ClickSignIn	1669315588685	1669315588921	OK	 
REQUEST		CreateOrder_02_Login	1669315591983	1669315592223	OK	 
REQUEST		CreateOrder_02_Login Redirect 1	1669315592229	1669315592462	OK	 
REQUEST		CreateOrder_03_SelectCategory REPTILES	1669315596387	1669315596633	OK	 
REQUEST		CreateOrder_04_SelectProduct RP-LI-02	1669315600645	1669315600879	OK	 
REQUEST		CreateOrder_05_ViewItem EST-13	1669315603358	1669315603590	OK	 
REQUEST		CreateOrder_05_AddToCart EST-13	1669315606864	1669315607096	OK	 
REQUEST		CreateOrder_03_SelectCategory DOGS	1669315609491	1669315609720	OK	 
REQUEST		CreateOrder_04_SelectProduct K9-CW-01	1669315613234	1669315613465	OK	 
REQUEST		CreateOrder_05_ViewItem EST-27	1669315617034	1669315617265	OK	 
REQUEST		CreateOrder_05_AddToCart EST-27	1669315621022	1669315621253	OK	 
REQUEST		CreateOrder_03_SelectCategory CATS	1669315624408	1669315624638	OK	 
REQUEST		CreateOrder_04_SelectProduct FL-DSH-01	1669315628390	1669315628622	OK	 
REQUEST		CreateOrder_05_ViewItem EST-15	1669315631494	1669315631726	OK	 
REQUEST		CreateOrder_05_AddToCart EST-15	1669315635419	1669315635652	OK	 
REQUEST		CreateOrder_03_SelectCategory FISH	1669315638132	1669315638362	OK	 
REQUEST		CreateOrder_04_SelectProduct FI-SW-02	1669315641521	1669315641752	OK	 
REQUEST		CreateOrder_05_ViewItem EST-3	1669315645764	1669315645998	OK	 
REQUEST		CreateOrder_05_AddToCart EST-3	1669315649700	1669315649931	OK	 
REQUEST		CreateOrder_03_SelectCategory REPTILES	1669315653354	1669315653582	OK	 
REQUEST		CreateOrder_04_SelectProduct RP-SN-01	1669315657389	1669315657620	OK	 
REQUEST		CreateOrder_05_ViewItem EST-11	1669315660040	1669315660269	OK	 
REQUEST		CreateOrder_05_AddToCart EST-11	1669315663741	1669315663975	OK	 
REQUEST		CreateOrder_03_SelectCategory FISH	1669315666988	1669315667216	OK	 
REQUEST		CreateOrder_04_SelectProduct FI-SW-01	1669315669285	1669315669516	OK	 
REQUEST		CreateOrder_05_ViewItem EST-2	1669315671550	1669315671783	OK	 
REQUEST		CreateOrder_05_AddToCart EST-2	1669315674347	1669315674579	OK	 
REQUEST		CreateOrder_03_SelectCategory CATS	1669315678344	1669315678574	OK	 
REQUEST		CreateOrder_04_SelectProduct FL-DSH-01	1669315680795	1669315681027	OK	 
REQUEST		CreateOrder_05_ViewItem EST-15	1669315683835	1669315684066	OK	 
REQUEST		CreateOrder_05_AddToCart EST-15	1669315686630	1669315686871	OK	 
REQUEST		request_142	1669315689049	1669315689281	OK	 
REQUEST		request_152	1669315692157	1669315692391	OK	 
REQUEST		request_162	1669315694965	1669315695199	OK	 
USER	createOrder	END	1669315695207
