RUN	com.gatling.tests.registerUser2	registeruser2	1669246298873	df	3.6.1
USER	createOrder	START	1669246300812
USER	createOrder	START	1669246300812
USER	registerUser	START	1669246300812
USER	createOrder	START	1669246300812
USER	registerUser	START	1669246300812
USER	registerUser	START	1669246300812
REQUEST		RegisterUser_00_LandingPage	1669246300899	1669246301692	OK	 
REQUEST		CreateOrder_00_LandingPage	1669246300900	1669246301696	OK	 
REQUEST		CreateOrder_00_LandingPage	1669246300893	1669246301693	OK	 
REQUEST		CreateOrder_00_LandingPage	1669246300898	1669246301692	OK	 
REQUEST		RegisterUser_00_LandingPage	1669246300892	1669246301692	OK	 
REQUEST		RegisterUser_00_LandingPage	1669246300893	1669246301695	OK	 
REQUEST		RegisterUser_01_ClickSignIn	1669246303988	1669246304334	OK	 
REQUEST		CreateOrder_01_ClickSignIn	1669246303988	1669246304334	OK	 
REQUEST		CreateOrder_01_ClickSignIn	1669246303988	1669246304334	OK	 
REQUEST		CreateOrder_01_ClickSignIn	1669246303988	1669246304334	OK	 
REQUEST		RegisterUser_01_ClickSignIn	1669246303988	1669246304334	OK	 
REQUEST		RegisterUser_01_ClickSignIn	1669246303988	1669246304334	OK	 
REQUEST		RegisterUser_02_ClickRegisterNow	1669246306356	1669246306632	OK	 
REQUEST		RegisterUser_02_ClickRegisterNow	1669246306356	1669246306632	OK	 
REQUEST		RegisterUser_02_ClickRegisterNow	1669246306356	1669246306633	OK	 
REQUEST		CreateOrder_03_SelectCategory FISH	1669246308384	1669246308618	OK	 
REQUEST		CreateOrder_03_SelectCategory REPTILES	1669246308383	1669246308618	OK	 
REQUEST		CreateOrder_03_SelectCategory FISH	1669246308383	1669246308618	OK	 
REQUEST		RegisterUser_03_SaveAccountInfo	1669246308646	1669246308874	OK	 
REQUEST		RegisterUser_03_SaveAccountInfo	1669246308646	1669246308874	OK	 
REQUEST		RegisterUser_03_SaveAccountInfo	1669246308646	1669246308887	OK	 
REQUEST		RegisterUser_03_SaveAccountInfo Redirect 1	1669246308878	1669246309104	OK	 
REQUEST		RegisterUser_03_SaveAccountInfo Redirect 1	1669246308878	1669246309104	OK	 
USER	registerUser	END	1669246309108
USER	registerUser	END	1669246309108
REQUEST		RegisterUser_03_SaveAccountInfo Redirect 1	1669246308888	1669246309126	OK	 
USER	registerUser	END	1669246309128
REQUEST		CreateOrder_04_SelectProduct FI-FW-02	1669246310644	1669246310879	OK	 
REQUEST		CreateOrder_04_SelectProduct FI-SW-02	1669246310644	1669246310879	OK	 
REQUEST		CreateOrder_04_SelectProduct RP-LI-02	1669246310644	1669246310879	OK	 
REQUEST		CreateOrder_05_ViewItem	1669246312888	1669246313123	OK	 
REQUEST		CreateOrder_05_ViewItem	1669246312888	1669246313123	OK	 
REQUEST		CreateOrder_05_ViewItem	1669246312888	1669246313123	OK	 
REQUEST		CreateOrder_05_AddToCart	1669246315136	1669246315375	OK	 
REQUEST		CreateOrder_05_AddToCart	1669246315136	1669246315375	OK	 
REQUEST		CreateOrder_05_AddToCart	1669246315136	1669246315375	OK	 
REQUEST		CreateOrder_06_ProceedCheckout	1669246317385	1669246317621	OK	 
REQUEST		CreateOrder_06_ProceedCheckout	1669246317385	1669246317621	OK	 
REQUEST		CreateOrder_06_ProceedCheckout	1669246317385	1669246317621	OK	 
REQUEST		CreateOrder_07_PressContinue	1669246319638	1669246319876	OK	 
REQUEST		CreateOrder_07_PressContinue	1669246319638	1669246319876	OK	 
REQUEST		CreateOrder_07_PressContinue	1669246319638	1669246319881	OK	 
REQUEST		CreateOrder_08_ConfirmOrder	1669246321893	1669246322359	KO	status.find.in(200,201,202,203,204,205,206,207,208,209,304), found 500
REQUEST		CreateOrder_08_ConfirmOrder	1669246321893	1669246322367	KO	status.find.in(200,201,202,203,204,205,206,207,208,209,304), found 500
REQUEST		CreateOrder_08_ConfirmOrder	1669246321893	1669246322359	KO	status.find.in(200,201,202,203,204,205,206,207,208,209,304), found 500
USER	createOrder	END	1669246322376
USER	createOrder	END	1669246322376
USER	createOrder	END	1669246322376
