RUN	com.gatling.tests.petshop	petshop	1669213299873	ffff	3.6.1
USER	registerUser	START	1669213302020
USER	registerUser	START	1669213302020
USER	registerUser	START	1669213302020
REQUEST		request_0	1669213302094	1669213302879	OK	 
REQUEST		request_0	1669213302094	1669213302879	OK	 
REQUEST		request_0	1669213302094	1669213302879	OK	 
REQUEST		jpetstore.css	1669213303150	1669213303385	OK	 
REQUEST		jpetstore.css	1669213303150	1669213303430	OK	 
REQUEST		jpetstore.css	1669213303150	1669213303430	OK	 
REQUEST		sm_reptiles.gif	1669213303444	1669213303671	OK	 
REQUEST		sm_reptiles.gif	1669213303444	1669213303680	OK	 
REQUEST		sm_reptiles.gif	1669213303444	1669213303687	OK	 
REQUEST		logo-topbar.gif	1669213303152	1669213303917	OK	 
REQUEST		sm_cats.gif	1669213303677	1669213303917	OK	 
REQUEST		sm_cats.gif	1669213303689	1669213303927	OK	 
REQUEST		sm_fish.gif	1669213303157	1669213303928	OK	 
REQUEST		separator.gif	1669213303155	1669213303933	OK	 
REQUEST		sm_cats.gif	1669213303683	1669213303933	OK	 
REQUEST		sm_dogs.gif	1669213303158	1669213303933	OK	 
REQUEST		logo-topbar.gif	1669213303152	1669213303942	OK	 
REQUEST		cart.gif	1669213303154	1669213303942	OK	 
REQUEST		logo-topbar.gif	1669213303152	1669213303950	OK	 
REQUEST		cart.gif	1669213303154	1669213303955	OK	 
REQUEST		separator.gif	1669213303155	1669213303955	OK	 
REQUEST		cart.gif	1669213303154	1669213303956	OK	 
REQUEST		sm_fish.gif	1669213303157	1669213303962	OK	 
REQUEST		sm_fish.gif	1669213303157	1669213303962	OK	 
REQUEST		separator.gif	1669213303155	1669213303965	OK	 
REQUEST		sm_dogs.gif	1669213303158	1669213303970	OK	 
REQUEST		sm_dogs.gif	1669213303158	1669213303978	OK	 
REQUEST		sm_birds.gif	1669213303918	1669213304146	OK	 
REQUEST		sm_birds.gif	1669213303918	1669213304146	OK	 
REQUEST		dogs_icon.gif	1669213303935	1669213304159	OK	 
REQUEST		sm_birds.gif	1669213303930	1669213304159	OK	 
REQUEST		fish_icon.gif	1669213303935	1669213304171	OK	 
REQUEST		fish_icon.gif	1669213303935	1669213304171	OK	 
REQUEST		fish_icon.gif	1669213303929	1669213304186	OK	 
REQUEST		cats_icon.gif	1669213303944	1669213304191	OK	 
REQUEST		dogs_icon.gif	1669213303952	1669213304191	OK	 
REQUEST		dogs_icon.gif	1669213303944	1669213304191	OK	 
REQUEST		reptiles_icon.gif	1669213303957	1669213304196	OK	 
REQUEST		cats_icon.gif	1669213303958	1669213304198	OK	 
REQUEST		cats_icon.gif	1669213303957	1669213304201	OK	 
REQUEST		birds_icon.gif	1669213303966	1669213304203	OK	 
REQUEST		reptiles_icon.gif	1669213303966	1669213304204	OK	 
REQUEST		reptiles_icon.gif	1669213303963	1669213304205	OK	 
REQUEST		birds_icon.gif	1669213303972	1669213304210	OK	 
REQUEST		birds_icon.gif	1669213303981	1669213304217	OK	 
REQUEST		request_10	1669213304169	1669213304391	OK	 
REQUEST		request_11	1669213304176	1669213304411	OK	 
REQUEST		request_12	1669213304188	1669213304417	OK	 
REQUEST		request_11	1669213304177	1669213304417	OK	 
REQUEST		request_13	1669213304192	1669213304429	OK	 
REQUEST		request_12	1669213304192	1669213304429	OK	 
REQUEST		request_12	1669213304192	1669213304429	OK	 
REQUEST		request_14	1669213304198	1669213304432	OK	 
REQUEST		request_13	1669213304199	1669213304437	OK	 
REQUEST		request_13	1669213304203	1669213304449	OK	 
REQUEST		request_14	1669213304206	1669213304449	OK	 
REQUEST		request_14	1669213304207	1669213304452	OK	 
REQUEST		splash.gif	1669213304148	1669213304610	OK	 
REQUEST		splash.gif	1669213304148	1669213304615	OK	 
REQUEST		splash.gif	1669213304161	1669213304616	OK	 
REQUEST		request_15	1669213304211	1669213304688	OK	 
REQUEST		request_15	1669213304219	1669213304694	OK	 
REQUEST		request_15	1669213304205	1669213304716	OK	 
REQUEST		request_16	1669213306725	1669213306952	OK	 
REQUEST		request_16	1669213306725	1669213306960	OK	 
REQUEST		request_16	1669213306725	1669213306960	OK	 
REQUEST		separator.gif	1669213306982	1669213307218	OK	 
REQUEST		jpetstore.css	1669213306978	1669213307232	OK	 
REQUEST		logo-topbar.gif	1669213306980	1669213307233	OK	 
REQUEST		sm_dogs.gif	1669213306988	1669213307235	OK	 
REQUEST		cart.gif	1669213306981	1669213307238	OK	 
REQUEST		separator.gif	1669213306996	1669213307241	OK	 
REQUEST		separator.gif	1669213306982	1669213307241	OK	 
REQUEST		sm_fish.gif	1669213306984	1669213307241	OK	 
REQUEST		sm_dogs.gif	1669213307000	1669213307253	OK	 
REQUEST		jpetstore.css	1669213306976	1669213307256	OK	 
REQUEST		logo-topbar.gif	1669213306978	1669213307257	OK	 
REQUEST		jpetstore.css	1669213306991	1669213307258	OK	 
REQUEST		cart.gif	1669213306980	1669213307259	OK	 
REQUEST		logo-topbar.gif	1669213306993	1669213307261	OK	 
REQUEST		sm_fish.gif	1669213306983	1669213307261	OK	 
REQUEST		sm_dogs.gif	1669213306985	1669213307262	OK	 
REQUEST		cart.gif	1669213306995	1669213307263	OK	 
REQUEST		sm_fish.gif	1669213306998	1669213307265	OK	 
REQUEST		request_26	1669213309252	1669213309480	OK	 
REQUEST		request_26	1669213309268	1669213309498	OK	 
REQUEST		request_26	1669213309283	1669213309514	OK	 
REQUEST		jpetstore.css	1669213309506	1669213309743	OK	 
REQUEST		sm_dogs.gif	1669213309515	1669213309748	OK	 
REQUEST		cart.gif	1669213309510	1669213309750	OK	 
REQUEST		logo-topbar.gif	1669213309509	1669213309751	OK	 
REQUEST		jpetstore.css	1669213309519	1669213309751	OK	 
REQUEST		separator.gif	1669213309512	1669213309755	OK	 
REQUEST		sm_fish.gif	1669213309514	1669213309756	OK	 
REQUEST		sm_dogs.gif	1669213309529	1669213309759	OK	 
REQUEST		logo-topbar.gif	1669213309521	1669213309760	OK	 
REQUEST		cart.gif	1669213309523	1669213309761	OK	 
REQUEST		sm_fish.gif	1669213309527	1669213309762	OK	 
REQUEST		sm_dogs.gif	1669213309541	1669213309766	OK	 
REQUEST		separator.gif	1669213309526	1669213309774	OK	 
REQUEST		jpetstore.css	1669213309533	1669213309776	OK	 
REQUEST		logo-topbar.gif	1669213309535	1669213309778	OK	 
REQUEST		cart.gif	1669213309536	1669213309779	OK	 
REQUEST		separator.gif	1669213309538	1669213309781	OK	 
REQUEST		sm_fish.gif	1669213309540	1669213309783	OK	 
REQUEST		AAAAAAAAAAAAAA	1669213311773	1669213312016	OK	 
REQUEST		AAAAAAAAAAAAAA	1669213311777	1669213312023	OK	 
REQUEST		AAAAAAAAAAAAAA	1669213311793	1669213312029	OK	 
REQUEST		AAAAAAAAAAAAAA Redirect 1	1669213312022	1669213312250	OK	 
REQUEST		AAAAAAAAAAAAAA Redirect 1	1669213312024	1669213312250	OK	 
REQUEST		AAAAAAAAAAAAAA Redirect 1	1669213312030	1669213312276	OK	 
REQUEST		jpetstore.css	1669213312269	1669213312503	OK	 
REQUEST		cart.gif	1669213312279	1669213312504	OK	 
REQUEST		sm_dogs.gif	1669213312277	1669213312514	OK	 
REQUEST		sm_dogs.gif	1669213312284	1669213312514	OK	 
REQUEST		jpetstore.css	1669213312275	1669213312515	OK	 
REQUEST		sm_fish.gif	1669213312275	1669213312515	OK	 
REQUEST		logo-topbar.gif	1669213312270	1669213312516	OK	 
REQUEST		cart.gif	1669213312272	1669213312518	OK	 
REQUEST		separator.gif	1669213312274	1669213312519	OK	 
REQUEST		jpetstore.css	1669213312297	1669213312533	OK	 
REQUEST		logo-topbar.gif	1669213312278	1669213312537	OK	 
REQUEST		sm_fish.gif	1669213312282	1669213312540	OK	 
REQUEST		separator.gif	1669213312281	1669213312543	OK	 
REQUEST		sm_dogs.gif	1669213312307	1669213312544	OK	 
REQUEST		logo-topbar.gif	1669213312299	1669213312546	OK	 
REQUEST		cart.gif	1669213312300	1669213312547	OK	 
REQUEST		sm_fish.gif	1669213312304	1669213312549	OK	 
USER	registerUser	END	1669213312547
REQUEST		separator.gif	1669213312302	1669213312550	OK	 
USER	registerUser	END	1669213312551
USER	registerUser	END	1669213312556
