RUN	com.gatling.tests.petshop	petshop	1669210321263	test	3.6.1
USER	registerUser	START	1669210323206
USER	registerUser	START	1669210323206
USER	registerUser	START	1669210323206
REQUEST		request_0	1669210323258	1669210324026	OK	 
REQUEST		request_0	1669210323258	1669210324026	OK	 
REQUEST		request_0	1669210323258	1669210324026	OK	 
REQUEST		jpetstore.css	1669210324298	1669210324549	OK	 
REQUEST		jpetstore.css	1669210324298	1669210324550	OK	 
REQUEST		jpetstore.css	1669210324298	1669210324540	OK	 
REQUEST		sm_reptiles.gif	1669210324600	1669210324849	OK	 
REQUEST		sm_reptiles.gif	1669210324600	1669210324849	OK	 
REQUEST		sm_reptiles.gif	1669210324605	1669210324855	OK	 
REQUEST		cart.gif	1669210324303	1669210325002	OK	 
REQUEST		logo-topbar.gif	1669210324303	1669210325026	OK	 
REQUEST		logo-topbar.gif	1669210324302	1669210325094	OK	 
REQUEST		sm_cats.gif	1669210324852	1669210325094	OK	 
REQUEST		sm_cats.gif	1669210324857	1669210325094	OK	 
REQUEST		sm_cats.gif	1669210324852	1669210325099	OK	 
REQUEST		sm_fish.gif	1669210324306	1669210325113	OK	 
REQUEST		separator.gif	1669210324305	1669210325114	OK	 
REQUEST		cart.gif	1669210324304	1669210325114	OK	 
REQUEST		separator.gif	1669210324305	1669210325118	OK	 
REQUEST		cart.gif	1669210324303	1669210325118	OK	 
REQUEST		sm_fish.gif	1669210324306	1669210325121	OK	 
REQUEST		sm_dogs.gif	1669210324307	1669210325126	OK	 
REQUEST		sm_fish.gif	1669210324306	1669210325136	OK	 
REQUEST		logo-topbar.gif	1669210324302	1669210325136	OK	 
REQUEST		separator.gif	1669210324304	1669210325140	OK	 
REQUEST		sm_dogs.gif	1669210324307	1669210325143	OK	 
REQUEST		sm_dogs.gif	1669210324307	1669210325150	OK	 
REQUEST		sm_birds.gif	1669210325003	1669210325231	OK	 
REQUEST		sm_birds.gif	1669210325028	1669210325271	OK	 
REQUEST		fish_icon.gif	1669210325095	1669210325354	OK	 
REQUEST		fish_icon.gif	1669210325096	1669210325354	OK	 
REQUEST		sm_birds.gif	1669210325096	1669210325355	OK	 
REQUEST		fish_icon.gif	1669210325115	1669210325358	OK	 
REQUEST		reptiles_icon.gif	1669210325137	1669210325365	OK	 
REQUEST		reptiles_icon.gif	1669210325123	1669210325365	OK	 
REQUEST		birds_icon.gif	1669210325127	1669210325368	OK	 
REQUEST		dogs_icon.gif	1669210325100	1669210325368	OK	 
REQUEST		dogs_icon.gif	1669210325119	1669210325368	OK	 
REQUEST		cats_icon.gif	1669210325115	1669210325372	OK	 
REQUEST		dogs_icon.gif	1669210325115	1669210325372	OK	 
REQUEST		cats_icon.gif	1669210325119	1669210325374	OK	 
REQUEST		cats_icon.gif	1669210325137	1669210325377	OK	 
REQUEST		reptiles_icon.gif	1669210325141	1669210325381	OK	 
REQUEST		birds_icon.gif	1669210325145	1669210325386	OK	 
REQUEST		birds_icon.gif	1669210325152	1669210325397	OK	 
REQUEST		request_12	1669210325366	1669210325590	OK	 
REQUEST		request_11	1669210325363	1669210325592	OK	 
REQUEST		request_11	1669210325362	1669210325596	OK	 
REQUEST		request_11	1669210325362	1669210325598	OK	 
REQUEST		request_12	1669210325366	1669210325600	OK	 
REQUEST		request_12	1669210325370	1669210325610	OK	 
REQUEST		request_14	1669210325370	1669210325612	OK	 
REQUEST		request_13	1669210325379	1669210325618	OK	 
REQUEST		request_14	1669210325382	1669210325619	OK	 
REQUEST		splash.gif	1669210325233	1669210325686	OK	 
REQUEST		splash.gif	1669210325272	1669210325740	OK	 
REQUEST		splash.gif	1669210325356	1669210325822	OK	 
REQUEST		request_15	1669210325370	1669210325822	OK	 
REQUEST		request_15	1669210325373	1669210325845	OK	 
REQUEST		request_15	1669210325387	1669210325873	OK	 
REQUEST		request_16	1669210327829	1669210328078	OK	 
REQUEST		request_16	1669210327860	1669210328104	OK	 
REQUEST		request_16	1669210327891	1669210328139	OK	 
REQUEST		jpetstore.css	1669210328123	1669210328372	OK	 
REQUEST		cart.gif	1669210328104	1669210328359	OK	 
REQUEST		logo-topbar.gif	1669210328102	1669210328379	OK	 
REQUEST		cart.gif	1669210328127	1669210328379	OK	 
REQUEST		logo-topbar.gif	1669210328125	1669210328380	OK	 
REQUEST		separator.gif	1669210328105	1669210328380	OK	 
REQUEST		separator.gif	1669210328128	1669210328382	OK	 
REQUEST		sm_dogs.gif	1669210328109	1669210328382	OK	 
REQUEST		sm_fish.gif	1669210328129	1669210328383	OK	 
REQUEST		jpetstore.css	1669210328100	1669210328383	OK	 
REQUEST		sm_fish.gif	1669210328107	1669210328384	OK	 
REQUEST		sm_dogs.gif	1669210328131	1669210328384	OK	 
REQUEST		sm_dogs.gif	1669210328169	1669210328397	OK	 
REQUEST		jpetstore.css	1669210328151	1669210328403	OK	 
REQUEST		separator.gif	1669210328166	1669210328404	OK	 
REQUEST		logo-topbar.gif	1669210328164	1669210328406	OK	 
REQUEST		cart.gif	1669210328165	1669210328407	OK	 
REQUEST		sm_fish.gif	1669210328167	1669210328408	OK	 
REQUEST		request_26	1669210330396	1669210330629	OK	 
REQUEST		request_26	1669210330396	1669210330629	OK	 
REQUEST		request_26	1669210330412	1669210330653	OK	 
REQUEST		cart.gif	1669210330646	1669210330877	OK	 
REQUEST		sm_dogs.gif	1669210330650	1669210330880	OK	 
REQUEST		sm_dogs.gif	1669210330655	1669210330882	OK	 
REQUEST		logo-topbar.gif	1669210330645	1669210330882	OK	 
REQUEST		jpetstore.css	1669210330643	1669210330884	OK	 
REQUEST		separator.gif	1669210330648	1669210330885	OK	 
REQUEST		jpetstore.css	1669210330643	1669210330886	OK	 
REQUEST		logo-topbar.gif	1669210330648	1669210330887	OK	 
REQUEST		separator.gif	1669210330650	1669210330888	OK	 
REQUEST		sm_fish.gif	1669210330653	1669210330890	OK	 
REQUEST		cart.gif	1669210330649	1669210330892	OK	 
REQUEST		sm_fish.gif	1669210330649	1669210330897	OK	 
REQUEST		jpetstore.css	1669210330666	1669210330897	OK	 
REQUEST		sm_dogs.gif	1669210330674	1669210330905	OK	 
REQUEST		logo-topbar.gif	1669210330668	1669210330906	OK	 
REQUEST		cart.gif	1669210330670	1669210330907	OK	 
REQUEST		separator.gif	1669210330672	1669210330909	OK	 
REQUEST		sm_fish.gif	1669210330673	1669210330910	OK	 
REQUEST		AAAAAAAAAAAAAA	1669210332913	1669210333160	OK	 
REQUEST		AAAAAAAAAAAAAA Redirect 1	1669210333163	1669210333391	OK	 
REQUEST		AAAAAAAAAAAAAA	1669210332901	1669210333384	KO	status.find.in(200,201,202,203,204,205,206,207,208,209,304), found 500
REQUEST		AAAAAAAAAAAAAA	1669210332913	1669210333391	KO	status.find.in(200,201,202,203,204,205,206,207,208,209,304), found 500
USER	registerUser	END	1669210333410
USER	registerUser	END	1669210333410
REQUEST		sm_dogs.gif	1669210333402	1669210333631	OK	 
REQUEST		jpetstore.css	1669210333398	1669210333634	OK	 
REQUEST		sm_fish.gif	1669210333401	1669210333640	OK	 
REQUEST		logo-topbar.gif	1669210333399	1669210333641	OK	 
REQUEST		cart.gif	1669210333400	1669210333642	OK	 
REQUEST		separator.gif	1669210333401	1669210333643	OK	 
USER	registerUser	END	1669210333646
