RUN	com.gatling.tests.createOrder	createorder	1669299643817	asdf	3.6.1
USER	createOrder	START	1669299645801
USER	createOrder	START	1669299645801
USER	createOrder	START	1669299645801
REQUEST		CreateOrder_00_LandingPage	1669299645856	1669299646683	OK	 
REQUEST		CreateOrder_00_LandingPage	1669299645856	1669299646683	OK	 
REQUEST		CreateOrder_00_LandingPage	1669299645856	1669299646683	OK	 
REQUEST		CreateOrder_01_ClickSignIn	1669299648999	1669299649227	OK	 
REQUEST		CreateOrder_01_ClickSignIn	1669299648999	1669299649235	OK	 
REQUEST		CreateOrder_01_ClickSignIn	1669299648999	1669299649235	OK	 
REQUEST		CreateOrder_02_Login #{username}	1669299651264	1669299651504	OK	 
REQUEST		CreateOrder_02_Login #{username}	1669299651264	1669299651504	OK	 
REQUEST		CreateOrder_02_Login #{username}	1669299651264	1669299651511	OK	 
REQUEST		CreateOrder_03_SelectCategory REPTILES	1669299653531	1669299653768	OK	 
REQUEST		CreateOrder_03_SelectCategory DOGS	1669299653523	1669299653764	OK	 
REQUEST		CreateOrder_03_SelectCategory DOGS	1669299653523	1669299653756	OK	 
REQUEST		CreateOrder_04_SelectProduct K9-BD-01	1669299655791	1669299656025	OK	 
REQUEST		CreateOrder_04_SelectProduct K9-RT-01	1669299655792	1669299656033	OK	 
REQUEST		CreateOrder_04_SelectProduct RP-SN-01	1669299655792	1669299656034	OK	 
REQUEST		CreateOrder_05_ViewItem	1669299658044	1669299658283	OK	 
REQUEST		CreateOrder_05_ViewItem	1669299658044	1669299658283	OK	 
REQUEST		CreateOrder_05_ViewItem	1669299658044	1669299658291	OK	 
REQUEST		CreateOrder_05_AddToCart	1669299660302	1669299660535	OK	 
REQUEST		CreateOrder_05_AddToCart	1669299660302	1669299660547	OK	 
REQUEST		CreateOrder_05_AddToCart	1669299660302	1669299660547	OK	 
REQUEST		CreateOrder_06_ProceedCheckout	1669299662553	1669299662789	OK	 
REQUEST		CreateOrder_06_ProceedCheckout	1669299662569	1669299662807	OK	 
REQUEST		CreateOrder_06_ProceedCheckout	1669299662569	1669299662807	OK	 
REQUEST		CreateOrder_07_PressContinue	1669299664804	1669299665036	OK	 
REQUEST		CreateOrder_07_PressContinue	1669299664819	1669299665056	OK	 
REQUEST		CreateOrder_07_PressContinue	1669299664819	1669299665056	OK	 
REQUEST		CreateOrder_08_ConfirmOrder	1669299667048	1669299667501	KO	status.find.in(200,201,202,203,204,205,206,207,208,209,304), found 500
USER	createOrder	END	1669299667536
REQUEST		CreateOrder_08_ConfirmOrder	1669299667064	1669299667543	KO	status.find.in(200,201,202,203,204,205,206,207,208,209,304), found 500
REQUEST		CreateOrder_08_ConfirmOrder	1669299667064	1669299667543	KO	status.find.in(200,201,202,203,204,205,206,207,208,209,304), found 500
USER	createOrder	END	1669299667549
USER	createOrder	END	1669299667550
