RUN	com.gatling.tests.petshop	petshop	1669211287334	test	3.6.1
USER	registerUser	START	1669211289250
USER	registerUser	START	1669211289250
USER	registerUser	START	1669211289250
REQUEST		request_0	1669211289306	1669211290100	OK	 
REQUEST		request_0	1669211289306	1669211290100	OK	 
REQUEST		request_0	1669211289306	1669211290100	OK	 
REQUEST		jpetstore.css	1669211290363	1669211290602	OK	 
REQUEST		jpetstore.css	1669211290363	1669211290602	OK	 
REQUEST		jpetstore.css	1669211290363	1669211290590	OK	 
REQUEST		sm_reptiles.gif	1669211290653	1669211290891	OK	 
REQUEST		sm_reptiles.gif	1669211290654	1669211290891	OK	 
REQUEST		sm_reptiles.gif	1669211290653	1669211290897	OK	 
REQUEST		logo-topbar.gif	1669211290365	1669211291141	OK	 
REQUEST		logo-topbar.gif	1669211290366	1669211291141	OK	 
REQUEST		sm_cats.gif	1669211290899	1669211291145	OK	 
REQUEST		sm_cats.gif	1669211290894	1669211291145	OK	 
REQUEST		sm_dogs.gif	1669211290375	1669211291150	OK	 
REQUEST		cart.gif	1669211290370	1669211291150	OK	 
REQUEST		sm_fish.gif	1669211290373	1669211291155	OK	 
REQUEST		separator.gif	1669211290372	1669211291155	OK	 
REQUEST		separator.gif	1669211290371	1669211291156	OK	 
REQUEST		cart.gif	1669211290367	1669211291159	OK	 
REQUEST		separator.gif	1669211290372	1669211291159	OK	 
REQUEST		sm_cats.gif	1669211290894	1669211291160	OK	 
REQUEST		sm_fish.gif	1669211290373	1669211291164	OK	 
REQUEST		logo-topbar.gif	1669211290365	1669211291164	OK	 
REQUEST		sm_dogs.gif	1669211290375	1669211291166	OK	 
REQUEST		cart.gif	1669211290367	1669211291168	OK	 
REQUEST		sm_fish.gif	1669211290372	1669211291174	OK	 
REQUEST		sm_dogs.gif	1669211290373	1669211291179	OK	 
REQUEST		sm_birds.gif	1669211291142	1669211291371	OK	 
REQUEST		sm_birds.gif	1669211291142	1669211291372	OK	 
REQUEST		dogs_icon.gif	1669211291152	1669211291380	OK	 
REQUEST		dogs_icon.gif	1669211291152	1669211291379	OK	 
REQUEST		sm_birds.gif	1669211291157	1669211291385	OK	 
REQUEST		fish_icon.gif	1669211291147	1669211291395	OK	 
REQUEST		fish_icon.gif	1669211291147	1669211291397	OK	 
REQUEST		birds_icon.gif	1669211291165	1669211291405	OK	 
REQUEST		cats_icon.gif	1669211291156	1669211291406	OK	 
REQUEST		reptiles_icon.gif	1669211291161	1669211291411	OK	 
REQUEST		cats_icon.gif	1669211291170	1669211291411	OK	 
REQUEST		reptiles_icon.gif	1669211291160	1669211291413	OK	 
REQUEST		birds_icon.gif	1669211291168	1669211291417	OK	 
REQUEST		fish_icon.gif	1669211291162	1669211291421	OK	 
REQUEST		cats_icon.gif	1669211291156	1669211291422	OK	 
REQUEST		dogs_icon.gif	1669211291166	1669211291425	OK	 
REQUEST		reptiles_icon.gif	1669211291176	1669211291429	OK	 
REQUEST		birds_icon.gif	1669211291180	1669211291432	OK	 
REQUEST		request_10	1669211291393	1669211291615	OK	 
REQUEST		request_10	1669211291394	1669211291621	OK	 
REQUEST		request_12	1669211291399	1669211291643	OK	 
REQUEST		request_12	1669211291398	1669211291643	OK	 
REQUEST		request_13	1669211291408	1669211291644	OK	 
REQUEST		request_13	1669211291408	1669211291644	OK	 
REQUEST		request_11	1669211291423	1669211291655	OK	 
REQUEST		request_14	1669211291413	1669211291656	OK	 
REQUEST		request_10	1669211291418	1669211291656	OK	 
REQUEST		request_13	1669211291427	1669211291668	OK	 
REQUEST		request_14	1669211291430	1669211291670	OK	 
REQUEST		splash.gif	1669211291373	1669211291833	OK	 
REQUEST		splash.gif	1669211291374	1669211291837	OK	 
REQUEST		splash.gif	1669211291388	1669211291842	OK	 
REQUEST		request_15	1669211291415	1669211291892	OK	 
REQUEST		request_15	1669211291419	1669211291892	OK	 
REQUEST		request_15	1669211291434	1669211291917	OK	 
REQUEST		request_16	1669211293903	1669211294130	OK	 
REQUEST		request_16	1669211293903	1669211294143	OK	 
REQUEST		request_16	1669211293933	1669211294171	OK	 
REQUEST		jpetstore.css	1669211294160	1669211294387	OK	 
REQUEST		separator.gif	1669211294154	1669211294387	OK	 
REQUEST		separator.gif	1669211294167	1669211294395	OK	 
REQUEST		jpetstore.css	1669211294148	1669211294395	OK	 
REQUEST		sm_dogs.gif	1669211294158	1669211294397	OK	 
REQUEST		cart.gif	1669211294152	1669211294398	OK	 
REQUEST		logo-topbar.gif	1669211294162	1669211294399	OK	 
REQUEST		logo-topbar.gif	1669211294151	1669211294400	OK	 
REQUEST		sm_fish.gif	1669211294168	1669211294400	OK	 
REQUEST		sm_fish.gif	1669211294156	1669211294401	OK	 
REQUEST		cart.gif	1669211294164	1669211294402	OK	 
REQUEST		sm_dogs.gif	1669211294170	1669211294408	OK	 
REQUEST		sm_dogs.gif	1669211294189	1669211294417	OK	 
REQUEST		separator.gif	1669211294187	1669211294422	OK	 
REQUEST		jpetstore.css	1669211294184	1669211294424	OK	 
REQUEST		logo-topbar.gif	1669211294186	1669211294425	OK	 
REQUEST		cart.gif	1669211294187	1669211294427	OK	 
REQUEST		sm_fish.gif	1669211294188	1669211294428	OK	 
REQUEST		request_26	1669211296406	1669211296634	OK	 
REQUEST		request_26	1669211296420	1669211296647	OK	 
REQUEST		request_26	1669211296436	1669211296670	OK	 
REQUEST		logo-topbar.gif	1669211296647	1669211296880	OK	 
REQUEST		sm_dogs.gif	1669211296652	1669211296886	OK	 
REQUEST		jpetstore.css	1669211296660	1669211296886	OK	 
REQUEST		jpetstore.css	1669211296645	1669211296888	OK	 
REQUEST		cart.gif	1669211296649	1669211296889	OK	 
REQUEST		separator.gif	1669211296650	1669211296890	OK	 
REQUEST		sm_fish.gif	1669211296651	1669211296892	OK	 
REQUEST		sm_dogs.gif	1669211296666	1669211296893	OK	 
REQUEST		logo-topbar.gif	1669211296661	1669211296900	OK	 
REQUEST		sm_fish.gif	1669211296665	1669211296901	OK	 
REQUEST		separator.gif	1669211296663	1669211296902	OK	 
REQUEST		jpetstore.css	1669211296679	1669211296904	OK	 
REQUEST		cart.gif	1669211296662	1669211296904	OK	 
REQUEST		logo-topbar.gif	1669211296680	1669211296920	OK	 
REQUEST		cart.gif	1669211296681	1669211296921	OK	 
REQUEST		sm_dogs.gif	1669211296685	1669211296927	OK	 
REQUEST		separator.gif	1669211296682	1669211296929	OK	 
REQUEST		sm_fish.gif	1669211296683	1669211296930	OK	 
REQUEST		AAAAAAAAAAAAAA	1669211298933	1669211299393	KO	status.find.in(200,201,202,203,204,205,206,207,208,209,304), found 500
REQUEST		AAAAAAAAAAAAAA	1669211298909	1669211299369	KO	status.find.in(200,201,202,203,204,205,206,207,208,209,304), found 500
REQUEST		AAAAAAAAAAAAAA	1669211298918	1669211299390	KO	status.find.in(200,201,202,203,204,205,206,207,208,209,304), found 500
USER	registerUser	END	1669211299435
USER	registerUser	END	1669211299439
USER	registerUser	END	1669211299452
