RUN	com.gatling.tests.petshop	petshop	1669214816683	kkk	3.6.1
USER	registerUser	START	1669214818584
USER	registerUser	START	1669214818584
USER	registerUser	START	1669214818584
REQUEST		request_0	1669214818638	1669214819406	OK	 
REQUEST		request_0	1669214818638	1669214819406	OK	 
REQUEST		request_0	1669214818638	1669214819406	OK	 
REQUEST		jpetstore.css	1669214819702	1669214819939	OK	 
REQUEST		jpetstore.css	1669214819702	1669214819946	OK	 
REQUEST		jpetstore.css	1669214819702	1669214819939	OK	 
REQUEST		sm_reptiles.gif	1669214819997	1669214820231	OK	 
REQUEST		sm_reptiles.gif	1669214819996	1669214820233	OK	 
REQUEST		sm_reptiles.gif	1669214819996	1669214820246	OK	 
REQUEST		separator.gif	1669214819710	1669214820496	OK	 
REQUEST		separator.gif	1669214819710	1669214820496	OK	 
REQUEST		logo-topbar.gif	1669214819705	1669214820496	OK	 
REQUEST		sm_cats.gif	1669214820248	1669214820501	OK	 
REQUEST		sm_cats.gif	1669214820243	1669214820501	OK	 
REQUEST		sm_cats.gif	1669214820234	1669214820501	OK	 
REQUEST		logo-topbar.gif	1669214819707	1669214820507	OK	 
REQUEST		cart.gif	1669214819709	1669214820512	OK	 
REQUEST		logo-topbar.gif	1669214819705	1669214820514	OK	 
REQUEST		cart.gif	1669214819708	1669214820530	OK	 
REQUEST		cart.gif	1669214819707	1669214820531	OK	 
REQUEST		separator.gif	1669214819711	1669214820543	OK	 
REQUEST		sm_fish.gif	1669214819712	1669214820543	OK	 
REQUEST		sm_dogs.gif	1669214819713	1669214820544	OK	 
REQUEST		sm_dogs.gif	1669214819713	1669214820549	OK	 
REQUEST		sm_fish.gif	1669214819712	1669214820549	OK	 
REQUEST		sm_fish.gif	1669214819712	1669214820550	OK	 
REQUEST		sm_dogs.gif	1669214819713	1669214820558	OK	 
REQUEST		sm_birds.gif	1669214820498	1669214820724	OK	 
REQUEST		sm_birds.gif	1669214820498	1669214820724	OK	 
REQUEST		fish_icon.gif	1669214820502	1669214820735	OK	 
REQUEST		fish_icon.gif	1669214820502	1669214820735	OK	 
REQUEST		sm_birds.gif	1669214820498	1669214820735	OK	 
REQUEST		fish_icon.gif	1669214820502	1669214820756	OK	 
REQUEST		dogs_icon.gif	1669214820516	1669214820763	OK	 
REQUEST		dogs_icon.gif	1669214820508	1669214820766	OK	 
REQUEST		dogs_icon.gif	1669214820532	1669214820767	OK	 
REQUEST		cats_icon.gif	1669214820514	1669214820770	OK	 
REQUEST		cats_icon.gif	1669214820532	1669214820774	OK	 
REQUEST		birds_icon.gif	1669214820550	1669214820783	OK	 
REQUEST		cats_icon.gif	1669214820545	1669214820783	OK	 
REQUEST		reptiles_icon.gif	1669214820547	1669214820792	OK	 
REQUEST		reptiles_icon.gif	1669214820550	1669214820792	OK	 
REQUEST		reptiles_icon.gif	1669214820544	1669214820792	OK	 
REQUEST		birds_icon.gif	1669214820560	1669214820795	OK	 
REQUEST		birds_icon.gif	1669214820552	1669214820802	OK	 
REQUEST		request_11	1669214820760	1669214820996	OK	 
REQUEST		request_11	1669214820763	1669214820996	OK	 
REQUEST		request_11	1669214820763	1669214820996	OK	 
REQUEST		request_12	1669214820769	1669214821004	OK	 
REQUEST		request_12	1669214820768	1669214821005	OK	 
REQUEST		request_12	1669214820764	1669214821005	OK	 
REQUEST		request_13	1669214820775	1669214821014	OK	 
REQUEST		request_13	1669214820773	1669214821014	OK	 
REQUEST		request_13	1669214820785	1669214821025	OK	 
REQUEST		request_14	1669214820793	1669214821030	OK	 
REQUEST		request_14	1669214820793	1669214821030	OK	 
REQUEST		splash.gif	1669214820726	1669214821185	OK	 
REQUEST		splash.gif	1669214820725	1669214821189	OK	 
REQUEST		splash.gif	1669214820737	1669214821234	OK	 
REQUEST		request_15	1669214820796	1669214821278	OK	 
REQUEST		request_15	1669214820785	1669214821283	OK	 
REQUEST		request_15	1669214820804	1669214821304	OK	 
REQUEST		request_16	1669214823289	1669214823525	OK	 
REQUEST		request_16	1669214823289	1669214823534	OK	 
REQUEST		request_16	1669214823319	1669214823565	OK	 
REQUEST		jpetstore.css	1669214823543	1669214823784	OK	 
REQUEST		separator.gif	1669214823558	1669214823784	OK	 
REQUEST		sm_dogs.gif	1669214823552	1669214823792	OK	 
REQUEST		jpetstore.css	1669214823554	1669214823792	OK	 
REQUEST		separator.gif	1669214823549	1669214823793	OK	 
REQUEST		logo-topbar.gif	1669214823545	1669214823795	OK	 
REQUEST		cart.gif	1669214823546	1669214823797	OK	 
REQUEST		sm_fish.gif	1669214823560	1669214823798	OK	 
REQUEST		sm_fish.gif	1669214823550	1669214823798	OK	 
REQUEST		logo-topbar.gif	1669214823555	1669214823799	OK	 
REQUEST		cart.gif	1669214823557	1669214823800	OK	 
REQUEST		sm_dogs.gif	1669214823561	1669214823810	OK	 
REQUEST		separator.gif	1669214823588	1669214823823	OK	 
REQUEST		jpetstore.css	1669214823583	1669214823828	OK	 
REQUEST		logo-topbar.gif	1669214823585	1669214823830	OK	 
REQUEST		cart.gif	1669214823586	1669214823831	OK	 
REQUEST		sm_dogs.gif	1669214823590	1669214823838	OK	 
REQUEST		sm_fish.gif	1669214823589	1669214823839	OK	 
REQUEST		request_26	1669214825803	1669214826042	OK	 
REQUEST		request_26	1669214825818	1669214826042	OK	 
REQUEST		request_26	1669214825850	1669214826079	OK	 
REQUEST		jpetstore.css	1669214826058	1669214826297	OK	 
REQUEST		jpetstore.css	1669214826057	1669214826297	OK	 
REQUEST		cart.gif	1669214826062	1669214826301	OK	 
REQUEST		sm_dogs.gif	1669214826063	1669214826301	OK	 
REQUEST		logo-topbar.gif	1669214826058	1669214826302	OK	 
REQUEST		logo-topbar.gif	1669214826059	1669214826306	OK	 
REQUEST		separator.gif	1669214826061	1669214826306	OK	 
REQUEST		sm_dogs.gif	1669214826066	1669214826308	OK	 
REQUEST		cart.gif	1669214826060	1669214826308	OK	 
REQUEST		sm_fish.gif	1669214826062	1669214826309	OK	 
REQUEST		separator.gif	1669214826063	1669214826310	OK	 
REQUEST		sm_fish.gif	1669214826065	1669214826311	OK	 
REQUEST		sm_dogs.gif	1669214826099	1669214826329	OK	 
REQUEST		separator.gif	1669214826097	1669214826334	OK	 
REQUEST		jpetstore.css	1669214826092	1669214826335	OK	 
REQUEST		logo-topbar.gif	1669214826094	1669214826337	OK	 
REQUEST		cart.gif	1669214826095	1669214826338	OK	 
REQUEST		sm_fish.gif	1669214826098	1669214826346	OK	 
REQUEST		AAAAAAAAAAAAAA	1669214828326	1669214828804	KO	status.find.in(200,201,202,203,204,205,206,207,208,209,304), found 500
REQUEST		AAAAAAAAAAAAAA	1669214828326	1669214828803	KO	status.find.in(200,201,202,203,204,205,206,207,208,209,304), found 500
REQUEST		AAAAAAAAAAAAAA	1669214828364	1669214828818	KO	status.find.in(200,201,202,203,204,205,206,207,208,209,304), found 500
USER	registerUser	END	1669214828849
USER	registerUser	END	1669214828849
USER	registerUser	END	1669214828851
