RUN	com.gatling.tests.petshop	petshop	1669213387948	test	3.6.1
USER	registerUser	START	1669213389989
USER	registerUser	START	1669213389989
USER	registerUser	START	1669213389989
REQUEST		request_0	1669213390041	1669213390782	OK	 
REQUEST		request_0	1669213390041	1669213390782	OK	 
REQUEST		request_0	1669213390041	1669213390782	OK	 
REQUEST		jpetstore.css	1669213391095	1669213391340	OK	 
REQUEST		jpetstore.css	1669213391095	1669213391326	OK	 
REQUEST		jpetstore.css	1669213391095	1669213391353	OK	 
REQUEST		sm_reptiles.gif	1669213391391	1669213391625	OK	 
REQUEST		sm_reptiles.gif	1669213391391	1669213391625	OK	 
REQUEST		sm_reptiles.gif	1669213391392	1669213391634	OK	 
REQUEST		logo-topbar.gif	1669213391099	1669213391811	OK	 
REQUEST		sm_fish.gif	1669213391103	1669213391817	OK	 
REQUEST		sm_dogs.gif	1669213391106	1669213391833	OK	 
REQUEST		sm_cats.gif	1669213391629	1669213391856	OK	 
REQUEST		sm_cats.gif	1669213391628	1669213391868	OK	 
REQUEST		logo-topbar.gif	1669213391098	1669213391879	OK	 
REQUEST		logo-topbar.gif	1669213391098	1669213391879	OK	 
REQUEST		cart.gif	1669213391100	1669213391879	OK	 
REQUEST		sm_cats.gif	1669213391636	1669213391884	OK	 
REQUEST		cart.gif	1669213391101	1669213391889	OK	 
REQUEST		separator.gif	1669213391102	1669213391889	OK	 
REQUEST		cart.gif	1669213391105	1669213391889	OK	 
REQUEST		sm_fish.gif	1669213391105	1669213391893	OK	 
REQUEST		separator.gif	1669213391106	1669213391894	OK	 
REQUEST		separator.gif	1669213391103	1669213391903	OK	 
REQUEST		sm_dogs.gif	1669213391107	1669213391908	OK	 
REQUEST		sm_fish.gif	1669213391108	1669213391921	OK	 
REQUEST		sm_dogs.gif	1669213391110	1669213391926	OK	 
REQUEST		sm_birds.gif	1669213391813	1669213392048	OK	 
REQUEST		fish_icon.gif	1669213391819	1669213392053	OK	 
REQUEST		sm_birds.gif	1669213391857	1669213392094	OK	 
REQUEST		dogs_icon.gif	1669213391835	1669213392098	OK	 
REQUEST		sm_birds.gif	1669213391870	1669213392109	OK	 
REQUEST		fish_icon.gif	1669213391881	1669213392119	OK	 
REQUEST		cats_icon.gif	1669213391881	1669213392120	OK	 
REQUEST		fish_icon.gif	1669213391881	1669213392122	OK	 
REQUEST		dogs_icon.gif	1669213391891	1669213392138	OK	 
REQUEST		reptiles_icon.gif	1669213391886	1669213392144	OK	 
REQUEST		cats_icon.gif	1669213391896	1669213392146	OK	 
REQUEST		birds_icon.gif	1669213391892	1669213392147	OK	 
REQUEST		dogs_icon.gif	1669213391890	1669213392148	OK	 
REQUEST		cats_icon.gif	1669213391895	1669213392151	OK	 
REQUEST		reptiles_icon.gif	1669213391904	1669213392155	OK	 
REQUEST		birds_icon.gif	1669213391910	1669213392158	OK	 
REQUEST		reptiles_icon.gif	1669213391923	1669213392162	OK	 
REQUEST		birds_icon.gif	1669213391927	1669213392165	OK	 
REQUEST		request_11	1669213392067	1669213392300	OK	 
REQUEST		request_12	1669213392101	1669213392324	OK	 
REQUEST		request_13	1669213392122	1669213392356	OK	 
REQUEST		request_11	1669213392135	1669213392371	OK	 
REQUEST		request_12	1669213392143	1669213392378	OK	 
REQUEST		request_11	1669213392145	1669213392378	OK	 
REQUEST		request_13	1669213392148	1669213392380	OK	 
REQUEST		request_13	1669213392152	1669213392386	OK	 
REQUEST		request_14	1669213392146	1669213392388	OK	 
REQUEST		request_12	1669213392149	1669213392388	OK	 
REQUEST		request_14	1669213392163	1669213392394	OK	 
REQUEST		request_14	1669213392156	1669213392396	OK	 
REQUEST		splash.gif	1669213392050	1669213392503	OK	 
REQUEST		splash.gif	1669213392096	1669213392553	OK	 
REQUEST		splash.gif	1669213392111	1669213392616	OK	 
REQUEST		request_15	1669213392149	1669213392617	OK	 
REQUEST		request_15	1669213392160	1669213392627	OK	 
REQUEST		request_15	1669213392167	1669213392651	OK	 
REQUEST		request_16	1669213394632	1669213394866	OK	 
REQUEST		request_16	1669213394632	1669213394879	OK	 
REQUEST		request_16	1669213394664	1669213394908	OK	 
REQUEST		separator.gif	1669213394894	1669213395128	OK	 
REQUEST		jpetstore.css	1669213394896	1669213395128	OK	 
REQUEST		sm_dogs.gif	1669213394897	1669213395134	OK	 
REQUEST		cart.gif	1669213394899	1669213395134	OK	 
REQUEST		logo-topbar.gif	1669213394891	1669213395135	OK	 
REQUEST		separator.gif	1669213394900	1669213395135	OK	 
REQUEST		cart.gif	1669213394893	1669213395137	OK	 
REQUEST		logo-topbar.gif	1669213394897	1669213395137	OK	 
REQUEST		jpetstore.css	1669213394890	1669213395138	OK	 
REQUEST		sm_dogs.gif	1669213394903	1669213395138	OK	 
REQUEST		sm_fish.gif	1669213394896	1669213395139	OK	 
REQUEST		sm_fish.gif	1669213394901	1669213395143	OK	 
REQUEST		jpetstore.css	1669213394919	1669213395154	OK	 
REQUEST		logo-topbar.gif	1669213394921	1669213395159	OK	 
REQUEST		sm_fish.gif	1669213394925	1669213395161	OK	 
REQUEST		separator.gif	1669213394924	1669213395163	OK	 
REQUEST		sm_dogs.gif	1669213394926	1669213395164	OK	 
REQUEST		cart.gif	1669213394922	1669213395165	OK	 
REQUEST		request_26	1669213397150	1669213397376	OK	 
REQUEST		request_26	1669213397150	1669213397376	OK	 
REQUEST		request_26	1669213397182	1669213397418	OK	 
REQUEST		sm_dogs.gif	1669213397395	1669213397621	OK	 
REQUEST		sm_dogs.gif	1669213397396	1669213397621	OK	 
REQUEST		jpetstore.css	1669213397389	1669213397625	OK	 
REQUEST		logo-topbar.gif	1669213397392	1669213397626	OK	 
REQUEST		separator.gif	1669213397394	1669213397627	OK	 
REQUEST		separator.gif	1669213397393	1669213397634	OK	 
REQUEST		jpetstore.css	1669213397390	1669213397634	OK	 
REQUEST		cart.gif	1669213397393	1669213397635	OK	 
REQUEST		logo-topbar.gif	1669213397391	1669213397635	OK	 
REQUEST		cart.gif	1669213397392	1669213397636	OK	 
REQUEST		sm_fish.gif	1669213397395	1669213397636	OK	 
REQUEST		sm_fish.gif	1669213397394	1669213397637	OK	 
REQUEST		jpetstore.css	1669213397432	1669213397667	OK	 
REQUEST		cart.gif	1669213397434	1669213397670	OK	 
REQUEST		separator.gif	1669213397435	1669213397671	OK	 
REQUEST		sm_dogs.gif	1669213397437	1669213397673	OK	 
REQUEST		sm_fish.gif	1669213397436	1669213397674	OK	 
REQUEST		logo-topbar.gif	1669213397433	1669213397676	OK	 
REQUEST		AAAAAAAAAAAAAA	1669213399660	1669213399890	OK	 
REQUEST		AAAAAAAAAAAAAA	1669213399660	1669213399890	OK	 
REQUEST		AAAAAAAAAAAAAA	1669213399683	1669213399916	OK	 
REQUEST		AAAAAAAAAAAAAA Redirect 1	1669213399895	1669213400128	OK	 
REQUEST		AAAAAAAAAAAAAA Redirect 1	1669213399895	1669213400135	OK	 
REQUEST		AAAAAAAAAAAAAA Redirect 1	1669213399917	1669213400155	OK	 
REQUEST		jpetstore.css	1669213400140	1669213400367	OK	 
REQUEST		sm_dogs.gif	1669213400147	1669213400372	OK	 
REQUEST		sm_fish.gif	1669213400146	1669213400373	OK	 
REQUEST		sm_fish.gif	1669213400156	1669213400382	OK	 
REQUEST		separator.gif	1669213400144	1669213400382	OK	 
REQUEST		logo-topbar.gif	1669213400142	1669213400383	OK	 
REQUEST		cart.gif	1669213400143	1669213400385	OK	 
REQUEST		logo-topbar.gif	1669213400151	1669213400388	OK	 
REQUEST		cart.gif	1669213400152	1669213400389	OK	 
REQUEST		jpetstore.css	1669213400149	1669213400390	OK	 
REQUEST		separator.gif	1669213400154	1669213400391	OK	 
USER	registerUser	END	1669213400394
REQUEST		sm_dogs.gif	1669213400157	1669213400396	OK	 
REQUEST		jpetstore.css	1669213400166	1669213400399	OK	 
USER	registerUser	END	1669213400401
REQUEST		logo-topbar.gif	1669213400167	1669213400404	OK	 
REQUEST		sm_fish.gif	1669213400170	1669213400405	OK	 
REQUEST		separator.gif	1669213400170	1669213400406	OK	 
REQUEST		sm_dogs.gif	1669213400171	1669213400407	OK	 
REQUEST		cart.gif	1669213400169	1669213400408	OK	 
USER	registerUser	END	1669213400412
