RUN	com.gatling.tests.registerUser2	registeruser2	1669242733630	fd	3.6.1
USER	registerUser	START	1669242735569
USER	registerUser	START	1669242735569
USER	createOrder	START	1669242735569
USER	createOrder	START	1669242735569
USER	createOrder	START	1669242735569
USER	registerUser	START	1669242735569
REQUEST		RegisterUser_00_LandingPage	1669242735639	1669242736420	OK	 
REQUEST		CreateOrder_00_LandingPage	1669242735639	1669242736420	OK	 
REQUEST		RegisterUser_00_LandingPage	1669242735640	1669242736420	OK	 
REQUEST		CreateOrder_00_LandingPage	1669242735640	1669242736420	OK	 
REQUEST		RegisterUser_00_LandingPage	1669242735639	1669242736420	OK	 
REQUEST		CreateOrder_00_LandingPage	1669242735640	1669242736420	OK	 
REQUEST		RegisterUser_01_ClickSignIn	1669242738691	1669242738932	OK	 
REQUEST		CreateOrder_01_ClickSignIn	1669242738691	1669242738932	OK	 
REQUEST		RegisterUser_01_ClickSignIn	1669242738691	1669242738932	OK	 
REQUEST		RegisterUser_01_ClickSignIn	1669242738691	1669242738936	OK	 
REQUEST		CreateOrder_01_ClickSignIn	1669242738691	1669242738936	OK	 
REQUEST		CreateOrder_01_ClickSignIn	1669242738691	1669242738939	OK	 
REQUEST		RegisterUser_02_ClickRegisterNow	1669242740955	1669242741194	OK	 
REQUEST		RegisterUser_02_ClickRegisterNow	1669242740955	1669242741194	OK	 
REQUEST		RegisterUser_02_ClickRegisterNow	1669242740955	1669242741195	OK	 
REQUEST		CreateOrder_02_Login	1669242740963	1669242741210	OK	 
REQUEST		CreateOrder_02_Login	1669242740963	1669242741211	OK	 
REQUEST		CreateOrder_02_Login	1669242740963	1669242741215	OK	 
REQUEST		CreateOrder_02_Login Redirect 1	1669242741228	1669242741467	OK	 
REQUEST		CreateOrder_02_Login Redirect 1	1669242741229	1669242741468	OK	 
REQUEST		CreateOrder_02_Login Redirect 1	1669242741228	1669242741468	OK	 
REQUEST		RegisterUser_03_SaveAccountInfo	1669242743215	1669242743452	OK	 
REQUEST		RegisterUser_03_SaveAccountInfo	1669242743215	1669242743452	OK	 
REQUEST		RegisterUser_03_SaveAccountInfo	1669242743215	1669242743452	OK	 
REQUEST		RegisterUser_03_SaveAccountInfo Redirect 1	1669242743453	1669242743690	OK	 
REQUEST		RegisterUser_03_SaveAccountInfo Redirect 1	1669242743453	1669242743690	OK	 
REQUEST		RegisterUser_03_SaveAccountInfo Redirect 1	1669242743453	1669242743690	OK	 
USER	registerUser	END	1669242743699
USER	registerUser	END	1669242743699
USER	registerUser	END	1669242743699
REQUEST		CreateOrder_03_SelectCategory REPTILES	1669242743493	1669242743734	OK	 
REQUEST		CreateOrder_03_SelectCategory REPTILES	1669242743493	1669242743734	OK	 
REQUEST		CreateOrder_03_SelectCategory BIRDS	1669242743494	1669242743734	OK	 
REQUEST		CreateOrder_04_SelectProduct AV-CB-01	1669242745760	1669242746058	OK	 
REQUEST		CreateOrder_04_SelectProduct RP-SN-01	1669242745760	1669242746058	OK	 
REQUEST		CreateOrder_04_SelectProduct RP-LI-02	1669242745760	1669242746058	OK	 
REQUEST		CreateOrder_05_ViewItem	1669242748077	1669242748320	OK	 
REQUEST		CreateOrder_05_ViewItem	1669242748077	1669242748320	OK	 
REQUEST		CreateOrder_05_ViewItem	1669242748077	1669242748320	OK	 
REQUEST		CreateOrder_05_AddToCart	1669242750332	1669242750580	OK	 
REQUEST		CreateOrder_05_AddToCart	1669242750332	1669242750580	OK	 
REQUEST		CreateOrder_05_AddToCart	1669242750332	1669242750580	OK	 
REQUEST		CreateOrder_06_ProceedCheckout	1669242752587	1669242752826	OK	 
REQUEST		CreateOrder_06_ProceedCheckout	1669242752587	1669242752826	OK	 
REQUEST		CreateOrder_06_ProceedCheckout	1669242752587	1669242752826	OK	 
REQUEST		CreateOrder_07_PressContinue	1669242754842	1669242755082	OK	 
REQUEST		CreateOrder_07_PressContinue	1669242754842	1669242755082	OK	 
REQUEST		CreateOrder_07_PressContinue	1669242754842	1669242755088	OK	 
REQUEST		CreateOrder_08_ConfirmOrder	1669242757088	1669242757333	OK	 
USER	createOrder	END	1669242757338
REQUEST		CreateOrder_08_ConfirmOrder	1669242757103	1669242757339	OK	 
USER	createOrder	END	1669242757343
REQUEST		CreateOrder_08_ConfirmOrder	1669242757088	1669242757574	KO	status.find.in(200,201,202,203,204,205,206,207,208,209,304), found 500
USER	createOrder	END	1669242757597
