RUN	com.gatling.tests.createOrder	createorder	1669240479173	ASDF	3.6.1
USER	createOrder	START	1669240481164
USER	createOrder	START	1669240481164
USER	createOrder	START	1669240481165
USER	createOrder	START	1669240481164
USER	createOrder	START	1669240481164
REQUEST		CreateOrder_00_LandingPage	1669240481242	1669240482029	OK	 
REQUEST		CreateOrder_00_LandingPage	1669240481241	1669240482029	OK	 
REQUEST		CreateOrder_00_LandingPage	1669240481241	1669240482029	OK	 
REQUEST		CreateOrder_00_LandingPage	1669240481241	1669240482029	OK	 
REQUEST		CreateOrder_00_LandingPage	1669240481241	1669240482029	OK	 
REQUEST		CreateOrder_01_ClickSignIn	1669240484323	1669240484553	OK	 
REQUEST		CreateOrder_01_ClickSignIn	1669240484323	1669240484553	OK	 
REQUEST		CreateOrder_01_ClickSignIn	1669240484323	1669240484556	OK	 
REQUEST		CreateOrder_01_ClickSignIn	1669240484323	1669240484567	OK	 
REQUEST		CreateOrder_01_ClickSignIn	1669240484323	1669240484567	OK	 
REQUEST		CreateOrder_02_Login	1669240486591	1669240486826	OK	 
REQUEST		CreateOrder_02_Login	1669240486591	1669240486826	OK	 
REQUEST		CreateOrder_02_Login	1669240486591	1669240486826	OK	 
REQUEST		CreateOrder_02_Login	1669240486591	1669240486834	OK	 
REQUEST		CreateOrder_02_Login	1669240486591	1669240486834	OK	 
REQUEST		CreateOrder_03_SelectCategory FISH	1669240488842	1669240489106	OK	 
REQUEST		CreateOrder_03_SelectCategory DOGS	1669240488841	1669240489104	OK	 
REQUEST		CreateOrder_03_SelectCategory BIRDS	1669240488841	1669240489105	OK	 
REQUEST		CreateOrder_03_SelectCategory BIRDS	1669240488850	1669240489104	OK	 
REQUEST		CreateOrder_03_SelectCategory BIRDS	1669240488850	1669240489105	OK	 
REQUEST		CreateOrder_04_SelectProduct FI-SW-02	1669240491141	1669240491372	OK	 
REQUEST		CreateOrder_04_SelectProduct K9-CW-01	1669240491141	1669240491372	OK	 
REQUEST		CreateOrder_04_SelectProduct AV-CB-01	1669240491141	1669240491372	OK	 
REQUEST		CreateOrder_04_SelectProduct AV-CB-01	1669240491141	1669240491380	OK	 
REQUEST		CreateOrder_04_SelectProduct AV-CB-01	1669240491141	1669240491380	OK	 
REQUEST		CreateOrder_05_ViewItem	1669240493382	1669240493610	OK	 
REQUEST		CreateOrder_05_ViewItem	1669240493382	1669240493611	OK	 
REQUEST		CreateOrder_05_ViewItem	1669240493382	1669240493610	OK	 
REQUEST		CreateOrder_05_ViewItem	1669240493397	1669240493637	OK	 
REQUEST		CreateOrder_05_ViewItem	1669240493397	1669240493637	OK	 
REQUEST		CreateOrder_05_AddToCart	1669240495619	1669240495853	OK	 
REQUEST		CreateOrder_05_AddToCart	1669240495619	1669240495853	OK	 
REQUEST		CreateOrder_05_AddToCart	1669240495619	1669240495853	OK	 
REQUEST		CreateOrder_05_AddToCart	1669240495649	1669240495906	OK	 
REQUEST		CreateOrder_05_AddToCart	1669240495649	1669240495910	OK	 
REQUEST		CreateOrder_06_ProceedCheckout	1669240497859	1669240498088	OK	 
REQUEST		CreateOrder_06_ProceedCheckout	1669240497859	1669240498088	OK	 
REQUEST		CreateOrder_06_ProceedCheckout	1669240497859	1669240498088	OK	 
REQUEST		CreateOrder_06_ProceedCheckout	1669240497921	1669240498161	OK	 
REQUEST		CreateOrder_06_ProceedCheckout	1669240497921	1669240498161	OK	 
REQUEST		CreateOrder_07_PressContinue	1669240500102	1669240500335	OK	 
REQUEST		CreateOrder_07_PressContinue	1669240500102	1669240500335	OK	 
REQUEST		CreateOrder_07_PressContinue	1669240500102	1669240500341	OK	 
REQUEST		CreateOrder_07_PressContinue	1669240500166	1669240500426	OK	 
REQUEST		CreateOrder_07_PressContinue	1669240500166	1669240500426	OK	 
REQUEST		CreateOrder_08_ConfirmOrder	1669240502346	1669240502819	KO	status.find.in(200,201,202,203,204,205,206,207,208,209,304), found 500
REQUEST		CreateOrder_08_ConfirmOrder	1669240502346	1669240502819	KO	status.find.in(200,201,202,203,204,205,206,207,208,209,304), found 500
REQUEST		CreateOrder_08_ConfirmOrder	1669240502346	1669240502824	KO	status.find.in(200,201,202,203,204,205,206,207,208,209,304), found 500
USER	createOrder	END	1669240502851
USER	createOrder	END	1669240502851
USER	createOrder	END	1669240502851
REQUEST		CreateOrder_08_ConfirmOrder	1669240502439	1669240504161	KO	status.find.in(200,201,202,203,204,205,206,207,208,209,304), found 500
REQUEST		CreateOrder_08_ConfirmOrder	1669240502439	1669240504161	KO	status.find.in(200,201,202,203,204,205,206,207,208,209,304), found 500
USER	createOrder	END	1669240504164
USER	createOrder	END	1669240504164
