RUN	com.gatling.tests.petshop	petshop	1669214581751	asdfas	3.6.1
USER	registerUser	START	1669214583674
USER	registerUser	START	1669214583674
USER	registerUser	START	1669214583674
REQUEST		request_0	1669214583725	1669214584466	OK	 
REQUEST		request_0	1669214583725	1669214584466	OK	 
REQUEST		request_0	1669214583725	1669214584466	OK	 
REQUEST		jpetstore.css	1669214584775	1669214585002	OK	 
REQUEST		jpetstore.css	1669214584775	1669214585009	OK	 
REQUEST		jpetstore.css	1669214584775	1669214585027	OK	 
REQUEST		sm_reptiles.gif	1669214585063	1669214585290	OK	 
REQUEST		sm_reptiles.gif	1669214585062	1669214585293	OK	 
REQUEST		sm_reptiles.gif	1669214585063	1669214585302	OK	 
REQUEST		separator.gif	1669214584781	1669214585487	OK	 
REQUEST		sm_cats.gif	1669214585294	1669214585520	OK	 
REQUEST		sm_cats.gif	1669214585295	1669214585529	OK	 
REQUEST		separator.gif	1669214584781	1669214585540	OK	 
REQUEST		sm_fish.gif	1669214584785	1669214585539	OK	 
REQUEST		sm_cats.gif	1669214585304	1669214585539	OK	 
REQUEST		logo-topbar.gif	1669214584778	1669214585554	OK	 
REQUEST		logo-topbar.gif	1669214584777	1669214585562	OK	 
REQUEST		cart.gif	1669214584780	1669214585592	OK	 
REQUEST		cart.gif	1669214584780	1669214585592	OK	 
REQUEST		sm_fish.gif	1669214584783	1669214585597	OK	 
REQUEST		sm_dogs.gif	1669214584788	1669214585598	OK	 
REQUEST		sm_dogs.gif	1669214584785	1669214585602	OK	 
REQUEST		separator.gif	1669214584782	1669214585604	OK	 
REQUEST		logo-topbar.gif	1669214584777	1669214585609	OK	 
REQUEST		cart.gif	1669214584780	1669214585614	OK	 
REQUEST		sm_fish.gif	1669214584783	1669214585618	OK	 
REQUEST		sm_dogs.gif	1669214584784	1669214585622	OK	 
REQUEST		sm_birds.gif	1669214585489	1669214585718	OK	 
REQUEST		sm_birds.gif	1669214585522	1669214585756	OK	 
REQUEST		sm_birds.gif	1669214585531	1669214585757	OK	 
REQUEST		fish_icon.gif	1669214585542	1669214585769	OK	 
REQUEST		fish_icon.gif	1669214585541	1669214585784	OK	 
REQUEST		fish_icon.gif	1669214585547	1669214585786	OK	 
REQUEST		dogs_icon.gif	1669214585556	1669214585797	OK	 
REQUEST		dogs_icon.gif	1669214585564	1669214585806	OK	 
REQUEST		reptiles_icon.gif	1669214585600	1669214585827	OK	 
REQUEST		cats_icon.gif	1669214585594	1669214585827	OK	 
REQUEST		cats_icon.gif	1669214585594	1669214585831	OK	 
REQUEST		reptiles_icon.gif	1669214585599	1669214585836	OK	 
REQUEST		cats_icon.gif	1669214585616	1669214585844	OK	 
REQUEST		birds_icon.gif	1669214585606	1669214585844	OK	 
REQUEST		birds_icon.gif	1669214585603	1669214585844	OK	 
REQUEST		dogs_icon.gif	1669214585611	1669214585848	OK	 
REQUEST		reptiles_icon.gif	1669214585620	1669214585856	OK	 
REQUEST		birds_icon.gif	1669214585624	1669214585863	OK	 
REQUEST		request_11	1669214585791	1669214586022	OK	 
REQUEST		request_11	1669214585793	1669214586026	OK	 
REQUEST		request_11	1669214585795	1669214586026	OK	 
REQUEST		request_12	1669214585799	1669214586041	OK	 
REQUEST		request_12	1669214585808	1669214586047	OK	 
REQUEST		request_14	1669214585829	1669214586055	OK	 
REQUEST		request_13	1669214585828	1669214586066	OK	 
REQUEST		request_14	1669214585837	1669214586076	OK	 
REQUEST		request_13	1669214585846	1669214586092	OK	 
REQUEST		request_14	1669214585849	1669214586094	OK	 
REQUEST		splash.gif	1669214585719	1669214586172	OK	 
REQUEST		splash.gif	1669214585759	1669214586210	OK	 
REQUEST		splash.gif	1669214585758	1669214586210	OK	 
REQUEST		request_15	1669214585832	1669214586305	OK	 
REQUEST		request_15	1669214585845	1669214586320	OK	 
REQUEST		request_15	1669214585858	1669214586343	OK	 
REQUEST		request_16	1669214588328	1669214588553	OK	 
REQUEST		request_16	1669214588312	1669214588560	OK	 
REQUEST		request_16	1669214588359	1669214588605	OK	 
REQUEST		jpetstore.css	1669214588581	1669214588810	OK	 
REQUEST		separator.gif	1669214588579	1669214588810	OK	 
REQUEST		jpetstore.css	1669214588575	1669214588819	OK	 
REQUEST		separator.gif	1669214588584	1669214588819	OK	 
REQUEST		cart.gif	1669214588583	1669214588820	OK	 
REQUEST		logo-topbar.gif	1669214588577	1669214588820	OK	 
REQUEST		sm_dogs.gif	1669214588582	1669214588822	OK	 
REQUEST		logo-topbar.gif	1669214588582	1669214588823	OK	 
REQUEST		cart.gif	1669214588578	1669214588824	OK	 
REQUEST		sm_fish.gif	1669214588585	1669214588825	OK	 
REQUEST		sm_fish.gif	1669214588581	1669214588826	OK	 
REQUEST		sm_dogs.gif	1669214588586	1669214588827	OK	 
REQUEST		separator.gif	1669214588623	1669214588850	OK	 
REQUEST		jpetstore.css	1669214588618	1669214588855	OK	 
REQUEST		logo-topbar.gif	1669214588620	1669214588856	OK	 
REQUEST		sm_fish.gif	1669214588624	1669214588861	OK	 
REQUEST		cart.gif	1669214588621	1669214588862	OK	 
REQUEST		sm_dogs.gif	1669214588625	1669214588869	OK	 
REQUEST		request_26	1669214590832	1669214591065	OK	 
REQUEST		request_26	1669214590832	1669214591065	OK	 
REQUEST		request_26	1669214590880	1669214591107	OK	 
REQUEST		cart.gif	1669214591081	1669214591310	OK	 
REQUEST		jpetstore.css	1669214591079	1669214591310	OK	 
REQUEST		sm_dogs.gif	1669214591084	1669214591314	OK	 
REQUEST		logo-topbar.gif	1669214591080	1669214591314	OK	 
REQUEST		jpetstore.css	1669214591078	1669214591315	OK	 
REQUEST		separator.gif	1669214591082	1669214591318	OK	 
REQUEST		sm_fish.gif	1669214591083	1669214591318	OK	 
REQUEST		logo-topbar.gif	1669214591080	1669214591320	OK	 
REQUEST		cart.gif	1669214591081	1669214591320	OK	 
REQUEST		sm_fish.gif	1669214591083	1669214591321	OK	 
REQUEST		separator.gif	1669214591082	1669214591321	OK	 
REQUEST		sm_dogs.gif	1669214591084	1669214591322	OK	 
REQUEST		jpetstore.css	1669214591120	1669214591357	OK	 
REQUEST		logo-topbar.gif	1669214591121	1669214591360	OK	 
REQUEST		sm_dogs.gif	1669214591127	1669214591361	OK	 
REQUEST		separator.gif	1669214591124	1669214591361	OK	 
REQUEST		cart.gif	1669214591123	1669214591363	OK	 
REQUEST		sm_fish.gif	1669214591126	1669214591363	OK	 
REQUEST		AAAAAAAAAAAAAA	1669214593335	1669214593566	OK	 
REQUEST		AAAAAAAAAAAAAA	1669214593335	1669214593566	OK	 
REQUEST		AAAAAAAAAAAAAA	1669214593375	1669214593615	OK	 
REQUEST		AAAAAAAAAAAAAA Redirect 1	1669214593571	1669214593798	OK	 
REQUEST		AAAAAAAAAAAAAA Redirect 1	1669214593571	1669214593798	OK	 
REQUEST		AAAAAAAAAAAAAA Redirect 1	1669214593616	1669214593853	OK	 
REQUEST		sm_fish.gif	1669214593814	1669214594040	OK	 
REQUEST		sm_dogs.gif	1669214593814	1669214594045	OK	 
REQUEST		jpetstore.css	1669214593808	1669214594046	OK	 
REQUEST		jpetstore.css	1669214593813	1669214594047	OK	 
REQUEST		cart.gif	1669214593812	1669214594048	OK	 
REQUEST		logo-topbar.gif	1669214593810	1669214594049	OK	 
REQUEST		separator.gif	1669214593813	1669214594050	OK	 
REQUEST		sm_fish.gif	1669214593816	1669214594052	OK	 
REQUEST		logo-topbar.gif	1669214593814	1669214594054	OK	 
REQUEST		separator.gif	1669214593816	1669214594055	OK	 
USER	registerUser	END	1669214594069
REQUEST		sm_dogs.gif	1669214593817	1669214594070	OK	 
REQUEST		cart.gif	1669214593815	1669214594071	OK	 
USER	registerUser	END	1669214594075
REQUEST		jpetstore.css	1669214593863	1669214594091	OK	 
REQUEST		sm_dogs.gif	1669214593867	1669214594106	OK	 
REQUEST		sm_fish.gif	1669214593866	1669214594107	OK	 
REQUEST		logo-topbar.gif	1669214593864	1669214594108	OK	 
REQUEST		cart.gif	1669214593864	1669214594109	OK	 
REQUEST		separator.gif	1669214593865	1669214594110	OK	 
USER	registerUser	END	1669214594115
