RUN	com.gatling.tests.registerUser	registeruser	1669309872221	sdf	3.6.1
USER	registerUser	START	1669309874120
USER	registerUser	START	1669309874120
USER	registerUser	START	1669309874120
REQUEST		CreateOrder_00_LandingPage	1669309874174	1669309874943	OK	 
REQUEST		CreateOrder_00_LandingPage	1669309874174	1669309874943	OK	 
REQUEST		CreateOrder_00_LandingPage	1669309874174	1669309874943	OK	 
REQUEST		CreateOrder_01_ClickSignIn	1669309877746	1669309877994	OK	 
REQUEST		CreateOrder_01_ClickSignIn	1669309878128	1669309878376	OK	 
REQUEST		CreateOrder_01_ClickSignIn	1669309878887	1669309879136	OK	 
REQUEST		RegisterUser_02_ClickRegisterNow	1669309880594	1669309880834	OK	 
REQUEST		RegisterUser_02_ClickRegisterNow	1669309881617	1669309881858	OK	 
REQUEST		RegisterUser_02_ClickRegisterNow	1669309882592	1669309882835	OK	 
REQUEST		RegisterUser_03_SaveAccountInfo	1669309884511	1669309884757	OK	 
REQUEST		RegisterUser_03_SaveAccountInfo Redirect 1	1669309884764	1669309885003	OK	 
REQUEST		RegisterUser_03_SaveAccountInfo	1669309885433	1669309885677	OK	 
REQUEST		RegisterUser_03_SaveAccountInfo	1669309885649	1669309885892	OK	 
REQUEST		RegisterUser_03_SaveAccountInfo Redirect 1	1669309885678	1669309885923	OK	 
REQUEST		RegisterUser_03_SaveAccountInfo Redirect 1	1669309885893	1669309886133	OK	 
USER	registerUser	END	1669309887205
USER	registerUser	END	1669309888178
USER	registerUser	END	1669309889465
