RUN	com.gatling.tests.petshop	petshop	1669208625982	test	3.6.1
USER	registerUser	START	1669208627986
USER	registerUser	START	1669208627986
USER	registerUser	START	1669208627986
REQUEST		request_0	1669208628039	1669208628846	OK	 
REQUEST		request_0	1669208628039	1669208628845	OK	 
REQUEST		request_0	1669208628039	1669208628845	OK	 
REQUEST		jpetstore.css	1669208629139	1669208629374	OK	 
REQUEST		jpetstore.css	1669208629139	1669208629387	OK	 
REQUEST		jpetstore.css	1669208629139	1669208629389	OK	 
REQUEST		sm_reptiles.gif	1669208629428	1669208629694	OK	 
REQUEST		sm_reptiles.gif	1669208629428	1669208629694	OK	 
REQUEST		sm_reptiles.gif	1669208629428	1669208629700	OK	 
REQUEST		logo-topbar.gif	1669208629142	1669208629927	OK	 
REQUEST		sm_cats.gif	1669208629697	1669208629936	OK	 
REQUEST		sm_cats.gif	1669208629702	1669208629940	OK	 
REQUEST		logo-topbar.gif	1669208629142	1669208629941	OK	 
REQUEST		sm_cats.gif	1669208629697	1669208629942	OK	 
REQUEST		logo-topbar.gif	1669208629145	1669208629946	OK	 
REQUEST		cart.gif	1669208629146	1669208629946	OK	 
REQUEST		cart.gif	1669208629143	1669208629947	OK	 
REQUEST		cart.gif	1669208629147	1669208629951	OK	 
REQUEST		separator.gif	1669208629149	1669208629951	OK	 
REQUEST		separator.gif	1669208629145	1669208629952	OK	 
REQUEST		sm_fish.gif	1669208629150	1669208629955	OK	 
REQUEST		separator.gif	1669208629149	1669208629960	OK	 
REQUEST		sm_fish.gif	1669208629148	1669208629978	OK	 
REQUEST		sm_dogs.gif	1669208629152	1669208629978	OK	 
REQUEST		sm_dogs.gif	1669208629159	1669208629978	OK	 
REQUEST		sm_dogs.gif	1669208629150	1669208629982	OK	 
REQUEST		sm_fish.gif	1669208629158	1669208629987	OK	 
REQUEST		sm_birds.gif	1669208629928	1669208630162	OK	 
REQUEST		fish_icon.gif	1669208629942	1669208630176	OK	 
REQUEST		sm_birds.gif	1669208629943	1669208630176	OK	 
REQUEST		fish_icon.gif	1669208629942	1669208630176	OK	 
REQUEST		sm_birds.gif	1669208629938	1669208630180	OK	 
REQUEST		fish_icon.gif	1669208629948	1669208630183	OK	 
REQUEST		cats_icon.gif	1669208629957	1669208630191	OK	 
REQUEST		dogs_icon.gif	1669208629948	1669208630192	OK	 
REQUEST		dogs_icon.gif	1669208629948	1669208630192	OK	 
REQUEST		cats_icon.gif	1669208629953	1669208630196	OK	 
REQUEST		dogs_icon.gif	1669208629953	1669208630197	OK	 
REQUEST		cats_icon.gif	1669208629953	1669208630197	OK	 
REQUEST		reptiles_icon.gif	1669208629962	1669208630202	OK	 
REQUEST		reptiles_icon.gif	1669208629980	1669208630206	OK	 
REQUEST		birds_icon.gif	1669208629984	1669208630212	OK	 
REQUEST		reptiles_icon.gif	1669208629980	1669208630216	OK	 
REQUEST		birds_icon.gif	1669208629980	1669208630216	OK	 
REQUEST		birds_icon.gif	1669208629988	1669208630252	OK	 
REQUEST		request_11	1669208630186	1669208630416	OK	 
REQUEST		request_11	1669208630188	1669208630416	OK	 
REQUEST		request_11	1669208630187	1669208630423	OK	 
REQUEST		request_13	1669208630193	1669208630423	OK	 
REQUEST		request_12	1669208630193	1669208630430	OK	 
REQUEST		request_12	1669208630193	1669208630430	OK	 
REQUEST		request_14	1669208630198	1669208630437	OK	 
REQUEST		request_13	1669208630198	1669208630437	OK	 
REQUEST		request_13	1669208630198	1669208630439	OK	 
REQUEST		request_14	1669208630208	1669208630441	OK	 
REQUEST		request_14	1669208630218	1669208630458	OK	 
REQUEST		splash.gif	1669208630163	1669208630628	OK	 
REQUEST		splash.gif	1669208630177	1669208630633	OK	 
REQUEST		splash.gif	1669208630177	1669208630649	OK	 
REQUEST		request_15	1669208630213	1669208630664	OK	 
REQUEST		request_15	1669208630203	1669208630693	OK	 
REQUEST		request_15	1669208630253	1669208630743	OK	 
REQUEST		request_16	1669208632679	1669208632916	OK	 
REQUEST		request_16	1669208632710	1669208632955	OK	 
REQUEST		request_16	1669208632759	1669208633022	OK	 
REQUEST		cart.gif	1669208632936	1669208633170	OK	 
REQUEST		separator.gif	1669208632937	1669208633179	OK	 
REQUEST		jpetstore.css	1669208632933	1669208633181	OK	 
REQUEST		logo-topbar.gif	1669208632935	1669208633182	OK	 
REQUEST		sm_fish.gif	1669208632939	1669208633184	OK	 
REQUEST		sm_dogs.gif	1669208632941	1669208633188	OK	 
REQUEST		jpetstore.css	1669208632972	1669208633206	OK	 
REQUEST		separator.gif	1669208632977	1669208633210	OK	 
REQUEST		logo-topbar.gif	1669208632974	1669208633212	OK	 
REQUEST		cart.gif	1669208632975	1669208633218	OK	 
REQUEST		sm_fish.gif	1669208632978	1669208633219	OK	 
REQUEST		sm_dogs.gif	1669208632979	1669208633221	OK	 
REQUEST		separator.gif	1669208633035	1669208633264	OK	 
REQUEST		jpetstore.css	1669208633032	1669208633267	OK	 
REQUEST		logo-topbar.gif	1669208633033	1669208633269	OK	 
REQUEST		sm_dogs.gif	1669208633037	1669208633282	OK	 
REQUEST		cart.gif	1669208633034	1669208633283	OK	 
REQUEST		sm_fish.gif	1669208633036	1669208633285	OK	 
REQUEST		request_26	1669208635191	1669208635429	OK	 
REQUEST		request_26	1669208635222	1669208635454	OK	 
REQUEST		request_26	1669208635301	1669208635527	OK	 
REQUEST		separator.gif	1669208635446	1669208635674	OK	 
REQUEST		jpetstore.css	1669208635442	1669208635678	OK	 
REQUEST		sm_dogs.gif	1669208635448	1669208635679	OK	 
REQUEST		logo-topbar.gif	1669208635444	1669208635682	OK	 
REQUEST		sm_fish.gif	1669208635447	1669208635683	OK	 
REQUEST		cart.gif	1669208635445	1669208635684	OK	 
REQUEST		jpetstore.css	1669208635466	1669208635690	OK	 
REQUEST		logo-topbar.gif	1669208635467	1669208635693	OK	 
REQUEST		sm_dogs.gif	1669208635471	1669208635707	OK	 
REQUEST		cart.gif	1669208635468	1669208635709	OK	 
REQUEST		separator.gif	1669208635469	1669208635710	OK	 
REQUEST		sm_fish.gif	1669208635470	1669208635711	OK	 
REQUEST		jpetstore.css	1669208635534	1669208635768	OK	 
REQUEST		sm_dogs.gif	1669208635540	1669208635771	OK	 
REQUEST		cart.gif	1669208635536	1669208635776	OK	 
REQUEST		logo-topbar.gif	1669208635535	1669208635777	OK	 
REQUEST		separator.gif	1669208635537	1669208635781	OK	 
REQUEST		sm_fish.gif	1669208635539	1669208635789	OK	 
REQUEST		AAAAAAAAAAAAAA	1669208637704	1669208638165	KO	status.find.in(200,201,202,203,204,205,206,207,208,209,304), found 500
REQUEST		AAAAAAAAAAAAAA	1669208637721	1669208638198	KO	status.find.in(200,201,202,203,204,205,206,207,208,209,304), found 500
USER	registerUser	END	1669208638213
USER	registerUser	END	1669208638213
REQUEST		AAAAAAAAAAAAAA	1669208637801	1669208638274	KO	status.find.in(200,201,202,203,204,205,206,207,208,209,304), found 500
USER	registerUser	END	1669208638280
