RUN	com.gatling.tests.petshop	petshop	1669212226178	test	3.6.1
USER	registerUser	START	1669212228099
USER	registerUser	START	1669212228099
USER	registerUser	START	1669212228099
REQUEST		request_0	1669212228154	1669212228914	OK	 
REQUEST		request_0	1669212228154	1669212228914	OK	 
REQUEST		request_0	1669212228154	1669212228913	OK	 
REQUEST		jpetstore.css	1669212229208	1669212229447	OK	 
REQUEST		jpetstore.css	1669212229208	1669212229449	OK	 
REQUEST		jpetstore.css	1669212229208	1669212229449	OK	 
REQUEST		sm_reptiles.gif	1669212229507	1669212229737	OK	 
REQUEST		sm_reptiles.gif	1669212229507	1669212229752	OK	 
REQUEST		sm_reptiles.gif	1669212229507	1669212229752	OK	 
REQUEST		separator.gif	1669212229217	1669212229972	OK	 
REQUEST		cart.gif	1669212229212	1669212229972	OK	 
REQUEST		logo-topbar.gif	1669212229210	1669212229972	OK	 
REQUEST		sm_cats.gif	1669212229740	1669212229977	OK	 
REQUEST		sm_cats.gif	1669212229754	1669212229988	OK	 
REQUEST		sm_cats.gif	1669212229754	1669212229988	OK	 
REQUEST		cart.gif	1669212229213	1669212229999	OK	 
REQUEST		sm_dogs.gif	1669212229218	1669212230005	OK	 
REQUEST		cart.gif	1669212229214	1669212230005	OK	 
REQUEST		separator.gif	1669212229214	1669212230013	OK	 
REQUEST		sm_fish.gif	1669212229216	1669212230022	OK	 
REQUEST		logo-topbar.gif	1669212229211	1669212230022	OK	 
REQUEST		separator.gif	1669212229215	1669212230027	OK	 
REQUEST		sm_fish.gif	1669212229218	1669212230028	OK	 
REQUEST		logo-topbar.gif	1669212229210	1669212230036	OK	 
REQUEST		sm_dogs.gif	1669212229219	1669212230036	OK	 
REQUEST		sm_fish.gif	1669212229215	1669212230041	OK	 
REQUEST		sm_dogs.gif	1669212229217	1669212230045	OK	 
REQUEST		sm_birds.gif	1669212229974	1669212230207	OK	 
REQUEST		sm_birds.gif	1669212229974	1669212230207	OK	 
REQUEST		sm_birds.gif	1669212229974	1669212230207	OK	 
REQUEST		fish_icon.gif	1669212229979	1669212230210	OK	 
REQUEST		fish_icon.gif	1669212229990	1669212230231	OK	 
REQUEST		fish_icon.gif	1669212229990	1669212230231	OK	 
REQUEST		dogs_icon.gif	1669212230015	1669212230253	OK	 
REQUEST		dogs_icon.gif	1669212230007	1669212230253	OK	 
REQUEST		cats_icon.gif	1669212230007	1669212230253	OK	 
REQUEST		dogs_icon.gif	1669212230002	1669212230256	OK	 
REQUEST		cats_icon.gif	1669212230024	1669212230258	OK	 
REQUEST		reptiles_icon.gif	1669212230023	1669212230260	OK	 
REQUEST		birds_icon.gif	1669212230028	1669212230269	OK	 
REQUEST		reptiles_icon.gif	1669212230029	1669212230269	OK	 
REQUEST		birds_icon.gif	1669212230040	1669212230276	OK	 
REQUEST		cats_icon.gif	1669212230038	1669212230276	OK	 
REQUEST		reptiles_icon.gif	1669212230043	1669212230290	OK	 
REQUEST		birds_icon.gif	1669212230047	1669212230292	OK	 
REQUEST		request_11	1669212230219	1669212230451	OK	 
REQUEST		request_11	1669212230237	1669212230477	OK	 
REQUEST		request_13	1669212230255	1669212230483	OK	 
REQUEST		request_11	1669212230237	1669212230483	OK	 
REQUEST		request_12	1669212230254	1669212230485	OK	 
REQUEST		request_13	1669212230260	1669212230490	OK	 
REQUEST		request_14	1669212230258	1669212230490	OK	 
REQUEST		request_12	1669212230254	1669212230490	OK	 
REQUEST		request_14	1669212230271	1669212230510	OK	 
REQUEST		request_13	1669212230277	1669212230531	OK	 
REQUEST		request_14	1669212230291	1669212230533	OK	 
REQUEST		splash.gif	1669212230208	1669212230668	OK	 
REQUEST		splash.gif	1669212230208	1669212230668	OK	 
REQUEST		splash.gif	1669212230208	1669212230669	OK	 
REQUEST		request_15	1669212230261	1669212230740	OK	 
REQUEST		request_15	1669212230277	1669212230749	OK	 
REQUEST		request_15	1669212230294	1669212230796	OK	 
REQUEST		request_16	1669212232755	1669212233006	OK	 
REQUEST		request_16	1669212232755	1669212233018	OK	 
REQUEST		request_16	1669212232801	1669212233026	OK	 
REQUEST		separator.gif	1669212233040	1669212233263	OK	 
REQUEST		logo-topbar.gif	1669212233033	1669212233263	OK	 
REQUEST		logo-topbar.gif	1669212233037	1669212233271	OK	 
REQUEST		jpetstore.css	1669212233031	1669212233271	OK	 
REQUEST		separator.gif	1669212233047	1669212233271	OK	 
REQUEST		jpetstore.css	1669212233035	1669212233272	OK	 
REQUEST		separator.gif	1669212233036	1669212233272	OK	 
REQUEST		cart.gif	1669212233035	1669212233274	OK	 
REQUEST		cart.gif	1669212233038	1669212233274	OK	 
REQUEST		sm_fish.gif	1669212233037	1669212233278	OK	 
REQUEST		sm_fish.gif	1669212233041	1669212233279	OK	 
REQUEST		sm_dogs.gif	1669212233049	1669212233279	OK	 
REQUEST		jpetstore.css	1669212233042	1669212233280	OK	 
REQUEST		sm_dogs.gif	1669212233042	1669212233280	OK	 
REQUEST		sm_fish.gif	1669212233048	1669212233281	OK	 
REQUEST		sm_dogs.gif	1669212233038	1669212233285	OK	 
REQUEST		logo-topbar.gif	1669212233044	1669212233285	OK	 
REQUEST		cart.gif	1669212233046	1669212233286	OK	 
REQUEST		request_26	1669212235295	1669212235523	OK	 
REQUEST		request_26	1669212235295	1669212235524	OK	 
REQUEST		request_26	1669212235294	1669212235529	OK	 
REQUEST		logo-topbar.gif	1669212235544	1669212235766	OK	 
REQUEST		jpetstore.css	1669212235540	1669212235766	OK	 
REQUEST		logo-topbar.gif	1669212235543	1669212235766	OK	 
REQUEST		sm_dogs.gif	1669212235547	1669212235771	OK	 
REQUEST		separator.gif	1669212235545	1669212235779	OK	 
REQUEST		jpetstore.css	1669212235543	1669212235779	OK	 
REQUEST		cart.gif	1669212235543	1669212235779	OK	 
REQUEST		cart.gif	1669212235545	1669212235781	OK	 
REQUEST		sm_fish.gif	1669212235546	1669212235781	OK	 
REQUEST		logo-topbar.gif	1669212235542	1669212235781	OK	 
REQUEST		separator.gif	1669212235546	1669212235783	OK	 
REQUEST		jpetstore.css	1669212235541	1669212235783	OK	 
REQUEST		sm_dogs.gif	1669212235547	1669212235784	OK	 
REQUEST		cart.gif	1669212235544	1669212235785	OK	 
REQUEST		sm_dogs.gif	1669212235549	1669212235787	OK	 
REQUEST		separator.gif	1669212235544	1669212235787	OK	 
REQUEST		sm_fish.gif	1669212235545	1669212235789	OK	 
REQUEST		sm_fish.gif	1669212235548	1669212235796	OK	 
REQUEST		AAAAAAAAAAAAAA	1669212237812	1669212238038	OK	 
REQUEST		AAAAAAAAAAAAAA	1669212237804	1669212238038	OK	 
REQUEST		AAAAAAAAAAAAAA	1669212237804	1669212238038	OK	 
REQUEST		AAAAAAAAAAAAAA Redirect 1	1669212238045	1669212238276	OK	 
REQUEST		AAAAAAAAAAAAAA Redirect 1	1669212238044	1669212238285	OK	 
REQUEST		AAAAAAAAAAAAAA Redirect 1	1669212238044	1669212238285	OK	 
REQUEST		jpetstore.css	1669212238293	1669212238530	OK	 
REQUEST		sm_fish.gif	1669212238301	1669212238534	OK	 
REQUEST		sm_dogs.gif	1669212238302	1669212238535	OK	 
REQUEST		cart.gif	1669212238309	1669212238535	OK	 
REQUEST		cart.gif	1669212238311	1669212238536	OK	 
REQUEST		logo-topbar.gif	1669212238295	1669212238537	OK	 
REQUEST		sm_fish.gif	1669212238312	1669212238541	OK	 
REQUEST		cart.gif	1669212238296	1669212238542	OK	 
REQUEST		sm_fish.gif	1669212238313	1669212238542	OK	 
REQUEST		jpetstore.css	1669212238306	1669212238542	OK	 
REQUEST		jpetstore.css	1669212238308	1669212238543	OK	 
REQUEST		logo-topbar.gif	1669212238307	1669212238543	OK	 
REQUEST		logo-topbar.gif	1669212238309	1669212238544	OK	 
REQUEST		separator.gif	1669212238311	1669212238548	OK	 
REQUEST		sm_dogs.gif	1669212238314	1669212238548	OK	 
REQUEST		sm_dogs.gif	1669212238313	1669212238549	OK	 
REQUEST		separator.gif	1669212238299	1669212238562	OK	 
REQUEST		separator.gif	1669212238312	1669212238574	OK	 
USER	registerUser	END	1669212238581
USER	registerUser	END	1669212238581
USER	registerUser	END	1669212238581
