RUN	com.gatling.tests.registerUser	registeruser	1669179512641	test	3.6.1
USER	registerUser	START	1669179514580
USER	registerUser	START	1669179514580
USER	registerUser	START	1669179514580
REQUEST		request_0	1669179514634	1669179515398	OK	 
REQUEST		request_0	1669179514634	1669179515404	OK	 
REQUEST		request_0	1669179514634	1669179515404	OK	 
REQUEST		jpetstore.css	1669179515684	1669179515913	OK	 
REQUEST		jpetstore.css	1669179515684	1669179515923	OK	 
REQUEST		jpetstore.css	1669179515684	1669179515924	OK	 
REQUEST		sm_reptiles.gif	1669179515967	1669179516199	OK	 
REQUEST		sm_reptiles.gif	1669179515967	1669179516207	OK	 
REQUEST		sm_reptiles.gif	1669179515967	1669179516207	OK	 
REQUEST		sm_cats.gif	1669179516203	1669179516444	OK	 
REQUEST		logo-topbar.gif	1669179515687	1669179516445	OK	 
REQUEST		separator.gif	1669179515690	1669179516446	OK	 
REQUEST		cart.gif	1669179515689	1669179516450	OK	 
REQUEST		sm_cats.gif	1669179516209	1669179516451	OK	 
REQUEST		sm_cats.gif	1669179516209	1669179516451	OK	 
REQUEST		cart.gif	1669179515689	1669179516456	OK	 
REQUEST		sm_fish.gif	1669179515691	1669179516456	OK	 
REQUEST		logo-topbar.gif	1669179515687	1669179516461	OK	 
REQUEST		sm_fish.gif	1669179515692	1669179516461	OK	 
REQUEST		separator.gif	1669179515690	1669179516476	OK	 
REQUEST		separator.gif	1669179515690	1669179516478	OK	 
REQUEST		sm_dogs.gif	1669179515693	1669179516482	OK	 
REQUEST		sm_dogs.gif	1669179515694	1669179516483	OK	 
REQUEST		logo-topbar.gif	1669179515687	1669179516483	OK	 
REQUEST		cart.gif	1669179515689	1669179516487	OK	 
REQUEST		sm_fish.gif	1669179515691	1669179516487	OK	 
REQUEST		sm_dogs.gif	1669179515693	1669179516511	OK	 
REQUEST		sm_birds.gif	1669179516448	1669179516678	OK	 
REQUEST		sm_birds.gif	1669179516446	1669179516678	OK	 
REQUEST		sm_birds.gif	1669179516448	1669179516678	OK	 
REQUEST		cats_icon.gif	1669179516463	1669179516687	OK	 
REQUEST		fish_icon.gif	1669179516453	1669179516687	OK	 
REQUEST		fish_icon.gif	1669179516452	1669179516694	OK	 
REQUEST		dogs_icon.gif	1669179516458	1669179516698	OK	 
REQUEST		fish_icon.gif	1669179516452	1669179516698	OK	 
REQUEST		cats_icon.gif	1669179516462	1669179516702	OK	 
REQUEST		dogs_icon.gif	1669179516458	1669179516702	OK	 
REQUEST		dogs_icon.gif	1669179516478	1669179516718	OK	 
REQUEST		reptiles_icon.gif	1669179516479	1669179516718	OK	 
REQUEST		reptiles_icon.gif	1669179516484	1669179516718	OK	 
REQUEST		cats_icon.gif	1669179516485	1669179516723	OK	 
REQUEST		birds_icon.gif	1669179516484	1669179516723	OK	 
REQUEST		birds_icon.gif	1669179516488	1669179516737	OK	 
REQUEST		reptiles_icon.gif	1669179516489	1669179516737	OK	 
REQUEST		birds_icon.gif	1669179516513	1669179516767	OK	 
REQUEST		request_10	1669179516695	1669179516917	OK	 
REQUEST		request_11	1669179516695	1669179516916	OK	 
REQUEST		request_12	1669179516700	1669179516927	OK	 
REQUEST		request_11	1669179516699	1669179516935	OK	 
REQUEST		request_11	1669179516699	1669179516935	OK	 
REQUEST		request_13	1669179516705	1669179516937	OK	 
REQUEST		request_13	1669179516704	1669179516943	OK	 
REQUEST		request_14	1669179516720	1669179516959	OK	 
REQUEST		request_12	1669179516720	1669179516959	OK	 
REQUEST		request_14	1669179516720	1669179516961	OK	 
REQUEST		request_13	1669179516724	1669179516964	OK	 
REQUEST		request_14	1669179516738	1669179516974	OK	 
REQUEST		splash.gif	1669179516680	1669179517136	OK	 
REQUEST		splash.gif	1669179516680	1669179517136	OK	 
REQUEST		splash.gif	1669179516680	1669179517165	OK	 
REQUEST		request_15	1669179516724	1669179517194	OK	 
REQUEST		request_15	1669179516738	1669179517231	OK	 
REQUEST		request_15	1669179516768	1669179517265	OK	 
REQUEST		request_16	1669179519204	1669179519441	OK	 
REQUEST		request_16	1669179519236	1669179519485	OK	 
REQUEST		request_16	1669179519281	1669179519524	OK	 
REQUEST		separator.gif	1669179519461	1669179519719	OK	 
REQUEST		jpetstore.css	1669179519457	1669179519725	OK	 
REQUEST		logo-topbar.gif	1669179519459	1669179519726	OK	 
REQUEST		cart.gif	1669179519460	1669179519727	OK	 
REQUEST		sm_dogs.gif	1669179519465	1669179519729	OK	 
REQUEST		sm_fish.gif	1669179519462	1669179519730	OK	 
REQUEST		sm_dogs.gif	1669179519509	1669179519731	OK	 
REQUEST		separator.gif	1669179519506	1669179519736	OK	 
REQUEST		jpetstore.css	1669179519502	1669179519738	OK	 
REQUEST		logo-topbar.gif	1669179519504	1669179519739	OK	 
REQUEST		cart.gif	1669179519505	1669179519746	OK	 
REQUEST		sm_fish.gif	1669179519507	1669179519758	OK	 
REQUEST		sm_dogs.gif	1669179519541	1669179519776	OK	 
REQUEST		separator.gif	1669179519539	1669179519780	OK	 
REQUEST		logo-topbar.gif	1669179519537	1669179519781	OK	 
REQUEST		jpetstore.css	1669179519536	1669179519782	OK	 
REQUEST		cart.gif	1669179519538	1669179519783	OK	 
REQUEST		sm_fish.gif	1669179519540	1669179519784	OK	 
REQUEST		request_26	1669179521732	1669179521959	OK	 
REQUEST		request_26	1669179521764	1669179521992	OK	 
REQUEST		request_26	1669179521796	1669179522031	OK	 
REQUEST		separator.gif	1669179521974	1669179522203	OK	 
REQUEST		jpetstore.css	1669179521971	1669179522207	OK	 
REQUEST		sm_dogs.gif	1669179521976	1669179522209	OK	 
REQUEST		logo-topbar.gif	1669179521972	1669179522210	OK	 
REQUEST		cart.gif	1669179521973	1669179522211	OK	 
REQUEST		sm_fish.gif	1669179521975	1669179522212	OK	 
REQUEST		jpetstore.css	1669179522003	1669179522228	OK	 
REQUEST		logo-topbar.gif	1669179522005	1669179522236	OK	 
REQUEST		sm_dogs.gif	1669179522009	1669179522237	OK	 
REQUEST		cart.gif	1669179522006	1669179522244	OK	 
REQUEST		separator.gif	1669179522007	1669179522246	OK	 
REQUEST		sm_fish.gif	1669179522008	1669179522255	OK	 
REQUEST		jpetstore.css	1669179522041	1669179522280	OK	 
REQUEST		logo-topbar.gif	1669179522043	1669179522282	OK	 
REQUEST		sm_dogs.gif	1669179522048	1669179522283	OK	 
REQUEST		cart.gif	1669179522044	1669179522284	OK	 
REQUEST		separator.gif	1669179522045	1669179522285	OK	 
REQUEST		sm_fish.gif	1669179522046	1669179522286	OK	 
REQUEST		AAAAAAAAAAAAAA	1669179524231	1669179524462	OK	 
REQUEST		AAAAAAAAAAAAAA Redirect 1	1669179524468	1669179524733	OK	 
REQUEST		AAAAAAAAAAAAAA	1669179524270	1669179524743	KO	status.find.in(200,201,202,203,204,205,206,207,208,209,304), found 500
USER	registerUser	END	1669179524774
REQUEST		AAAAAAAAAAAAAA	1669179524301	1669179524775	KO	status.find.in(200,201,202,203,204,205,206,207,208,209,304), found 500
USER	registerUser	END	1669179524780
REQUEST		jpetstore.css	1669179524745	1669179524972	OK	 
REQUEST		sm_fish.gif	1669179524749	1669179524976	OK	 
REQUEST		logo-topbar.gif	1669179524746	1669179524989	OK	 
REQUEST		sm_dogs.gif	1669179524750	1669179524991	OK	 
REQUEST		cart.gif	1669179524747	1669179524993	OK	 
REQUEST		separator.gif	1669179524748	1669179524994	OK	 
USER	registerUser	END	1669179524998
