RUN	com.gatling.tests.petshop	petshop	1669210580914	test	3.6.1
USER	registerUser	START	1669210582867
USER	registerUser	START	1669210582867
USER	registerUser	START	1669210582867
REQUEST		request_0	1669210582917	1669210583680	OK	 
REQUEST		request_0	1669210582917	1669210583680	OK	 
REQUEST		request_0	1669210582917	1669210583680	OK	 
REQUEST		jpetstore.css	1669210583971	1669210584210	OK	 
REQUEST		jpetstore.css	1669210583971	1669210584218	OK	 
REQUEST		jpetstore.css	1669210583971	1669210584210	OK	 
REQUEST		sm_reptiles.gif	1669210584264	1669210584500	OK	 
REQUEST		sm_reptiles.gif	1669210584264	1669210584500	OK	 
REQUEST		sm_reptiles.gif	1669210584265	1669210584503	OK	 
REQUEST		sm_cats.gif	1669210584504	1669210584739	OK	 
REQUEST		sm_cats.gif	1669210584503	1669210584739	OK	 
REQUEST		logo-topbar.gif	1669210583974	1669210584739	OK	 
REQUEST		logo-topbar.gif	1669210583974	1669210584746	OK	 
REQUEST		sm_cats.gif	1669210584505	1669210584746	OK	 
REQUEST		cart.gif	1669210583986	1669210584746	OK	 
REQUEST		logo-topbar.gif	1669210583976	1669210584758	OK	 
REQUEST		cart.gif	1669210583979	1669210584758	OK	 
REQUEST		separator.gif	1669210583988	1669210584765	OK	 
REQUEST		cart.gif	1669210583976	1669210584765	OK	 
REQUEST		separator.gif	1669210583981	1669210584783	OK	 
REQUEST		separator.gif	1669210583979	1669210584786	OK	 
REQUEST		sm_fish.gif	1669210583980	1669210584791	OK	 
REQUEST		sm_fish.gif	1669210583982	1669210584792	OK	 
REQUEST		sm_dogs.gif	1669210583982	1669210584795	OK	 
REQUEST		sm_fish.gif	1669210583990	1669210584809	OK	 
REQUEST		sm_dogs.gif	1669210583984	1669210584809	OK	 
REQUEST		sm_dogs.gif	1669210583991	1669210584827	OK	 
REQUEST		sm_birds.gif	1669210584740	1669210584968	OK	 
REQUEST		sm_birds.gif	1669210584740	1669210584975	OK	 
REQUEST		sm_birds.gif	1669210584740	1669210584975	OK	 
REQUEST		fish_icon.gif	1669210584748	1669210584987	OK	 
REQUEST		fish_icon.gif	1669210584747	1669210584987	OK	 
REQUEST		fish_icon.gif	1669210584747	1669210584987	OK	 
REQUEST		dogs_icon.gif	1669210584761	1669210584999	OK	 
REQUEST		dogs_icon.gif	1669210584761	1669210585002	OK	 
REQUEST		dogs_icon.gif	1669210584766	1669210585003	OK	 
REQUEST		cats_icon.gif	1669210584766	1669210585003	OK	 
REQUEST		reptiles_icon.gif	1669210584794	1669210585025	OK	 
REQUEST		cats_icon.gif	1669210584784	1669210585031	OK	 
REQUEST		cats_icon.gif	1669210584788	1669210585035	OK	 
REQUEST		reptiles_icon.gif	1669210584793	1669210585042	OK	 
REQUEST		reptiles_icon.gif	1669210584810	1669210585042	OK	 
REQUEST		birds_icon.gif	1669210584797	1669210585046	OK	 
REQUEST		birds_icon.gif	1669210584810	1669210585051	OK	 
REQUEST		birds_icon.gif	1669210584828	1669210585065	OK	 
REQUEST		request_11	1669210584996	1669210585238	OK	 
REQUEST		request_11	1669210584999	1669210585238	OK	 
REQUEST		request_12	1669210585001	1669210585238	OK	 
REQUEST		request_11	1669210584996	1669210585240	OK	 
REQUEST		request_13	1669210585005	1669210585244	OK	 
REQUEST		request_12	1669210585007	1669210585244	OK	 
REQUEST		request_12	1669210585005	1669210585244	OK	 
REQUEST		request_14	1669210585027	1669210585257	OK	 
REQUEST		request_14	1669210585043	1669210585274	OK	 
REQUEST		request_13	1669210585037	1669210585280	OK	 
REQUEST		request_14	1669210585043	1669210585282	OK	 
REQUEST		splash.gif	1669210584969	1669210585423	OK	 
REQUEST		splash.gif	1669210584977	1669210585446	OK	 
REQUEST		splash.gif	1669210584977	1669210585447	OK	 
REQUEST		request_15	1669210585033	1669210585509	OK	 
REQUEST		request_15	1669210585047	1669210585521	OK	 
REQUEST		request_15	1669210585066	1669210585535	OK	 
REQUEST		request_16	1669210587524	1669210587758	OK	 
REQUEST		request_16	1669210587523	1669210587775	OK	 
REQUEST		request_16	1669210587539	1669210587780	OK	 
REQUEST		cart.gif	1669210587802	1669210588035	OK	 
REQUEST		jpetstore.css	1669210587793	1669210588035	OK	 
REQUEST		logo-topbar.gif	1669210587801	1669210588038	OK	 
REQUEST		separator.gif	1669210587804	1669210588043	OK	 
REQUEST		separator.gif	1669210587804	1669210588044	OK	 
REQUEST		separator.gif	1669210587816	1669210588044	OK	 
REQUEST		sm_dogs.gif	1669210587808	1669210588045	OK	 
REQUEST		logo-topbar.gif	1669210587795	1669210588045	OK	 
REQUEST		sm_dogs.gif	1669210587807	1669210588046	OK	 
REQUEST		jpetstore.css	1669210587799	1669210588046	OK	 
REQUEST		cart.gif	1669210587796	1669210588047	OK	 
REQUEST		jpetstore.css	1669210587799	1669210588047	OK	 
REQUEST		cart.gif	1669210587802	1669210588048	OK	 
REQUEST		sm_fish.gif	1669210587805	1669210588049	OK	 
REQUEST		logo-topbar.gif	1669210587801	1669210588049	OK	 
REQUEST		sm_fish.gif	1669210587805	1669210588052	OK	 
REQUEST		sm_dogs.gif	1669210587819	1669210588059	OK	 
REQUEST		sm_fish.gif	1669210587817	1669210588060	OK	 
REQUEST		request_26	1669210590059	1669210590296	OK	 
REQUEST		request_26	1669210590059	1669210590296	OK	 
REQUEST		request_26	1669210590075	1669210590319	OK	 
REQUEST		jpetstore.css	1669210590312	1669210590551	OK	 
REQUEST		sm_dogs.gif	1669210590316	1669210590551	OK	 
REQUEST		jpetstore.css	1669210590308	1669210590555	OK	 
REQUEST		jpetstore.css	1669210590330	1669210590556	OK	 
REQUEST		logo-topbar.gif	1669210590314	1669210590556	OK	 
REQUEST		logo-topbar.gif	1669210590311	1669210590557	OK	 
REQUEST		cart.gif	1669210590315	1669210590557	OK	 
REQUEST		cart.gif	1669210590313	1669210590558	OK	 
REQUEST		separator.gif	1669210590316	1669210590558	OK	 
REQUEST		separator.gif	1669210590314	1669210590559	OK	 
REQUEST		sm_fish.gif	1669210590318	1669210590559	OK	 
REQUEST		sm_fish.gif	1669210590315	1669210590560	OK	 
REQUEST		cart.gif	1669210590333	1669210590560	OK	 
REQUEST		sm_dogs.gif	1669210590320	1669210590560	OK	 
REQUEST		logo-topbar.gif	1669210590332	1669210590561	OK	 
REQUEST		sm_dogs.gif	1669210590336	1669210590572	OK	 
REQUEST		sm_fish.gif	1669210590335	1669210590574	OK	 
REQUEST		separator.gif	1669210590334	1669210590576	OK	 
REQUEST		AAAAAAAAAAAAAA	1669210592579	1669210593058	KO	status.find.in(200,201,202,203,204,205,206,207,208,209,304), found 500
REQUEST		AAAAAAAAAAAAAA	1669210592578	1669210593050	KO	status.find.in(200,201,202,203,204,205,206,207,208,209,304), found 500
REQUEST		AAAAAAAAAAAAAA	1669210592586	1669210593050	KO	status.find.in(200,201,202,203,204,205,206,207,208,209,304), found 500
USER	registerUser	END	1669210593085
USER	registerUser	END	1669210593085
USER	registerUser	END	1669210593085
