RUN	com.gatling.tests.PetShop_Smoke	petshop-smoke	1669310751613	sdfg	3.6.1
USER	registerUser	START	1669310753571
USER	createOrder	START	1669310753571
USER	createOrder	START	1669310753571
USER	registerUser	START	1669310753571
USER	registerUser	START	1669310753571
USER	createOrder	START	1669310753571
REQUEST		CreateOrder_00_LandingPage	1669310753640	1669310754411	OK	 
REQUEST		CreateOrder_00_LandingPage	1669310753640	1669310754411	OK	 
REQUEST		CreateOrder_00_LandingPage	1669310753640	1669310754408	OK	 
REQUEST		CreateOrder_00_LandingPage	1669310753640	1669310754412	OK	 
REQUEST		CreateOrder_00_LandingPage	1669310753640	1669310754408	OK	 
REQUEST		CreateOrder_00_LandingPage	1669310753640	1669310754408	OK	 
REQUEST		CreateOrder_01_ClickSignIn	1669310756939	1669310757183	OK	 
REQUEST		CreateOrder_01_ClickSignIn	1669310757958	1669310758213	OK	 
REQUEST		CreateOrder_01_ClickSignIn	1669310757989	1669310758219	OK	 
REQUEST		CreateOrder_01_ClickSignIn	1669310758221	1669310758471	OK	 
REQUEST		CreateOrder_01_ClickSignIn	1669310758454	1669310758698	OK	 
REQUEST		CreateOrder_01_ClickSignIn	1669310758531	1669310758773	OK	 
REQUEST		CreateOrder_02_Login	1669310759609	1669310759855	OK	 
REQUEST		CreateOrder_02_Login Redirect 1	1669310759861	1669310760106	OK	 
REQUEST		RegisterUser_02_ClickRegisterNow	1669310760839	1669310761084	OK	 
REQUEST		CreateOrder_02_Login	1669310761365	1669310761610	OK	 
REQUEST		CreateOrder_02_Login Redirect 1	1669310761611	1669310761856	OK	 
REQUEST		CreateOrder_02_Login	1669310762125	1669310762371	OK	 
REQUEST		RegisterUser_02_ClickRegisterNow	1669310762155	1669310762398	OK	 
REQUEST		CreateOrder_03_SelectCategory BIRDS	1669310762177	1669310762423	OK	 
REQUEST		CreateOrder_02_Login Redirect 1	1669310762373	1669310762605	OK	 
REQUEST		RegisterUser_02_ClickRegisterNow	1669310762435	1669310762676	OK	 
REQUEST		RegisterUser_03_SaveAccountInfo	1669310764007	1669310764251	OK	 
REQUEST		CreateOrder_04_SelectProduct AV-SB-02	1669310764830	1669310765076	OK	 
REQUEST		CreateOrder_03_SelectCategory CATS	1669310765048	1669310765292	OK	 
REQUEST		RegisterUser_03_SaveAccountInfo	1669310765186	1669310765435	OK	 
REQUEST		RegisterUser_03_SaveAccountInfo	1669310765790	1669310766037	OK	 
REQUEST		CreateOrder_03_SelectCategory BIRDS	1669310766610	1669310766971	OK	 
USER	registerUser	END	1669310767743
REQUEST		CreateOrder_04_SelectProduct FL-DSH-01	1669310768452	1669310768695	OK	 
USER	registerUser	END	1669310768747
USER	registerUser	END	1669310769073
REQUEST		CreateOrder_05_ViewItem	1669310768808	1669310769076	OK	 
REQUEST		CreateOrder_04_SelectProduct AV-SB-02	1669310769786	1669310770019	OK	 
REQUEST		CreateOrder_05_AddToCart	1669310772081	1669310772325	OK	 
REQUEST		CreateOrder_05_ViewItem	1669310772452	1669310772691	OK	 
REQUEST		CreateOrder_05_ViewItem	1669310773566	1669310773801	OK	 
REQUEST		CreateOrder_06_ProceedCheckout	1669310774373	1669310774615	OK	 
REQUEST		CreateOrder_05_AddToCart	1669310776015	1669310776263	OK	 
REQUEST		CreateOrder_05_AddToCart	1669310776231	1669310776465	OK	 
REQUEST		CreateOrder_07_PressContinue	1669310776681	1669310776925	OK	 
REQUEST		CreateOrder_06_ProceedCheckout	1669310778449	1669310778714	OK	 
REQUEST		CreateOrder_06_ProceedCheckout	1669310779503	1669310779735	OK	 
REQUEST		CreateOrder_08_ConfirmOrder	1669310780897	1669310781163	OK	 
USER	createOrder	END	1669310781166
REQUEST		CreateOrder_07_PressContinue	1669310782079	1669310782332	OK	 
REQUEST		CreateOrder_07_PressContinue	1669310782235	1669310782475	OK	 
REQUEST		CreateOrder_08_ConfirmOrder	1669310784706	1669310784935	OK	 
USER	createOrder	END	1669310784937
REQUEST		CreateOrder_08_ConfirmOrder	1669310785643	1669310785884	OK	 
USER	createOrder	END	1669310785886
