RUN	com.gatling.tests.PetShop_Smoke	petshop-smoke	1669318114365	fdg	3.6.1
USER	createOrder	START	1669318116269
USER	updateOrder	START	1669318116271
USER	createOrder	START	1669318116269
USER	updateOrder	START	1669318116268
USER	registerUser	START	1669318116271
USER	updateOrder	START	1669318116267
USER	registerUser	START	1669318116269
USER	createOrder	START	1669318116269
USER	registerUser	START	1669318116269
REQUEST		CreateOrder_00_LandingPage	1669318116339	1669318117115	OK	 
REQUEST		CreateOrder_00_LandingPage	1669318116339	1669318117117	OK	 
REQUEST		CreateOrder_00_LandingPage	1669318116339	1669318117118	OK	 
REQUEST		CreateOrder_00_LandingPage	1669318116339	1669318117119	OK	 
REQUEST		CreateOrder_00_LandingPage	1669318116339	1669318117115	OK	 
REQUEST		CreateOrder_00_LandingPage	1669318116340	1669318117119	OK	 
REQUEST		CreateOrder_00_LandingPage	1669318116339	1669318117115	OK	 
REQUEST		CreateOrder_00_LandingPage	1669318116339	1669318117115	OK	 
REQUEST		CreateOrder_00_LandingPage	1669318116339	1669318117116	OK	 
REQUEST		CreateOrder_01_ClickSignIn	1669318119615	1669318119854	OK	 
REQUEST		CreateOrder_01_ClickSignIn	1669318119733	1669318119973	OK	 
REQUEST		CreateOrder_01_ClickSignIn	1669318120042	1669318120281	OK	 
REQUEST		CreateOrder_01_ClickSignIn	1669318120058	1669318120300	OK	 
REQUEST		CreateOrder_01_ClickSignIn	1669318120151	1669318120381	OK	 
REQUEST		CreateOrder_01_ClickSignIn	1669318120507	1669318120751	OK	 
REQUEST		CreateOrder_01_ClickSignIn	1669318120677	1669318120917	OK	 
REQUEST		CreateOrder_01_ClickSignIn	1669318120723	1669318120955	OK	 
REQUEST		CreateOrder_01_ClickSignIn	1669318120799	1669318121030	OK	 
REQUEST		CreateOrder_02_Login	1669318122150	1669318122392	OK	 
REQUEST		CreateOrder_02_Login Redirect 1	1669318122398	1669318122639	OK	 
REQUEST		CreateOrder_02_Login	1669318123098	1669318123340	OK	 
REQUEST		RegisterUser_02_ClickRegisterNow	1669318123175	1669318123414	OK	 
REQUEST		CreateOrder_02_Login Redirect 1	1669318123342	1669318123600	OK	 
REQUEST		CreateOrder_02_Login	1669318123563	1669318123803	OK	 
REQUEST		RegisterUser_02_ClickRegisterNow	1669318123640	1669318123873	OK	 
REQUEST		CreateOrder_02_Login Redirect 1	1669318123804	1669318124047	OK	 
REQUEST		CreateOrder_02_Login	1669318123842	1669318124096	OK	 
REQUEST		RegisterUser_02_ClickRegisterNow	1669318124028	1669318124274	OK	 
REQUEST		CreateOrder_02_Login Redirect 1	1669318124097	1669318124340	OK	 
REQUEST		CreateOrder_02_Login	1669318124151	1669318124380	OK	 
REQUEST		CreateOrder_02_Login Redirect 1	1669318124381	1669318124622	OK	 
REQUEST		CreateOrder_02_Login	1669318124568	1669318124821	OK	 
REQUEST		CreateOrder_02_Login Redirect 1	1669318124821	1669318125065	OK	 
REQUEST		RegisterUser_03_SaveAccountInfo	1669318126237	1669318126480	OK	 
REQUEST		CreateOrder_03_SelectCategory FISH	1669318126289	1669318126538	OK	 
REQUEST		CreateOrder_03_SelectCategory CATS	1669318126592	1669318126832	OK	 
REQUEST		CreateOrder_03_SelectCategory DOGS	1669318126645	1669318126889	OK	 
REQUEST		CreateOrder_03_SelectCategory FISH	1669318126685	1669318126916	OK	 
REQUEST		CreateOrder_03_SelectCategory BIRDS	1669318126824	1669318127064	OK	 
REQUEST		RegisterUser_03_SaveAccountInfo	1669318127022	1669318127260	OK	 
REQUEST		RegisterUser_03_SaveAccountInfo	1669318127222	1669318127452	OK	 
REQUEST		CreateOrder_03_SelectCategory CATS	1669318127808	1669318128056	OK	 
USER	registerUser	END	1669318129394
REQUEST		CreateOrder_04_SelectProduct FI-FW-01	1669318129219	1669318129452	OK	 
REQUEST		CreateOrder_04_SelectProduct AV-CB-01	1669318129328	1669318129568	OK	 
REQUEST		CreateOrder_04_SelectProduct K9-RT-02	1669318129590	1669318129821	OK	 
USER	registerUser	END	1669318129993
REQUEST		CreateOrder_04_SelectProduct FL-DLH-02	1669318129806	1669318130044	OK	 
REQUEST		CreateOrder_04_SelectProduct FI-FW-01	1669318129976	1669318130240	OK	 
USER	registerUser	END	1669318130517
REQUEST		CreateOrder_04_SelectProduct FL-DLH-02	1669318131950	1669318132192	OK	 
REQUEST		CreateOrder_05_ViewItem	1669318132541	1669318132774	OK	 
REQUEST		CreateOrder_05_ViewItem	1669318132681	1669318132920	OK	 
REQUEST		CreateOrder_05_ViewItem	1669318132974	1669318133216	OK	 
REQUEST		CreateOrder_05_ViewItem	1669318133221	1669318133463	OK	 
REQUEST		CreateOrder_05_ViewItem	1669318133794	1669318134025	OK	 
REQUEST		CreateOrder_05_ViewItem	1669318134568	1669318134820	OK	 
REQUEST		CreateOrder_05_AddToCart	1669318135313	1669318135545	OK	 
REQUEST		CreateOrder_05_AddToCart	1669318135483	1669318135722	OK	 
REQUEST		CreateOrder_05_AddToCart	1669318135559	1669318135802	OK	 
REQUEST		CreateOrder_05_AddToCart	1669318136474	1669318136717	OK	 
REQUEST		CreateOrder_05_AddToCart	1669318137142	1669318137390	OK	 
REQUEST		CreateOrder_05_AddToCart	1669318137481	1669318137711	OK	 
REQUEST		CreateOrder_06_ProceedCheckout	1669318138177	1669318138444	OK	 
REQUEST		CreateOrder_03_SelectCategory FISH	1669318138350	1669318138580	OK	 
REQUEST		CreateOrder_06_ProceedCheckout	1669318138687	1669318138932	OK	 
REQUEST		CreateOrder_06_ProceedCheckout	1669318139894	1669318140134	OK	 
REQUEST		CreateOrder_03_SelectCategory DOGS	1669318140298	1669318140528	OK	 
REQUEST		CreateOrder_03_SelectCategory REPTILES	1669318140515	1669318140754	OK	 
REQUEST		CreateOrder_07_PressContinue	1669318141502	1669318141747	OK	 
REQUEST		CreateOrder_04_SelectProduct FI-SW-01	1669318142013	1669318142243	OK	 
REQUEST		CreateOrder_07_PressContinue	1669318142366	1669318142606	OK	 
REQUEST		CreateOrder_04_SelectProduct RP-SN-01	1669318142799	1669318143039	OK	 
REQUEST		CreateOrder_07_PressContinue	1669318142954	1669318143199	OK	 
REQUEST		CreateOrder_04_SelectProduct K9-RT-01	1669318144423	1669318144655	OK	 
REQUEST		CreateOrder_08_ConfirmOrder	1669318145012	1669318145260	OK	 
REQUEST		CreateOrder_05_ViewItem	1669318145135	1669318145376	OK	 
REQUEST		CreateOrder_05_ViewItem	1669318145196	1669318145425	OK	 
REQUEST		CreateOrder_08_ConfirmOrder	1669318145474	1669318145742	OK	 
REQUEST		CreateOrder_08_ConfirmOrder	1669318147129	1669318147698	OK	 
REQUEST		CreateOrder_05_AddToCart	1669318147948	1669318148181	OK	 
REQUEST		CreateOrder_05_AddToCart	1669318148274	1669318148515	OK	 
USER	createOrder	END	1669318148584
REQUEST		CreateOrder_05_ViewItem	1669318148552	1669318148785	OK	 
USER	createOrder	END	1669318149091
REQUEST		CreateOrder_03_SelectCategory FISH	1669318151020	1669318151252	OK	 
USER	createOrder	END	1669318151533
REQUEST		CreateOrder_05_AddToCart	1669318151595	1669318151824	OK	 
REQUEST		CreateOrder_03_SelectCategory BIRDS	1669318152244	1669318152488	OK	 
REQUEST		CreateOrder_04_SelectProduct FI-SW-02	1669318153830	1669318154061	OK	 
REQUEST		CreateOrder_03_SelectCategory REPTILES	1669318154174	1669318154404	OK	 
REQUEST		CreateOrder_04_SelectProduct AV-CB-01	1669318154516	1669318154754	OK	 
REQUEST		CreateOrder_04_SelectProduct RP-LI-02	1669318157281	1669318157510	OK	 
REQUEST		CreateOrder_05_ViewItem	1669318157437	1669318157668	OK	 
REQUEST		CreateOrder_05_ViewItem	1669318158340	1669318158582	OK	 
REQUEST		CreateOrder_05_AddToCart	1669318160887	1669318161119	OK	 
REQUEST		CreateOrder_05_ViewItem	1669318161059	1669318161289	OK	 
REQUEST		CreateOrder_05_AddToCart	1669318161383	1669318161625	OK	 
REQUEST		CreateOrder_03_SelectCategory FISH	1669318164349	1669318164588	OK	 
REQUEST		CreateOrder_05_AddToCart	1669318164675	1669318164907	OK	 
REQUEST		CreateOrder_03_SelectCategory BIRDS	1669318164801	1669318165029	OK	 
REQUEST		CreateOrder_04_SelectProduct AV-CB-01	1669318167718	1669318168258	OK	 
REQUEST		CreateOrder_04_SelectProduct FI-FW-02	1669318168230	1669318168472	OK	 
REQUEST		CreateOrder_03_SelectCategory CATS	1669318168479	1669318168709	OK	 
REQUEST		CreateOrder_05_ViewItem	1669318170386	1669318170616	OK	 
REQUEST		CreateOrder_05_ViewItem	1669318172061	1669318172302	OK	 
REQUEST		CreateOrder_04_SelectProduct FL-DLH-02	1669318172170	1669318172402	OK	 
REQUEST		CreateOrder_05_AddToCart	1669318172890	1669318173139	OK	 
REQUEST		CreateOrder_05_AddToCart	1669318175119	1669318175361	OK	 
REQUEST		CreateOrder_03_SelectCategory REPTILES	1669318175230	1669318175460	OK	 
REQUEST		CreateOrder_05_ViewItem	1669318175276	1669318175511	OK	 
REQUEST		CreateOrder_04_SelectProduct RP-LI-02	1669318178481	1669318178711	OK	 
REQUEST		CreateOrder_05_AddToCart	1669318179054	1669318179287	OK	 
REQUEST		CreateOrder_06_ProceedCheckout	1669318179210	1669318179452	OK	 
REQUEST		CreateOrder_05_ViewItem	1669318181722	1669318181960	OK	 
REQUEST		CreateOrder_07_PressContinue	1669318182006	1669318182245	OK	 
REQUEST		CreateOrder_03_SelectCategory CATS	1669318183074	1669318183305	OK	 
REQUEST		CreateOrder_08_ConfirmOrder	1669318184985	1669318185227	OK	 
REQUEST		CreateOrder_05_AddToCart	1669318185405	1669318185640	OK	 
REQUEST		CreateOrder_04_SelectProduct FL-DLH-02	1669318185610	1669318185842	OK	 
USER	updateOrder	END	1669318189081
REQUEST		CreateOrder_05_ViewItem	1669318189253	1669318189485	OK	 
REQUEST		CreateOrder_06_ProceedCheckout	1669318189347	1669318189577	OK	 
REQUEST		CreateOrder_05_AddToCart	1669318192011	1669318192245	OK	 
REQUEST		CreateOrder_07_PressContinue	1669318193413	1669318193661	OK	 
REQUEST		CreateOrder_06_ProceedCheckout	1669318195411	1669318195643	OK	 
REQUEST		CreateOrder_08_ConfirmOrder	1669318197236	1669318197473	OK	 
REQUEST		CreateOrder_07_PressContinue	1669318197718	1669318197956	OK	 
USER	updateOrder	END	1669318199670
REQUEST		CreateOrder_08_ConfirmOrder	1669318200232	1669318200462	OK	 
USER	updateOrder	END	1669318202871
