RUN	com.gatling.tests.petshop	petshop	1669216604030	sdfg	3.6.1
USER	registerUser	START	1669216605986
USER	registerUser	START	1669216605986
USER	registerUser	START	1669216605986
USER	registerUser	START	1669216605986
USER	registerUser	START	1669216605986
REQUEST		request_0	1669216606048	1669216606827	OK	 
REQUEST		request_0	1669216606048	1669216606828	OK	 
REQUEST		request_0	1669216606048	1669216606827	OK	 
REQUEST		request_0	1669216606048	1669216606827	OK	 
REQUEST		request_0	1669216606048	1669216606828	OK	 
REQUEST		jpetstore.css	1669216607131	1669216607368	OK	 
REQUEST		jpetstore.css	1669216607131	1669216607380	OK	 
REQUEST		jpetstore.css	1669216607132	1669216607380	OK	 
REQUEST		jpetstore.css	1669216607131	1669216607379	OK	 
REQUEST		jpetstore.css	1669216607131	1669216607387	OK	 
REQUEST		sm_reptiles.gif	1669216607426	1669216607662	OK	 
REQUEST		sm_reptiles.gif	1669216607426	1669216607667	OK	 
REQUEST		sm_reptiles.gif	1669216607427	1669216607667	OK	 
REQUEST		sm_reptiles.gif	1669216607427	1669216607673	OK	 
REQUEST		sm_reptiles.gif	1669216607427	1669216607686	OK	 
REQUEST		logo-topbar.gif	1669216607139	1669216607848	OK	 
REQUEST		cart.gif	1669216607142	1669216607855	OK	 
REQUEST		sm_fish.gif	1669216607144	1669216607887	OK	 
REQUEST		logo-topbar.gif	1669216607140	1669216607894	OK	 
REQUEST		sm_cats.gif	1669216607670	1669216607904	OK	 
REQUEST		sm_cats.gif	1669216607670	1669216607904	OK	 
REQUEST		sm_cats.gif	1669216607665	1669216607907	OK	 
REQUEST		separator.gif	1669216607136	1669216607918	OK	 
REQUEST		logo-topbar.gif	1669216607133	1669216607918	OK	 
REQUEST		separator.gif	1669216607143	1669216607918	OK	 
REQUEST		sm_cats.gif	1669216607688	1669216607923	OK	 
REQUEST		sm_cats.gif	1669216607675	1669216607923	OK	 
REQUEST		logo-topbar.gif	1669216607133	1669216607923	OK	 
REQUEST		sm_dogs.gif	1669216607146	1669216607928	OK	 
REQUEST		sm_dogs.gif	1669216607146	1669216607928	OK	 
REQUEST		cart.gif	1669216607141	1669216607934	OK	 
REQUEST		cart.gif	1669216607135	1669216607938	OK	 
REQUEST		separator.gif	1669216607142	1669216607939	OK	 
REQUEST		cart.gif	1669216607137	1669216607940	OK	 
REQUEST		sm_fish.gif	1669216607140	1669216607943	OK	 
REQUEST		sm_fish.gif	1669216607144	1669216607943	OK	 
REQUEST		separator.gif	1669216607138	1669216607954	OK	 
REQUEST		logo-topbar.gif	1669216607135	1669216607954	OK	 
REQUEST		cart.gif	1669216607135	1669216607955	OK	 
REQUEST		separator.gif	1669216607138	1669216607958	OK	 
REQUEST		sm_dogs.gif	1669216607141	1669216607958	OK	 
REQUEST		sm_fish.gif	1669216607141	1669216607958	OK	 
REQUEST		sm_fish.gif	1669216607140	1669216607962	OK	 
REQUEST		sm_dogs.gif	1669216607141	1669216607965	OK	 
REQUEST		sm_dogs.gif	1669216607146	1669216607969	OK	 
REQUEST		sm_birds.gif	1669216607850	1669216608106	OK	 
REQUEST		fish_icon.gif	1669216607858	1669216608110	OK	 
REQUEST		sm_birds.gif	1669216607896	1669216608116	OK	 
REQUEST		dogs_icon.gif	1669216607889	1669216608123	OK	 
REQUEST		fish_icon.gif	1669216607906	1669216608140	OK	 
REQUEST		sm_birds.gif	1669216607909	1669216608147	OK	 
REQUEST		sm_birds.gif	1669216607909	1669216608147	OK	 
REQUEST		fish_icon.gif	1669216607919	1669216608150	OK	 
REQUEST		cats_icon.gif	1669216607929	1669216608162	OK	 
REQUEST		cats_icon.gif	1669216607920	1669216608162	OK	 
REQUEST		sm_birds.gif	1669216607919	1669216608162	OK	 
REQUEST		fish_icon.gif	1669216607925	1669216608165	OK	 
REQUEST		dogs_icon.gif	1669216607925	1669216608165	OK	 
REQUEST		birds_icon.gif	1669216607929	1669216608171	OK	 
REQUEST		reptiles_icon.gif	1669216607926	1669216608174	OK	 
REQUEST		dogs_icon.gif	1669216607941	1669216608178	OK	 
REQUEST		fish_icon.gif	1669216607942	1669216608178	OK	 
REQUEST		dogs_icon.gif	1669216607936	1669216608178	OK	 
REQUEST		cats_icon.gif	1669216607945	1669216608181	OK	 
REQUEST		cats_icon.gif	1669216607941	1669216608181	OK	 
REQUEST		reptiles_icon.gif	1669216607945	1669216608183	OK	 
REQUEST		reptiles_icon.gif	1669216607956	1669216608196	OK	 
REQUEST		reptiles_icon.gif	1669216607956	1669216608196	OK	 
REQUEST		dogs_icon.gif	1669216607956	1669216608196	OK	 
REQUEST		birds_icon.gif	1669216607960	1669216608198	OK	 
REQUEST		birds_icon.gif	1669216607967	1669216608198	OK	 
REQUEST		birds_icon.gif	1669216607960	1669216608201	OK	 
REQUEST		cats_icon.gif	1669216607960	1669216608202	OK	 
REQUEST		reptiles_icon.gif	1669216607963	1669216608205	OK	 
REQUEST		birds_icon.gif	1669216607970	1669216608207	OK	 
REQUEST		request_11	1669216608121	1669216608348	OK	 
REQUEST		request_12	1669216608125	1669216608352	OK	 
REQUEST		request_11	1669216608153	1669216608382	OK	 
REQUEST		request_11	1669216608144	1669216608382	OK	 
REQUEST		request_13	1669216608164	1669216608396	OK	 
REQUEST		request_13	1669216608163	1669216608406	OK	 
REQUEST		request_14	1669216608166	1669216608406	OK	 
REQUEST		request_11	1669216608171	1669216608413	OK	 
REQUEST		request_12	1669216608179	1669216608420	OK	 
REQUEST		request_12	1669216608179	1669216608420	OK	 
REQUEST		request_14	1669216608184	1669216608422	OK	 
REQUEST		request_13	1669216608182	1669216608422	OK	 
REQUEST		request_13	1669216608182	1669216608424	OK	 
REQUEST		request_11	1669216608182	1669216608424	OK	 
REQUEST		request_12	1669216608197	1669216608433	OK	 
REQUEST		request_14	1669216608197	1669216608435	OK	 
REQUEST		request_13	1669216608200	1669216608435	OK	 
REQUEST		splash.gif	1669216608108	1669216608560	OK	 
REQUEST		splash.gif	1669216608118	1669216608576	OK	 
REQUEST		splash.gif	1669216608148	1669216608622	OK	 
REQUEST		splash.gif	1669216608163	1669216608627	OK	 
REQUEST		splash.gif	1669216608148	1669216608633	OK	 
REQUEST		request_15	1669216608172	1669216608653	OK	 
REQUEST		request_15	1669216608200	1669216608667	OK	 
REQUEST		request_15	1669216608204	1669216608676	OK	 
REQUEST		request_15	1669216608208	1669216608676	OK	 
REQUEST		request_15	1669216608197	1669216608683	OK	 
REQUEST		request_16	1669216610664	1669216610911	OK	 
REQUEST		request_16	1669216610680	1669216610917	OK	 
REQUEST		request_16	1669216610680	1669216610917	OK	 
REQUEST		request_16	1669216610680	1669216610917	OK	 
REQUEST		request_16	1669216610696	1669216610931	OK	 
REQUEST		separator.gif	1669216610934	1669216611161	OK	 
REQUEST		logo-topbar.gif	1669216610931	1669216611161	OK	 
REQUEST		separator.gif	1669216610937	1669216611168	OK	 
REQUEST		logo-topbar.gif	1669216610931	1669216611168	OK	 
REQUEST		cart.gif	1669216610933	1669216611168	OK	 
REQUEST		logo-topbar.gif	1669216610934	1669216611168	OK	 
REQUEST		jpetstore.css	1669216610929	1669216611169	OK	 
REQUEST		jpetstore.css	1669216610931	1669216611170	OK	 
REQUEST		logo-topbar.gif	1669216610932	1669216611171	OK	 
REQUEST		jpetstore.css	1669216610933	1669216611173	OK	 
REQUEST		jpetstore.css	1669216610929	1669216611173	OK	 
REQUEST		cart.gif	1669216610936	1669216611174	OK	 
REQUEST		cart.gif	1669216610932	1669216611175	OK	 
REQUEST		sm_fish.gif	1669216610939	1669216611177	OK	 
REQUEST		jpetstore.css	1669216610951	1669216611177	OK	 
REQUEST		sm_fish.gif	1669216610935	1669216611177	OK	 
REQUEST		separator.gif	1669216610937	1669216611177	OK	 
REQUEST		separator.gif	1669216610937	1669216611177	OK	 
REQUEST		sm_dogs.gif	1669216610937	1669216611178	OK	 
REQUEST		cart.gif	1669216610935	1669216611178	OK	 
REQUEST		sm_dogs.gif	1669216610940	1669216611179	OK	 
REQUEST		sm_fish.gif	1669216610939	1669216611181	OK	 
REQUEST		sm_dogs.gif	1669216610940	1669216611183	OK	 
REQUEST		logo-topbar.gif	1669216610953	1669216611184	OK	 
REQUEST		sm_dogs.gif	1669216610945	1669216611183	OK	 
REQUEST		sm_fish.gif	1669216610942	1669216611185	OK	 
REQUEST		cart.gif	1669216610954	1669216611194	OK	 
REQUEST		separator.gif	1669216610957	1669216611196	OK	 
REQUEST		sm_fish.gif	1669216610958	1669216611197	OK	 
REQUEST		sm_dogs.gif	1669216610959	1669216611201	OK	 
REQUEST		request_26	1669216613196	1669216613428	OK	 
REQUEST		request_26	1669216613195	1669216613428	OK	 
REQUEST		request_26	1669216613211	1669216613436	OK	 
REQUEST		request_26	1669216613195	1669216613436	OK	 
REQUEST		request_26	1669216613196	1669216613436	OK	 
REQUEST		jpetstore.css	1669216613439	1669216613665	OK	 
REQUEST		sm_dogs.gif	1669216613447	1669216613679	OK	 
REQUEST		jpetstore.css	1669216613450	1669216613679	OK	 
REQUEST		jpetstore.css	1669216613438	1669216613679	OK	 
REQUEST		logo-topbar.gif	1669216613441	1669216613680	OK	 
REQUEST		separator.gif	1669216613444	1669216613682	OK	 
REQUEST		logo-topbar.gif	1669216613452	1669216613682	OK	 
REQUEST		sm_fish.gif	1669216613453	1669216613682	OK	 
REQUEST		sm_dogs.gif	1669216613454	1669216613682	OK	 
REQUEST		sm_fish.gif	1669216613445	1669216613683	OK	 
REQUEST		cart.gif	1669216613443	1669216613683	OK	 
REQUEST		sm_dogs.gif	1669216613447	1669216613684	OK	 
REQUEST		logo-topbar.gif	1669216613440	1669216613684	OK	 
REQUEST		cart.gif	1669216613443	1669216613686	OK	 
REQUEST		separator.gif	1669216613444	1669216613687	OK	 
REQUEST		sm_fish.gif	1669216613445	1669216613689	OK	 
REQUEST		cart.gif	1669216613453	1669216613689	OK	 
REQUEST		cart.gif	1669216613451	1669216613689	OK	 
REQUEST		separator.gif	1669216613453	1669216613689	OK	 
REQUEST		jpetstore.css	1669216613451	1669216613690	OK	 
REQUEST		cart.gif	1669216613452	1669216613690	OK	 
REQUEST		separator.gif	1669216613452	1669216613690	OK	 
REQUEST		logo-topbar.gif	1669216613451	1669216613691	OK	 
REQUEST		jpetstore.css	1669216613449	1669216613691	OK	 
REQUEST		logo-topbar.gif	1669216613450	1669216613692	OK	 
REQUEST		sm_dogs.gif	1669216613454	1669216613693	OK	 
REQUEST		sm_fish.gif	1669216613454	1669216613697	OK	 
REQUEST		sm_dogs.gif	1669216613455	1669216613697	OK	 
REQUEST		sm_fish.gif	1669216613454	1669216613698	OK	 
REQUEST		separator.gif	1669216613454	1669216613699	OK	 
REQUEST		AAAAAAAAAAAAAA	1669216615711	1669216615933	OK	 
REQUEST		AAAAAAAAAAAAAA	1669216615703	1669216615933	OK	 
REQUEST		AAAAAAAAAAAAAA	1669216615703	1669216615942	OK	 
REQUEST		AAAAAAAAAAAAAA	1669216615703	1669216615942	OK	 
REQUEST		AAAAAAAAAAAAAA	1669216615711	1669216615956	OK	 
REQUEST		AAAAAAAAAAAAAA Redirect 1	1669216615938	1669216616163	OK	 
REQUEST		AAAAAAAAAAAAAA Redirect 1	1669216615938	1669216616163	OK	 
REQUEST		AAAAAAAAAAAAAA Redirect 1	1669216615943	1669216616180	OK	 
REQUEST		AAAAAAAAAAAAAA Redirect 1	1669216615943	1669216616183	OK	 
REQUEST		AAAAAAAAAAAAAA Redirect 1	1669216615957	1669216616201	OK	 
REQUEST		jpetstore.css	1669216616177	1669216616403	OK	 
REQUEST		sm_fish.gif	1669216616181	1669216616406	OK	 
REQUEST		cart.gif	1669216616179	1669216616420	OK	 
REQUEST		logo-topbar.gif	1669216616178	1669216616420	OK	 
REQUEST		jpetstore.css	1669216616194	1669216616420	OK	 
REQUEST		logo-topbar.gif	1669216616178	1669216616421	OK	 
REQUEST		sm_dogs.gif	1669216616184	1669216616422	OK	 
REQUEST		cart.gif	1669216616179	1669216616424	OK	 
REQUEST		jpetstore.css	1669216616177	1669216616425	OK	 
REQUEST		sm_dogs.gif	1669216616184	1669216616426	OK	 
REQUEST		separator.gif	1669216616180	1669216616427	OK	 
REQUEST		sm_fish.gif	1669216616183	1669216616428	OK	 
REQUEST		logo-topbar.gif	1669216616195	1669216616429	OK	 
REQUEST		logo-topbar.gif	1669216616195	1669216616429	OK	 
REQUEST		separator.gif	1669216616180	1669216616429	OK	 
REQUEST		separator.gif	1669216616196	1669216616433	OK	 
REQUEST		sm_dogs.gif	1669216616198	1669216616434	OK	 
REQUEST		jpetstore.css	1669216616194	1669216616434	OK	 
REQUEST		sm_dogs.gif	1669216616198	1669216616435	OK	 
REQUEST		sm_fish.gif	1669216616197	1669216616435	OK	 
REQUEST		cart.gif	1669216616196	1669216616436	OK	 
REQUEST		cart.gif	1669216616196	1669216616436	OK	 
REQUEST		separator.gif	1669216616196	1669216616437	OK	 
USER	registerUser	END	1669216616438
REQUEST		sm_fish.gif	1669216616197	1669216616439	OK	 
USER	registerUser	END	1669216616438
USER	registerUser	END	1669216616442
USER	registerUser	END	1669216616443
REQUEST		jpetstore.css	1669216616210	1669216616446	OK	 
REQUEST		sm_fish.gif	1669216616214	1669216616449	OK	 
REQUEST		logo-topbar.gif	1669216616211	1669216616453	OK	 
REQUEST		sm_dogs.gif	1669216616215	1669216616454	OK	 
REQUEST		cart.gif	1669216616212	1669216616454	OK	 
REQUEST		separator.gif	1669216616213	1669216616455	OK	 
USER	registerUser	END	1669216616459
