RUN	com.gatling.tests.petshop	petshop	1669215987186	sdfg	3.6.1
USER	registerUser	START	1669215989135
USER	registerUser	START	1669215989135
REQUEST		request_0	1669215989186	1669215989954	OK	 
REQUEST		request_0	1669215989186	1669215989954	OK	 
REQUEST		jpetstore.css	1669215990234	1669215990483	OK	 
REQUEST		jpetstore.css	1669215990234	1669215990475	OK	 
REQUEST		sm_reptiles.gif	1669215990532	1669215990770	OK	 
REQUEST		sm_reptiles.gif	1669215990532	1669215990778	OK	 
REQUEST		cart.gif	1669215990239	1669215990935	OK	 
REQUEST		logo-topbar.gif	1669215990237	1669215990942	OK	 
REQUEST		sm_fish.gif	1669215990241	1669215990955	OK	 
REQUEST		logo-topbar.gif	1669215990237	1669215990992	OK	 
REQUEST		cart.gif	1669215990239	1669215991011	OK	 
REQUEST		separator.gif	1669215990240	1669215991011	OK	 
REQUEST		sm_cats.gif	1669215990774	1669215991015	OK	 
REQUEST		sm_cats.gif	1669215990779	1669215991024	OK	 
REQUEST		sm_dogs.gif	1669215990242	1669215991030	OK	 
REQUEST		separator.gif	1669215990240	1669215991041	OK	 
REQUEST		sm_fish.gif	1669215990242	1669215991051	OK	 
REQUEST		sm_dogs.gif	1669215990243	1669215991058	OK	 
REQUEST		sm_birds.gif	1669215990937	1669215991163	OK	 
REQUEST		fish_icon.gif	1669215990944	1669215991181	OK	 
REQUEST		dogs_icon.gif	1669215990957	1669215991191	OK	 
REQUEST		sm_birds.gif	1669215990994	1669215991230	OK	 
REQUEST		fish_icon.gif	1669215991013	1669215991251	OK	 
REQUEST		cats_icon.gif	1669215991013	1669215991251	OK	 
REQUEST		dogs_icon.gif	1669215991017	1669215991260	OK	 
REQUEST		reptiles_icon.gif	1669215991026	1669215991266	OK	 
REQUEST		birds_icon.gif	1669215991032	1669215991269	OK	 
REQUEST		cats_icon.gif	1669215991042	1669215991289	OK	 
REQUEST		reptiles_icon.gif	1669215991052	1669215991293	OK	 
REQUEST		birds_icon.gif	1669215991059	1669215991308	OK	 
REQUEST		request_11	1669215991189	1669215991414	OK	 
REQUEST		request_12	1669215991192	1669215991416	OK	 
REQUEST		request_13	1669215991253	1669215991489	OK	 
REQUEST		request_11	1669215991257	1669215991489	OK	 
REQUEST		request_12	1669215991261	1669215991505	OK	 
REQUEST		request_14	1669215991267	1669215991508	OK	 
REQUEST		request_14	1669215991294	1669215991531	OK	 
REQUEST		request_13	1669215991291	1669215991533	OK	 
REQUEST		splash.gif	1669215991164	1669215991634	OK	 
REQUEST		splash.gif	1669215991231	1669215991698	OK	 
REQUEST		request_15	1669215991270	1669215991741	OK	 
REQUEST		request_15	1669215991309	1669215991796	OK	 
REQUEST		request_16	1669215993748	1669215993976	OK	 
REQUEST		request_16	1669215993811	1669215994045	OK	 
REQUEST		jpetstore.css	1669215993994	1669215994225	OK	 
REQUEST		cart.gif	1669215993997	1669215994232	OK	 
REQUEST		sm_dogs.gif	1669215994002	1669215994233	OK	 
REQUEST		separator.gif	1669215993998	1669215994235	OK	 
REQUEST		logo-topbar.gif	1669215993996	1669215994236	OK	 
REQUEST		sm_fish.gif	1669215994000	1669215994242	OK	 
REQUEST		separator.gif	1669215994062	1669215994291	OK	 
REQUEST		sm_dogs.gif	1669215994064	1669215994295	OK	 
REQUEST		jpetstore.css	1669215994058	1669215994300	OK	 
REQUEST		logo-topbar.gif	1669215994059	1669215994301	OK	 
REQUEST		sm_fish.gif	1669215994063	1669215994302	OK	 
REQUEST		cart.gif	1669215994061	1669215994307	OK	 
REQUEST		request_26	1669215996246	1669215996477	OK	 
REQUEST		request_26	1669215996323	1669215996553	OK	 
REQUEST		cart.gif	1669215996492	1669215996721	OK	 
REQUEST		jpetstore.css	1669215996489	1669215996726	OK	 
REQUEST		logo-topbar.gif	1669215996491	1669215996728	OK	 
REQUEST		separator.gif	1669215996493	1669215996729	OK	 
REQUEST		sm_dogs.gif	1669215996496	1669215996730	OK	 
REQUEST		sm_fish.gif	1669215996495	1669215996731	OK	 
REQUEST		jpetstore.css	1669215996565	1669215996792	OK	 
REQUEST		sm_dogs.gif	1669215996570	1669215996797	OK	 
REQUEST		logo-topbar.gif	1669215996567	1669215996808	OK	 
REQUEST		cart.gif	1669215996567	1669215996809	OK	 
REQUEST		separator.gif	1669215996568	1669215996810	OK	 
REQUEST		sm_fish.gif	1669215996569	1669215996814	OK	 
REQUEST		AAAAAAAAAAAAAA	1669215998741	1669215999197	KO	status.find.in(200,201,202,203,204,205,206,207,208,209,304), found 500
USER	registerUser	END	1669215999239
REQUEST		AAAAAAAAAAAAAA	1669215998829	1669215999283	KO	status.find.in(200,201,202,203,204,205,206,207,208,209,304), found 500
USER	registerUser	END	1669215999289
