RUN	com.gatling.tests.petshop	petshop	1669215206192	dfgsdfg	3.6.1
USER	registerUser	START	1669215208096
USER	registerUser	START	1669215208096
USER	registerUser	START	1669215208096
REQUEST		request_0	1669215208146	1669215208907	OK	 
REQUEST		request_0	1669215208146	1669215208907	OK	 
REQUEST		request_0	1669215208146	1669215208906	OK	 
REQUEST		jpetstore.css	1669215209190	1669215209439	OK	 
REQUEST		jpetstore.css	1669215209189	1669215209428	OK	 
REQUEST		jpetstore.css	1669215209189	1669215209428	OK	 
REQUEST		sm_reptiles.gif	1669215209486	1669215209719	OK	 
REQUEST		sm_reptiles.gif	1669215209486	1669215209719	OK	 
REQUEST		sm_reptiles.gif	1669215209487	1669215209725	OK	 
REQUEST		sm_fish.gif	1669215209198	1669215209898	OK	 
REQUEST		logo-topbar.gif	1669215209192	1669215209950	OK	 
REQUEST		sm_cats.gif	1669215209721	1669215209960	OK	 
REQUEST		sm_cats.gif	1669215209721	1669215209960	OK	 
REQUEST		separator.gif	1669215209196	1669215209960	OK	 
REQUEST		sm_cats.gif	1669215209727	1669215209964	OK	 
REQUEST		logo-topbar.gif	1669215209192	1669215209968	OK	 
REQUEST		sm_dogs.gif	1669215209201	1669215209969	OK	 
REQUEST		separator.gif	1669215209197	1669215209987	OK	 
REQUEST		separator.gif	1669215209196	1669215209991	OK	 
REQUEST		sm_dogs.gif	1669215209201	1669215209995	OK	 
REQUEST		logo-topbar.gif	1669215209191	1669215209999	OK	 
REQUEST		cart.gif	1669215209194	1669215210000	OK	 
REQUEST		cart.gif	1669215209194	1669215210004	OK	 
REQUEST		cart.gif	1669215209193	1669215210004	OK	 
REQUEST		sm_fish.gif	1669215209198	1669215210008	OK	 
REQUEST		sm_fish.gif	1669215209201	1669215210008	OK	 
REQUEST		sm_dogs.gif	1669215209202	1669215210021	OK	 
REQUEST		sm_birds.gif	1669215209899	1669215210135	OK	 
REQUEST		sm_birds.gif	1669215209951	1669215210184	OK	 
REQUEST		fish_icon.gif	1669215209961	1669215210200	OK	 
REQUEST		sm_birds.gif	1669215209961	1669215210201	OK	 
REQUEST		fish_icon.gif	1669215209961	1669215210201	OK	 
REQUEST		dogs_icon.gif	1669215209970	1669215210212	OK	 
REQUEST		cats_icon.gif	1669215209970	1669215210212	OK	 
REQUEST		dogs_icon.gif	1669215209966	1669215210216	OK	 
REQUEST		fish_icon.gif	1669215209989	1669215210216	OK	 
REQUEST		cats_icon.gif	1669215209993	1669215210232	OK	 
REQUEST		reptiles_icon.gif	1669215209997	1669215210238	OK	 
REQUEST		dogs_icon.gif	1669215210001	1669215210238	OK	 
REQUEST		cats_icon.gif	1669215210006	1669215210242	OK	 
REQUEST		birds_icon.gif	1669215210001	1669215210247	OK	 
REQUEST		reptiles_icon.gif	1669215210009	1669215210247	OK	 
REQUEST		birds_icon.gif	1669215210009	1669215210247	OK	 
REQUEST		reptiles_icon.gif	1669215210006	1669215210253	OK	 
REQUEST		birds_icon.gif	1669215210022	1669215210268	OK	 
REQUEST		request_11	1669215210209	1669215210437	OK	 
REQUEST		request_11	1669215210209	1669215210442	OK	 
REQUEST		request_13	1669215210213	1669215210442	OK	 
REQUEST		request_14	1669215210218	1669215210453	OK	 
REQUEST		request_11	1669215210223	1669215210453	OK	 
REQUEST		request_12	1669215210213	1669215210453	OK	 
REQUEST		request_13	1669215210234	1669215210470	OK	 
REQUEST		request_14	1669215210239	1669215210476	OK	 
REQUEST		request_12	1669215210239	1669215210476	OK	 
REQUEST		request_13	1669215210243	1669215210477	OK	 
REQUEST		request_14	1669215210249	1669215210488	OK	 
REQUEST		splash.gif	1669215210136	1669215210590	OK	 
REQUEST		splash.gif	1669215210185	1669215210649	OK	 
REQUEST		splash.gif	1669215210202	1669215210674	OK	 
REQUEST		request_15	1669215210249	1669215210722	OK	 
REQUEST		request_15	1669215210249	1669215210748	OK	 
REQUEST		request_15	1669215210269	1669215210774	OK	 
REQUEST		request_16	1669215212752	1669215212993	OK	 
REQUEST		request_16	1669215212737	1669215212993	OK	 
REQUEST		request_16	1669215212784	1669215213022	OK	 
REQUEST		jpetstore.css	1669215213022	1669215213249	OK	 
REQUEST		jpetstore.css	1669215213015	1669215213257	OK	 
REQUEST		separator.gif	1669215213027	1669215213258	OK	 
REQUEST		logo-topbar.gif	1669215213024	1669215213259	OK	 
REQUEST		separator.gif	1669215213039	1669215213266	OK	 
REQUEST		cart.gif	1669215213025	1669215213266	OK	 
REQUEST		sm_fish.gif	1669215213028	1669215213270	OK	 
REQUEST		cart.gif	1669215213038	1669215213270	OK	 
REQUEST		logo-topbar.gif	1669215213017	1669215213272	OK	 
REQUEST		sm_dogs.gif	1669215213042	1669215213289	OK	 
REQUEST		sm_dogs.gif	1669215213030	1669215213290	OK	 
REQUEST		logo-topbar.gif	1669215213042	1669215213289	OK	 
REQUEST		sm_fish.gif	1669215213041	1669215213291	OK	 
REQUEST		separator.gif	1669215213045	1669215213295	OK	 
REQUEST		jpetstore.css	1669215213041	1669215213297	OK	 
REQUEST		sm_dogs.gif	1669215213049	1669215213298	OK	 
REQUEST		cart.gif	1669215213044	1669215213300	OK	 
REQUEST		sm_fish.gif	1669215213047	1669215213302	OK	 
REQUEST		request_26	1669215215302	1669215215530	OK	 
REQUEST		request_26	1669215215302	1669215215542	OK	 
REQUEST		request_26	1669215215318	1669215215562	OK	 
REQUEST		jpetstore.css	1669215215558	1669215215788	OK	 
REQUEST		jpetstore.css	1669215215562	1669215215788	OK	 
REQUEST		sm_dogs.gif	1669215215565	1669215215792	OK	 
REQUEST		logo-topbar.gif	1669215215559	1669215215794	OK	 
REQUEST		logo-topbar.gif	1669215215563	1669215215795	OK	 
REQUEST		cart.gif	1669215215561	1669215215796	OK	 
REQUEST		separator.gif	1669215215563	1669215215797	OK	 
REQUEST		separator.gif	1669215215565	1669215215805	OK	 
REQUEST		cart.gif	1669215215579	1669215215805	OK	 
REQUEST		cart.gif	1669215215564	1669215215806	OK	 
REQUEST		jpetstore.css	1669215215576	1669215215811	OK	 
REQUEST		sm_dogs.gif	1669215215569	1669215215811	OK	 
REQUEST		sm_fish.gif	1669215215564	1669215215811	OK	 
REQUEST		separator.gif	1669215215580	1669215215812	OK	 
REQUEST		sm_fish.gif	1669215215566	1669215215812	OK	 
REQUEST		logo-topbar.gif	1669215215577	1669215215816	OK	 
REQUEST		sm_dogs.gif	1669215215583	1669215215818	OK	 
REQUEST		sm_fish.gif	1669215215581	1669215215825	OK	 
REQUEST		AAAAAAAAAAAAAA	1669215217830	1669215218063	OK	 
REQUEST		AAAAAAAAAAAAAA	1669215217838	1669215218063	OK	 
REQUEST		AAAAAAAAAAAAAA	1669215217830	1669215218063	OK	 
REQUEST		AAAAAAAAAAAAAA Redirect 1	1669215218068	1669215218295	OK	 
REQUEST		AAAAAAAAAAAAAA Redirect 1	1669215218068	1669215218315	OK	 
REQUEST		AAAAAAAAAAAAAA Redirect 1	1669215218068	1669215218315	OK	 
REQUEST		jpetstore.css	1669215218309	1669215218535	OK	 
REQUEST		sm_fish.gif	1669215218312	1669215218539	OK	 
REQUEST		sm_dogs.gif	1669215218313	1669215218540	OK	 
REQUEST		logo-topbar.gif	1669215218310	1669215218551	OK	 
REQUEST		cart.gif	1669215218311	1669215218552	OK	 
REQUEST		sm_fish.gif	1669215218331	1669215218558	OK	 
REQUEST		separator.gif	1669215218312	1669215218558	OK	 
REQUEST		sm_fish.gif	1669215218334	1669215218558	OK	 
REQUEST		logo-topbar.gif	1669215218328	1669215218564	OK	 
REQUEST		jpetstore.css	1669215218327	1669215218565	OK	 
USER	registerUser	END	1669215218567
REQUEST		jpetstore.css	1669215218329	1669215218570	OK	 
REQUEST		cart.gif	1669215218329	1669215218570	OK	 
REQUEST		cart.gif	1669215218331	1669215218571	OK	 
REQUEST		sm_dogs.gif	1669215218332	1669215218571	OK	 
REQUEST		logo-topbar.gif	1669215218330	1669215218572	OK	 
REQUEST		sm_dogs.gif	1669215218336	1669215218573	OK	 
REQUEST		separator.gif	1669215218332	1669215218577	OK	 
REQUEST		separator.gif	1669215218330	1669215218578	OK	 
USER	registerUser	END	1669215218581
USER	registerUser	END	1669215218581
