RUN	com.gatling.tests.petshop	petshop	1669213097227	sdaf	3.6.1
USER	registerUser	START	1669213099146
USER	registerUser	START	1669213099146
USER	registerUser	START	1669213099146
REQUEST		request_0	1669213099200	1669213099975	OK	 
REQUEST		request_0	1669213099200	1669213099981	OK	 
REQUEST		request_0	1669213099200	1669213099975	OK	 
REQUEST		jpetstore.css	1669213100248	1669213100475	OK	 
REQUEST		jpetstore.css	1669213100248	1669213100492	OK	 
REQUEST		jpetstore.css	1669213100248	1669213100496	OK	 
REQUEST		sm_reptiles.gif	1669213100527	1669213100755	OK	 
REQUEST		sm_reptiles.gif	1669213100527	1669213100765	OK	 
REQUEST		sm_reptiles.gif	1669213100527	1669213100773	OK	 
REQUEST		logo-topbar.gif	1669213100250	1669213100988	OK	 
REQUEST		sm_cats.gif	1669213100759	1669213100988	OK	 
REQUEST		sm_fish.gif	1669213100255	1669213101001	OK	 
REQUEST		sm_cats.gif	1669213100767	1669213101001	OK	 
REQUEST		logo-topbar.gif	1669213100250	1669213101010	OK	 
REQUEST		logo-topbar.gif	1669213100250	1669213101010	OK	 
REQUEST		sm_dogs.gif	1669213100257	1669213101022	OK	 
REQUEST		cart.gif	1669213100252	1669213101022	OK	 
REQUEST		cart.gif	1669213100252	1669213101022	OK	 
REQUEST		separator.gif	1669213100253	1669213101027	OK	 
REQUEST		sm_cats.gif	1669213100775	1669213101027	OK	 
REQUEST		separator.gif	1669213100253	1669213101031	OK	 
REQUEST		sm_fish.gif	1669213100254	1669213101036	OK	 
REQUEST		separator.gif	1669213100253	1669213101040	OK	 
REQUEST		sm_fish.gif	1669213100254	1669213101045	OK	 
REQUEST		cart.gif	1669213100252	1669213101048	OK	 
REQUEST		sm_dogs.gif	1669213100256	1669213101063	OK	 
REQUEST		sm_dogs.gif	1669213100256	1669213101068	OK	 
REQUEST		sm_birds.gif	1669213100990	1669213101219	OK	 
REQUEST		sm_birds.gif	1669213100990	1669213101218	OK	 
REQUEST		fish_icon.gif	1669213101003	1669213101228	OK	 
REQUEST		sm_birds.gif	1669213101012	1669213101250	OK	 
REQUEST		fish_icon.gif	1669213101003	1669213101250	OK	 
REQUEST		dogs_icon.gif	1669213101012	1669213101250	OK	 
REQUEST		cats_icon.gif	1669213101023	1669213101253	OK	 
REQUEST		fish_icon.gif	1669213101025	1669213101266	OK	 
REQUEST		dogs_icon.gif	1669213101023	1669213101266	OK	 
REQUEST		reptiles_icon.gif	1669213101028	1669213101269	OK	 
REQUEST		cats_icon.gif	1669213101033	1669213101275	OK	 
REQUEST		reptiles_icon.gif	1669213101040	1669213101279	OK	 
REQUEST		cats_icon.gif	1669213101042	1669213101279	OK	 
REQUEST		dogs_icon.gif	1669213101028	1669213101282	OK	 
REQUEST		reptiles_icon.gif	1669213101047	1669213101286	OK	 
REQUEST		birds_icon.gif	1669213101049	1669213101296	OK	 
REQUEST		birds_icon.gif	1669213101064	1669213101303	OK	 
REQUEST		birds_icon.gif	1669213101069	1669213101307	OK	 
REQUEST		request_11	1669213101235	1669213101481	OK	 
REQUEST		request_13	1669213101255	1669213101483	OK	 
REQUEST		request_12	1669213101251	1669213101488	OK	 
REQUEST		request_11	1669213101255	1669213101495	OK	 
REQUEST		request_12	1669213101268	1669213101507	OK	 
REQUEST		request_11	1669213101272	1669213101510	OK	 
REQUEST		request_14	1669213101270	1669213101510	OK	 
REQUEST		request_13	1669213101277	1669213101512	OK	 
REQUEST		request_14	1669213101280	1669213101513	OK	 
REQUEST		request_13	1669213101280	1669213101523	OK	 
REQUEST		request_14	1669213101287	1669213101525	OK	 
REQUEST		splash.gif	1669213101220	1669213101671	OK	 
REQUEST		splash.gif	1669213101220	1669213101679	OK	 
REQUEST		splash.gif	1669213101251	1669213101752	OK	 
REQUEST		request_15	1669213101283	1669213101775	OK	 
REQUEST		request_15	1669213101308	1669213101777	OK	 
REQUEST		request_15	1669213101298	1669213101798	OK	 
REQUEST		request_16	1669213103786	1669213104022	OK	 
REQUEST		request_16	1669213103786	1669213104030	OK	 
REQUEST		request_16	1669213103801	1669213104030	OK	 
REQUEST		separator.gif	1669213104047	1669213104277	OK	 
REQUEST		jpetstore.css	1669213104048	1669213104277	OK	 
REQUEST		cart.gif	1669213104051	1669213104287	OK	 
REQUEST		jpetstore.css	1669213104042	1669213104287	OK	 
REQUEST		separator.gif	1669213104053	1669213104288	OK	 
REQUEST		logo-topbar.gif	1669213104043	1669213104288	OK	 
REQUEST		sm_dogs.gif	1669213104056	1669213104289	OK	 
REQUEST		cart.gif	1669213104045	1669213104289	OK	 
REQUEST		separator.gif	1669213104053	1669213104293	OK	 
REQUEST		sm_dogs.gif	1669213104050	1669213104293	OK	 
REQUEST		logo-topbar.gif	1669213104050	1669213104293	OK	 
REQUEST		jpetstore.css	1669213104049	1669213104295	OK	 
REQUEST		sm_fish.gif	1669213104049	1669213104295	OK	 
REQUEST		cart.gif	1669213104051	1669213104295	OK	 
REQUEST		logo-topbar.gif	1669213104050	1669213104296	OK	 
REQUEST		sm_dogs.gif	1669213104056	1669213104302	OK	 
REQUEST		sm_fish.gif	1669213104054	1669213104316	OK	 
REQUEST		sm_fish.gif	1669213104054	1669213104316	OK	 
REQUEST		request_26	1669213106305	1669213106531	OK	 
REQUEST		request_26	1669213106321	1669213106552	OK	 
REQUEST		request_26	1669213106321	1669213106566	OK	 
REQUEST		jpetstore.css	1669213106542	1669213106780	OK	 
REQUEST		separator.gif	1669213106546	1669213106784	OK	 
REQUEST		sm_dogs.gif	1669213106548	1669213106785	OK	 
REQUEST		logo-topbar.gif	1669213106543	1669213106785	OK	 
REQUEST		cart.gif	1669213106544	1669213106786	OK	 
REQUEST		sm_fish.gif	1669213106547	1669213106788	OK	 
REQUEST		jpetstore.css	1669213106569	1669213106806	OK	 
REQUEST		logo-topbar.gif	1669213106570	1669213106810	OK	 
REQUEST		jpetstore.css	1669213106581	1669213106812	OK	 
REQUEST		sm_dogs.gif	1669213106575	1669213106812	OK	 
REQUEST		separator.gif	1669213106573	1669213106813	OK	 
REQUEST		cart.gif	1669213106571	1669213106814	OK	 
REQUEST		logo-topbar.gif	1669213106584	1669213106816	OK	 
REQUEST		sm_fish.gif	1669213106574	1669213106816	OK	 
REQUEST		cart.gif	1669213106586	1669213106818	OK	 
REQUEST		sm_dogs.gif	1669213106590	1669213106819	OK	 
REQUEST		separator.gif	1669213106588	1669213106832	OK	 
REQUEST		sm_fish.gif	1669213106589	1669213106835	OK	 
REQUEST		AAAAAAAAAAAAAA	1669213108799	1669213109043	OK	 
REQUEST		AAAAAAAAAAAAAA Redirect 1	1669213109048	1669213109293	OK	 
REQUEST		AAAAAAAAAAAAAA	1669213108822	1669213109300	KO	status.find.in(200,201,202,203,204,205,206,207,208,209,304), found 500
REQUEST		AAAAAAAAAAAAAA	1669213108852	1669213109303	KO	status.find.in(200,201,202,203,204,205,206,207,208,209,304), found 500
USER	registerUser	END	1669213109348
USER	registerUser	END	1669213109350
REQUEST		jpetstore.css	1669213109306	1669213109540	OK	 
REQUEST		logo-topbar.gif	1669213109307	1669213109546	OK	 
REQUEST		sm_fish.gif	1669213109312	1669213109549	OK	 
REQUEST		sm_dogs.gif	1669213109313	1669213109550	OK	 
REQUEST		cart.gif	1669213109310	1669213109551	OK	 
REQUEST		separator.gif	1669213109311	1669213109552	OK	 
USER	registerUser	END	1669213109556
