RUN	com.gatling.tests.registerUser2	registeruser2	1669244263619	asdf	3.6.1
USER	createOrder	START	1669244265886
USER	createOrder	START	1669244265886
USER	registerUser	START	1669244265886
USER	createOrder	START	1669244265886
USER	registerUser	START	1669244265886
USER	registerUser	START	1669244265886
REQUEST		RegisterUser_00_LandingPage	1669244265955	1669244266727	OK	 
REQUEST		RegisterUser_00_LandingPage	1669244265955	1669244266727	OK	 
REQUEST		CreateOrder_00_LandingPage	1669244265956	1669244266727	OK	 
REQUEST		CreateOrder_00_LandingPage	1669244265955	1669244266731	OK	 
REQUEST		CreateOrder_00_LandingPage	1669244265955	1669244266727	OK	 
REQUEST		RegisterUser_00_LandingPage	1669244265956	1669244266727	OK	 
REQUEST		RegisterUser_01_ClickSignIn	1669244269034	1669244269264	OK	 
REQUEST		RegisterUser_01_ClickSignIn	1669244269034	1669244269264	OK	 
REQUEST		RegisterUser_01_ClickSignIn	1669244269034	1669244269264	OK	 
REQUEST		CreateOrder_01_ClickSignIn	1669244269034	1669244269274	OK	 
REQUEST		CreateOrder_01_ClickSignIn	1669244269034	1669244269274	OK	 
REQUEST		CreateOrder_01_ClickSignIn	1669244269034	1669244269278	OK	 
REQUEST		RegisterUser_02_ClickRegisterNow	1669244271284	1669244271519	OK	 
REQUEST		RegisterUser_02_ClickRegisterNow	1669244271284	1669244271519	OK	 
REQUEST		RegisterUser_02_ClickRegisterNow	1669244271283	1669244271519	OK	 
REQUEST		CreateOrder_02_Login PerfTest001	1669244271299	1669244271542	OK	 
REQUEST		CreateOrder_02_Login PerfTest001	1669244271299	1669244271542	OK	 
REQUEST		CreateOrder_02_Login PerfTest002	1669244271299	1669244271542	OK	 
REQUEST		CreateOrder_02_Login PerfTest002 Redirect 1	1669244271550	1669244271789	OK	 
REQUEST		CreateOrder_02_Login PerfTest001 Redirect 1	1669244271550	1669244271789	OK	 
REQUEST		CreateOrder_02_Login PerfTest001 Redirect 1	1669244271550	1669244271796	OK	 
REQUEST		RegisterUser_03_SaveAccountInfo	1669244273526	1669244273758	OK	 
REQUEST		RegisterUser_03_SaveAccountInfo	1669244273526	1669244273758	OK	 
REQUEST		RegisterUser_03_SaveAccountInfo	1669244273541	1669244273777	OK	 
REQUEST		RegisterUser_03_SaveAccountInfo Redirect 1	1669244273759	1669244273987	OK	 
REQUEST		RegisterUser_03_SaveAccountInfo Redirect 1	1669244273759	1669244273987	OK	 
USER	registerUser	END	1669244273996
USER	registerUser	END	1669244273996
REQUEST		RegisterUser_03_SaveAccountInfo Redirect 1	1669244273778	1669244274008	OK	 
USER	registerUser	END	1669244274011
REQUEST		CreateOrder_03_SelectCategory FISH	1669244273809	1669244274050	OK	 
REQUEST		CreateOrder_03_SelectCategory REPTILES	1669244273809	1669244274050	OK	 
REQUEST		CreateOrder_03_SelectCategory BIRDS	1669244273809	1669244274050	OK	 
REQUEST		CreateOrder_04_SelectProduct FI-FW-01	1669244276072	1669244276315	OK	 
REQUEST		CreateOrder_04_SelectProduct AV-CB-01	1669244276072	1669244276315	OK	 
REQUEST		CreateOrder_04_SelectProduct RP-LI-02	1669244276072	1669244276315	OK	 
REQUEST		CreateOrder_05_ViewItem	1669244278324	1669244278565	OK	 
REQUEST		CreateOrder_05_ViewItem	1669244278325	1669244278565	OK	 
REQUEST		CreateOrder_05_ViewItem	1669244278325	1669244278565	OK	 
REQUEST		CreateOrder_05_AddToCart	1669244280583	1669244280823	OK	 
REQUEST		CreateOrder_05_AddToCart	1669244280583	1669244280823	OK	 
REQUEST		CreateOrder_05_AddToCart	1669244280583	1669244280823	OK	 
REQUEST		CreateOrder_06_ProceedCheckout	1669244282843	1669244283105	OK	 
REQUEST		CreateOrder_06_ProceedCheckout	1669244282843	1669244283114	OK	 
REQUEST		CreateOrder_06_ProceedCheckout	1669244282843	1669244283114	OK	 
REQUEST		CreateOrder_07_PressContinue	1669244285122	1669244285363	OK	 
REQUEST		CreateOrder_07_PressContinue	1669244285122	1669244285362	OK	 
REQUEST		CreateOrder_07_PressContinue	1669244285122	1669244285376	OK	 
REQUEST		CreateOrder_08_ConfirmOrder	1669244287371	1669244287609	OK	 
USER	createOrder	END	1669244287613
REQUEST		CreateOrder_08_ConfirmOrder	1669244287386	1669244287636	OK	 
USER	createOrder	END	1669244287641
REQUEST		CreateOrder_08_ConfirmOrder	1669244287371	1669244287845	KO	status.find.in(200,201,202,203,204,205,206,207,208,209,304), found 500
USER	createOrder	END	1669244287869
