RUN	com.gatling.tests.petshop	petshop	1669212286765	test	3.6.1
USER	registerUser	START	1669212288693
USER	registerUser	START	1669212288693
USER	registerUser	START	1669212288693
REQUEST		request_0	1669212288751	1669212289491	OK	 
REQUEST		request_0	1669212288751	1669212289491	OK	 
REQUEST		request_0	1669212288751	1669212289491	OK	 
REQUEST		jpetstore.css	1669212289764	1669212290003	OK	 
REQUEST		jpetstore.css	1669212289763	1669212289998	OK	 
REQUEST		jpetstore.css	1669212289763	1669212289998	OK	 
REQUEST		sm_reptiles.gif	1669212290052	1669212290278	OK	 
REQUEST		sm_reptiles.gif	1669212290051	1669212290285	OK	 
REQUEST		sm_reptiles.gif	1669212290052	1669212290293	OK	 
REQUEST		sm_cats.gif	1669212290281	1669212290506	OK	 
REQUEST		logo-topbar.gif	1669212289767	1669212290519	OK	 
REQUEST		sm_cats.gif	1669212290295	1669212290527	OK	 
REQUEST		separator.gif	1669212289772	1669212290527	OK	 
REQUEST		sm_fish.gif	1669212289771	1669212290528	OK	 
REQUEST		sm_cats.gif	1669212290287	1669212290532	OK	 
REQUEST		separator.gif	1669212289771	1669212290532	OK	 
REQUEST		logo-topbar.gif	1669212289766	1669212290544	OK	 
REQUEST		logo-topbar.gif	1669212289766	1669212290544	OK	 
REQUEST		cart.gif	1669212289769	1669212290550	OK	 
REQUEST		sm_fish.gif	1669212289772	1669212290572	OK	 
REQUEST		sm_dogs.gif	1669212289778	1669212290572	OK	 
REQUEST		sm_dogs.gif	1669212289772	1669212290572	OK	 
REQUEST		cart.gif	1669212289769	1669212290577	OK	 
REQUEST		cart.gif	1669212289767	1669212290579	OK	 
REQUEST		sm_fish.gif	1669212289776	1669212290584	OK	 
REQUEST		separator.gif	1669212289769	1669212290589	OK	 
REQUEST		sm_dogs.gif	1669212289774	1669212290589	OK	 
REQUEST		sm_birds.gif	1669212290508	1669212290740	OK	 
REQUEST		sm_birds.gif	1669212290529	1669212290755	OK	 
REQUEST		sm_birds.gif	1669212290521	1669212290755	OK	 
REQUEST		fish_icon.gif	1669212290528	1669212290758	OK	 
REQUEST		fish_icon.gif	1669212290529	1669212290787	OK	 
REQUEST		fish_icon.gif	1669212290534	1669212290787	OK	 
REQUEST		dogs_icon.gif	1669212290534	1669212290787	OK	 
REQUEST		dogs_icon.gif	1669212290546	1669212290796	OK	 
REQUEST		dogs_icon.gif	1669212290546	1669212290796	OK	 
REQUEST		cats_icon.gif	1669212290552	1669212290800	OK	 
REQUEST		reptiles_icon.gif	1669212290574	1669212290810	OK	 
REQUEST		cats_icon.gif	1669212290574	1669212290810	OK	 
REQUEST		cats_icon.gif	1669212290576	1669212290810	OK	 
REQUEST		reptiles_icon.gif	1669212290579	1669212290815	OK	 
REQUEST		reptiles_icon.gif	1669212290580	1669212290815	OK	 
REQUEST		birds_icon.gif	1669212290585	1669212290824	OK	 
REQUEST		birds_icon.gif	1669212290590	1669212290829	OK	 
REQUEST		birds_icon.gif	1669212290590	1669212290829	OK	 
REQUEST		request_11	1669212290776	1669212291011	OK	 
REQUEST		request_11	1669212290793	1669212291018	OK	 
REQUEST		request_12	1669212290789	1669212291018	OK	 
REQUEST		request_11	1669212290793	1669212291035	OK	 
REQUEST		request_12	1669212290798	1669212291035	OK	 
REQUEST		request_12	1669212290798	1669212291037	OK	 
REQUEST		request_13	1669212290812	1669212291039	OK	 
REQUEST		request_13	1669212290801	1669212291044	OK	 
REQUEST		request_13	1669212290812	1669212291046	OK	 
REQUEST		request_14	1669212290812	1669212291046	OK	 
REQUEST		request_14	1669212290817	1669212291058	OK	 
REQUEST		request_14	1669212290817	1669212291058	OK	 
REQUEST		splash.gif	1669212290742	1669212291193	OK	 
REQUEST		splash.gif	1669212290756	1669212291208	OK	 
REQUEST		splash.gif	1669212290756	1669212291233	OK	 
REQUEST		request_15	1669212290826	1669212291297	OK	 
REQUEST		request_15	1669212290830	1669212291310	OK	 
REQUEST		request_15	1669212290830	1669212291314	OK	 
REQUEST		request_16	1669212293304	1669212293550	OK	 
REQUEST		request_16	1669212293319	1669212293555	OK	 
REQUEST		request_16	1669212293319	1669212293563	OK	 
REQUEST		logo-topbar.gif	1669212293577	1669212293811	OK	 
REQUEST		jpetstore.css	1669212293581	1669212293811	OK	 
REQUEST		separator.gif	1669212293584	1669212293811	OK	 
REQUEST		sm_dogs.gif	1669212293591	1669212293821	OK	 
REQUEST		jpetstore.css	1669212293576	1669212293821	OK	 
REQUEST		jpetstore.css	1669212293576	1669212293821	OK	 
REQUEST		separator.gif	1669212293588	1669212293822	OK	 
REQUEST		cart.gif	1669212293579	1669212293823	OK	 
REQUEST		logo-topbar.gif	1669212293580	1669212293823	OK	 
REQUEST		sm_dogs.gif	1669212293588	1669212293824	OK	 
REQUEST		separator.gif	1669212293581	1669212293824	OK	 
REQUEST		logo-topbar.gif	1669212293584	1669212293825	OK	 
REQUEST		sm_fish.gif	1669212293586	1669212293825	OK	 
REQUEST		sm_dogs.gif	1669212293584	1669212293825	OK	 
REQUEST		sm_fish.gif	1669212293583	1669212293827	OK	 
REQUEST		cart.gif	1669212293583	1669212293827	OK	 
REQUEST		cart.gif	1669212293586	1669212293827	OK	 
REQUEST		sm_fish.gif	1669212293590	1669212293829	OK	 
REQUEST		request_26	1669212295836	1669212296065	OK	 
REQUEST		request_26	1669212295836	1669212296065	OK	 
REQUEST		request_26	1669212295836	1669212296065	OK	 
REQUEST		cart.gif	1669212296083	1669212296313	OK	 
REQUEST		jpetstore.css	1669212296079	1669212296313	OK	 
REQUEST		cart.gif	1669212296082	1669212296313	OK	 
REQUEST		jpetstore.css	1669212296078	1669212296318	OK	 
REQUEST		logo-topbar.gif	1669212296081	1669212296319	OK	 
REQUEST		sm_dogs.gif	1669212296087	1669212296320	OK	 
REQUEST		separator.gif	1669212296083	1669212296320	OK	 
REQUEST		sm_dogs.gif	1669212296087	1669212296321	OK	 
REQUEST		logo-topbar.gif	1669212296080	1669212296322	OK	 
REQUEST		jpetstore.css	1669212296080	1669212296322	OK	 
REQUEST		cart.gif	1669212296083	1669212296322	OK	 
REQUEST		sm_dogs.gif	1669212296086	1669212296323	OK	 
REQUEST		logo-topbar.gif	1669212296082	1669212296323	OK	 
REQUEST		separator.gif	1669212296084	1669212296324	OK	 
REQUEST		sm_fish.gif	1669212296084	1669212296325	OK	 
REQUEST		separator.gif	1669212296085	1669212296325	OK	 
REQUEST		sm_fish.gif	1669212296086	1669212296325	OK	 
REQUEST		sm_fish.gif	1669212296086	1669212296326	OK	 
REQUEST		AAAAAAAAAAAAAA	1669212298343	1669212298569	OK	 
REQUEST		AAAAAAAAAAAAAA Redirect 1	1669212298574	1669212298807	OK	 
REQUEST		AAAAAAAAAAAAAA	1669212298335	1669212298791	KO	status.find.in(200,201,202,203,204,205,206,207,208,209,304), found 500
REQUEST		AAAAAAAAAAAAAA	1669212298343	1669212298798	KO	status.find.in(200,201,202,203,204,205,206,207,208,209,304), found 500
USER	registerUser	END	1669212298828
USER	registerUser	END	1669212298828
REQUEST		jpetstore.css	1669212298831	1669212299061	OK	 
REQUEST		sm_fish.gif	1669212298837	1669212299067	OK	 
REQUEST		sm_dogs.gif	1669212298838	1669212299068	OK	 
REQUEST		cart.gif	1669212298834	1669212299069	OK	 
REQUEST		logo-topbar.gif	1669212298833	1669212299071	OK	 
REQUEST		separator.gif	1669212298836	1669212299072	OK	 
USER	registerUser	END	1669212299076
