RUN	com.gatling.tests.petshop	petshop	1669204775620	k	3.6.1
USER	registerUser	START	1669204777066
USER	registerUser	START	1669204777066
USER	registerUser	START	1669204777066
REQUEST		request_0	1669204777094	1669204777808	OK	 
REQUEST		request_0	1669204777094	1669204777796	OK	 
REQUEST		request_0	1669204777094	1669204777833	OK	 
REQUEST		jpetstore.css	1669204777934	1669204778159	OK	 
REQUEST		jpetstore.css	1669204777934	1669204778173	OK	 
REQUEST		jpetstore.css	1669204777934	1669204778173	OK	 
REQUEST		sm_reptiles.gif	1669204778184	1669204778421	OK	 
REQUEST		sm_reptiles.gif	1669204778184	1669204778427	OK	 
REQUEST		sm_reptiles.gif	1669204778184	1669204778429	OK	 
REQUEST		sm_fish.gif	1669204777937	1669204778652	OK	 
REQUEST		separator.gif	1669204777937	1669204778652	OK	 
REQUEST		sm_cats.gif	1669204778423	1669204778655	OK	 
REQUEST		sm_dogs.gif	1669204777938	1669204778655	OK	 
REQUEST		sm_cats.gif	1669204778429	1669204778665	OK	 
REQUEST		logo-topbar.gif	1669204777935	1669204778665	OK	 
REQUEST		sm_fish.gif	1669204777937	1669204778665	OK	 
REQUEST		sm_cats.gif	1669204778430	1669204778669	OK	 
REQUEST		cart.gif	1669204777936	1669204778673	OK	 
REQUEST		logo-topbar.gif	1669204777935	1669204778673	OK	 
REQUEST		cart.gif	1669204777936	1669204778673	OK	 
REQUEST		sm_fish.gif	1669204777937	1669204778675	OK	 
REQUEST		separator.gif	1669204777937	1669204778681	OK	 
REQUEST		cart.gif	1669204777936	1669204778681	OK	 
REQUEST		sm_dogs.gif	1669204777938	1669204778681	OK	 
REQUEST		sm_dogs.gif	1669204777938	1669204778704	OK	 
REQUEST		separator.gif	1669204777937	1669204778704	OK	 
REQUEST		logo-topbar.gif	1669204777935	1669204778708	OK	 
REQUEST		sm_birds.gif	1669204778653	1669204778881	OK	 
REQUEST		sm_birds.gif	1669204778653	1669204778881	OK	 
REQUEST		fish_icon.gif	1669204778655	1669204778885	OK	 
REQUEST		fish_icon.gif	1669204778655	1669204778885	OK	 
REQUEST		sm_birds.gif	1669204778667	1669204778903	OK	 
REQUEST		dogs_icon.gif	1669204778667	1669204778903	OK	 
REQUEST		dogs_icon.gif	1669204778667	1669204778903	OK	 
REQUEST		cats_icon.gif	1669204778674	1669204778905	OK	 
REQUEST		birds_icon.gif	1669204778682	1669204778940	OK	 
REQUEST		reptiles_icon.gif	1669204778682	1669204778940	OK	 
REQUEST		fish_icon.gif	1669204778670	1669204778940	OK	 
REQUEST		cats_icon.gif	1669204778674	1669204778942	OK	 
REQUEST		reptiles_icon.gif	1669204778677	1669204778943	OK	 
REQUEST		dogs_icon.gif	1669204778674	1669204778943	OK	 
REQUEST		cats_icon.gif	1669204778682	1669204778947	OK	 
REQUEST		reptiles_icon.gif	1669204778705	1669204778950	OK	 
REQUEST		birds_icon.gif	1669204778709	1669204778958	OK	 
REQUEST		birds_icon.gif	1669204778705	1669204778958	OK	 
REQUEST		request_11	1669204778889	1669204779117	OK	 
REQUEST		request_11	1669204778889	1669204779117	OK	 
REQUEST		request_13	1669204778906	1669204779159	OK	 
REQUEST		request_12	1669204778904	1669204779159	OK	 
REQUEST		request_12	1669204778904	1669204779160	OK	 
REQUEST		request_14	1669204778941	1669204779177	OK	 
REQUEST		request_11	1669204778942	1669204779177	OK	 
REQUEST		request_13	1669204778941	1669204779177	OK	 
REQUEST		request_12	1669204778945	1669204779179	OK	 
REQUEST		request_13	1669204778948	1669204779183	OK	 
REQUEST		request_14	1669204778950	1669204779184	OK	 
REQUEST		splash.gif	1669204778883	1669204779340	OK	 
REQUEST		splash.gif	1669204778883	1669204779344	OK	 
REQUEST		splash.gif	1669204778904	1669204779403	OK	 
REQUEST		request_15	1669204778942	1669204779422	OK	 
REQUEST		request_15	1669204778959	1669204779455	OK	 
REQUEST		request_15	1669204778959	1669204779456	OK	 
REQUEST		request_16	1669204781429	1669204781667	OK	 
REQUEST		request_16	1669204781460	1669204781688	OK	 
REQUEST		request_16	1669204781460	1669204781703	OK	 
REQUEST		jpetstore.css	1669204781680	1669204781913	OK	 
REQUEST		separator.gif	1669204781690	1669204781920	OK	 
REQUEST		logo-topbar.gif	1669204781681	1669204781924	OK	 
REQUEST		separator.gif	1669204781697	1669204781924	OK	 
REQUEST		sm_fish.gif	1669204781691	1669204781925	OK	 
REQUEST		sm_dogs.gif	1669204781692	1669204781925	OK	 
REQUEST		cart.gif	1669204781688	1669204781926	OK	 
REQUEST		jpetstore.css	1669204781695	1669204781926	OK	 
REQUEST		sm_dogs.gif	1669204781699	1669204781927	OK	 
REQUEST		logo-topbar.gif	1669204781696	1669204781937	OK	 
REQUEST		cart.gif	1669204781697	1669204781938	OK	 
REQUEST		sm_fish.gif	1669204781698	1669204781944	OK	 
REQUEST		logo-topbar.gif	1669204781709	1669204781944	OK	 
REQUEST		jpetstore.css	1669204781709	1669204781947	OK	 
REQUEST		cart.gif	1669204781710	1669204781948	OK	 
REQUEST		separator.gif	1669204781711	1669204781949	OK	 
REQUEST		sm_dogs.gif	1669204781712	1669204781950	OK	 
REQUEST		sm_fish.gif	1669204781711	1669204781961	OK	 
REQUEST		request_26	1669204783936	1669204784186	OK	 
REQUEST		request_26	1669204783951	1669204784186	OK	 
REQUEST		request_26	1669204783966	1669204784203	OK	 
REQUEST		logo-topbar.gif	1669204784194	1669204784417	OK	 
REQUEST		jpetstore.css	1669204784193	1669204784417	OK	 
REQUEST		sm_dogs.gif	1669204784197	1669204784420	OK	 
REQUEST		sm_dogs.gif	1669204784197	1669204784424	OK	 
REQUEST		jpetstore.css	1669204784193	1669204784425	OK	 
REQUEST		cart.gif	1669204784195	1669204784432	OK	 
REQUEST		separator.gif	1669204784195	1669204784432	OK	 
REQUEST		separator.gif	1669204784195	1669204784433	OK	 
REQUEST		logo-topbar.gif	1669204784194	1669204784433	OK	 
REQUEST		cart.gif	1669204784195	1669204784433	OK	 
REQUEST		sm_fish.gif	1669204784196	1669204784435	OK	 
REQUEST		jpetstore.css	1669204784210	1669204784443	OK	 
REQUEST		sm_fish.gif	1669204784196	1669204784443	OK	 
REQUEST		cart.gif	1669204784212	1669204784450	OK	 
REQUEST		separator.gif	1669204784213	1669204784452	OK	 
REQUEST		sm_dogs.gif	1669204784214	1669204784453	OK	 
REQUEST		logo-topbar.gif	1669204784211	1669204784454	OK	 
REQUEST		sm_fish.gif	1669204784213	1669204784461	OK	 
REQUEST		AAAAAAAAAAAAAA	1669204786448	1669204786903	KO	status.find.in(200,201,202,203,204,205,206,207,208,209,304), found 500
REQUEST		AAAAAAAAAAAAAA	1669204786460	1669204786922	KO	status.find.in(200,201,202,203,204,205,206,207,208,209,304), found 500
USER	registerUser	END	1669204786926
USER	registerUser	END	1669204786928
REQUEST		AAAAAAAAAAAAAA	1669204786475	1669204786963	KO	status.find.in(200,201,202,203,204,205,206,207,208,209,304), found 500
USER	registerUser	END	1669204786966
