RUN	com.gatling.tests.createOrder	createorder	1669300916526	sadf	3.6.1
USER	createOrder	START	1669300918468
USER	createOrder	START	1669300918468
USER	createOrder	START	1669300918468
REQUEST		CreateOrder_00_LandingPage	1669300918526	1669300919270	OK	 
REQUEST		CreateOrder_00_LandingPage	1669300918526	1669300919275	OK	 
REQUEST		CreateOrder_00_LandingPage	1669300918526	1669300919268	OK	 
REQUEST		CreateOrder_01_ClickSignIn	1669300921575	1669300921801	OK	 
REQUEST		CreateOrder_01_ClickSignIn	1669300921575	1669300921817	OK	 
REQUEST		CreateOrder_01_ClickSignIn	1669300921575	1669300921817	OK	 
REQUEST		CreateOrder_02_Login PerfTest001	1669300923829	1669300924062	OK	 
REQUEST		CreateOrder_02_Login PerfTest002	1669300923892	1669300924123	OK	 
REQUEST		CreateOrder_02_Login PerfTest003	1669300923892	1669300924129	OK	 
REQUEST		CreateOrder_02_Login PerfTest001 Redirect 1	1669300924069	1669300924298	OK	 
REQUEST		CreateOrder_02_Login PerfTest002 Redirect 1	1669300924125	1669300924369	OK	 
REQUEST		CreateOrder_02_Login PerfTest003 Redirect 1	1669300924130	1669300924369	OK	 
REQUEST		CreateOrder_03_SelectCategory FISH	1669300926323	1669300926553	OK	 
REQUEST		CreateOrder_03_SelectCategory DOGS	1669300926382	1669300926614	OK	 
REQUEST		CreateOrder_03_SelectCategory DOGS	1669300926382	1669300926614	OK	 
REQUEST		CreateOrder_04_SelectProduct FI-FW-02	1669300928577	1669300928805	OK	 
REQUEST		CreateOrder_04_SelectProduct K9-CW-01	1669300928624	1669300928858	OK	 
REQUEST		CreateOrder_04_SelectProduct K9-RT-01	1669300928624	1669300928868	OK	 
REQUEST		CreateOrder_05_ViewItem	1669300930811	1669300931035	OK	 
REQUEST		CreateOrder_05_ViewItem	1669300930871	1669300931113	OK	 
REQUEST		CreateOrder_05_ViewItem	1669300930871	1669300931113	OK	 
REQUEST		CreateOrder_05_AddToCart	1669300933049	1669300933281	OK	 
REQUEST		CreateOrder_05_AddToCart	1669300933127	1669300933369	OK	 
REQUEST		CreateOrder_05_AddToCart	1669300933127	1669300933369	OK	 
REQUEST		CreateOrder_06_ProceedCheckout	1669300935289	1669300935522	OK	 
REQUEST		CreateOrder_06_ProceedCheckout	1669300935382	1669300935619	OK	 
REQUEST		CreateOrder_06_ProceedCheckout	1669300935382	1669300935620	OK	 
REQUEST		CreateOrder_07_PressContinue	1669300937539	1669300937774	OK	 
REQUEST		CreateOrder_07_PressContinue	1669300937632	1669300937876	OK	 
REQUEST		CreateOrder_07_PressContinue	1669300937632	1669300937876	OK	 
REQUEST		CreateOrder_08_ConfirmOrder	1669300940017	1669300940262	OK	 
USER	createOrder	END	1669300940271
REQUEST		CreateOrder_08_ConfirmOrder	1669300940205	1669300940438	OK	 
USER	createOrder	END	1669300940441
REQUEST		CreateOrder_08_ConfirmOrder	1669300941054	1669300941286	OK	 
USER	createOrder	END	1669300941289
