RUN	com.gatling.tests.createOrder	createorder	1669300499007	sadf	3.6.1
USER	createOrder	START	1669300501081
USER	createOrder	START	1669300501081
USER	createOrder	START	1669300501081
REQUEST		CreateOrder_00_LandingPage	1669300501134	1669300501870	OK	 
REQUEST		CreateOrder_00_LandingPage	1669300501133	1669300501870	OK	 
REQUEST		CreateOrder_00_LandingPage	1669300501133	1669300501870	OK	 
REQUEST		CreateOrder_01_ClickSignIn	1669300504138	1669300504368	OK	 
REQUEST		CreateOrder_01_ClickSignIn	1669300504138	1669300504377	OK	 
REQUEST		CreateOrder_01_ClickSignIn	1669300504138	1669300504377	OK	 
REQUEST		CreateOrder_02_Login PerfTest004	1669300506406	1669300506649	OK	 
REQUEST		CreateOrder_02_Login PerfTest003	1669300506406	1669300506643	OK	 
REQUEST		CreateOrder_02_Login PerfTest001	1669300506405	1669300506643	OK	 
REQUEST		CreateOrder_02_Login PerfTest003 Redirect 1	1669300506651	1669300506877	OK	 
REQUEST		CreateOrder_02_Login PerfTest001 Redirect 1	1669300506651	1669300506889	OK	 
REQUEST		CreateOrder_03_SelectCategory BIRDS	1669300508672	1669300508915	OK	 
REQUEST		CreateOrder_03_SelectCategory FISH	1669300508884	1669300509111	OK	 
REQUEST		CreateOrder_03_SelectCategory BIRDS	1669300508899	1669300509135	OK	 
REQUEST		CreateOrder_04_SelectProduct AV-SB-02	1669300510936	1669300511179	OK	 
REQUEST		CreateOrder_04_SelectProduct FI-FW-02	1669300511122	1669300511349	OK	 
REQUEST		CreateOrder_04_SelectProduct AV-SB-02	1669300511152	1669300511387	OK	 
REQUEST		CreateOrder_05_ViewItem	1669300513192	1669300513433	OK	 
REQUEST		CreateOrder_05_ViewItem	1669300513362	1669300513588	OK	 
REQUEST		CreateOrder_05_ViewItem	1669300513393	1669300513627	OK	 
REQUEST		CreateOrder_05_AddToCart	1669300515452	1669300515707	OK	 
REQUEST		CreateOrder_05_AddToCart	1669300515606	1669300515834	OK	 
REQUEST		CreateOrder_05_AddToCart	1669300515636	1669300515875	OK	 
REQUEST		CreateOrder_06_ProceedCheckout	1669300517711	1669300517951	OK	 
REQUEST		CreateOrder_06_ProceedCheckout	1669300517851	1669300518081	OK	 
REQUEST		CreateOrder_06_ProceedCheckout	1669300517882	1669300518120	OK	 
REQUEST		CreateOrder_07_PressContinue	1669300519968	1669300520215	OK	 
REQUEST		CreateOrder_07_PressContinue	1669300520093	1669300520316	OK	 
REQUEST		CreateOrder_07_PressContinue	1669300520139	1669300520385	OK	 
REQUEST		CreateOrder_08_ConfirmOrder	1669300522497	1669300522730	OK	 
USER	createOrder	END	1669300522737
REQUEST		CreateOrder_08_ConfirmOrder	1669300522870	1669300523339	KO	status.find.in(200,201,202,203,204,205,206,207,208,209,304), found 500
USER	createOrder	END	1669300523365
REQUEST		CreateOrder_08_ConfirmOrder	1669300523831	1669300524076	OK	 
USER	createOrder	END	1669300524079
