RUN	com.gatling.tests.petshop	petshop	1669204668336	tst	3.6.1
USER	registerUser	START	1669204669802
USER	registerUser	START	1669204669802
USER	registerUser	START	1669204669802
REQUEST		request_0	1669204669839	1669204670574	OK	 
REQUEST		request_0	1669204669839	1669204670574	OK	 
REQUEST		request_0	1669204669839	1669204670574	OK	 
REQUEST		jpetstore.css	1669204670714	1669204670953	OK	 
REQUEST		jpetstore.css	1669204670714	1669204670953	OK	 
REQUEST		jpetstore.css	1669204670714	1669204670952	OK	 
REQUEST		sm_reptiles.gif	1669204670974	1669204671211	OK	 
REQUEST		sm_reptiles.gif	1669204670974	1669204671214	OK	 
REQUEST		sm_reptiles.gif	1669204670974	1669204671223	OK	 
REQUEST		logo-topbar.gif	1669204670716	1669204671438	OK	 
REQUEST		separator.gif	1669204670718	1669204671438	OK	 
REQUEST		sm_dogs.gif	1669204670720	1669204671447	OK	 
REQUEST		sm_fish.gif	1669204670720	1669204671447	OK	 
REQUEST		sm_cats.gif	1669204671215	1669204671447	OK	 
REQUEST		logo-topbar.gif	1669204670716	1669204671449	OK	 
REQUEST		sm_cats.gif	1669204671213	1669204671449	OK	 
REQUEST		sm_cats.gif	1669204671224	1669204671459	OK	 
REQUEST		cart.gif	1669204670717	1669204671459	OK	 
REQUEST		cart.gif	1669204670717	1669204671459	OK	 
REQUEST		logo-topbar.gif	1669204670716	1669204671461	OK	 
REQUEST		separator.gif	1669204670719	1669204671461	OK	 
REQUEST		sm_fish.gif	1669204670720	1669204671463	OK	 
REQUEST		sm_fish.gif	1669204670718	1669204671463	OK	 
REQUEST		cart.gif	1669204670718	1669204671470	OK	 
REQUEST		separator.gif	1669204670719	1669204671473	OK	 
REQUEST		sm_dogs.gif	1669204670721	1669204671476	OK	 
REQUEST		sm_dogs.gif	1669204670719	1669204671480	OK	 
REQUEST		sm_birds.gif	1669204671439	1669204671667	OK	 
REQUEST		sm_birds.gif	1669204671439	1669204671667	OK	 
REQUEST		birds_icon.gif	1669204671464	1669204671708	OK	 
REQUEST		reptiles_icon.gif	1669204671464	1669204671708	OK	 
REQUEST		dogs_icon.gif	1669204671460	1669204671708	OK	 
REQUEST		fish_icon.gif	1669204671450	1669204671711	OK	 
REQUEST		dogs_icon.gif	1669204671450	1669204671715	OK	 
REQUEST		cats_icon.gif	1669204671471	1669204671715	OK	 
REQUEST		fish_icon.gif	1669204671447	1669204671715	OK	 
REQUEST		cats_icon.gif	1669204671462	1669204671717	OK	 
REQUEST		sm_birds.gif	1669204671448	1669204671717	OK	 
REQUEST		cats_icon.gif	1669204671460	1669204671717	OK	 
REQUEST		birds_icon.gif	1669204671477	1669204671719	OK	 
REQUEST		reptiles_icon.gif	1669204671462	1669204671720	OK	 
REQUEST		dogs_icon.gif	1669204671460	1669204671720	OK	 
REQUEST		fish_icon.gif	1669204671447	1669204671722	OK	 
REQUEST		reptiles_icon.gif	1669204671474	1669204671726	OK	 
REQUEST		birds_icon.gif	1669204671481	1669204671730	OK	 
REQUEST		request_9	1669204671713	1669204671947	OK	 
REQUEST		request_14	1669204671718	1669204671950	OK	 
REQUEST		request_10	1669204671713	1669204671951	OK	 
REQUEST		request_12	1669204671716	1669204671951	OK	 
REQUEST		request_13	1669204671716	1669204671951	OK	 
REQUEST		request_11	1669204671716	1669204671952	OK	 
REQUEST		request_10	1669204671713	1669204671952	OK	 
REQUEST		request_14	1669204671719	1669204671958	OK	 
REQUEST		request_13	1669204671718	1669204671960	OK	 
REQUEST		splash.gif	1669204671668	1669204672122	OK	 
REQUEST		splash.gif	1669204671668	1669204672123	OK	 
REQUEST		splash.gif	1669204671709	1669204672189	OK	 
REQUEST		request_15	1669204671721	1669204672190	OK	 
REQUEST		request_15	1669204671721	1669204672202	OK	 
REQUEST		request_15	1669204671721	1669204672202	OK	 
REQUEST		request_16	1669204674212	1669204674437	OK	 
REQUEST		request_16	1669204674196	1669204674449	OK	 
REQUEST		request_16	1669204674212	1669204674464	OK	 
REQUEST		jpetstore.css	1669204674447	1669204674688	OK	 
REQUEST		logo-topbar.gif	1669204674458	1669204674688	OK	 
REQUEST		jpetstore.css	1669204674457	1669204674693	OK	 
REQUEST		separator.gif	1669204674461	1669204674693	OK	 
REQUEST		logo-topbar.gif	1669204674448	1669204674693	OK	 
REQUEST		sm_dogs.gif	1669204674464	1669204674694	OK	 
REQUEST		sm_fish.gif	1669204674464	1669204674695	OK	 
REQUEST		cart.gif	1669204674457	1669204674695	OK	 
REQUEST		sm_fish.gif	1669204674463	1669204674701	OK	 
REQUEST		separator.gif	1669204674478	1669204674701	OK	 
REQUEST		separator.gif	1669204674463	1669204674701	OK	 
REQUEST		cart.gif	1669204674462	1669204674703	OK	 
REQUEST		sm_dogs.gif	1669204674465	1669204674708	OK	 
REQUEST		jpetstore.css	1669204674473	1669204674708	OK	 
REQUEST		cart.gif	1669204674476	1669204674716	OK	 
REQUEST		logo-topbar.gif	1669204674475	1669204674717	OK	 
REQUEST		sm_fish.gif	1669204674479	1669204674718	OK	 
REQUEST		sm_dogs.gif	1669204674480	1669204674730	OK	 
REQUEST		request_26	1669204676704	1669204676943	OK	 
REQUEST		request_26	1669204676720	1669204676958	OK	 
REQUEST		request_26	1669204676736	1669204676964	OK	 
REQUEST		jpetstore.css	1669204676951	1669204677178	OK	 
REQUEST		cart.gif	1669204676953	1669204677185	OK	 
REQUEST		logo-topbar.gif	1669204676952	1669204677186	OK	 
REQUEST		sm_dogs.gif	1669204676960	1669204677198	OK	 
REQUEST		sm_dogs.gif	1669204676971	1669204677198	OK	 
REQUEST		separator.gif	1669204676958	1669204677199	OK	 
REQUEST		sm_fish.gif	1669204676959	1669204677200	OK	 
REQUEST		jpetstore.css	1669204676966	1669204677201	OK	 
REQUEST		logo-topbar.gif	1669204676967	1669204677201	OK	 
REQUEST		cart.gif	1669204676968	1669204677211	OK	 
REQUEST		cart.gif	1669204676979	1669204677211	OK	 
REQUEST		separator.gif	1669204676969	1669204677212	OK	 
REQUEST		logo-topbar.gif	1669204676979	1669204677213	OK	 
REQUEST		separator.gif	1669204676980	1669204677213	OK	 
REQUEST		sm_dogs.gif	1669204676982	1669204677214	OK	 
REQUEST		jpetstore.css	1669204676978	1669204677215	OK	 
REQUEST		sm_fish.gif	1669204676970	1669204677218	OK	 
REQUEST		sm_fish.gif	1669204676981	1669204677231	OK	 
REQUEST		AAAAAAAAAAAAAA	1669204679214	1669204679450	OK	 
REQUEST		AAAAAAAAAAAAAA Redirect 1	1669204679455	1669204679680	OK	 
REQUEST		AAAAAAAAAAAAAA	1669204679225	1669204679680	KO	status.find.in(200,201,202,203,204,205,206,207,208,209,304), found 500
USER	registerUser	END	1669204679704
REQUEST		AAAAAAAAAAAAAA	1669204679241	1669204679712	KO	status.find.in(200,201,202,203,204,205,206,207,208,209,304), found 500
USER	registerUser	END	1669204679717
REQUEST		sm_dogs.gif	1669204679696	1669204679921	OK	 
REQUEST		sm_fish.gif	1669204679695	1669204679929	OK	 
REQUEST		jpetstore.css	1669204679691	1669204679930	OK	 
REQUEST		logo-topbar.gif	1669204679692	1669204679931	OK	 
REQUEST		cart.gif	1669204679693	1669204679932	OK	 
REQUEST		separator.gif	1669204679694	1669204679937	OK	 
USER	registerUser	END	1669204679939
