RUN	com.gatling.tests.petshop	petshop	1669212398346	test	3.6.1
USER	registerUser	START	1669212400247
USER	registerUser	START	1669212400247
USER	registerUser	START	1669212400247
REQUEST		request_0	1669212400300	1669212401081	OK	 
REQUEST		request_0	1669212400300	1669212401081	OK	 
REQUEST		request_0	1669212400300	1669212401081	OK	 
REQUEST		jpetstore.css	1669212401351	1669212401595	OK	 
REQUEST		jpetstore.css	1669212401351	1669212401595	OK	 
REQUEST		jpetstore.css	1669212401351	1669212401595	OK	 
REQUEST		sm_reptiles.gif	1669212401650	1669212401883	OK	 
REQUEST		sm_reptiles.gif	1669212401650	1669212401883	OK	 
REQUEST		sm_reptiles.gif	1669212401650	1669212401890	OK	 
REQUEST		cart.gif	1669212401358	1669212402121	OK	 
REQUEST		sm_cats.gif	1669212401887	1669212402121	OK	 
REQUEST		sm_cats.gif	1669212401887	1669212402121	OK	 
REQUEST		logo-topbar.gif	1669212401355	1669212402129	OK	 
REQUEST		sm_cats.gif	1669212401892	1669212402133	OK	 
REQUEST		logo-topbar.gif	1669212401354	1669212402138	OK	 
REQUEST		logo-topbar.gif	1669212401355	1669212402141	OK	 
REQUEST		separator.gif	1669212401358	1669212402142	OK	 
REQUEST		separator.gif	1669212401359	1669212402142	OK	 
REQUEST		sm_fish.gif	1669212401360	1669212402158	OK	 
REQUEST		sm_dogs.gif	1669212401362	1669212402165	OK	 
REQUEST		cart.gif	1669212401357	1669212402170	OK	 
REQUEST		cart.gif	1669212401356	1669212402175	OK	 
REQUEST		separator.gif	1669212401359	1669212402175	OK	 
REQUEST		sm_fish.gif	1669212401359	1669212402179	OK	 
REQUEST		sm_dogs.gif	1669212401362	1669212402179	OK	 
REQUEST		sm_dogs.gif	1669212401360	1669212402182	OK	 
REQUEST		sm_fish.gif	1669212401360	1669212402182	OK	 
REQUEST		sm_birds.gif	1669212402123	1669212402352	OK	 
REQUEST		sm_birds.gif	1669212402123	1669212402357	OK	 
REQUEST		sm_birds.gif	1669212402123	1669212402357	OK	 
REQUEST		fish_icon.gif	1669212402130	1669212402356	OK	 
REQUEST		dogs_icon.gif	1669212402135	1669212402375	OK	 
REQUEST		fish_icon.gif	1669212402139	1669212402380	OK	 
REQUEST		cats_icon.gif	1669212402143	1669212402380	OK	 
REQUEST		fish_icon.gif	1669212402143	1669212402385	OK	 
REQUEST		dogs_icon.gif	1669212402143	1669212402387	OK	 
REQUEST		reptiles_icon.gif	1669212402160	1669212402397	OK	 
REQUEST		reptiles_icon.gif	1669212402181	1669212402411	OK	 
REQUEST		birds_icon.gif	1669212402167	1669212402411	OK	 
REQUEST		dogs_icon.gif	1669212402172	1669212402415	OK	 
REQUEST		cats_icon.gif	1669212402176	1669212402415	OK	 
REQUEST		reptiles_icon.gif	1669212402180	1669212402418	OK	 
REQUEST		cats_icon.gif	1669212402177	1669212402418	OK	 
REQUEST		birds_icon.gif	1669212402184	1669212402421	OK	 
REQUEST		birds_icon.gif	1669212402184	1669212402421	OK	 
REQUEST		request_11	1669212402365	1669212402592	OK	 
REQUEST		request_12	1669212402376	1669212402614	OK	 
REQUEST		request_13	1669212402381	1669212402622	OK	 
REQUEST		request_12	1669212402388	1669212402622	OK	 
REQUEST		request_11	1669212402384	1669212402625	OK	 
REQUEST		request_11	1669212402391	1669212402635	OK	 
REQUEST		request_14	1669212402398	1669212402635	OK	 
REQUEST		request_12	1669212402413	1669212402639	OK	 
REQUEST		request_14	1669212402416	1669212402650	OK	 
REQUEST		request_13	1669212402416	1669212402661	OK	 
REQUEST		request_14	1669212402419	1669212402663	OK	 
REQUEST		splash.gif	1669212402353	1669212402803	OK	 
REQUEST		splash.gif	1669212402358	1669212402828	OK	 
REQUEST		splash.gif	1669212402358	1669212402828	OK	 
REQUEST		request_15	1669212402413	1669212402890	OK	 
REQUEST		request_15	1669212402422	1669212402894	OK	 
REQUEST		request_15	1669212402419	1669212402894	OK	 
REQUEST		request_16	1669212404904	1669212405138	OK	 
REQUEST		request_16	1669212404904	1669212405139	OK	 
REQUEST		request_16	1669212404904	1669212405156	OK	 
REQUEST		logo-topbar.gif	1669212405164	1669212405397	OK	 
REQUEST		separator.gif	1669212405164	1669212405397	OK	 
REQUEST		separator.gif	1669212405167	1669212405405	OK	 
REQUEST		jpetstore.css	1669212405158	1669212405405	OK	 
REQUEST		jpetstore.css	1669212405162	1669212405406	OK	 
REQUEST		sm_dogs.gif	1669212405167	1669212405406	OK	 
REQUEST		logo-topbar.gif	1669212405160	1669212405407	OK	 
REQUEST		cart.gif	1669212405165	1669212405408	OK	 
REQUEST		sm_fish.gif	1669212405168	1669212405409	OK	 
REQUEST		cart.gif	1669212405162	1669212405409	OK	 
REQUEST		sm_fish.gif	1669212405165	1669212405411	OK	 
REQUEST		sm_dogs.gif	1669212405170	1669212405411	OK	 
REQUEST		separator.gif	1669212405180	1669212405418	OK	 
REQUEST		jpetstore.css	1669212405176	1669212405422	OK	 
REQUEST		logo-topbar.gif	1669212405177	1669212405424	OK	 
REQUEST		sm_dogs.gif	1669212405183	1669212405426	OK	 
REQUEST		cart.gif	1669212405179	1669212405427	OK	 
REQUEST		sm_fish.gif	1669212405182	1669212405430	OK	 
REQUEST		request_26	1669212407429	1669212407660	OK	 
REQUEST		request_26	1669212407429	1669212407659	OK	 
REQUEST		request_26	1669212407444	1669212407682	OK	 
REQUEST		logo-topbar.gif	1669212407673	1669212407904	OK	 
REQUEST		sm_dogs.gif	1669212407678	1669212407907	OK	 
REQUEST		separator.gif	1669212407675	1669212407909	OK	 
REQUEST		logo-topbar.gif	1669212407676	1669212407909	OK	 
REQUEST		jpetstore.css	1669212407672	1669212407911	OK	 
REQUEST		cart.gif	1669212407674	1669212407912	OK	 
REQUEST		jpetstore.css	1669212407675	1669212407913	OK	 
REQUEST		sm_fish.gif	1669212407676	1669212407913	OK	 
REQUEST		cart.gif	1669212407677	1669212407914	OK	 
REQUEST		separator.gif	1669212407679	1669212407915	OK	 
REQUEST		sm_dogs.gif	1669212407681	1669212407916	OK	 
REQUEST		sm_fish.gif	1669212407680	1669212407924	OK	 
REQUEST		jpetstore.css	1669212407691	1669212407929	OK	 
REQUEST		logo-topbar.gif	1669212407694	1669212407932	OK	 
REQUEST		cart.gif	1669212407695	1669212407933	OK	 
REQUEST		separator.gif	1669212407697	1669212407934	OK	 
REQUEST		sm_fish.gif	1669212407697	1669212407936	OK	 
REQUEST		sm_dogs.gif	1669212407698	1669212407937	OK	 
REQUEST		AAAAAAAAAAAAAA	1669212409932	1669212410391	KO	status.find.in(200,201,202,203,204,205,206,207,208,209,304), found 500
REQUEST		AAAAAAAAAAAAAA	1669212409939	1669212410418	KO	status.find.in(200,201,202,203,204,205,206,207,208,209,304), found 500
REQUEST		AAAAAAAAAAAAAA	1669212409939	1669212410418	KO	status.find.in(200,201,202,203,204,205,206,207,208,209,304), found 500
USER	registerUser	END	1669212410422
USER	registerUser	END	1669212410425
USER	registerUser	END	1669212410438
