RUN	com.gatling.tests.petshop	petshop	1669210883501	test	3.6.1
USER	registerUser	START	1669210885401
USER	registerUser	START	1669210885401
USER	registerUser	START	1669210885401
REQUEST		request_0	1669210885452	1669210886251	OK	 
REQUEST		request_0	1669210885453	1669210886251	OK	 
REQUEST		request_0	1669210885453	1669210886251	OK	 
REQUEST		jpetstore.css	1669210886535	1669210886764	OK	 
REQUEST		jpetstore.css	1669210886535	1669210886773	OK	 
REQUEST		jpetstore.css	1669210886535	1669210886773	OK	 
REQUEST		sm_reptiles.gif	1669210886821	1669210887051	OK	 
REQUEST		sm_reptiles.gif	1669210886821	1669210887064	OK	 
REQUEST		sm_reptiles.gif	1669210886822	1669210887064	OK	 
REQUEST		sm_cats.gif	1669210887054	1669210887287	OK	 
REQUEST		separator.gif	1669210886540	1669210887305	OK	 
REQUEST		separator.gif	1669210886540	1669210887305	OK	 
REQUEST		sm_cats.gif	1669210887065	1669210887310	OK	 
REQUEST		sm_cats.gif	1669210887065	1669210887310	OK	 
REQUEST		cart.gif	1669210886539	1669210887314	OK	 
REQUEST		logo-topbar.gif	1669210886537	1669210887314	OK	 
REQUEST		sm_dogs.gif	1669210886543	1669210887319	OK	 
REQUEST		sm_dogs.gif	1669210886543	1669210887323	OK	 
REQUEST		sm_fish.gif	1669210886541	1669210887323	OK	 
REQUEST		logo-topbar.gif	1669210886537	1669210887333	OK	 
REQUEST		cart.gif	1669210886539	1669210887333	OK	 
REQUEST		sm_fish.gif	1669210886542	1669210887337	OK	 
REQUEST		sm_fish.gif	1669210886541	1669210887338	OK	 
REQUEST		logo-topbar.gif	1669210886537	1669210887341	OK	 
REQUEST		cart.gif	1669210886539	1669210887357	OK	 
REQUEST		separator.gif	1669210886540	1669210887389	OK	 
REQUEST		sm_dogs.gif	1669210886543	1669210887393	OK	 
REQUEST		sm_birds.gif	1669210887289	1669210887518	OK	 
REQUEST		sm_birds.gif	1669210887308	1669210887540	OK	 
REQUEST		sm_birds.gif	1669210887307	1669210887540	OK	 
REQUEST		fish_icon.gif	1669210887312	1669210887548	OK	 
REQUEST		fish_icon.gif	1669210887312	1669210887548	OK	 
REQUEST		dogs_icon.gif	1669210887316	1669210887561	OK	 
REQUEST		dogs_icon.gif	1669210887316	1669210887561	OK	 
REQUEST		cats_icon.gif	1669210887321	1669210887566	OK	 
REQUEST		cats_icon.gif	1669210887324	1669210887568	OK	 
REQUEST		fish_icon.gif	1669210887324	1669210887572	OK	 
REQUEST		reptiles_icon.gif	1669210887335	1669210887572	OK	 
REQUEST		dogs_icon.gif	1669210887335	1669210887581	OK	 
REQUEST		birds_icon.gif	1669210887339	1669210887608	OK	 
REQUEST		reptiles_icon.gif	1669210887338	1669210887608	OK	 
REQUEST		birds_icon.gif	1669210887342	1669210887611	OK	 
REQUEST		reptiles_icon.gif	1669210887390	1669210887629	OK	 
REQUEST		cats_icon.gif	1669210887359	1669210887633	OK	 
REQUEST		birds_icon.gif	1669210887395	1669210887639	OK	 
REQUEST		request_11	1669210887558	1669210887795	OK	 
REQUEST		request_11	1669210887558	1669210887794	OK	 
REQUEST		request_12	1669210887563	1669210887796	OK	 
REQUEST		request_13	1669210887567	1669210887798	OK	 
REQUEST		request_13	1669210887570	1669210887829	OK	 
REQUEST		request_12	1669210887565	1669210887832	OK	 
REQUEST		request_14	1669210887574	1669210887834	OK	 
REQUEST		request_11	1669210887578	1669210887841	OK	 
REQUEST		request_12	1669210887583	1669210887842	OK	 
REQUEST		request_14	1669210887609	1669210887849	OK	 
REQUEST		request_14	1669210887631	1669210887868	OK	 
REQUEST		splash.gif	1669210887520	1669210887968	OK	 
REQUEST		splash.gif	1669210887542	1669210887995	OK	 
REQUEST		splash.gif	1669210887542	1669210887998	OK	 
REQUEST		request_15	1669210887609	1669210888085	OK	 
REQUEST		request_15	1669210887613	1669210888116	OK	 
REQUEST		request_15	1669210887636	1669210888125	OK	 
REQUEST		request_16	1669210890095	1669210890334	OK	 
REQUEST		request_16	1669210890127	1669210890396	OK	 
REQUEST		request_16	1669210890127	1669210890409	OK	 
REQUEST		jpetstore.css	1669210890350	1669210890578	OK	 
REQUEST		separator.gif	1669210890354	1669210890611	OK	 
REQUEST		sm_dogs.gif	1669210890357	1669210890613	OK	 
REQUEST		logo-topbar.gif	1669210890352	1669210890616	OK	 
REQUEST		cart.gif	1669210890353	1669210890618	OK	 
REQUEST		sm_fish.gif	1669210890356	1669210890619	OK	 
REQUEST		separator.gif	1669210890414	1669210890647	OK	 
REQUEST		jpetstore.css	1669210890410	1669210890650	OK	 
REQUEST		logo-topbar.gif	1669210890411	1669210890653	OK	 
REQUEST		logo-topbar.gif	1669210890424	1669210890653	OK	 
REQUEST		cart.gif	1669210890413	1669210890655	OK	 
REQUEST		separator.gif	1669210890426	1669210890658	OK	 
REQUEST		jpetstore.css	1669210890423	1669210890661	OK	 
REQUEST		sm_fish.gif	1669210890415	1669210890661	OK	 
REQUEST		sm_dogs.gif	1669210890416	1669210890663	OK	 
REQUEST		sm_dogs.gif	1669210890428	1669210890666	OK	 
REQUEST		cart.gif	1669210890425	1669210890667	OK	 
REQUEST		sm_fish.gif	1669210890427	1669210890671	OK	 
REQUEST		request_26	1669210892627	1669210892867	OK	 
REQUEST		request_26	1669210892675	1669210892909	OK	 
REQUEST		request_26	1669210892675	1669210892909	OK	 
REQUEST		jpetstore.css	1669210892879	1669210893106	OK	 
REQUEST		sm_dogs.gif	1669210892885	1669210893116	OK	 
REQUEST		logo-topbar.gif	1669210892880	1669210893118	OK	 
REQUEST		cart.gif	1669210892881	1669210893119	OK	 
REQUEST		separator.gif	1669210892883	1669210893120	OK	 
REQUEST		sm_fish.gif	1669210892884	1669210893132	OK	 
REQUEST		jpetstore.css	1669210892923	1669210893150	OK	 
REQUEST		sm_dogs.gif	1669210892928	1669210893156	OK	 
REQUEST		sm_dogs.gif	1669210892929	1669210893156	OK	 
REQUEST		jpetstore.css	1669210892923	1669210893160	OK	 
REQUEST		logo-topbar.gif	1669210892924	1669210893164	OK	 
REQUEST		logo-topbar.gif	1669210892924	1669210893164	OK	 
REQUEST		cart.gif	1669210892925	1669210893165	OK	 
REQUEST		cart.gif	1669210892925	1669210893165	OK	 
REQUEST		separator.gif	1669210892926	1669210893166	OK	 
REQUEST		separator.gif	1669210892926	1669210893175	OK	 
REQUEST		sm_fish.gif	1669210892927	1669210893175	OK	 
REQUEST		sm_fish.gif	1669210892927	1669210893176	OK	 
REQUEST		AAAAAAAAAAAAAA	1669210895158	1669210895414	OK	 
REQUEST		AAAAAAAAAAAAAA Redirect 1	1669210895418	1669210895642	OK	 
REQUEST		AAAAAAAAAAAAAA	1669210895181	1669210895644	KO	status.find.in(200,201,202,203,204,205,206,207,208,209,304), found 500
REQUEST		AAAAAAAAAAAAAA	1669210895181	1669210895639	KO	status.find.in(200,201,202,203,204,205,206,207,208,209,304), found 500
USER	registerUser	END	1669210895681
USER	registerUser	END	1669210895681
REQUEST		jpetstore.css	1669210895658	1669210895892	OK	 
REQUEST		cart.gif	1669210895661	1669210895897	OK	 
REQUEST		sm_fish.gif	1669210895664	1669210895898	OK	 
REQUEST		sm_dogs.gif	1669210895665	1669210895899	OK	 
REQUEST		logo-topbar.gif	1669210895659	1669210895912	OK	 
REQUEST		separator.gif	1669210895662	1669210895914	OK	 
USER	registerUser	END	1669210895918
