RUN	com.gatling.tests.petshop	petshop	1669209157855	test	3.6.1
USER	registerUser	START	1669209159762
USER	registerUser	START	1669209159762
USER	registerUser	START	1669209159762
REQUEST		request_0	1669209159814	1669209160586	OK	 
REQUEST		request_0	1669209159814	1669209160586	OK	 
REQUEST		request_0	1669209159814	1669209160586	OK	 
REQUEST		jpetstore.css	1669209160856	1669209161096	OK	 
REQUEST		jpetstore.css	1669209160856	1669209161096	OK	 
REQUEST		jpetstore.css	1669209160856	1669209161096	OK	 
REQUEST		sm_reptiles.gif	1669209161148	1669209161391	OK	 
REQUEST		sm_reptiles.gif	1669209161148	1669209161392	OK	 
REQUEST		sm_reptiles.gif	1669209161148	1669209161397	OK	 
REQUEST		logo-topbar.gif	1669209160859	1669209161615	OK	 
REQUEST		logo-topbar.gif	1669209160858	1669209161616	OK	 
REQUEST		separator.gif	1669209160861	1669209161622	OK	 
REQUEST		sm_cats.gif	1669209161398	1669209161633	OK	 
REQUEST		cart.gif	1669209160860	1669209161634	OK	 
REQUEST		cart.gif	1669209160860	1669209161634	OK	 
REQUEST		sm_cats.gif	1669209161396	1669209161637	OK	 
REQUEST		sm_cats.gif	1669209161396	1669209161637	OK	 
REQUEST		logo-topbar.gif	1669209160858	1669209161640	OK	 
REQUEST		separator.gif	1669209160861	1669209161643	OK	 
REQUEST		sm_fish.gif	1669209160864	1669209161648	OK	 
REQUEST		separator.gif	1669209160861	1669209161660	OK	 
REQUEST		sm_dogs.gif	1669209160866	1669209161661	OK	 
REQUEST		cart.gif	1669209160860	1669209161661	OK	 
REQUEST		sm_fish.gif	1669209160863	1669209161666	OK	 
REQUEST		sm_dogs.gif	1669209160866	1669209161670	OK	 
REQUEST		sm_dogs.gif	1669209160865	1669209161674	OK	 
REQUEST		sm_birds.gif	1669209161617	1669209161846	OK	 
REQUEST		sm_birds.gif	1669209161623	1669209161846	OK	 
REQUEST		sm_birds.gif	1669209161617	1669209161846	OK	 
REQUEST		fish_icon.gif	1669209161635	1669209161864	OK	 
REQUEST		fish_icon.gif	1669209161635	1669209161864	OK	 
REQUEST		fish_icon.gif	1669209161635	1669209161874	OK	 
REQUEST		dogs_icon.gif	1669209161639	1669209161875	OK	 
REQUEST		dogs_icon.gif	1669209161639	1669209161875	OK	 
REQUEST		cats_icon.gif	1669209161645	1669209161878	OK	 
REQUEST		dogs_icon.gif	1669209161642	1669209161878	OK	 
REQUEST		reptiles_icon.gif	1669209161649	1669209161882	OK	 
REQUEST		birds_icon.gif	1669209161663	1669209161897	OK	 
REQUEST		cats_icon.gif	1669209161665	1669209161897	OK	 
REQUEST		reptiles_icon.gif	1669209161668	1669209161906	OK	 
REQUEST		reptiles_icon.gif	1669209161676	1669209161906	OK	 
REQUEST		birds_icon.gif	1669209161671	1669209161911	OK	 
REQUEST		cats_icon.gif	1669209161663	1669209161941	OK	 
REQUEST		birds_icon.gif	1669209161848	1669209162074	OK	 
REQUEST		request_11	1669209161872	1669209162099	OK	 
REQUEST		request_11	1669209161872	1669209162099	OK	 
REQUEST		request_13	1669209161879	1669209162105	OK	 
REQUEST		request_14	1669209161883	1669209162107	OK	 
REQUEST		request_12	1669209161876	1669209162114	OK	 
REQUEST		request_12	1669209161876	1669209162115	OK	 
REQUEST		request_5	1669209161881	1669209162117	OK	 
REQUEST		request_13	1669209161901	1669209162131	OK	 
REQUEST		request_14	1669209161907	1669209162133	OK	 
REQUEST		request_14	1669209161907	1669209162166	OK	 
REQUEST		splash.gif	1669209161848	1669209162306	OK	 
REQUEST		splash.gif	1669209161848	1669209162308	OK	 
REQUEST		splash.gif	1669209161875	1669209162353	OK	 
REQUEST		request_15	1669209161898	1669209162392	OK	 
REQUEST		request_15	1669209161912	1669209162402	OK	 
REQUEST		sm_fish.gif	1669209160863	1669209162480	OK	 
REQUEST		request_15	1669209162076	1669209162538	OK	 
REQUEST		request_16	1669209164412	1669209164639	OK	 
REQUEST		request_16	1669209164412	1669209164657	OK	 
REQUEST		request_16	1669209164550	1669209164787	OK	 
REQUEST		jpetstore.css	1669209164654	1669209164891	OK	 
REQUEST		cart.gif	1669209164657	1669209164899	OK	 
REQUEST		separator.gif	1669209164658	1669209164901	OK	 
REQUEST		jpetstore.css	1669209164677	1669209164901	OK	 
REQUEST		sm_dogs.gif	1669209164661	1669209164902	OK	 
REQUEST		logo-topbar.gif	1669209164655	1669209164904	OK	 
REQUEST		sm_fish.gif	1669209164660	1669209164905	OK	 
REQUEST		logo-topbar.gif	1669209164679	1669209164919	OK	 
REQUEST		cart.gif	1669209164680	1669209164922	OK	 
REQUEST		separator.gif	1669209164682	1669209164923	OK	 
REQUEST		sm_fish.gif	1669209164696	1669209164933	OK	 
REQUEST		sm_dogs.gif	1669209164697	1669209164946	OK	 
REQUEST		jpetstore.css	1669209164798	1669209165019	OK	 
REQUEST		logo-topbar.gif	1669209164800	1669209165022	OK	 
REQUEST		sm_fish.gif	1669209164803	1669209165028	OK	 
REQUEST		sm_dogs.gif	1669209164804	1669209165036	OK	 
REQUEST		cart.gif	1669209164801	1669209165037	OK	 
REQUEST		separator.gif	1669209164802	1669209165048	OK	 
REQUEST		request_26	1669209166912	1669209167141	OK	 
REQUEST		request_26	1669209166959	1669209167191	OK	 
REQUEST		request_26	1669209167053	1669209167280	OK	 
REQUEST		logo-topbar.gif	1669209167152	1669209167409	OK	 
REQUEST		cart.gif	1669209167153	1669209167412	OK	 
REQUEST		sm_dogs.gif	1669209167156	1669209167413	OK	 
REQUEST		separator.gif	1669209167154	1669209167414	OK	 
REQUEST		sm_fish.gif	1669209167155	1669209167417	OK	 
REQUEST		jpetstore.css	1669209167151	1669209167418	OK	 
REQUEST		cart.gif	1669209167207	1669209167438	OK	 
REQUEST		jpetstore.css	1669209167204	1669209167442	OK	 
REQUEST		sm_dogs.gif	1669209167211	1669209167443	OK	 
REQUEST		logo-topbar.gif	1669209167205	1669209167444	OK	 
REQUEST		separator.gif	1669209167208	1669209167446	OK	 
REQUEST		sm_fish.gif	1669209167210	1669209167457	OK	 
REQUEST		jpetstore.css	1669209167288	1669209167513	OK	 
REQUEST		logo-topbar.gif	1669209167290	1669209167519	OK	 
REQUEST		sm_dogs.gif	1669209167293	1669209167520	OK	 
REQUEST		cart.gif	1669209167290	1669209167527	OK	 
REQUEST		separator.gif	1669209167291	1669209167528	OK	 
REQUEST		sm_fish.gif	1669209167292	1669209167538	OK	 
REQUEST		AAAAAAAAAAAAAA	1669209169434	1669209169892	KO	status.find.in(200,201,202,203,204,205,206,207,208,209,304), found 500
USER	registerUser	END	1669209169922
REQUEST		AAAAAAAAAAAAAA	1669209169474	1669209169926	KO	status.find.in(200,201,202,203,204,205,206,207,208,209,304), found 500
USER	registerUser	END	1669209169931
REQUEST		AAAAAAAAAAAAAA	1669209169553	1669209170003	KO	status.find.in(200,201,202,203,204,205,206,207,208,209,304), found 500
USER	registerUser	END	1669209170009
