RUN	com.gatling.tests.PetShop_Smoke	petshop-smoke	1669318381117	sadf	3.6.1
USER	createOrder	START	1669318382945
USER	registerUser	START	1669318382945
USER	registerUser	START	1669318382945
USER	updateOrder	START	1669318382945
USER	registerUser	START	1669318382945
USER	updateOrder	START	1669318382946
USER	updateOrder	START	1669318382945
USER	createOrder	START	1669318382945
USER	createOrder	START	1669318382945
REQUEST		LandingPage	1669318383012	1669318383783	OK	 
REQUEST		LandingPage	1669318383012	1669318383795	OK	 
REQUEST		LandingPage	1669318383012	1669318383794	OK	 
REQUEST		LandingPage	1669318383012	1669318383783	OK	 
REQUEST		LandingPage	1669318383012	1669318383783	OK	 
REQUEST		LandingPage	1669318383013	1669318383783	OK	 
REQUEST		LandingPage	1669318383013	1669318383794	OK	 
REQUEST		LandingPage	1669318383012	1669318383783	OK	 
REQUEST		LandingPage	1669318383012	1669318383783	OK	 
REQUEST		ClickSignIn	1669318386081	1669318386316	OK	 
REQUEST		ClickSignIn	1669318386081	1669318386329	OK	 
REQUEST		ClickSignIn	1669318386354	1669318386586	OK	 
REQUEST		ClickSignIn	1669318386695	1669318386935	OK	 
REQUEST		ClickSignIn	1669318386817	1669318387046	OK	 
REQUEST		ClickSignIn	1669318386972	1669318387202	OK	 
REQUEST		ClickSignIn	1669318387638	1669318387882	OK	 
REQUEST		ClickSignIn	1669318387792	1669318388032	OK	 
REQUEST		ClickSignIn	1669318387854	1669318388085	OK	 
REQUEST		ClickRegisterNow	1669318389165	1669318389407	OK	 
REQUEST		Login	1669318389656	1669318389891	OK	 
REQUEST		Login Redirect 1	1669318389897	1669318390128	OK	 
REQUEST		Login	1669318390061	1669318390290	OK	 
REQUEST		Login	1669318390200	1669318390432	OK	 
REQUEST		Login Redirect 1	1669318390291	1669318390517	OK	 
REQUEST		ClickRegisterNow	1669318390276	1669318390517	OK	 
REQUEST		Login Redirect 1	1669318390433	1669318390665	OK	 
REQUEST		Login	1669318390571	1669318390807	OK	 
REQUEST		ClickRegisterNow	1669318390570	1669318390808	OK	 
REQUEST		Login Redirect 1	1669318390808	1669318391064	OK	 
REQUEST		Login	1669318391157	1669318391386	OK	 
REQUEST		Login Redirect 1	1669318391387	1669318391621	OK	 
REQUEST		Login	1669318391884	1669318392135	OK	 
REQUEST		Login Redirect 1	1669318392136	1669318392378	OK	 
REQUEST		SelectCategory REPTILES	1669318392792	1669318393024	OK	 
REQUEST		SaveAccountInfo	1669318393058	1669318393310	OK	 
REQUEST		SelectCategory REPTILES	1669318393644	1669318393873	OK	 
REQUEST		SelectCategory BIRDS	1669318393876	1669318394108	OK	 
REQUEST		SaveAccountInfo	1669318394045	1669318394284	OK	 
REQUEST		SaveAccountInfo	1669318394496	1669318394744	OK	 
REQUEST		SelectCategory BIRDS	1669318395022	1669318395265	OK	 
USER	registerUser	END	1669318395426
REQUEST		SelectProduct RP-SN-01	1669318395252	1669318395487	OK	 
REQUEST		SelectCategory BIRDS	1669318395284	1669318395513	OK	 
REQUEST		SelectCategory CATS	1669318396199	1669318396441	OK	 
USER	registerUser	END	1669318397299
REQUEST		SelectProduct RP-SN-01	1669318397144	1669318397381	OK	 
REQUEST		SelectProduct AV-CB-01	1669318397438	1669318397669	OK	 
USER	registerUser	END	1669318397855
REQUEST		SelectProduct AV-SB-02	1669318398073	1669318398303	OK	 
REQUEST		SelectProduct AV-SB-02	1669318398833	1669318399064	OK	 
REQUEST		ViewItem	1669318399095	1669318399337	OK	 
REQUEST		ViewItem	1669318399699	1669318399933	OK	 
REQUEST		SelectProduct FL-DSH-01	1669318399837	1669318400083	OK	 
REQUEST		ViewItem	1669318400286	1669318400519	OK	 
REQUEST		ViewItem	1669318401995	1669318402228	OK	 
REQUEST		ViewItem	1669318402227	1669318402479	OK	 
REQUEST		AddToCart	1669318402490	1669318402729	OK	 
REQUEST		AddToCart	1669318402769	1669318403002	OK	 
REQUEST		ViewItem	1669318403434	1669318403675	OK	 
REQUEST		AddToCart	1669318403885	1669318404128	OK	 
REQUEST		SelectCategory DOGS	1669318405110	1669318405344	OK	 
REQUEST		ProceedCheckout	1669318405790	1669318406031	OK	 
REQUEST		AddToCart	1669318406102	1669318406334	OK	 
REQUEST		AddToCart	1669318406319	1669318406569	OK	 
REQUEST		AddToCart	1669318406965	1669318407235	OK	 
REQUEST		ProceedCheckout	1669318407675	1669318407908	OK	 
REQUEST		PressContinue	1669318408139	1669318408379	OK	 
REQUEST		SelectProduct K9-BD-01	1669318408681	1669318408912	OK	 
REQUEST		SelectCategory CATS	1669318409454	1669318409688	OK	 
REQUEST		ProceedCheckout	1669318409809	1669318410040	OK	 
REQUEST		SelectCategory REPTILES	1669318410447	1669318410689	OK	 
REQUEST		PressContinue	1669318410540	1669318410770	OK	 
REQUEST		ViewItem	1669318412075	1669318412308	OK	 
REQUEST		ConfirmOrder	1669318412325	1669318412564	OK	 
REQUEST		SelectProduct FL-DLH-02	1669318412371	1669318412602	OK	 
REQUEST		PressContinue	1669318412449	1669318412683	OK	 
REQUEST		SelectProduct RP-SN-01	1669318413747	1669318414001	OK	 
REQUEST		ConfirmOrder	1669318414691	1669318414928	OK	 
USER	createOrder	END	1669318415310
REQUEST		ConfirmOrder	1669318415342	1669318415585	OK	 
REQUEST		ViewItem	1669318416075	1669318416343	OK	 
REQUEST		AddToCart	1669318416122	1669318416373	OK	 
USER	createOrder	END	1669318417623
REQUEST		ViewItem	1669318417529	1669318417768	OK	 
USER	createOrder	END	1669318418790
REQUEST		AddToCart	1669318419539	1669318419789	OK	 
REQUEST		SelectCategory DOGS	1669318419602	1669318419832	OK	 
REQUEST		AddToCart	1669318421527	1669318421774	OK	 
REQUEST		SelectCategory BIRDS	1669318423230	1669318423463	OK	 
REQUEST		SelectProduct K9-PO-02	1669318423496	1669318423724	OK	 
REQUEST		SelectCategory FISH	1669318423991	1669318424231	OK	 
REQUEST		SelectProduct AV-SB-02	1669318425759	1669318425988	OK	 
REQUEST		ViewItem	1669318426226	1669318426458	OK	 
REQUEST		SelectProduct FI-FW-01	1669318426957	1669318427199	OK	 
REQUEST		ViewItem	1669318429022	1669318429251	OK	 
REQUEST		AddToCart	1669318430079	1669318430311	OK	 
REQUEST		ViewItem	1669318430500	1669318430740	OK	 
REQUEST		AddToCart	1669318432767	1669318433000	OK	 
REQUEST		AddToCart	1669318432921	1669318433166	OK	 
REQUEST		SelectCategory FISH	1669318433014	1669318433245	OK	 
REQUEST		SelectProduct FI-SW-02	1669318435257	1669318435491	OK	 
REQUEST		SelectCategory BIRDS	1669318435337	1669318435566	OK	 
REQUEST		ProceedCheckout	1669318437050	1669318437299	OK	 
REQUEST		ViewItem	1669318438424	1669318438656	OK	 
REQUEST		SelectProduct AV-SB-02	1669318438455	1669318438685	OK	 
REQUEST		PressContinue	1669318439762	1669318440002	OK	 
REQUEST		ViewItem	1669318441466	1669318441706	OK	 
REQUEST		AddToCart	1669318442561	1669318442800	OK	 
REQUEST		ConfirmOrder	1669318443576	1669318443820	OK	 
REQUEST		AddToCart	1669318445274	1669318445504	OK	 
REQUEST		SelectCategory BIRDS	1669318445368	1669318445596	OK	 
USER	updateOrder	END	1669318446226
REQUEST		SelectProduct AV-CB-01	1669318447728	1669318447961	OK	 
REQUEST		SelectCategory FISH	1669318448322	1669318448550	OK	 
REQUEST		ViewItem	1669318450157	1669318450387	OK	 
REQUEST		SelectProduct FI-SW-02	1669318451169	1669318451400	OK	 
REQUEST		ViewItem	1669318453681	1669318453910	OK	 
REQUEST		AddToCart	1669318453867	1669318454100	OK	 
REQUEST		AddToCart	1669318457632	1669318457862	OK	 
REQUEST		ProceedCheckout	1669318457974	1669318458203	OK	 
REQUEST		ProceedCheckout	1669318461221	1669318461454	OK	 
REQUEST		PressContinue	1669318461566	1669318461795	OK	 
REQUEST		ConfirmOrder	1669318464065	1669318464309	OK	 
REQUEST		PressContinue	1669318464702	1669318464926	OK	 
USER	updateOrder	END	1669318466340
REQUEST		ConfirmOrder	1669318468789	1669318469020	OK	 
USER	updateOrder	END	1669318471737
