RUN	com.gatling.tests.createOrder	createorder	1669293075027	fd	3.6.1
USER	createOrder	START	1669293076931
USER	createOrder	START	1669293076931
USER	createOrder	START	1669293076931
REQUEST		CreateOrder_00_LandingPage	1669293076981	1669293077753	OK	 
REQUEST		CreateOrder_00_LandingPage	1669293076981	1669293077753	OK	 
REQUEST		CreateOrder_00_LandingPage	1669293076981	1669293077753	OK	 
REQUEST		CreateOrder_01_ClickSignIn	1669293079997	1669293080227	OK	 
REQUEST		CreateOrder_01_ClickSignIn	1669293079997	1669293080238	OK	 
REQUEST		CreateOrder_01_ClickSignIn	1669293079997	1669293080238	OK	 
REQUEST		CreateOrder_02_Login #{username}	1669293082260	1669293082506	OK	 
REQUEST		CreateOrder_02_Login #{username}	1669293082260	1669293082507	OK	 
REQUEST		CreateOrder_02_Login #{username}	1669293082264	1669293082507	OK	 
REQUEST		CreateOrder_03_SelectCategory CATS	1669293084527	1669293084776	OK	 
REQUEST		CreateOrder_03_SelectCategory CATS	1669293084527	1669293084775	OK	 
REQUEST		CreateOrder_03_SelectCategory DOGS	1669293084527	1669293084765	OK	 
REQUEST		CreateOrder_04_SelectProduct K9-DL-01	1669293086797	1669293087027	OK	 
REQUEST		CreateOrder_04_SelectProduct FL-DLH-02	1669293086797	1669293087038	OK	 
REQUEST		CreateOrder_04_SelectProduct FL-DSH-01	1669293086797	1669293087038	OK	 
REQUEST		CreateOrder_05_ViewItem	1669293089040	1669293089269	OK	 
REQUEST		CreateOrder_05_ViewItem	1669293089055	1669293089291	OK	 
REQUEST		CreateOrder_05_ViewItem	1669293089055	1669293089291	OK	 
REQUEST		CreateOrder_05_AddToCart	1669293091276	1669293091503	OK	 
REQUEST		CreateOrder_05_AddToCart	1669293091308	1669293091543	OK	 
REQUEST		CreateOrder_05_AddToCart	1669293091308	1669293091543	OK	 
REQUEST		CreateOrder_06_ProceedCheckout	1669293093520	1669293093744	OK	 
REQUEST		CreateOrder_06_ProceedCheckout	1669293093551	1669293093789	OK	 
REQUEST		CreateOrder_06_ProceedCheckout	1669293093551	1669293093789	OK	 
REQUEST		CreateOrder_07_PressContinue	1669293095761	1669293095988	OK	 
REQUEST		CreateOrder_07_PressContinue	1669293095792	1669293096029	OK	 
REQUEST		CreateOrder_07_PressContinue	1669293095792	1669293096036	OK	 
REQUEST		CreateOrder_08_ConfirmOrder	1669293098007	1669293098460	KO	status.find.in(200,201,202,203,204,205,206,207,208,209,304), found 500
USER	createOrder	END	1669293098476
REQUEST		CreateOrder_08_ConfirmOrder	1669293098037	1669293098507	KO	status.find.in(200,201,202,203,204,205,206,207,208,209,304), found 500
USER	createOrder	END	1669293098509
REQUEST		CreateOrder_08_ConfirmOrder	1669293098053	1669293098525	KO	status.find.in(200,201,202,203,204,205,206,207,208,209,304), found 500
USER	createOrder	END	1669293098526
