RUN	com.gatling.tests.petshop	petshop	1669208923815	test	3.6.1
USER	registerUser	START	1669208925721
USER	registerUser	START	1669208925721
USER	registerUser	START	1669208925721
REQUEST		request_0	1669208925777	1669208926548	OK	 
REQUEST		request_0	1669208925777	1669208926548	OK	 
REQUEST		request_0	1669208925777	1669208926548	OK	 
REQUEST		jpetstore.css	1669208926818	1669208927059	OK	 
REQUEST		jpetstore.css	1669208926818	1669208927059	OK	 
REQUEST		jpetstore.css	1669208926818	1669208927059	OK	 
REQUEST		sm_reptiles.gif	1669208927111	1669208927344	OK	 
REQUEST		sm_reptiles.gif	1669208927111	1669208927351	OK	 
REQUEST		sm_reptiles.gif	1669208927111	1669208927357	OK	 
REQUEST		logo-topbar.gif	1669208926821	1669208927575	OK	 
REQUEST		cart.gif	1669208926822	1669208927575	OK	 
REQUEST		sm_dogs.gif	1669208926827	1669208927582	OK	 
REQUEST		separator.gif	1669208926823	1669208927582	OK	 
REQUEST		sm_cats.gif	1669208927348	1669208927589	OK	 
REQUEST		separator.gif	1669208926823	1669208927596	OK	 
REQUEST		sm_cats.gif	1669208927353	1669208927600	OK	 
REQUEST		cart.gif	1669208926822	1669208927604	OK	 
REQUEST		logo-topbar.gif	1669208926821	1669208927604	OK	 
REQUEST		logo-topbar.gif	1669208926821	1669208927605	OK	 
REQUEST		sm_cats.gif	1669208927359	1669208927608	OK	 
REQUEST		cart.gif	1669208926822	1669208927609	OK	 
REQUEST		separator.gif	1669208926823	1669208927614	OK	 
REQUEST		sm_fish.gif	1669208926825	1669208927621	OK	 
REQUEST		sm_fish.gif	1669208926825	1669208927621	OK	 
REQUEST		sm_dogs.gif	1669208926827	1669208927621	OK	 
REQUEST		sm_fish.gif	1669208926826	1669208927626	OK	 
REQUEST		sm_dogs.gif	1669208926827	1669208927628	OK	 
REQUEST		sm_birds.gif	1669208927576	1669208927803	OK	 
REQUEST		sm_birds.gif	1669208927576	1669208927803	OK	 
REQUEST		sm_birds.gif	1669208927584	1669208927816	OK	 
REQUEST		fish_icon.gif	1669208927584	1669208927816	OK	 
REQUEST		fish_icon.gif	1669208927598	1669208927824	OK	 
REQUEST		fish_icon.gif	1669208927591	1669208927824	OK	 
REQUEST		dogs_icon.gif	1669208927606	1669208927849	OK	 
REQUEST		dogs_icon.gif	1669208927602	1669208927849	OK	 
REQUEST		cats_icon.gif	1669208927606	1669208927853	OK	 
REQUEST		cats_icon.gif	1669208927611	1669208927852	OK	 
REQUEST		reptiles_icon.gif	1669208927623	1669208927856	OK	 
REQUEST		reptiles_icon.gif	1669208927623	1669208927863	OK	 
REQUEST		birds_icon.gif	1669208927628	1669208927863	OK	 
REQUEST		dogs_icon.gif	1669208927605	1669208927863	OK	 
REQUEST		cats_icon.gif	1669208927610	1669208927866	OK	 
REQUEST		reptiles_icon.gif	1669208927616	1669208927869	OK	 
REQUEST		birds_icon.gif	1669208927630	1669208927869	OK	 
REQUEST		birds_icon.gif	1669208927623	1669208927872	OK	 
REQUEST		request_11	1669208927828	1669208928053	OK	 
REQUEST		request_11	1669208927832	1669208928060	OK	 
REQUEST		request_11	1669208927830	1669208928070	OK	 
REQUEST		request_12	1669208927850	1669208928086	OK	 
REQUEST		request_12	1669208927850	1669208928086	OK	 
REQUEST		request_13	1669208927854	1669208928088	OK	 
REQUEST		request_13	1669208927854	1669208928088	OK	 
REQUEST		request_14	1669208927858	1669208928098	OK	 
REQUEST		request_12	1669208927864	1669208928098	OK	 
REQUEST		request_13	1669208927868	1669208928105	OK	 
REQUEST		request_14	1669208927864	1669208928107	OK	 
REQUEST		request_14	1669208927870	1669208928113	OK	 
REQUEST		splash.gif	1669208927805	1669208928262	OK	 
REQUEST		splash.gif	1669208927805	1669208928263	OK	 
REQUEST		splash.gif	1669208927819	1669208928270	OK	 
REQUEST		request_15	1669208927864	1669208928345	OK	 
REQUEST		request_15	1669208927874	1669208928348	OK	 
REQUEST		request_15	1669208927871	1669208928354	OK	 
REQUEST		request_16	1669208930361	1669208930592	OK	 
REQUEST		request_16	1669208930361	1669208930592	OK	 
REQUEST		request_16	1669208930361	1669208930598	OK	 
REQUEST		separator.gif	1669208930619	1669208930848	OK	 
REQUEST		separator.gif	1669208930619	1669208930848	OK	 
REQUEST		jpetstore.css	1669208930614	1669208930848	OK	 
REQUEST		logo-topbar.gif	1669208930616	1669208930857	OK	 
REQUEST		logo-topbar.gif	1669208930616	1669208930856	OK	 
REQUEST		jpetstore.css	1669208930614	1669208930857	OK	 
REQUEST		separator.gif	1669208930619	1669208930858	OK	 
REQUEST		jpetstore.css	1669208930614	1669208930858	OK	 
REQUEST		logo-topbar.gif	1669208930616	1669208930858	OK	 
REQUEST		sm_dogs.gif	1669208930621	1669208930859	OK	 
REQUEST		cart.gif	1669208930618	1669208930859	OK	 
REQUEST		cart.gif	1669208930617	1669208930860	OK	 
REQUEST		sm_fish.gif	1669208930620	1669208930860	OK	 
REQUEST		cart.gif	1669208930618	1669208930860	OK	 
REQUEST		sm_fish.gif	1669208930620	1669208930861	OK	 
REQUEST		sm_dogs.gif	1669208930621	1669208930861	OK	 
REQUEST		sm_fish.gif	1669208930620	1669208930861	OK	 
REQUEST		sm_dogs.gif	1669208930621	1669208930863	OK	 
REQUEST		request_26	1669208932869	1669208933096	OK	 
REQUEST		request_26	1669208932869	1669208933096	OK	 
REQUEST		request_26	1669208932869	1669208933109	OK	 
REQUEST		sm_dogs.gif	1669208933112	1669208933339	OK	 
REQUEST		jpetstore.css	1669208933103	1669208933339	OK	 
REQUEST		sm_dogs.gif	1669208933111	1669208933341	OK	 
REQUEST		logo-topbar.gif	1669208933106	1669208933341	OK	 
REQUEST		logo-topbar.gif	1669208933105	1669208933341	OK	 
REQUEST		sm_fish.gif	1669208933110	1669208933342	OK	 
REQUEST		jpetstore.css	1669208933105	1669208933344	OK	 
REQUEST		logo-topbar.gif	1669208933118	1669208933344	OK	 
REQUEST		cart.gif	1669208933106	1669208933344	OK	 
REQUEST		sm_fish.gif	1669208933111	1669208933345	OK	 
REQUEST		separator.gif	1669208933110	1669208933346	OK	 
REQUEST		cart.gif	1669208933119	1669208933346	OK	 
REQUEST		jpetstore.css	1669208933117	1669208933352	OK	 
REQUEST		cart.gif	1669208933109	1669208933351	OK	 
REQUEST		separator.gif	1669208933109	1669208933351	OK	 
REQUEST		sm_fish.gif	1669208933121	1669208933353	OK	 
REQUEST		separator.gif	1669208933120	1669208933354	OK	 
REQUEST		sm_dogs.gif	1669208933122	1669208933363	OK	 
REQUEST		AAAAAAAAAAAAAA	1669208935371	1669208935830	KO	status.find.in(200,201,202,203,204,205,206,207,208,209,304), found 500
REQUEST		AAAAAAAAAAAAAA	1669208935371	1669208935842	KO	status.find.in(200,201,202,203,204,205,206,207,208,209,304), found 500
USER	registerUser	END	1669208935850
USER	registerUser	END	1669208935850
REQUEST		AAAAAAAAAAAAAA	1669208935371	1669208935858	KO	status.find.in(200,201,202,203,204,205,206,207,208,209,304), found 500
USER	registerUser	END	1669208935868
