RUN	com.gatling.tests.registerUser2	registeruser2	1669243385647	asd	3.6.1
USER	registerUser	START	1669243387568
USER	registerUser	START	1669243387567
USER	createOrder	START	1669243387567
USER	createOrder	START	1669243387567
USER	registerUser	START	1669243387567
USER	createOrder	START	1669243387567
REQUEST		CreateOrder_00_LandingPage	1669243387650	1669243388445	OK	 
REQUEST		RegisterUser_00_LandingPage	1669243387646	1669243388445	OK	 
REQUEST		CreateOrder_00_LandingPage	1669243387646	1669243388445	OK	 
REQUEST		RegisterUser_00_LandingPage	1669243387646	1669243388445	OK	 
REQUEST		CreateOrder_00_LandingPage	1669243387646	1669243388445	OK	 
REQUEST		RegisterUser_00_LandingPage	1669243387647	1669243388445	OK	 
REQUEST		RegisterUser_01_ClickSignIn	1669243390728	1669243390968	OK	 
REQUEST		RegisterUser_01_ClickSignIn	1669243390728	1669243390969	OK	 
REQUEST		CreateOrder_01_ClickSignIn	1669243390728	1669243390968	OK	 
REQUEST		CreateOrder_01_ClickSignIn	1669243390728	1669243390968	OK	 
REQUEST		RegisterUser_01_ClickSignIn	1669243390728	1669243390975	OK	 
REQUEST		CreateOrder_01_ClickSignIn	1669243390728	1669243390982	OK	 
REQUEST		RegisterUser_02_ClickRegisterNow	1669243392990	1669243393239	OK	 
REQUEST		RegisterUser_02_ClickRegisterNow	1669243392990	1669243393240	OK	 
REQUEST		RegisterUser_02_ClickRegisterNow	1669243392990	1669243393239	OK	 
REQUEST		CreateOrder_02_Login	1669243393004	1669243393261	OK	 
REQUEST		CreateOrder_02_Login	1669243393004	1669243393261	OK	 
REQUEST		CreateOrder_02_Login	1669243393004	1669243393261	OK	 
REQUEST		RegisterUser_03_SaveAccountInfo	1669243395259	1669243395501	OK	 
REQUEST		RegisterUser_03_SaveAccountInfo	1669243395259	1669243395501	OK	 
REQUEST		RegisterUser_03_SaveAccountInfo	1669243395259	1669243395501	OK	 
REQUEST		CreateOrder_03_SelectCategory BIRDS	1669243395281	1669243395524	OK	 
REQUEST		CreateOrder_03_SelectCategory FISH	1669243395281	1669243395524	OK	 
REQUEST		CreateOrder_03_SelectCategory DOGS	1669243395281	1669243395524	OK	 
REQUEST		RegisterUser_03_SaveAccountInfo Redirect 1	1669243395507	1669243395747	OK	 
REQUEST		RegisterUser_03_SaveAccountInfo Redirect 1	1669243395507	1669243395748	OK	 
REQUEST		RegisterUser_03_SaveAccountInfo Redirect 1	1669243395507	1669243395751	OK	 
USER	registerUser	END	1669243395758
USER	registerUser	END	1669243395759
USER	registerUser	END	1669243395759
REQUEST		CreateOrder_04_SelectProduct AV-CB-01	1669243397545	1669243397786	OK	 
REQUEST		CreateOrder_04_SelectProduct K9-RT-01	1669243397560	1669243397800	OK	 
REQUEST		CreateOrder_04_SelectProduct FI-FW-01	1669243397560	1669243397800	OK	 
REQUEST		CreateOrder_05_ViewItem	1669243399804	1669243400045	OK	 
REQUEST		CreateOrder_05_ViewItem	1669243399820	1669243400057	OK	 
REQUEST		CreateOrder_05_ViewItem	1669243399820	1669243400057	OK	 
REQUEST		CreateOrder_05_AddToCart	1669243402062	1669243402305	OK	 
REQUEST		CreateOrder_05_AddToCart	1669243402062	1669243402305	OK	 
REQUEST		CreateOrder_05_AddToCart	1669243402062	1669243402305	OK	 
REQUEST		CreateOrder_06_ProceedCheckout	1669243404316	1669243404583	OK	 
REQUEST		CreateOrder_06_ProceedCheckout	1669243404316	1669243404583	OK	 
REQUEST		CreateOrder_06_ProceedCheckout	1669243404316	1669243404583	OK	 
REQUEST		CreateOrder_07_PressContinue	1669243406592	1669243406836	OK	 
REQUEST		CreateOrder_07_PressContinue	1669243406592	1669243406836	OK	 
REQUEST		CreateOrder_07_PressContinue	1669243406592	1669243406849	OK	 
REQUEST		CreateOrder_08_ConfirmOrder	1669243408846	1669243409322	KO	status.find.in(200,201,202,203,204,205,206,207,208,209,304), found 500
REQUEST		CreateOrder_08_ConfirmOrder	1669243408862	1669243409341	KO	status.find.in(200,201,202,203,204,205,206,207,208,209,304), found 500
REQUEST		CreateOrder_08_ConfirmOrder	1669243408846	1669243409322	KO	status.find.in(200,201,202,203,204,205,206,207,208,209,304), found 500
USER	createOrder	END	1669243409351
USER	createOrder	END	1669243409351
USER	createOrder	END	1669243409351
