RUN	com.gatling.tests.updateOrder	updateorder	1669317334855	sd	3.6.1
USER	createOrder	START	1669317336769
REQUEST		CreateOrder_00_LandingPage	1669317336812	1669317337634	OK	 
REQUEST		CreateOrder_01_ClickSignIn	1669317341309	1669317341552	OK	 
REQUEST		CreateOrder_02_Login	1669317344896	1669317345146	OK	 
REQUEST		CreateOrder_02_Login Redirect 1	1669317345154	1669317345395	OK	 
REQUEST		CreateOrder_03_SelectCategory BIRDS	1669317348138	1669317348379	OK	 
REQUEST		CreateOrder_04_SelectProduct AV-SB-02	1669317351002	1669317351243	OK	 
REQUEST		CreateOrder_05_ViewItem EST-19	1669317354935	1669317355190	OK	 
REQUEST		CreateOrder_05_AddToCart EST-19	1669317359165	1669317359434	OK	 
REQUEST		CreateOrder_06_ProceedCheckout	1669317363271	1669317363514	OK	 
REQUEST		CreateOrder_07_PressContinue	1669317365961	1669317366202	OK	 
REQUEST		CreateOrder_08_ConfirmOrder	1669317369687	1669317369929	OK	 
REQUEST		CreateOrder_03_SelectCategory DOGS	1669317373833	1669317374073	OK	 
REQUEST		CreateOrder_04_SelectProduct K9-PO-02	1669317377446	1669317377687	OK	 
REQUEST		CreateOrder_05_ViewItem EST-8	1669317381178	1669317381418	OK	 
REQUEST		CreateOrder_05_AddToCart EST-8	1669317384268	1669317384535	OK	 
REQUEST		CreateOrder_06_ProceedCheckout	1669317387251	1669317387494	OK	 
REQUEST		CreateOrder_07_PressContinue	1669317391008	1669317391250	OK	 
REQUEST		CreateOrder_08_ConfirmOrder	1669317394663	1669317394904	OK	 
REQUEST		CreateOrder_03_SelectCategory CATS	1669317397492	1669317397737	OK	 
REQUEST		CreateOrder_04_SelectProduct FL-DSH-01	1669317401143	1669317401385	OK	 
REQUEST		CreateOrder_05_ViewItem EST-14	1669317404943	1669317405183	OK	 
REQUEST		CreateOrder_05_AddToCart EST-14	1669317407909	1669317408154	OK	 
REQUEST		CreateOrder_06_ProceedCheckout	1669317411269	1669317411509	OK	 
REQUEST		CreateOrder_07_PressContinue	1669317413782	1669317414032	OK	 
REQUEST		CreateOrder_08_ConfirmOrder	1669317416436	1669317416678	OK	 
REQUEST		CreateOrder_03_SelectCategory REPTILES	1669317418697	1669317418941	OK	 
REQUEST		CreateOrder_04_SelectProduct RP-SN-01	1669317422552	1669317422792	OK	 
REQUEST		CreateOrder_05_ViewItem EST-11	1669317426586	1669317426828	OK	 
REQUEST		CreateOrder_05_AddToCart EST-11	1669317430102	1669317430343	OK	 
REQUEST		CreateOrder_06_ProceedCheckout	1669317434302	1669317434541	OK	 
REQUEST		CreateOrder_07_PressContinue	1669317437878	1669317438119	OK	 
REQUEST		CreateOrder_08_ConfirmOrder	1669317441858	1669317442104	OK	 
REQUEST		CreateOrder_03_SelectCategory CATS	1669317444240	1669317444477	OK	 
REQUEST		CreateOrder_04_SelectProduct FL-DLH-02	1669317448422	1669317448662	OK	 
REQUEST		CreateOrder_05_ViewItem EST-16	1669317451560	1669317451798	OK	 
REQUEST		CreateOrder_05_AddToCart EST-16	1669317454301	1669317454543	OK	 
REQUEST		CreateOrder_06_ProceedCheckout	1669317457835	1669317458084	OK	 
REQUEST		CreateOrder_07_PressContinue	1669317460389	1669317460629	OK	 
REQUEST		CreateOrder_08_ConfirmOrder	1669317463153	1669317463394	OK	 
REQUEST		CreateOrder_03_SelectCategory CATS	1669317466134	1669317466375	OK	 
REQUEST		CreateOrder_04_SelectProduct FL-DLH-02	1669317469959	1669317470198	OK	 
REQUEST		CreateOrder_05_ViewItem EST-17	1669317473720	1669317473960	OK	 
REQUEST		CreateOrder_05_AddToCart EST-17	1669317476212	1669317476451	OK	 
REQUEST		CreateOrder_06_ProceedCheckout	1669317480408	1669317480657	OK	 
REQUEST		CreateOrder_07_PressContinue	1669317483934	1669317484174	OK	 
REQUEST		CreateOrder_08_ConfirmOrder	1669317487053	1669317487296	OK	 
REQUEST		CreateOrder_03_SelectCategory FISH	1669317490201	1669317490440	OK	 
REQUEST		CreateOrder_04_SelectProduct FI-FW-01	1669317493295	1669317493563	OK	 
REQUEST		CreateOrder_05_ViewItem EST-4	1669317496439	1669317496680	OK	 
REQUEST		CreateOrder_05_AddToCart EST-4	1669317500260	1669317500500	OK	 
REQUEST		CreateOrder_06_ProceedCheckout	1669317503010	1669317503251	OK	 
REQUEST		CreateOrder_07_PressContinue	1669317505391	1669317505630	OK	 
REQUEST		CreateOrder_08_ConfirmOrder	1669317507935	1669317508181	OK	 
USER	createOrder	END	1669317511285
