RUN	com.gatling.tests.registerUser2	registeruser2	1669244183863	hg	3.6.1
USER	createOrder	START	1669244185795
USER	registerUser	START	1669244185795
USER	registerUser	START	1669244185795
USER	createOrder	START	1669244185795
USER	registerUser	START	1669244185795
USER	createOrder	START	1669244185795
REQUEST		CreateOrder_00_LandingPage	1669244185871	1669244186668	OK	 
REQUEST		RegisterUser_00_LandingPage	1669244185869	1669244186668	OK	 
REQUEST		CreateOrder_00_LandingPage	1669244185868	1669244186668	OK	 
REQUEST		RegisterUser_00_LandingPage	1669244185868	1669244186668	OK	 
REQUEST		RegisterUser_00_LandingPage	1669244185867	1669244186668	OK	 
REQUEST		CreateOrder_00_LandingPage	1669244185869	1669244186668	OK	 
REQUEST		CreateOrder_01_ClickSignIn	1669244188980	1669244189217	OK	 
REQUEST		CreateOrder_01_ClickSignIn	1669244188980	1669244189220	OK	 
REQUEST		CreateOrder_01_ClickSignIn	1669244188980	1669244189220	OK	 
REQUEST		RegisterUser_01_ClickSignIn	1669244188990	1669244189228	OK	 
REQUEST		RegisterUser_01_ClickSignIn	1669244188990	1669244189230	OK	 
REQUEST		RegisterUser_01_ClickSignIn	1669244188990	1669244189230	OK	 
REQUEST		CreateOrder_02_Login PerfTest002	1669244191249	1669244191487	OK	 
REQUEST		RegisterUser_02_ClickRegisterNow	1669244191248	1669244191488	OK	 
REQUEST		RegisterUser_02_ClickRegisterNow	1669244191248	1669244191488	OK	 
REQUEST		CreateOrder_02_Login PerfTest002	1669244191248	1669244191497	OK	 
REQUEST		CreateOrder_02_Login PerfTest003	1669244191248	1669244191498	OK	 
REQUEST		RegisterUser_02_ClickRegisterNow	1669244191248	1669244191505	OK	 
REQUEST		CreateOrder_03_SelectCategory FISH	1669244193511	1669244193748	OK	 
REQUEST		CreateOrder_03_SelectCategory CATS	1669244193511	1669244193748	OK	 
REQUEST		CreateOrder_03_SelectCategory DOGS	1669244193511	1669244193740	OK	 
REQUEST		RegisterUser_03_SaveAccountInfo	1669244193506	1669244193749	OK	 
REQUEST		RegisterUser_03_SaveAccountInfo	1669244193506	1669244193749	OK	 
REQUEST		RegisterUser_03_SaveAccountInfo	1669244193521	1669244193762	OK	 
REQUEST		RegisterUser_03_SaveAccountInfo Redirect 1	1669244193762	1669244194005	OK	 
REQUEST		RegisterUser_03_SaveAccountInfo Redirect 1	1669244193762	1669244194004	OK	 
REQUEST		RegisterUser_03_SaveAccountInfo Redirect 1	1669244193763	1669244194005	OK	 
USER	registerUser	END	1669244194015
USER	registerUser	END	1669244194015
USER	registerUser	END	1669244194015
REQUEST		CreateOrder_04_SelectProduct K9-RT-01	1669244195773	1669244196008	OK	 
REQUEST		CreateOrder_04_SelectProduct FI-SW-01	1669244195773	1669244196025	OK	 
REQUEST		CreateOrder_04_SelectProduct FL-DSH-01	1669244195773	1669244196038	OK	 
REQUEST		CreateOrder_05_ViewItem	1669244198024	1669244198251	OK	 
REQUEST		CreateOrder_05_ViewItem	1669244198040	1669244198274	OK	 
REQUEST		CreateOrder_05_ViewItem	1669244198055	1669244198300	OK	 
REQUEST		CreateOrder_05_AddToCart	1669244200256	1669244200486	OK	 
REQUEST		CreateOrder_05_AddToCart	1669244200287	1669244200525	OK	 
REQUEST		CreateOrder_05_AddToCart	1669244200302	1669244200543	OK	 
REQUEST		CreateOrder_06_ProceedCheckout	1669244202493	1669244202719	OK	 
REQUEST		CreateOrder_06_ProceedCheckout	1669244202541	1669244202777	OK	 
REQUEST		CreateOrder_06_ProceedCheckout	1669244202557	1669244202793	OK	 
REQUEST		CreateOrder_07_PressContinue	1669244204737	1669244204965	OK	 
REQUEST		CreateOrder_07_PressContinue	1669244204785	1669244205036	OK	 
REQUEST		CreateOrder_07_PressContinue	1669244204800	1669244205047	OK	 
REQUEST		CreateOrder_08_ConfirmOrder	1669244206968	1669244207422	KO	status.find.in(200,201,202,203,204,205,206,207,208,209,304), found 500
USER	createOrder	END	1669244207436
REQUEST		CreateOrder_08_ConfirmOrder	1669244207048	1669244207517	KO	status.find.in(200,201,202,203,204,205,206,207,208,209,304), found 500
USER	createOrder	END	1669244207519
REQUEST		CreateOrder_08_ConfirmOrder	1669244207064	1669244207558	KO	status.find.in(200,201,202,203,204,205,206,207,208,209,304), found 500
USER	createOrder	END	1669244207559
