RUN	com.gatling.tests.createOrder	createorder	1669247524278	asd	3.6.1
USER	createOrder	START	1669247526455
USER	createOrder	START	1669247526455
USER	createOrder	START	1669247526455
REQUEST		CreateOrder_00_LandingPage	1669247526525	1669247527436	OK	 
REQUEST		CreateOrder_00_LandingPage	1669247526525	1669247527436	OK	 
REQUEST		CreateOrder_00_LandingPage	1669247526524	1669247527436	OK	 
REQUEST		CreateOrder_01_ClickSignIn	1669247529686	1669247529928	OK	 
REQUEST		CreateOrder_01_ClickSignIn	1669247529686	1669247529928	OK	 
REQUEST		CreateOrder_01_ClickSignIn	1669247529686	1669247529928	OK	 
REQUEST		CreateOrder_02_Login Test003	1669247531952	1669247532197	OK	 
REQUEST		CreateOrder_02_Login Test002	1669247531955	1669247532197	OK	 
REQUEST		CreateOrder_02_Login Test002	1669247531955	1669247532197	OK	 
REQUEST		CreateOrder_03_SelectCategory BIRDS	1669247534218	1669247534459	OK	 
REQUEST		CreateOrder_03_SelectCategory FISH	1669247534218	1669247534459	OK	 
REQUEST		CreateOrder_03_SelectCategory FISH	1669247534218	1669247534459	OK	 
REQUEST		CreateOrder_04_SelectProduct FI-SW-02	1669247536488	1669247536729	OK	 
REQUEST		CreateOrder_04_SelectProduct FI-FW-02	1669247536488	1669247536729	OK	 
REQUEST		CreateOrder_04_SelectProduct AV-CB-01	1669247536488	1669247536729	OK	 
REQUEST		CreateOrder_05_ViewItem	1669247538739	1669247538984	OK	 
REQUEST		CreateOrder_05_ViewItem	1669247538739	1669247538984	OK	 
REQUEST		CreateOrder_05_ViewItem	1669247538740	1669247538984	OK	 
REQUEST		CreateOrder_05_AddToCart	1669247540991	1669247541238	OK	 
REQUEST		CreateOrder_05_AddToCart	1669247540991	1669247541238	OK	 
REQUEST		CreateOrder_05_AddToCart	1669247540991	1669247541238	OK	 
REQUEST		CreateOrder_06_ProceedCheckout	1669247543250	1669247543492	OK	 
REQUEST		CreateOrder_06_ProceedCheckout	1669247543250	1669247543492	OK	 
REQUEST		CreateOrder_06_ProceedCheckout	1669247543250	1669247543492	OK	 
REQUEST		CreateOrder_07_PressContinue	1669247545498	1669247545736	OK	 
REQUEST		CreateOrder_07_PressContinue	1669247545498	1669247545735	OK	 
REQUEST		CreateOrder_07_PressContinue	1669247545498	1669247545736	OK	 
REQUEST		CreateOrder_08_ConfirmOrder	1669247547745	1669247548222	KO	status.find.in(200,201,202,203,204,205,206,207,208,209,304), found 500
REQUEST		CreateOrder_08_ConfirmOrder	1669247547745	1669247548222	KO	status.find.in(200,201,202,203,204,205,206,207,208,209,304), found 500
REQUEST		CreateOrder_08_ConfirmOrder	1669247547745	1669247548222	KO	status.find.in(200,201,202,203,204,205,206,207,208,209,304), found 500
USER	createOrder	END	1669247548241
USER	createOrder	END	1669247548241
USER	createOrder	END	1669247548242
