RUN	com.gatling.tests.petshop	petshop	1669213546246	lll	3.6.1
USER	registerUser	START	1669213548148
USER	registerUser	START	1669213548148
USER	registerUser	START	1669213548148
REQUEST		request_0	1669213548199	1669213548945	OK	 
REQUEST		request_0	1669213548199	1669213548941	OK	 
REQUEST		request_0	1669213548199	1669213548945	OK	 
REQUEST		jpetstore.css	1669213549203	1669213549437	OK	 
REQUEST		jpetstore.css	1669213549203	1669213549443	OK	 
REQUEST		jpetstore.css	1669213549203	1669213549443	OK	 
REQUEST		sm_reptiles.gif	1669213549499	1669213549727	OK	 
REQUEST		sm_reptiles.gif	1669213549497	1669213549734	OK	 
REQUEST		sm_reptiles.gif	1669213549498	1669213549740	OK	 
REQUEST		sm_cats.gif	1669213549731	1669213549968	OK	 
REQUEST		separator.gif	1669213549214	1669213549969	OK	 
REQUEST		sm_dogs.gif	1669213549212	1669213549972	OK	 
REQUEST		separator.gif	1669213549209	1669213549976	OK	 
REQUEST		sm_cats.gif	1669213549736	1669213549976	OK	 
REQUEST		sm_cats.gif	1669213549742	1669213549981	OK	 
REQUEST		logo-topbar.gif	1669213549206	1669213549995	OK	 
REQUEST		logo-topbar.gif	1669213549205	1669213549995	OK	 
REQUEST		logo-topbar.gif	1669213549206	1669213549995	OK	 
REQUEST		cart.gif	1669213549207	1669213550001	OK	 
REQUEST		cart.gif	1669213549207	1669213550001	OK	 
REQUEST		separator.gif	1669213549209	1669213550015	OK	 
REQUEST		sm_fish.gif	1669213549210	1669213550016	OK	 
REQUEST		cart.gif	1669213549207	1669213550016	OK	 
REQUEST		sm_dogs.gif	1669213549212	1669213550020	OK	 
REQUEST		sm_fish.gif	1669213549211	1669213550032	OK	 
REQUEST		sm_fish.gif	1669213549215	1669213550045	OK	 
REQUEST		sm_dogs.gif	1669213549217	1669213550050	OK	 
REQUEST		sm_birds.gif	1669213549970	1669213550199	OK	 
REQUEST		sm_birds.gif	1669213549970	1669213550199	OK	 
REQUEST		fish_icon.gif	1669213549977	1669213550207	OK	 
REQUEST		sm_birds.gif	1669213549973	1669213550207	OK	 
REQUEST		fish_icon.gif	1669213549983	1669213550222	OK	 
REQUEST		fish_icon.gif	1669213549977	1669213550222	OK	 
REQUEST		dogs_icon.gif	1669213549997	1669213550231	OK	 
REQUEST		dogs_icon.gif	1669213549997	1669213550236	OK	 
REQUEST		dogs_icon.gif	1669213549997	1669213550236	OK	 
REQUEST		cats_icon.gif	1669213550002	1669213550241	OK	 
REQUEST		cats_icon.gif	1669213550002	1669213550241	OK	 
REQUEST		reptiles_icon.gif	1669213550017	1669213550252	OK	 
REQUEST		reptiles_icon.gif	1669213550017	1669213550268	OK	 
REQUEST		cats_icon.gif	1669213550018	1669213550268	OK	 
REQUEST		birds_icon.gif	1669213550022	1669213550278	OK	 
REQUEST		reptiles_icon.gif	1669213550048	1669213550285	OK	 
REQUEST		birds_icon.gif	1669213550034	1669213550285	OK	 
REQUEST		birds_icon.gif	1669213550052	1669213550288	OK	 
REQUEST		request_11	1669213550216	1669213550437	OK	 
REQUEST		request_12	1669213550232	1669213550462	OK	 
REQUEST		request_11	1669213550227	1669213550462	OK	 
REQUEST		request_12	1669213550239	1669213550469	OK	 
REQUEST		request_12	1669213550239	1669213550469	OK	 
REQUEST		request_11	1669213550228	1669213550469	OK	 
REQUEST		request_13	1669213550243	1669213550482	OK	 
REQUEST		request_13	1669213550242	1669213550482	OK	 
REQUEST		request_14	1669213550253	1669213550490	OK	 
REQUEST		request_13	1669213550269	1669213550504	OK	 
REQUEST		request_14	1669213550269	1669213550504	OK	 
REQUEST		request_14	1669213550286	1669213550523	OK	 
REQUEST		splash.gif	1669213550200	1669213550652	OK	 
REQUEST		splash.gif	1669213550200	1669213550653	OK	 
REQUEST		splash.gif	1669213550209	1669213550667	OK	 
REQUEST		request_15	1669213550289	1669213550770	OK	 
REQUEST		request_15	1669213550279	1669213550776	OK	 
REQUEST		request_15	1669213550286	1669213550779	OK	 
REQUEST		request_16	1669213552787	1669213553015	OK	 
REQUEST		request_16	1669213552787	1669213553015	OK	 
REQUEST		request_16	1669213552787	1669213553024	OK	 
REQUEST		separator.gif	1669213553039	1669213553269	OK	 
REQUEST		separator.gif	1669213553041	1669213553269	OK	 
REQUEST		separator.gif	1669213553048	1669213553275	OK	 
REQUEST		jpetstore.css	1669213553037	1669213553279	OK	 
REQUEST		jpetstore.css	1669213553035	1669213553279	OK	 
REQUEST		logo-topbar.gif	1669213553036	1669213553280	OK	 
REQUEST		sm_dogs.gif	1669213553044	1669213553281	OK	 
REQUEST		sm_dogs.gif	1669213553043	1669213553282	OK	 
REQUEST		logo-topbar.gif	1669213553038	1669213553282	OK	 
REQUEST		cart.gif	1669213553038	1669213553283	OK	 
REQUEST		cart.gif	1669213553040	1669213553283	OK	 
REQUEST		sm_fish.gif	1669213553041	1669213553287	OK	 
REQUEST		cart.gif	1669213553046	1669213553287	OK	 
REQUEST		sm_fish.gif	1669213553043	1669213553287	OK	 
REQUEST		sm_dogs.gif	1669213553051	1669213553289	OK	 
REQUEST		jpetstore.css	1669213553044	1669213553291	OK	 
REQUEST		logo-topbar.gif	1669213553045	1669213553292	OK	 
REQUEST		sm_fish.gif	1669213553049	1669213553293	OK	 
REQUEST		request_26	1669213555294	1669213555527	OK	 
REQUEST		request_26	1669213555294	1669213555527	OK	 
REQUEST		request_26	1669213555309	1669213555538	OK	 
REQUEST		cart.gif	1669213555550	1669213555781	OK	 
REQUEST		logo-topbar.gif	1669213555550	1669213555781	OK	 
REQUEST		sm_dogs.gif	1669213555555	1669213555786	OK	 
REQUEST		jpetstore.css	1669213555544	1669213555787	OK	 
REQUEST		sm_dogs.gif	1669213555560	1669213555788	OK	 
REQUEST		jpetstore.css	1669213555546	1669213555788	OK	 
REQUEST		cart.gif	1669213555552	1669213555789	OK	 
REQUEST		sm_dogs.gif	1669213555563	1669213555789	OK	 
REQUEST		logo-topbar.gif	1669213555548	1669213555789	OK	 
REQUEST		separator.gif	1669213555552	1669213555791	OK	 
REQUEST		separator.gif	1669213555556	1669213555791	OK	 
REQUEST		sm_fish.gif	1669213555557	1669213555792	OK	 
REQUEST		logo-topbar.gif	1669213555558	1669213555794	OK	 
REQUEST		jpetstore.css	1669213555556	1669213555795	OK	 
REQUEST		sm_fish.gif	1669213555562	1669213555798	OK	 
REQUEST		sm_fish.gif	1669213555553	1669213555798	OK	 
REQUEST		cart.gif	1669213555560	1669213555799	OK	 
REQUEST		separator.gif	1669213555561	1669213555801	OK	 
REQUEST		AAAAAAAAAAAAAA	1669213557810	1669213558261	KO	status.find.in(200,201,202,203,204,205,206,207,208,209,304), found 500
REQUEST		AAAAAAAAAAAAAA	1669213557802	1669213558261	KO	status.find.in(200,201,202,203,204,205,206,207,208,209,304), found 500
REQUEST		AAAAAAAAAAAAAA	1669213557810	1669213558279	KO	status.find.in(200,201,202,203,204,205,206,207,208,209,304), found 500
USER	registerUser	END	1669213558320
USER	registerUser	END	1669213558320
USER	registerUser	END	1669213558324
