RUN	com.gatling.tests.petshop	petshop	1669213961193	sdfgsdf	3.6.1
USER	registerUser	START	1669213963106
USER	registerUser	START	1669213963106
USER	registerUser	START	1669213963106
REQUEST		request_0	1669213963154	1669213963884	OK	 
REQUEST		request_0	1669213963154	1669213963889	OK	 
REQUEST		request_0	1669213963154	1669213963889	OK	 
REQUEST		jpetstore.css	1669213964186	1669213964422	OK	 
REQUEST		jpetstore.css	1669213964186	1669213964422	OK	 
REQUEST		jpetstore.css	1669213964186	1669213964414	OK	 
REQUEST		sm_reptiles.gif	1669213964470	1669213964695	OK	 
REQUEST		sm_reptiles.gif	1669213964470	1669213964702	OK	 
REQUEST		sm_reptiles.gif	1669213964470	1669213964702	OK	 
REQUEST		sm_cats.gif	1669213964698	1669213964925	OK	 
REQUEST		sm_cats.gif	1669213964704	1669213964938	OK	 
REQUEST		cart.gif	1669213964190	1669213964938	OK	 
REQUEST		sm_cats.gif	1669213964704	1669213964938	OK	 
REQUEST		logo-topbar.gif	1669213964188	1669213964956	OK	 
REQUEST		separator.gif	1669213964193	1669213964956	OK	 
REQUEST		separator.gif	1669213964191	1669213964956	OK	 
REQUEST		logo-topbar.gif	1669213964189	1669213964961	OK	 
REQUEST		cart.gif	1669213964193	1669213964961	OK	 
REQUEST		logo-topbar.gif	1669213964188	1669213964961	OK	 
REQUEST		separator.gif	1669213964195	1669213964968	OK	 
REQUEST		sm_fish.gif	1669213964193	1669213964968	OK	 
REQUEST		sm_dogs.gif	1669213964198	1669213964973	OK	 
REQUEST		sm_dogs.gif	1669213964195	1669213964982	OK	 
REQUEST		sm_fish.gif	1669213964196	1669213965000	OK	 
REQUEST		sm_fish.gif	1669213964195	1669213965000	OK	 
REQUEST		sm_dogs.gif	1669213964197	1669213965005	OK	 
REQUEST		cart.gif	1669213964190	1669213965034	OK	 
REQUEST		sm_birds.gif	1669213964928	1669213965153	OK	 
REQUEST		fish_icon.gif	1669213964939	1669213965169	OK	 
REQUEST		sm_birds.gif	1669213964940	1669213965175	OK	 
REQUEST		sm_birds.gif	1669213964940	1669213965175	OK	 
REQUEST		fish_icon.gif	1669213964958	1669213965195	OK	 
REQUEST		fish_icon.gif	1669213964958	1669213965195	OK	 
REQUEST		dogs_icon.gif	1669213964958	1669213965195	OK	 
REQUEST		cats_icon.gif	1669213964963	1669213965203	OK	 
REQUEST		dogs_icon.gif	1669213964963	1669213965204	OK	 
REQUEST		dogs_icon.gif	1669213964963	1669213965204	OK	 
REQUEST		reptiles_icon.gif	1669213964970	1669213965209	OK	 
REQUEST		cats_icon.gif	1669213964970	1669213965210	OK	 
REQUEST		reptiles_icon.gif	1669213964976	1669213965214	OK	 
REQUEST		birds_icon.gif	1669213964984	1669213965230	OK	 
REQUEST		cats_icon.gif	1669213965001	1669213965236	OK	 
REQUEST		reptiles_icon.gif	1669213965006	1669213965240	OK	 
REQUEST		birds_icon.gif	1669213965001	1669213965252	OK	 
REQUEST		birds_icon.gif	1669213965035	1669213965282	OK	 
REQUEST		request_11	1669213965180	1669213965412	OK	 
REQUEST		request_12	1669213965196	1669213965432	OK	 
REQUEST		request_11	1669213965201	1669213965432	OK	 
REQUEST		request_12	1669213965205	1669213965441	OK	 
REQUEST		request_13	1669213965205	1669213965441	OK	 
REQUEST		request_11	1669213965202	1669213965441	OK	 
REQUEST		request_12	1669213965205	1669213965443	OK	 
REQUEST		request_14	1669213965211	1669213965454	OK	 
REQUEST		request_13	1669213965211	1669213965454	OK	 
REQUEST		request_14	1669213965216	1669213965456	OK	 
REQUEST		request_13	1669213965238	1669213965472	OK	 
REQUEST		request_14	1669213965241	1669213965479	OK	 
REQUEST		splash.gif	1669213965154	1669213965603	OK	 
REQUEST		splash.gif	1669213965177	1669213965650	OK	 
REQUEST		splash.gif	1669213965177	1669213965651	OK	 
REQUEST		request_15	1669213965231	1669213965728	OK	 
REQUEST		request_15	1669213965254	1669213965745	OK	 
REQUEST		request_15	1669213965284	1669213965773	OK	 
REQUEST		request_16	1669213967745	1669213967985	OK	 
REQUEST		request_16	1669213967760	1669213968002	OK	 
REQUEST		request_16	1669213967776	1669213968011	OK	 
REQUEST		jpetstore.css	1669213968001	1669213968247	OK	 
REQUEST		jpetstore.css	1669213968021	1669213968253	OK	 
REQUEST		separator.gif	1669213968024	1669213968256	OK	 
REQUEST		logo-topbar.gif	1669213968003	1669213968257	OK	 
REQUEST		cart.gif	1669213968004	1669213968259	OK	 
REQUEST		jpetstore.css	1669213968026	1669213968260	OK	 
REQUEST		cart.gif	1669213968024	1669213968260	OK	 
REQUEST		sm_dogs.gif	1669213968027	1669213968260	OK	 
REQUEST		separator.gif	1669213968025	1669213968261	OK	 
REQUEST		logo-topbar.gif	1669213968023	1669213968262	OK	 
REQUEST		sm_fish.gif	1669213968026	1669213968272	OK	 
REQUEST		logo-topbar.gif	1669213968028	1669213968272	OK	 
REQUEST		sm_fish.gif	1669213968025	1669213968272	OK	 
REQUEST		sm_dogs.gif	1669213968027	1669213968274	OK	 
REQUEST		separator.gif	1669213968030	1669213968274	OK	 
REQUEST		sm_dogs.gif	1669213968033	1669213968275	OK	 
REQUEST		cart.gif	1669213968029	1669213968276	OK	 
REQUEST		sm_fish.gif	1669213968032	1669213968278	OK	 
REQUEST		request_26	1669213970283	1669213970523	OK	 
REQUEST		request_26	1669213970283	1669213970523	OK	 
REQUEST		request_26	1669213970283	1669213970527	OK	 
REQUEST		jpetstore.css	1669213970539	1669213970766	OK	 
REQUEST		jpetstore.css	1669213970539	1669213970774	OK	 
REQUEST		separator.gif	1669213970543	1669213970774	OK	 
REQUEST		logo-topbar.gif	1669213970540	1669213970775	OK	 
REQUEST		jpetstore.css	1669213970546	1669213970779	OK	 
REQUEST		sm_dogs.gif	1669213970545	1669213970779	OK	 
REQUEST		logo-topbar.gif	1669213970540	1669213970779	OK	 
REQUEST		sm_fish.gif	1669213970544	1669213970780	OK	 
REQUEST		cart.gif	1669213970541	1669213970780	OK	 
REQUEST		cart.gif	1669213970541	1669213970781	OK	 
REQUEST		separator.gif	1669213970550	1669213970784	OK	 
REQUEST		sm_dogs.gif	1669213970545	1669213970785	OK	 
REQUEST		sm_fish.gif	1669213970544	1669213970785	OK	 
REQUEST		logo-topbar.gif	1669213970547	1669213970785	OK	 
REQUEST		cart.gif	1669213970549	1669213970786	OK	 
REQUEST		separator.gif	1669213970543	1669213970786	OK	 
REQUEST		sm_dogs.gif	1669213970554	1669213970793	OK	 
REQUEST		sm_fish.gif	1669213970551	1669213970795	OK	 
REQUEST		AAAAAAAAAAAAAA	1669213972805	1669213973285	KO	status.find.in(200,201,202,203,204,205,206,207,208,209,304), found 500
REQUEST		AAAAAAAAAAAAAA	1669213972805	1669213973264	KO	status.find.in(200,201,202,203,204,205,206,207,208,209,304), found 500
REQUEST		AAAAAAAAAAAAAA	1669213972812	1669213973285	KO	status.find.in(200,201,202,203,204,205,206,207,208,209,304), found 500
USER	registerUser	END	1669213973301
USER	registerUser	END	1669213973301
USER	registerUser	END	1669213973301
