RUN	com.gatling.tests.registerUser	registeruser	1669182838600	test	3.6.1
USER	registerUser	START	1669182840544
USER	registerUser	START	1669182840544
USER	registerUser	START	1669182840544
REQUEST		request_0	1669182840597	1669182841397	OK	 
REQUEST		request_0	1669182840597	1669182841397	OK	 
REQUEST		request_0	1669182840597	1669182841397	OK	 
REQUEST		jpetstore.css	1669182841690	1669182841931	OK	 
REQUEST		jpetstore.css	1669182841690	1669182841931	OK	 
REQUEST		jpetstore.css	1669182841690	1669182841924	OK	 
REQUEST		sm_reptiles.gif	1669182841988	1669182842217	OK	 
REQUEST		sm_reptiles.gif	1669182841989	1669182842217	OK	 
REQUEST		sm_reptiles.gif	1669182841988	1669182842222	OK	 
REQUEST		sm_cats.gif	1669182842220	1669182842448	OK	 
REQUEST		sm_cats.gif	1669182842220	1669182842448	OK	 
REQUEST		sm_cats.gif	1669182842225	1669182842460	OK	 
REQUEST		cart.gif	1669182841694	1669182842470	OK	 
REQUEST		cart.gif	1669182841694	1669182842485	OK	 
REQUEST		logo-topbar.gif	1669182841693	1669182842490	OK	 
REQUEST		separator.gif	1669182841696	1669182842490	OK	 
REQUEST		logo-topbar.gif	1669182841693	1669182842492	OK	 
REQUEST		cart.gif	1669182841694	1669182842495	OK	 
REQUEST		logo-topbar.gif	1669182841693	1669182842495	OK	 
REQUEST		separator.gif	1669182841696	1669182842495	OK	 
REQUEST		separator.gif	1669182841696	1669182842499	OK	 
REQUEST		sm_fish.gif	1669182841698	1669182842499	OK	 
REQUEST		sm_fish.gif	1669182841697	1669182842499	OK	 
REQUEST		sm_fish.gif	1669182841697	1669182842503	OK	 
REQUEST		sm_dogs.gif	1669182841700	1669182842503	OK	 
REQUEST		sm_dogs.gif	1669182841700	1669182842520	OK	 
REQUEST		sm_dogs.gif	1669182841699	1669182842520	OK	 
REQUEST		sm_birds.gif	1669182842449	1669182842691	OK	 
REQUEST		sm_birds.gif	1669182842449	1669182842692	OK	 
REQUEST		fish_icon.gif	1669182842471	1669182842705	OK	 
REQUEST		sm_birds.gif	1669182842462	1669182842704	OK	 
REQUEST		dogs_icon.gif	1669182842492	1669182842724	OK	 
REQUEST		fish_icon.gif	1669182842486	1669182842724	OK	 
REQUEST		cats_icon.gif	1669182842496	1669182842738	OK	 
REQUEST		dogs_icon.gif	1669182842493	1669182842738	OK	 
REQUEST		cats_icon.gif	1669182842501	1669182842742	OK	 
REQUEST		reptiles_icon.gif	1669182842501	1669182842743	OK	 
REQUEST		cats_icon.gif	1669182842497	1669182842746	OK	 
REQUEST		reptiles_icon.gif	1669182842501	1669182842750	OK	 
REQUEST		fish_icon.gif	1669182842492	1669182842755	OK	 
REQUEST		birds_icon.gif	1669182842505	1669182842755	OK	 
REQUEST		dogs_icon.gif	1669182842496	1669182842762	OK	 
REQUEST		birds_icon.gif	1669182842522	1669182842763	OK	 
REQUEST		reptiles_icon.gif	1669182842505	1669182842766	OK	 
REQUEST		birds_icon.gif	1669182842522	1669182842771	OK	 
REQUEST		request_11	1669182842713	1669182842942	OK	 
REQUEST		request_12	1669182842725	1669182842955	OK	 
REQUEST		request_11	1669182842729	1669182842959	OK	 
REQUEST		request_13	1669182842740	1669182842975	OK	 
REQUEST		request_12	1669182842742	1669182842975	OK	 
REQUEST		request_10	1669182842751	1669182842989	OK	 
REQUEST		request_14	1669182842745	1669182842989	OK	 
REQUEST		request_13	1669182842747	1669182842989	OK	 
REQUEST		request_14	1669182842751	1669182842991	OK	 
REQUEST		request_11	1669182842757	1669182842999	OK	 
REQUEST		request_13	1669182842764	1669182843002	OK	 
REQUEST		request_14	1669182842768	1669182843006	OK	 
REQUEST		splash.gif	1669182842693	1669182843148	OK	 
REQUEST		splash.gif	1669182842692	1669182843148	OK	 
REQUEST		splash.gif	1669182842706	1669182843179	OK	 
REQUEST		request_15	1669182842760	1669182843236	OK	 
REQUEST		request_15	1669182842764	1669182843237	OK	 
REQUEST		request_15	1669182842772	1669182843251	OK	 
REQUEST		request_16	1669182845246	1669182845481	OK	 
REQUEST		request_16	1669182845246	1669182845485	OK	 
REQUEST		request_16	1669182845262	1669182845515	OK	 
REQUEST		jpetstore.css	1669182845501	1669182845735	OK	 
REQUEST		sm_dogs.gif	1669182845511	1669182845742	OK	 
REQUEST		separator.gif	1669182845509	1669182845748	OK	 
REQUEST		jpetstore.css	1669182845504	1669182845750	OK	 
REQUEST		separator.gif	1669182845521	1669182845751	OK	 
REQUEST		logo-topbar.gif	1669182845505	1669182845752	OK	 
REQUEST		logo-topbar.gif	1669182845502	1669182845752	OK	 
REQUEST		sm_dogs.gif	1669182845524	1669182845753	OK	 
REQUEST		cart.gif	1669182845507	1669182845753	OK	 
REQUEST		sm_fish.gif	1669182845510	1669182845755	OK	 
REQUEST		separator.gif	1669182845536	1669182845760	OK	 
REQUEST		cart.gif	1669182845520	1669182845760	OK	 
REQUEST		sm_fish.gif	1669182845523	1669182845762	OK	 
REQUEST		logo-topbar.gif	1669182845533	1669182845770	OK	 
REQUEST		jpetstore.css	1669182845530	1669182845771	OK	 
REQUEST		sm_dogs.gif	1669182845539	1669182845772	OK	 
REQUEST		cart.gif	1669182845534	1669182845774	OK	 
REQUEST		sm_fish.gif	1669182845537	1669182845779	OK	 
REQUEST		request_26	1669182847768	1669182847998	OK	 
REQUEST		request_26	1669182847768	1669182847998	OK	 
REQUEST		request_26	1669182847783	1669182848016	OK	 
REQUEST		jpetstore.css	1669182848010	1669182848237	OK	 
REQUEST		cart.gif	1669182848013	1669182848241	OK	 
REQUEST		sm_dogs.gif	1669182848019	1669182848253	OK	 
REQUEST		sm_dogs.gif	1669182848022	1669182848253	OK	 
REQUEST		logo-topbar.gif	1669182848012	1669182848254	OK	 
REQUEST		separator.gif	1669182848014	1669182848255	OK	 
REQUEST		jpetstore.css	1669182848013	1669182848257	OK	 
REQUEST		logo-topbar.gif	1669182848014	1669182848259	OK	 
REQUEST		sm_fish.gif	1669182848017	1669182848261	OK	 
REQUEST		separator.gif	1669182848019	1669182848261	OK	 
REQUEST		cart.gif	1669182848017	1669182848263	OK	 
REQUEST		sm_fish.gif	1669182848020	1669182848265	OK	 
REQUEST		jpetstore.css	1669182848031	1669182848265	OK	 
REQUEST		sm_dogs.gif	1669182848038	1669182848270	OK	 
REQUEST		cart.gif	1669182848034	1669182848272	OK	 
REQUEST		logo-topbar.gif	1669182848033	1669182848273	OK	 
REQUEST		separator.gif	1669182848035	1669182848274	OK	 
REQUEST		sm_fish.gif	1669182848037	1669182848275	OK	 
REQUEST		AAAAAAAAAAAAAA	1669182850278	1669182850739	KO	status.find.in(200,201,202,203,204,205,206,207,208,209,304), found 500
REQUEST		AAAAAAAAAAAAAA	1669182850278	1669182850753	KO	status.find.in(200,201,202,203,204,205,206,207,208,209,304), found 500
REQUEST		AAAAAAAAAAAAAA	1669182850283	1669182850791	KO	status.find.in(200,201,202,203,204,205,206,207,208,209,304), found 500
USER	registerUser	END	1669182850839
USER	registerUser	END	1669182850842
USER	registerUser	END	1669182850857
