RUN	com.gatling.tests.createOrder	createorder	1669299834841	asdf	3.6.1
USER	createOrder	START	1669299836772
USER	createOrder	START	1669299836772
USER	createOrder	START	1669299836772
REQUEST		CreateOrder_00_LandingPage	1669299836836	1669299837594	OK	 
REQUEST		CreateOrder_00_LandingPage	1669299836836	1669299837595	OK	 
REQUEST		CreateOrder_00_LandingPage	1669299836836	1669299837594	OK	 
REQUEST		CreateOrder_01_ClickSignIn	1669299839942	1669299840170	OK	 
REQUEST		CreateOrder_01_ClickSignIn	1669299839942	1669299840182	OK	 
REQUEST		CreateOrder_01_ClickSignIn	1669299839942	1669299840184	OK	 
REQUEST		CreateOrder_02_Login #{username}	1669299842211	1669299842447	OK	 
REQUEST		CreateOrder_02_Login #{username}	1669299842211	1669299842453	OK	 
REQUEST		CreateOrder_02_Login #{username}	1669299842211	1669299842461	OK	 
REQUEST		CreateOrder_03_SelectCategory FISH	1669299844467	1669299844694	OK	 
REQUEST		CreateOrder_03_SelectCategory FISH	1669299844466	1669299844703	OK	 
REQUEST		CreateOrder_03_SelectCategory REPTILES	1669299844476	1669299844724	OK	 
REQUEST		CreateOrder_04_SelectProduct FI-FW-02	1669299846736	1669299846968	OK	 
REQUEST		CreateOrder_04_SelectProduct FI-SW-02	1669299846736	1669299846976	OK	 
REQUEST		CreateOrder_04_SelectProduct RP-SN-01	1669299846736	1669299846976	OK	 
REQUEST		CreateOrder_05_ViewItem	1669299848979	1669299849224	OK	 
REQUEST		CreateOrder_05_ViewItem	1669299848995	1669299849233	OK	 
REQUEST		CreateOrder_05_ViewItem	1669299848995	1669299849233	OK	 
REQUEST		CreateOrder_05_AddToCart	1669299851239	1669299851475	OK	 
REQUEST		CreateOrder_05_AddToCart	1669299851239	1669299851475	OK	 
REQUEST		CreateOrder_05_AddToCart	1669299851239	1669299851483	OK	 
REQUEST		CreateOrder_06_ProceedCheckout	1669299853484	1669299853713	OK	 
REQUEST		CreateOrder_06_ProceedCheckout	1669299853484	1669299853720	OK	 
REQUEST		CreateOrder_06_ProceedCheckout	1669299853499	1669299853736	OK	 
REQUEST		CreateOrder_07_PressContinue	1669299855730	1669299855958	OK	 
REQUEST		CreateOrder_07_PressContinue	1669299855730	1669299855972	OK	 
REQUEST		CreateOrder_07_PressContinue	1669299855747	1669299855980	OK	 
REQUEST		CreateOrder_08_ConfirmOrder	1669299857991	1669299858455	KO	status.find.in(200,201,202,203,204,205,206,207,208,209,304), found 500
REQUEST		CreateOrder_08_ConfirmOrder	1669299857975	1669299858438	KO	status.find.in(200,201,202,203,204,205,206,207,208,209,304), found 500
REQUEST		CreateOrder_08_ConfirmOrder	1669299857991	1669299858455	KO	status.find.in(200,201,202,203,204,205,206,207,208,209,304), found 500
USER	createOrder	END	1669299858476
USER	createOrder	END	1669299858476
USER	createOrder	END	1669299858476
