RUN	com.gatling.tests.registerUser	registeruser	1669179364684	test	3.6.1
USER	registerUser	START	1669179366610
USER	registerUser	START	1669179366610
REQUEST		request_0	1669179366659	1669179367416	OK	 
REQUEST		request_0	1669179366659	1669179367416	OK	 
REQUEST		jpetstore.css	1669179367665	1669179367910	OK	 
REQUEST		jpetstore.css	1669179367665	1669179367902	OK	 
REQUEST		sm_reptiles.gif	1669179367954	1669179368190	OK	 
REQUEST		sm_reptiles.gif	1669179367954	1669179368199	OK	 
REQUEST		separator.gif	1669179367670	1669179368366	OK	 
REQUEST		cart.gif	1669179367669	1669179368449	OK	 
REQUEST		cart.gif	1669179367669	1669179368449	OK	 
REQUEST		sm_cats.gif	1669179368201	1669179368452	OK	 
REQUEST		sm_cats.gif	1669179368194	1669179368453	OK	 
REQUEST		sm_fish.gif	1669179367672	1669179368457	OK	 
REQUEST		separator.gif	1669179367670	1669179368457	OK	 
REQUEST		sm_fish.gif	1669179367672	1669179368461	OK	 
REQUEST		logo-topbar.gif	1669179367667	1669179368465	OK	 
REQUEST		sm_dogs.gif	1669179367674	1669179368466	OK	 
REQUEST		logo-topbar.gif	1669179367667	1669179368469	OK	 
REQUEST		sm_dogs.gif	1669179367674	1669179368469	OK	 
REQUEST		sm_birds.gif	1669179368368	1669179368598	OK	 
REQUEST		sm_birds.gif	1669179368450	1669179368676	OK	 
REQUEST		fish_icon.gif	1669179368450	1669179368685	OK	 
REQUEST		fish_icon.gif	1669179368454	1669179368685	OK	 
REQUEST		dogs_icon.gif	1669179368458	1669179368695	OK	 
REQUEST		dogs_icon.gif	1669179368455	1669179368695	OK	 
REQUEST		cats_icon.gif	1669179368458	1669179368700	OK	 
REQUEST		cats_icon.gif	1669179368462	1669179368701	OK	 
REQUEST		reptiles_icon.gif	1669179368467	1669179368704	OK	 
REQUEST		birds_icon.gif	1669179368470	1669179368711	OK	 
REQUEST		birds_icon.gif	1669179368471	1669179368711	OK	 
REQUEST		reptiles_icon.gif	1669179368466	1669179368715	OK	 
REQUEST		request_11	1669179368693	1669179368926	OK	 
REQUEST		request_11	1669179368693	1669179368926	OK	 
REQUEST		request_12	1669179368698	1669179368934	OK	 
REQUEST		request_12	1669179368698	1669179368934	OK	 
REQUEST		request_13	1669179368702	1669179368935	OK	 
REQUEST		request_13	1669179368701	1669179368935	OK	 
REQUEST		request_14	1669179368705	1669179368948	OK	 
REQUEST		splash.gif	1669179368599	1669179369052	OK	 
REQUEST		splash.gif	1669179368678	1669179369145	OK	 
REQUEST		request_15	1669179368713	1669179369186	OK	 
REQUEST		request_15	1669179368712	1669179369207	OK	 
REQUEST		request_16	1669179371195	1669179371440	OK	 
REQUEST		request_16	1669179371211	1669179371453	OK	 
REQUEST		separator.gif	1669179371462	1669179371690	OK	 
REQUEST		logo-topbar.gif	1669179371460	1669179371698	OK	 
REQUEST		separator.gif	1669179371474	1669179371698	OK	 
REQUEST		jpetstore.css	1669179371458	1669179371699	OK	 
REQUEST		cart.gif	1669179371461	1669179371702	OK	 
REQUEST		sm_fish.gif	1669179371464	1669179371703	OK	 
REQUEST		jpetstore.css	1669179371468	1669179371706	OK	 
REQUEST		sm_dogs.gif	1669179371477	1669179371707	OK	 
REQUEST		logo-topbar.gif	1669179371470	1669179371708	OK	 
REQUEST		cart.gif	1669179371472	1669179371713	OK	 
REQUEST		sm_fish.gif	1669179371475	1669179371721	OK	 
REQUEST		sm_dogs.gif	1669179371465	1669179371726	OK	 
REQUEST		request_26	1669179373729	1669179373956	OK	 
REQUEST		request_26	1669179373729	1669179373956	OK	 
REQUEST		logo-topbar.gif	1669179373975	1669179374206	OK	 
REQUEST		sm_dogs.gif	1669179373980	1669179374206	OK	 
REQUEST		sm_dogs.gif	1669179373981	1669179374211	OK	 
REQUEST		jpetstore.css	1669179373974	1669179374211	OK	 
REQUEST		logo-topbar.gif	1669179373975	1669179374212	OK	 
REQUEST		jpetstore.css	1669179373974	1669179374212	OK	 
REQUEST		cart.gif	1669179373977	1669179374213	OK	 
REQUEST		cart.gif	1669179373977	1669179374214	OK	 
REQUEST		separator.gif	1669179373978	1669179374215	OK	 
REQUEST		separator.gif	1669179373978	1669179374215	OK	 
REQUEST		sm_fish.gif	1669179373979	1669179374225	OK	 
REQUEST		sm_fish.gif	1669179373979	1669179374225	OK	 
REQUEST		AAAAAAAAAAAAAA	1669179376239	1669179376476	OK	 
REQUEST		AAAAAAAAAAAAAA Redirect 1	1669179376481	1669179376714	OK	 
REQUEST		AAAAAAAAAAAAAA	1669179376239	1669179376714	KO	status.find.in(200,201,202,203,204,205,206,207,208,209,304), found 500
USER	registerUser	END	1669179376763
REQUEST		sm_fish.gif	1669179376743	1669179376970	OK	 
REQUEST		jpetstore.css	1669179376736	1669179376978	OK	 
REQUEST		logo-topbar.gif	1669179376738	1669179376979	OK	 
REQUEST		sm_dogs.gif	1669179376745	1669179376980	OK	 
REQUEST		cart.gif	1669179376740	1669179376981	OK	 
REQUEST		separator.gif	1669179376741	1669179376988	OK	 
USER	registerUser	END	1669179376994
