RUN	com.gatling.tests.createOrder	createorder	1669245986558	asdf	3.6.1
USER	createOrder	START	1669245988467
USER	createOrder	START	1669245988467
USER	createOrder	START	1669245988467
REQUEST		CreateOrder_00_LandingPage	1669245988528	1669245989357	OK	 
REQUEST		CreateOrder_00_LandingPage	1669245988528	1669245989357	OK	 
REQUEST		CreateOrder_00_LandingPage	1669245988528	1669245990920	OK	 
REQUEST		CreateOrder_01_ClickSignIn	1669245991613	1669245991854	OK	 
REQUEST		CreateOrder_01_ClickSignIn	1669245991613	1669245991865	OK	 
REQUEST		CreateOrder_01_ClickSignIn	1669245992941	1669245993180	OK	 
REQUEST		CreateOrder_02_Login	1669245993890	1669245994133	OK	 
REQUEST		CreateOrder_02_Login	1669245993890	1669245994133	OK	 
REQUEST		CreateOrder_02_Login Redirect 1	1669245994140	1669245994379	OK	 
REQUEST		CreateOrder_02_Login Redirect 1	1669245994140	1669245994379	OK	 
REQUEST		CreateOrder_02_Login	1669245995186	1669245995418	OK	 
REQUEST		CreateOrder_02_Login Redirect 1	1669245995419	1669245995648	OK	 
REQUEST		CreateOrder_03_SelectCategory FISH	1669245996398	1669245996641	OK	 
REQUEST		CreateOrder_03_SelectCategory FISH	1669245996398	1669245996641	OK	 
REQUEST		CreateOrder_03_SelectCategory FISH	1669245997668	1669245997897	OK	 
REQUEST		CreateOrder_04_SelectProduct FI-SW-02	1669245998668	1669245998911	OK	 
REQUEST		CreateOrder_04_SelectProduct FI-SW-02	1669245998667	1669245998911	OK	 
REQUEST		CreateOrder_04_SelectProduct FI-FW-02	1669245999917	1669246000147	OK	 
REQUEST		CreateOrder_05_ViewItem	1669246000925	1669246002186	OK	 
REQUEST		CreateOrder_05_ViewItem	1669246000926	1669246002186	OK	 
REQUEST		CreateOrder_05_ViewItem	1669246002166	1669246002409	OK	 
REQUEST		CreateOrder_05_AddToCart	1669246004203	1669246004443	OK	 
REQUEST		CreateOrder_05_AddToCart	1669246004203	1669246004443	OK	 
REQUEST		CreateOrder_05_AddToCart	1669246004421	1669246004654	OK	 
REQUEST		CreateOrder_06_ProceedCheckout	1669246006453	1669246006693	OK	 
REQUEST		CreateOrder_06_ProceedCheckout	1669246006453	1669246006694	OK	 
REQUEST		CreateOrder_06_ProceedCheckout	1669246006672	1669246006903	OK	 
REQUEST		CreateOrder_07_PressContinue	1669246008712	1669246008955	OK	 
REQUEST		CreateOrder_07_PressContinue	1669246008712	1669246008960	OK	 
REQUEST		CreateOrder_07_PressContinue	1669246008913	1669246009151	OK	 
REQUEST		CreateOrder_08_ConfirmOrder	1669246010969	1669246011210	OK	 
REQUEST		CreateOrder_08_ConfirmOrder	1669246010969	1669246011211	OK	 
USER	createOrder	END	1669246011220
USER	createOrder	END	1669246011220
REQUEST		CreateOrder_08_ConfirmOrder	1669246011156	1669246011385	OK	 
USER	createOrder	END	1669246011389
