RUN	com.gatling.tests.PetShop_Smoke	petshop-smoke	1669321033931	sdf	3.6.1
USER	registerUser	START	1669321035822
USER	createOrder	START	1669321035822
USER	createOrder	START	1669321035822
USER	registerUser	START	1669321035822
USER	updateOrder	START	1669321035823
USER	registerUser	START	1669321035822
USER	updateOrder	START	1669321035823
USER	createOrder	START	1669321035822
USER	updateOrder	START	1669321035822
REQUEST		LandingPage	1669321035895	1669321036760	OK	 
REQUEST		LandingPage	1669321035894	1669321036760	OK	 
REQUEST		LandingPage	1669321035894	1669321036760	OK	 
REQUEST		LandingPage	1669321035894	1669321036761	OK	 
REQUEST		LandingPage	1669321035894	1669321036760	OK	 
REQUEST		LandingPage	1669321035894	1669321036760	OK	 
REQUEST		LandingPage	1669321035894	1669321036762	OK	 
REQUEST		LandingPage	1669321035894	1669321036760	OK	 
REQUEST		LandingPage	1669321035895	1669321036761	OK	 
REQUEST		ClickSignIn	1669321039052	1669321039293	OK	 
REQUEST		ClickSignIn	1669321039557	1669321039800	OK	 
REQUEST		ClickSignIn	1669321039603	1669321039870	OK	 
REQUEST		ClickSignIn	1669321039758	1669321039998	OK	 
REQUEST		ClickSignIn	1669321039898	1669321040138	OK	 
REQUEST		ClickSignIn	1669321039992	1669321040239	OK	 
REQUEST		ClickSignIn	1669321040254	1669321040501	OK	 
REQUEST		ClickSignIn	1669321040394	1669321040643	OK	 
REQUEST		ClickSignIn	1669321040826	1669321041087	OK	 
REQUEST		ClickRegisterNow	1669321041695	1669321041947	OK	 
REQUEST		Login	1669321043273	1669321043517	OK	 
REQUEST		Login	1669321043309	1669321043575	OK	 
REQUEST		Login Redirect 1	1669321043525	1669321043771	OK	 
REQUEST		Login	1669321043571	1669321043819	OK	 
REQUEST		Login Redirect 1	1669321043576	1669321043819	OK	 
REQUEST		Login	1669321043772	1669321044021	OK	 
REQUEST		Login Redirect 1	1669321043820	1669321044063	OK	 
REQUEST		Login	1669321043974	1669321044213	OK	 
REQUEST		ClickRegisterNow	1669321044018	1669321044261	OK	 
REQUEST		Login Redirect 1	1669321044022	1669321044266	OK	 
REQUEST		ClickRegisterNow	1669321044143	1669321044384	OK	 
REQUEST		Login Redirect 1	1669321044214	1669321044454	OK	 
REQUEST		Login	1669321044299	1669321044538	OK	 
REQUEST		Login Redirect 1	1669321044539	1669321044780	OK	 
REQUEST		SaveAccountInfo	1669321045013	1669321045277	OK	 
REQUEST		SelectCategory REPTILES	1669321046341	1669321046591	OK	 
REQUEST		SelectCategory DOGS	1669321046421	1669321046662	OK	 
REQUEST		SaveAccountInfo	1669321046437	1669321046685	OK	 
REQUEST		SaveAccountInfo	1669321047054	1669321047297	OK	 
REQUEST		SelectCategory DOGS	1669321047254	1669321047499	OK	 
REQUEST		SelectCategory FISH	1669321047302	1669321047549	OK	 
REQUEST		SelectCategory DOGS	1669321047471	1669321047721	OK	 
REQUEST		SelectCategory FISH	1669321048013	1669321048254	OK	 
USER	registerUser	END	1669321048559
REQUEST		SelectProduct K9-PO-02	1669321049128	1669321049370	OK	 
USER	registerUser	END	1669321049808
REQUEST		SelectProduct FI-SW-02	1669321049762	1669321050000	OK	 
REQUEST		SelectProduct RP-SN-01	1669321050380	1669321050620	OK	 
USER	registerUser	END	1669321050643
REQUEST		SelectProduct K9-DL-01	1669321050488	1669321050731	OK	 
REQUEST		SelectProduct K9-RT-02	1669321050519	1669321050760	OK	 
REQUEST		SelectProduct FI-SW-02	1669321051063	1669321051304	OK	 
REQUEST		ViewItem	1669321051885	1669321052127	OK	 
REQUEST		ViewItem	1669321053028	1669321053277	OK	 
REQUEST		ViewItem	1669321053834	1669321054076	OK	 
REQUEST		ViewItem	1669321053913	1669321054153	OK	 
REQUEST		ViewItem	1669321054037	1669321054277	OK	 
REQUEST		AddToCart	1669321054300	1669321054556	OK	 
REQUEST		ViewItem	1669321055198	1669321055443	OK	 
REQUEST		AddToCart	1669321056078	1669321056324	OK	 
REQUEST		AddToCart	1669321056777	1669321057021	OK	 
REQUEST		AddToCart	1669321057227	1669321057469	OK	 
REQUEST		AddToCart	1669321057976	1669321058219	OK	 
REQUEST		ProceedCheckout	1669321058069	1669321058310	OK	 
REQUEST		AddToCart	1669321058069	1669321058310	OK	 
REQUEST		ProceedCheckout	1669321058835	1669321059075	OK	 
REQUEST		SelectCategory CATS	1669321060054	1669321060294	OK	 
REQUEST		SelectCategory DOGS	1669321060709	1669321060948	OK	 
REQUEST		SelectCategory DOGS	1669321060880	1669321061120	OK	 
REQUEST		ProceedCheckout	1669321061734	1669321061984	OK	 
REQUEST		PressContinue	1669321061812	1669321062051	OK	 
REQUEST		PressContinue	1669321062234	1669321062477	OK	 
REQUEST		SelectProduct K9-PO-02	1669321063073	1669321063316	OK	 
REQUEST		SelectProduct K9-PO-02	1669321063198	1669321063440	OK	 
REQUEST		SelectProduct FL-DSH-01	1669321063991	1669321064230	OK	 
REQUEST		PressContinue	1669321065079	1669321065321	OK	 
REQUEST		ConfirmOrder	1669321065220	1669321065461	OK	 
REQUEST		ViewItem	1669321065924	1669321066162	OK	 
REQUEST		ConfirmOrder	1669321065955	1669321066203	OK	 
REQUEST		ViewItem	1669321067156	1669321067394	OK	 
REQUEST		ViewItem	1669321067326	1669321067567	OK	 
USER	createOrder	END	1669321067984
REQUEST		ConfirmOrder	1669321069142	1669321069391	OK	 
USER	createOrder	END	1669321069460
REQUEST		AddToCart	1669321069910	1669321070153	OK	 
REQUEST		AddToCart	1669321070160	1669321070418	OK	 
REQUEST		AddToCart	1669321070423	1669321070665	OK	 
USER	createOrder	END	1669321072537
REQUEST		SelectCategory CATS	1669321072961	1669321073200	OK	 
REQUEST		SelectCategory FISH	1669321073429	1669321073682	OK	 
REQUEST		SelectCategory REPTILES	1669321073988	1669321074228	OK	 
REQUEST		SelectProduct FI-FW-01	1669321075907	1669321076155	OK	 
REQUEST		SelectProduct FL-DSH-01	1669321077079	1669321077325	OK	 
REQUEST		SelectProduct RP-LI-02	1669321077204	1669321077446	OK	 
REQUEST		ViewItem	1669321078500	1669321078746	OK	 
REQUEST		ViewItem	1669321079985	1669321080256	OK	 
REQUEST		ViewItem	1669321081019	1669321081267	OK	 
REQUEST		AddToCart	1669321081802	1669321082048	OK	 
REQUEST		AddToCart	1669321083098	1669321083340	OK	 
REQUEST		AddToCart	1669321083486	1669321083728	OK	 
REQUEST		SelectCategory FISH	1669321085661	1669321085901	OK	 
REQUEST		ProceedCheckout	1669321085754	1669321086010	OK	 
REQUEST		SelectCategory DOGS	1669321087420	1669321087660	OK	 
REQUEST		SelectProduct FI-SW-01	1669321088027	1669321088267	OK	 
REQUEST		PressContinue	1669321088825	1669321089083	OK	 
REQUEST		ViewItem	1669321090522	1669321090763	OK	 
REQUEST		SelectProduct K9-DL-01	1669321091267	1669321091508	OK	 
REQUEST		ConfirmOrder	1669321091408	1669321091650	OK	 
USER	updateOrder	END	1669321093720
REQUEST		AddToCart	1669321093704	1669321093955	OK	 
REQUEST		ViewItem	1669321094189	1669321094428	OK	 
REQUEST		AddToCart	1669321097125	1669321097367	OK	 
REQUEST		ProceedCheckout	1669321097219	1669321097467	OK	 
REQUEST		ProceedCheckout	1669321100488	1669321100726	OK	 
REQUEST		PressContinue	1669321100503	1669321100740	OK	 
REQUEST		ConfirmOrder	1669321103009	1669321103252	OK	 
REQUEST		PressContinue	1669321103025	1669321103264	OK	 
REQUEST		ConfirmOrder	1669321105644	1669321105887	OK	 
USER	updateOrder	END	1669321106393
USER	updateOrder	END	1669321109217
