RUN	com.gatling.tests.petshop	petshop	1669207635545	test	3.6.1
USER	registerUser	START	1669207637335
USER	registerUser	START	1669207637335
USER	registerUser	START	1669207637335
REQUEST		request_0	1669207637360	1669207638071	OK	 
REQUEST		request_0	1669207637360	1669207638096	OK	 
REQUEST		request_0	1669207637360	1669207638096	OK	 
REQUEST		jpetstore.css	1669207638217	1669207638459	OK	 
REQUEST		jpetstore.css	1669207638217	1669207638459	OK	 
REQUEST		jpetstore.css	1669207638217	1669207638459	OK	 
REQUEST		sm_reptiles.gif	1669207638484	1669207638712	OK	 
REQUEST		sm_reptiles.gif	1669207638484	1669207638718	OK	 
REQUEST		sm_reptiles.gif	1669207638484	1669207638720	OK	 
REQUEST		sm_cats.gif	1669207638715	1669207638941	OK	 
REQUEST		logo-topbar.gif	1669207638218	1669207638941	OK	 
REQUEST		logo-topbar.gif	1669207638218	1669207638949	OK	 
REQUEST		sm_dogs.gif	1669207638221	1669207638952	OK	 
REQUEST		sm_cats.gif	1669207638719	1669207638952	OK	 
REQUEST		separator.gif	1669207638220	1669207638960	OK	 
REQUEST		sm_cats.gif	1669207638721	1669207638960	OK	 
REQUEST		logo-topbar.gif	1669207638218	1669207638970	OK	 
REQUEST		sm_dogs.gif	1669207638221	1669207638981	OK	 
REQUEST		sm_fish.gif	1669207638220	1669207638981	OK	 
REQUEST		separator.gif	1669207638220	1669207638981	OK	 
REQUEST		cart.gif	1669207638219	1669207638983	OK	 
REQUEST		cart.gif	1669207638219	1669207638983	OK	 
REQUEST		separator.gif	1669207638220	1669207638985	OK	 
REQUEST		sm_dogs.gif	1669207638221	1669207638988	OK	 
REQUEST		sm_fish.gif	1669207638220	1669207638988	OK	 
REQUEST		cart.gif	1669207638219	1669207638991	OK	 
REQUEST		sm_fish.gif	1669207638220	1669207638996	OK	 
REQUEST		sm_birds.gif	1669207638941	1669207639174	OK	 
REQUEST		sm_birds.gif	1669207638941	1669207639174	OK	 
REQUEST		fish_icon.gif	1669207638950	1669207639178	OK	 
REQUEST		dogs_icon.gif	1669207638953	1669207639186	OK	 
REQUEST		sm_birds.gif	1669207638953	1669207639206	OK	 
REQUEST		fish_icon.gif	1669207638962	1669207639206	OK	 
REQUEST		dogs_icon.gif	1669207638970	1669207639210	OK	 
REQUEST		fish_icon.gif	1669207638962	1669207639214	OK	 
REQUEST		cats_icon.gif	1669207638982	1669207639223	OK	 
REQUEST		cats_icon.gif	1669207638982	1669207639223	OK	 
REQUEST		dogs_icon.gif	1669207638982	1669207639223	OK	 
REQUEST		cats_icon.gif	1669207638984	1669207639226	OK	 
REQUEST		reptiles_icon.gif	1669207638984	1669207639226	OK	 
REQUEST		reptiles_icon.gif	1669207638986	1669207639229	OK	 
REQUEST		birds_icon.gif	1669207638989	1669207639239	OK	 
REQUEST		reptiles_icon.gif	1669207638989	1669207639239	OK	 
REQUEST		birds_icon.gif	1669207638992	1669207639242	OK	 
REQUEST		birds_icon.gif	1669207638997	1669207639254	OK	 
REQUEST		request_11	1669207639183	1669207639412	OK	 
REQUEST		request_12	1669207639188	1669207639423	OK	 
REQUEST		request_11	1669207639210	1669207639447	OK	 
REQUEST		request_12	1669207639215	1669207639447	OK	 
REQUEST		request_10	1669207639212	1669207639448	OK	 
REQUEST		request_13	1669207639224	1669207639457	OK	 
REQUEST		request_13	1669207639224	1669207639457	OK	 
REQUEST		request_12	1669207639224	1669207639457	OK	 
REQUEST		request_13	1669207639227	1669207639465	OK	 
REQUEST		request_14	1669207639227	1669207639465	OK	 
REQUEST		request_14	1669207639230	1669207639467	OK	 
REQUEST		request_14	1669207639240	1669207639486	OK	 
REQUEST		splash.gif	1669207639176	1669207639634	OK	 
REQUEST		splash.gif	1669207639176	1669207639633	OK	 
REQUEST		splash.gif	1669207639208	1669207639679	OK	 
REQUEST		request_15	1669207639240	1669207639717	OK	 
REQUEST		request_15	1669207639243	1669207639736	OK	 
REQUEST		request_15	1669207639255	1669207639751	OK	 
REQUEST		request_16	1669207641720	1669207641965	OK	 
REQUEST		request_16	1669207641767	1669207641994	OK	 
REQUEST		request_16	1669207641752	1669207641994	OK	 
REQUEST		separator.gif	1669207641977	1669207642208	OK	 
REQUEST		jpetstore.css	1669207641975	1669207642215	OK	 
REQUEST		logo-topbar.gif	1669207641976	1669207642215	OK	 
REQUEST		cart.gif	1669207641977	1669207642216	OK	 
REQUEST		sm_fish.gif	1669207641978	1669207642217	OK	 
REQUEST		sm_dogs.gif	1669207641979	1669207642221	OK	 
REQUEST		jpetstore.css	1669207642001	1669207642222	OK	 
REQUEST		separator.gif	1669207642003	1669207642234	OK	 
REQUEST		sm_dogs.gif	1669207642006	1669207642235	OK	 
REQUEST		logo-topbar.gif	1669207642002	1669207642242	OK	 
REQUEST		sm_dogs.gif	1669207642007	1669207642242	OK	 
REQUEST		cart.gif	1669207642002	1669207642243	OK	 
REQUEST		separator.gif	1669207642004	1669207642244	OK	 
REQUEST		jpetstore.css	1669207642002	1669207642245	OK	 
REQUEST		logo-topbar.gif	1669207642002	1669207642246	OK	 
REQUEST		cart.gif	1669207642003	1669207642251	OK	 
REQUEST		sm_fish.gif	1669207642004	1669207642251	OK	 
REQUEST		sm_fish.gif	1669207642006	1669207642252	OK	 
REQUEST		request_26	1669207644233	1669207644466	OK	 
REQUEST		request_26	1669207644263	1669207644492	OK	 
REQUEST		request_26	1669207644263	1669207644501	OK	 
REQUEST		jpetstore.css	1669207644473	1669207644711	OK	 
REQUEST		sm_fish.gif	1669207644478	1669207644713	OK	 
REQUEST		sm_dogs.gif	1669207644479	1669207644713	OK	 
REQUEST		cart.gif	1669207644476	1669207644714	OK	 
REQUEST		logo-topbar.gif	1669207644474	1669207644716	OK	 
REQUEST		separator.gif	1669207644478	1669207644718	OK	 
REQUEST		jpetstore.css	1669207644497	1669207644729	OK	 
REQUEST		logo-topbar.gif	1669207644498	1669207644730	OK	 
REQUEST		sm_dogs.gif	1669207644504	1669207644737	OK	 
REQUEST		separator.gif	1669207644502	1669207644738	OK	 
REQUEST		cart.gif	1669207644500	1669207644739	OK	 
REQUEST		jpetstore.css	1669207644507	1669207644747	OK	 
REQUEST		sm_fish.gif	1669207644503	1669207644747	OK	 
REQUEST		logo-topbar.gif	1669207644507	1669207644751	OK	 
REQUEST		sm_dogs.gif	1669207644510	1669207644751	OK	 
REQUEST		cart.gif	1669207644508	1669207644752	OK	 
REQUEST		separator.gif	1669207644509	1669207644753	OK	 
REQUEST		sm_fish.gif	1669207644509	1669207644754	OK	 
REQUEST		AAAAAAAAAAAAAA	1669207646735	1669207646974	OK	 
REQUEST		AAAAAAAAAAAAAA	1669207646764	1669207646990	OK	 
REQUEST		AAAAAAAAAAAAAA	1669207646764	1669207646999	OK	 
REQUEST		AAAAAAAAAAAAAA Redirect 1	1669207646990	1669207647213	OK	 
REQUEST		AAAAAAAAAAAAAA Redirect 1	1669207646978	1669207647213	OK	 
REQUEST		AAAAAAAAAAAAAA Redirect 1	1669207646999	1669207647238	OK	 
REQUEST		jpetstore.css	1669207647221	1669207647446	OK	 
REQUEST		jpetstore.css	1669207647221	1669207647446	OK	 
REQUEST		sm_fish.gif	1669207647224	1669207647450	OK	 
REQUEST		sm_dogs.gif	1669207647224	1669207647451	OK	 
REQUEST		logo-topbar.gif	1669207647222	1669207647461	OK	 
REQUEST		cart.gif	1669207647222	1669207647461	OK	 
REQUEST		cart.gif	1669207647222	1669207647461	OK	 
REQUEST		logo-topbar.gif	1669207647222	1669207647461	OK	 
REQUEST		sm_fish.gif	1669207647224	1669207647462	OK	 
REQUEST		separator.gif	1669207647223	1669207647463	OK	 
REQUEST		sm_dogs.gif	1669207647224	1669207647465	OK	 
REQUEST		separator.gif	1669207647223	1669207647473	OK	 
USER	registerUser	END	1669207647476
USER	registerUser	END	1669207647476
REQUEST		jpetstore.css	1669207647245	1669207647488	OK	 
REQUEST		sm_fish.gif	1669207647248	1669207647491	OK	 
REQUEST		sm_dogs.gif	1669207647248	1669207647492	OK	 
REQUEST		logo-topbar.gif	1669207647246	1669207647492	OK	 
REQUEST		cart.gif	1669207647247	1669207647494	OK	 
REQUEST		separator.gif	1669207647247	1669207647496	OK	 
USER	registerUser	END	1669207647498
