RUN	com.gatling.tests.registerUser	registeruser	1669219823985	asdf	3.6.1
USER	registerUser	START	1669219825887
REQUEST		PetShop_RegisterUser_00_LandingPage	1669219825933	1669219826756	OK	 
REQUEST		jpetstore.css	1669219826996	1669219827241	OK	 
REQUEST		sm_reptiles.gif	1669219827290	1669219827532	OK	 
REQUEST		logo-topbar.gif	1669219826999	1669219827773	OK	 
REQUEST		sm_cats.gif	1669219827534	1669219827778	OK	 
REQUEST		cart.gif	1669219827001	1669219827783	OK	 
REQUEST		separator.gif	1669219827002	1669219827792	OK	 
REQUEST		sm_fish.gif	1669219827003	1669219827799	OK	 
REQUEST		sm_dogs.gif	1669219827004	1669219827808	OK	 
REQUEST		sm_birds.gif	1669219827776	1669219828009	OK	 
REQUEST		fish_icon.gif	1669219827780	1669219828023	OK	 
REQUEST		dogs_icon.gif	1669219827785	1669219828029	OK	 
REQUEST		cats_icon.gif	1669219827793	1669219828032	OK	 
REQUEST		reptiles_icon.gif	1669219827801	1669219828042	OK	 
REQUEST		birds_icon.gif	1669219827810	1669219828054	OK	 
REQUEST		splash.gif	1669219828011	1669219828478	OK	 
REQUEST		PetShop_RegisterUser_01_ClickSignIn	1669219830492	1669219830741	OK	 
REQUEST		jpetstore.css	1669219830761	1669219831004	OK	 
REQUEST		sm_dogs.gif	1669219830771	1669219831011	OK	 
REQUEST		sm_fish.gif	1669219830770	1669219831013	OK	 
REQUEST		logo-topbar.gif	1669219830763	1669219831015	OK	 
REQUEST		cart.gif	1669219830765	1669219831017	OK	 
REQUEST		separator.gif	1669219830767	1669219831019	OK	 
REQUEST		PetShop_RegisterUser_02_ClickRegisterNow	1669219833027	1669219833271	OK	 
REQUEST		jpetstore.css	1669219833284	1669219833520	OK	 
REQUEST		logo-topbar.gif	1669219833285	1669219833524	OK	 
REQUEST		sm_dogs.gif	1669219833292	1669219833525	OK	 
REQUEST		cart.gif	1669219833287	1669219833527	OK	 
REQUEST		separator.gif	1669219833289	1669219833530	OK	 
REQUEST		sm_fish.gif	1669219833290	1669219833531	OK	 
REQUEST		AAAAAAAAAAAAAA	1669219835551	1669219836029	KO	status.find.in(200,201,202,203,204,205,206,207,208,209,304), found 500
USER	registerUser	END	1669219836067
