RUN	com.gatling.tests.petshop	petshop	1669210621129	test	3.6.1
USER	registerUser	START	1669210623055
USER	registerUser	START	1669210623055
USER	registerUser	START	1669210623055
REQUEST		request_0	1669210623109	1669210623850	OK	 
REQUEST		request_0	1669210623109	1669210623842	OK	 
REQUEST		request_0	1669210623109	1669210623865	OK	 
REQUEST		jpetstore.css	1669210624135	1669210624362	OK	 
REQUEST		jpetstore.css	1669210624135	1669210624382	OK	 
REQUEST		jpetstore.css	1669210624135	1669210624384	OK	 
REQUEST		sm_reptiles.gif	1669210624417	1669210624643	OK	 
REQUEST		sm_reptiles.gif	1669210624417	1669210624656	OK	 
REQUEST		sm_reptiles.gif	1669210624417	1669210624665	OK	 
REQUEST		cart.gif	1669210624138	1669210624845	OK	 
REQUEST		sm_cats.gif	1669210624646	1669210624873	OK	 
REQUEST		cart.gif	1669210624141	1669210624894	OK	 
REQUEST		cart.gif	1669210624139	1669210624894	OK	 
REQUEST		separator.gif	1669210624140	1669210624894	OK	 
REQUEST		sm_cats.gif	1669210624657	1669210624899	OK	 
REQUEST		logo-topbar.gif	1669210624137	1669210624899	OK	 
REQUEST		sm_cats.gif	1669210624667	1669210624909	OK	 
REQUEST		logo-topbar.gif	1669210624137	1669210624909	OK	 
REQUEST		sm_fish.gif	1669210624142	1669210624924	OK	 
REQUEST		logo-topbar.gif	1669210624137	1669210624925	OK	 
REQUEST		separator.gif	1669210624140	1669210624931	OK	 
REQUEST		sm_dogs.gif	1669210624143	1669210624931	OK	 
REQUEST		sm_fish.gif	1669210624143	1669210624938	OK	 
REQUEST		sm_fish.gif	1669210624141	1669210624954	OK	 
REQUEST		sm_dogs.gif	1669210624145	1669210624954	OK	 
REQUEST		sm_dogs.gif	1669210624142	1669210624958	OK	 
REQUEST		separator.gif	1669210624142	1669210624958	OK	 
REQUEST		sm_birds.gif	1669210624846	1669210625077	OK	 
REQUEST		sm_birds.gif	1669210624874	1669210625098	OK	 
REQUEST		fish_icon.gif	1669210624896	1669210625124	OK	 
REQUEST		fish_icon.gif	1669210624896	1669210625124	OK	 
REQUEST		dogs_icon.gif	1669210624901	1669210625139	OK	 
REQUEST		dogs_icon.gif	1669210624901	1669210625139	OK	 
REQUEST		sm_birds.gif	1669210624896	1669210625139	OK	 
REQUEST		cats_icon.gif	1669210624910	1669210625145	OK	 
REQUEST		fish_icon.gif	1669210624910	1669210625159	OK	 
REQUEST		cats_icon.gif	1669210624940	1669210625164	OK	 
REQUEST		reptiles_icon.gif	1669210624926	1669210625164	OK	 
REQUEST		dogs_icon.gif	1669210624926	1669210625167	OK	 
REQUEST		birds_icon.gif	1669210624933	1669210625170	OK	 
REQUEST		cats_icon.gif	1669210624932	1669210625170	OK	 
REQUEST		reptiles_icon.gif	1669210624956	1669210625184	OK	 
REQUEST		reptiles_icon.gif	1669210624956	1669210625196	OK	 
REQUEST		birds_icon.gif	1669210624959	1669210625201	OK	 
REQUEST		birds_icon.gif	1669210624959	1669210625201	OK	 
REQUEST		request_11	1669210625131	1669210625360	OK	 
REQUEST		request_11	1669210625131	1669210625360	OK	 
REQUEST		request_13	1669210625147	1669210625381	OK	 
REQUEST		request_12	1669210625141	1669210625381	OK	 
REQUEST		request_12	1669210625141	1669210625383	OK	 
REQUEST		request_13	1669210625165	1669210625391	OK	 
REQUEST		request_13	1669210625171	1669210625402	OK	 
REQUEST		request_14	1669210625165	1669210625403	OK	 
REQUEST		request_12	1669210625169	1669210625404	OK	 
REQUEST		request_11	1669210625165	1669210625408	OK	 
REQUEST		request_14	1669210625185	1669210625408	OK	 
REQUEST		request_14	1669210625197	1669210625437	OK	 
REQUEST		splash.gif	1669210625079	1669210625542	OK	 
REQUEST		splash.gif	1669210625100	1669210625556	OK	 
REQUEST		splash.gif	1669210625141	1669210625619	OK	 
REQUEST		request_15	1669210625171	1669210625642	OK	 
REQUEST		request_15	1669210625202	1669210625673	OK	 
REQUEST		request_15	1669210625202	1669210625685	OK	 
REQUEST		request_16	1669210627658	1669210627889	OK	 
REQUEST		request_16	1669210627688	1669210627921	OK	 
REQUEST		request_16	1669210627688	1669210627921	OK	 
REQUEST		logo-topbar.gif	1669210627905	1669210628141	OK	 
REQUEST		jpetstore.css	1669210627904	1669210628150	OK	 
REQUEST		separator.gif	1669210627921	1669210628152	OK	 
REQUEST		sm_dogs.gif	1669210627926	1669210628155	OK	 
REQUEST		cart.gif	1669210627906	1669210628157	OK	 
REQUEST		sm_fish.gif	1669210627924	1669210628173	OK	 
REQUEST		logo-topbar.gif	1669210627939	1669210628173	OK	 
REQUEST		separator.gif	1669210627940	1669210628175	OK	 
REQUEST		separator.gif	1669210627942	1669210628177	OK	 
REQUEST		jpetstore.css	1669210627938	1669210628178	OK	 
REQUEST		jpetstore.css	1669210627937	1669210628178	OK	 
REQUEST		sm_dogs.gif	1669210627946	1669210628179	OK	 
REQUEST		cart.gif	1669210627939	1669210628180	OK	 
REQUEST		cart.gif	1669210627941	1669210628180	OK	 
REQUEST		sm_fish.gif	1669210627942	1669210628181	OK	 
REQUEST		sm_dogs.gif	1669210627944	1669210628186	OK	 
REQUEST		sm_fish.gif	1669210627944	1669210628186	OK	 
REQUEST		logo-topbar.gif	1669210627938	1669210628189	OK	 
REQUEST		request_26	1669210630194	1669210630418	OK	 
REQUEST		request_26	1669210630178	1669210630418	OK	 
REQUEST		request_26	1669210630194	1669210630434	OK	 
REQUEST		logo-topbar.gif	1669210630434	1669210630663	OK	 
REQUEST		jpetstore.css	1669210630433	1669210630663	OK	 
REQUEST		cart.gif	1669210630436	1669210630667	OK	 
REQUEST		cart.gif	1669210630436	1669210630667	OK	 
REQUEST		sm_dogs.gif	1669210630441	1669210630668	OK	 
REQUEST		jpetstore.css	1669210630433	1669210630668	OK	 
REQUEST		logo-topbar.gif	1669210630434	1669210630669	OK	 
REQUEST		separator.gif	1669210630438	1669210630670	OK	 
REQUEST		separator.gif	1669210630438	1669210630671	OK	 
REQUEST		sm_dogs.gif	1669210630442	1669210630679	OK	 
REQUEST		sm_fish.gif	1669210630439	1669210630679	OK	 
REQUEST		jpetstore.css	1669210630449	1669210630680	OK	 
REQUEST		sm_fish.gif	1669210630439	1669210630682	OK	 
REQUEST		logo-topbar.gif	1669210630451	1669210630689	OK	 
REQUEST		separator.gif	1669210630453	1669210630691	OK	 
REQUEST		cart.gif	1669210630452	1669210630692	OK	 
REQUEST		sm_dogs.gif	1669210630456	1669210630694	OK	 
REQUEST		sm_fish.gif	1669210630455	1669210630695	OK	 
REQUEST		AAAAAAAAAAAAAA	1669210632697	1669210633152	KO	status.find.in(200,201,202,203,204,205,206,207,208,209,304), found 500
REQUEST		AAAAAAAAAAAAAA	1669210632697	1669210633152	KO	status.find.in(200,201,202,203,204,205,206,207,208,209,304), found 500
USER	registerUser	END	1669210633171
USER	registerUser	END	1669210633171
REQUEST		AAAAAAAAAAAAAA	1669210632708	1669210633183	KO	status.find.in(200,201,202,203,204,205,206,207,208,209,304), found 500
USER	registerUser	END	1669210633188
