RUN	com.gatling.tests.petshop	petshop	1669213886636	kkkkkkkkk	3.6.1
USER	registerUser	START	1669213888722
USER	registerUser	START	1669213888722
USER	registerUser	START	1669213888722
REQUEST		request_0	1669213888781	1669213889543	OK	 
REQUEST		request_0	1669213888781	1669213889543	OK	 
REQUEST		request_0	1669213888781	1669213889543	OK	 
REQUEST		jpetstore.css	1669213889997	1669213890232	OK	 
REQUEST		jpetstore.css	1669213889997	1669213890232	OK	 
REQUEST		jpetstore.css	1669213889997	1669213890252	OK	 
REQUEST		sm_reptiles.gif	1669213890295	1669213890528	OK	 
REQUEST		sm_reptiles.gif	1669213890300	1669213890528	OK	 
REQUEST		sm_reptiles.gif	1669213890294	1669213890532	OK	 
REQUEST		sm_cats.gif	1669213890531	1669213890759	OK	 
REQUEST		sm_fish.gif	1669213890007	1669213890769	OK	 
REQUEST		cart.gif	1669213890002	1669213890769	OK	 
REQUEST		sm_cats.gif	1669213890531	1669213890773	OK	 
REQUEST		sm_cats.gif	1669213890534	1669213890781	OK	 
REQUEST		logo-topbar.gif	1669213890000	1669213890785	OK	 
REQUEST		logo-topbar.gif	1669213890000	1669213890785	OK	 
REQUEST		separator.gif	1669213890004	1669213890794	OK	 
REQUEST		logo-topbar.gif	1669213890001	1669213890794	OK	 
REQUEST		cart.gif	1669213890002	1669213890815	OK	 
REQUEST		cart.gif	1669213890002	1669213890816	OK	 
REQUEST		sm_fish.gif	1669213890007	1669213890820	OK	 
REQUEST		separator.gif	1669213890004	1669213890824	OK	 
REQUEST		sm_dogs.gif	1669213890010	1669213890836	OK	 
REQUEST		sm_fish.gif	1669213890010	1669213890845	OK	 
REQUEST		separator.gif	1669213890004	1669213890850	OK	 
REQUEST		sm_dogs.gif	1669213890009	1669213890852	OK	 
REQUEST		sm_dogs.gif	1669213890012	1669213890856	OK	 
REQUEST		sm_birds.gif	1669213890761	1669213890989	OK	 
REQUEST		sm_birds.gif	1669213890771	1669213891001	OK	 
REQUEST		sm_birds.gif	1669213890771	1669213891001	OK	 
REQUEST		fish_icon.gif	1669213890776	1669213891014	OK	 
REQUEST		fish_icon.gif	1669213890782	1669213891019	OK	 
REQUEST		fish_icon.gif	1669213890786	1669213891019	OK	 
REQUEST		dogs_icon.gif	1669213890786	1669213891027	OK	 
REQUEST		dogs_icon.gif	1669213890796	1669213891033	OK	 
REQUEST		cats_icon.gif	1669213890797	1669213891049	OK	 
REQUEST		cats_icon.gif	1669213890821	1669213891049	OK	 
REQUEST		dogs_icon.gif	1669213890817	1669213891053	OK	 
REQUEST		reptiles_icon.gif	1669213890827	1669213891061	OK	 
REQUEST		reptiles_icon.gif	1669213890818	1669213891061	OK	 
REQUEST		birds_icon.gif	1669213890837	1669213891075	OK	 
REQUEST		birds_icon.gif	1669213890854	1669213891086	OK	 
REQUEST		cats_icon.gif	1669213890848	1669213891086	OK	 
REQUEST		birds_icon.gif	1669213890858	1669213891093	OK	 
REQUEST		reptiles_icon.gif	1669213890853	1669213891100	OK	 
REQUEST		request_11	1669213891024	1669213891257	OK	 
REQUEST		request_11	1669213891024	1669213891257	OK	 
REQUEST		request_11	1669213891025	1669213891270	OK	 
REQUEST		request_12	1669213891028	1669213891270	OK	 
REQUEST		request_12	1669213891036	1669213891273	OK	 
REQUEST		request_13	1669213891051	1669213891273	OK	 
REQUEST		request_13	1669213891051	1669213891286	OK	 
REQUEST		request_14	1669213891055	1669213891299	OK	 
REQUEST		request_13	1669213891087	1669213891321	OK	 
REQUEST		request_14	1669213891063	1669213891323	OK	 
REQUEST		splash.gif	1669213890992	1669213891442	OK	 
REQUEST		splash.gif	1669213891003	1669213891460	OK	 
REQUEST		splash.gif	1669213891003	1669213891460	OK	 
REQUEST		request_15	1669213891063	1669213891553	OK	 
REQUEST		request_15	1669213891076	1669213891555	OK	 
REQUEST		request_15	1669213891095	1669213891564	OK	 
REQUEST		request_16	1669213893572	1669213893808	OK	 
REQUEST		request_16	1669213893572	1669213893817	OK	 
REQUEST		request_16	1669213893572	1669213893824	OK	 
REQUEST		logo-topbar.gif	1669213893837	1669213894068	OK	 
REQUEST		separator.gif	1669213893844	1669213894076	OK	 
REQUEST		separator.gif	1669213893844	1669213894076	OK	 
REQUEST		jpetstore.css	1669213893835	1669213894077	OK	 
REQUEST		separator.gif	1669213893849	1669213894078	OK	 
REQUEST		jpetstore.css	1669213893836	1669213894082	OK	 
REQUEST		logo-topbar.gif	1669213893837	1669213894083	OK	 
REQUEST		sm_dogs.gif	1669213893847	1669213894084	OK	 
REQUEST		logo-topbar.gif	1669213893846	1669213894084	OK	 
REQUEST		cart.gif	1669213893843	1669213894085	OK	 
REQUEST		jpetstore.css	1669213893845	1669213894085	OK	 
REQUEST		cart.gif	1669213893843	1669213894085	OK	 
REQUEST		sm_fish.gif	1669213893845	1669213894086	OK	 
REQUEST		sm_fish.gif	1669213893846	1669213894087	OK	 
REQUEST		sm_dogs.gif	1669213893846	1669213894090	OK	 
REQUEST		sm_fish.gif	1669213893851	1669213894090	OK	 
REQUEST		sm_dogs.gif	1669213893852	1669213894092	OK	 
REQUEST		cart.gif	1669213893848	1669213894094	OK	 
REQUEST		request_26	1669213896089	1669213896317	OK	 
REQUEST		request_26	1669213896104	1669213896337	OK	 
REQUEST		request_26	1669213896104	1669213896337	OK	 
REQUEST		jpetstore.css	1669213896331	1669213896556	OK	 
REQUEST		sm_dogs.gif	1669213896335	1669213896559	OK	 
REQUEST		logo-topbar.gif	1669213896332	1669213896569	OK	 
REQUEST		separator.gif	1669213896334	1669213896570	OK	 
REQUEST		sm_fish.gif	1669213896334	1669213896571	OK	 
REQUEST		cart.gif	1669213896333	1669213896572	OK	 
REQUEST		cart.gif	1669213896353	1669213896586	OK	 
REQUEST		sm_dogs.gif	1669213896357	1669213896586	OK	 
REQUEST		jpetstore.css	1669213896351	1669213896589	OK	 
REQUEST		logo-topbar.gif	1669213896353	1669213896590	OK	 
REQUEST		sm_dogs.gif	1669213896356	1669213896590	OK	 
REQUEST		jpetstore.css	1669213896352	1669213896591	OK	 
REQUEST		separator.gif	1669213896354	1669213896592	OK	 
REQUEST		cart.gif	1669213896354	1669213896592	OK	 
REQUEST		logo-topbar.gif	1669213896352	1669213896593	OK	 
REQUEST		separator.gif	1669213896355	1669213896593	OK	 
REQUEST		sm_fish.gif	1669213896356	1669213896600	OK	 
REQUEST		sm_fish.gif	1669213896355	1669213896600	OK	 
REQUEST		AAAAAAAAAAAAAA	1669213898586	1669213898818	OK	 
REQUEST		AAAAAAAAAAAAAA	1669213898607	1669213898834	OK	 
REQUEST		AAAAAAAAAAAAAA	1669213898607	1669213898846	OK	 
REQUEST		AAAAAAAAAAAAAA Redirect 1	1669213898823	1669213899061	OK	 
REQUEST		AAAAAAAAAAAAAA Redirect 1	1669213898835	1669213899076	OK	 
REQUEST		AAAAAAAAAAAAAA Redirect 1	1669213898847	1669213899086	OK	 
REQUEST		sm_fish.gif	1669213899081	1669213899306	OK	 
REQUEST		sm_dogs.gif	1669213899082	1669213899310	OK	 
REQUEST		jpetstore.css	1669213899077	1669213899314	OK	 
REQUEST		logo-topbar.gif	1669213899078	1669213899316	OK	 
REQUEST		cart.gif	1669213899079	1669213899318	OK	 
REQUEST		separator.gif	1669213899080	1669213899321	OK	 
USER	registerUser	END	1669213899328
REQUEST		jpetstore.css	1669213899099	1669213899330	OK	 
REQUEST		sm_fish.gif	1669213899095	1669213899330	OK	 
REQUEST		cart.gif	1669213899093	1669213899336	OK	 
REQUEST		sm_dogs.gif	1669213899096	1669213899339	OK	 
REQUEST		sm_fish.gif	1669213899102	1669213899339	OK	 
REQUEST		jpetstore.css	1669213899090	1669213899340	OK	 
REQUEST		sm_dogs.gif	1669213899103	1669213899340	OK	 
REQUEST		cart.gif	1669213899100	1669213899341	OK	 
REQUEST		logo-topbar.gif	1669213899092	1669213899341	OK	 
REQUEST		logo-topbar.gif	1669213899100	1669213899342	OK	 
REQUEST		separator.gif	1669213899094	1669213899342	OK	 
USER	registerUser	END	1669213899346
REQUEST		separator.gif	1669213899101	1669213899347	OK	 
USER	registerUser	END	1669213899351
