RUN	com.gatling.tests.createOrder	createorder	1669245894088	asdf	3.6.1
USER	createOrder	START	1669245896085
USER	createOrder	START	1669245896085
USER	createOrder	START	1669245896085
REQUEST		CreateOrder_00_LandingPage	1669245896136	1669245896918	OK	 
REQUEST		CreateOrder_00_LandingPage	1669245896136	1669245896937	OK	 
REQUEST		CreateOrder_00_LandingPage	1669245896137	1669245896918	OK	 
REQUEST		CreateOrder_01_ClickSignIn	1669245899211	1669245899439	OK	 
REQUEST		CreateOrder_01_ClickSignIn	1669245899211	1669245899439	OK	 
REQUEST		CreateOrder_01_ClickSignIn	1669245899211	1669245899439	OK	 
REQUEST		CreateOrder_02_Login	1669245901472	1669245901722	OK	 
REQUEST		CreateOrder_02_Login	1669245901472	1669245901722	OK	 
REQUEST		CreateOrder_02_Login	1669245901472	1669245901722	OK	 
REQUEST		CreateOrder_03_SelectCategory BIRDS	1669245903752	1669245903982	OK	 
REQUEST		CreateOrder_03_SelectCategory DOGS	1669245903752	1669245903982	OK	 
REQUEST		CreateOrder_03_SelectCategory FISH	1669245903752	1669245903982	OK	 
REQUEST		CreateOrder_04_SelectProduct K9-RT-01	1669245906014	1669245906251	OK	 
REQUEST		CreateOrder_04_SelectProduct FI-SW-01	1669245906014	1669245906251	OK	 
REQUEST		CreateOrder_04_SelectProduct AV-SB-02	1669245906014	1669245906251	OK	 
REQUEST		CreateOrder_05_ViewItem	1669245908262	1669245908524	OK	 
REQUEST		CreateOrder_05_ViewItem	1669245908262	1669245908524	OK	 
REQUEST		CreateOrder_05_ViewItem	1669245908262	1669245908524	OK	 
REQUEST		CreateOrder_05_AddToCart	1669245910546	1669245910777	OK	 
REQUEST		CreateOrder_05_AddToCart	1669245910545	1669245910777	OK	 
REQUEST		CreateOrder_05_AddToCart	1669245910545	1669245910777	OK	 
REQUEST		CreateOrder_06_ProceedCheckout	1669245912783	1669245913014	OK	 
REQUEST		CreateOrder_06_ProceedCheckout	1669245912783	1669245913014	OK	 
REQUEST		CreateOrder_06_ProceedCheckout	1669245912799	1669245913063	OK	 
REQUEST		CreateOrder_07_PressContinue	1669245915021	1669245915253	OK	 
REQUEST		CreateOrder_07_PressContinue	1669245915021	1669245915253	OK	 
REQUEST		CreateOrder_07_PressContinue	1669245915069	1669245915301	OK	 
REQUEST		CreateOrder_08_ConfirmOrder	1669245917261	1669245917720	KO	status.find.in(200,201,202,203,204,205,206,207,208,209,304), found 500
REQUEST		CreateOrder_08_ConfirmOrder	1669245917261	1669245917720	KO	status.find.in(200,201,202,203,204,205,206,207,208,209,304), found 500
USER	createOrder	END	1669245917750
USER	createOrder	END	1669245917750
REQUEST		CreateOrder_08_ConfirmOrder	1669245917307	1669245917763	KO	status.find.in(200,201,202,203,204,205,206,207,208,209,304), found 500
USER	createOrder	END	1669245917766
