RUN	com.gatling.tests.createOrder	createorder	1669251134862	sdf	3.6.1
USER	createOrder	START	1669251136802
USER	createOrder	START	1669251136802
USER	createOrder	START	1669251136802
REQUEST		CreateOrder_00_LandingPage	1669251136860	1669251137680	OK	 
REQUEST		CreateOrder_00_LandingPage	1669251136860	1669251137680	OK	 
REQUEST		CreateOrder_00_LandingPage	1669251136860	1669251137680	OK	 
REQUEST		CreateOrder_01_ClickSignIn	1669251139996	1669251140225	OK	 
REQUEST		CreateOrder_01_ClickSignIn	1669251139996	1669251140241	OK	 
REQUEST		CreateOrder_01_ClickSignIn	1669251139996	1669251140241	OK	 
REQUEST		CreateOrder_02_Login PerfTest003	1669251142254	1669251142486	OK	 
REQUEST		CreateOrder_02_Login PerfTest003	1669251142256	1669251142496	OK	 
REQUEST		CreateOrder_02_Login PerfTest003	1669251142256	1669251142496	OK	 
REQUEST		CreateOrder_03_SelectCategory DOGS	1669251144508	1669251144752	OK	 
REQUEST		CreateOrder_03_SelectCategory REPTILES	1669251144508	1669251144742	OK	 
REQUEST		CreateOrder_03_SelectCategory REPTILES	1669251144508	1669251144752	OK	 
REQUEST		CreateOrder_04_SelectProduct RP-SN-01	1669251146772	1669251147002	OK	 
REQUEST		CreateOrder_04_SelectProduct RP-LI-02	1669251146772	1669251147014	OK	 
REQUEST		CreateOrder_04_SelectProduct K9-PO-02	1669251146772	1669251147014	OK	 
REQUEST		CreateOrder_05_ViewItem	1669251149009	1669251149238	OK	 
REQUEST		CreateOrder_05_ViewItem	1669251149024	1669251149284	OK	 
REQUEST		CreateOrder_05_ViewItem	1669251149024	1669251149284	OK	 
REQUEST		CreateOrder_05_AddToCart	1669251151250	1669251151481	OK	 
REQUEST		CreateOrder_05_AddToCart	1669251151297	1669251151536	OK	 
REQUEST		CreateOrder_05_AddToCart	1669251151297	1669251151536	OK	 
REQUEST		CreateOrder_06_ProceedCheckout	1669251153491	1669251153719	OK	 
REQUEST		CreateOrder_06_ProceedCheckout	1669251153554	1669251153816	OK	 
REQUEST		CreateOrder_06_ProceedCheckout	1669251153554	1669251153816	OK	 
REQUEST		CreateOrder_07_PressContinue	1669251155731	1669251155960	OK	 
REQUEST		CreateOrder_07_PressContinue	1669251155826	1669251156066	OK	 
REQUEST		CreateOrder_07_PressContinue	1669251155827	1669251156066	OK	 
REQUEST		CreateOrder_08_ConfirmOrder	1669251157975	1669251158429	KO	status.find.in(200,201,202,203,204,205,206,207,208,209,304), found 500
USER	createOrder	END	1669251158447
REQUEST		CreateOrder_08_ConfirmOrder	1669251158070	1669251158542	KO	status.find.in(200,201,202,203,204,205,206,207,208,209,304), found 500
REQUEST		CreateOrder_08_ConfirmOrder	1669251158070	1669251158542	KO	status.find.in(200,201,202,203,204,205,206,207,208,209,304), found 500
USER	createOrder	END	1669251158544
USER	createOrder	END	1669251158544
