RUN	com.gatling.tests.registerUser2	registeruser2	1669246063306	sdf	3.6.1
USER	registerUser	START	1669246065767
USER	createOrder	START	1669246065767
USER	registerUser	START	1669246065767
USER	createOrder	START	1669246065767
USER	registerUser	START	1669246065767
USER	createOrder	START	1669246065767
REQUEST		CreateOrder_00_LandingPage	1669246065841	1669246066612	OK	 
REQUEST		RegisterUser_00_LandingPage	1669246065842	1669246066612	OK	 
REQUEST		CreateOrder_00_LandingPage	1669246065842	1669246066612	OK	 
REQUEST		RegisterUser_00_LandingPage	1669246065842	1669246066612	OK	 
REQUEST		CreateOrder_00_LandingPage	1669246065841	1669246066612	OK	 
REQUEST		RegisterUser_00_LandingPage	1669246065845	1669246066612	OK	 
REQUEST		RegisterUser_01_ClickSignIn	1669246068889	1669246069169	OK	 
REQUEST		CreateOrder_01_ClickSignIn	1669246068898	1669246069170	OK	 
REQUEST		CreateOrder_01_ClickSignIn	1669246068889	1669246069169	OK	 
REQUEST		RegisterUser_01_ClickSignIn	1669246068898	1669246069169	OK	 
REQUEST		RegisterUser_01_ClickSignIn	1669246068889	1669246069170	OK	 
REQUEST		CreateOrder_01_ClickSignIn	1669246068889	1669246069169	OK	 
REQUEST		RegisterUser_02_ClickRegisterNow	1669246071192	1669246071432	OK	 
REQUEST		RegisterUser_02_ClickRegisterNow	1669246071192	1669246071432	OK	 
REQUEST		RegisterUser_02_ClickRegisterNow	1669246071192	1669246071432	OK	 
REQUEST		CreateOrder_02_Login PerfTest001	1669246071208	1669246071445	OK	 
REQUEST		CreateOrder_02_Login PerfTest002	1669246071208	1669246071456	OK	 
REQUEST		CreateOrder_02_Login PerfTest002	1669246071208	1669246071456	OK	 
REQUEST		CreateOrder_02_Login PerfTest001 Redirect 1	1669246071452	1669246071679	OK	 
REQUEST		CreateOrder_02_Login PerfTest002 Redirect 1	1669246071457	1669246071707	OK	 
REQUEST		CreateOrder_02_Login PerfTest002 Redirect 1	1669246071457	1669246071707	OK	 
REQUEST		RegisterUser_03_SaveAccountInfo	1669246073444	1669246073696	OK	 
REQUEST		RegisterUser_03_SaveAccountInfo	1669246073444	1669246073696	OK	 
REQUEST		RegisterUser_03_SaveAccountInfo	1669246073444	1669246073696	OK	 
REQUEST		RegisterUser_03_SaveAccountInfo Redirect 1	1669246073697	1669246073941	OK	 
REQUEST		RegisterUser_03_SaveAccountInfo Redirect 1	1669246073697	1669246073941	OK	 
REQUEST		RegisterUser_03_SaveAccountInfo Redirect 1	1669246073697	1669246073941	OK	 
REQUEST		CreateOrder_03_SelectCategory REPTILES	1669246073697	1669246073931	OK	 
USER	registerUser	END	1669246073953
USER	registerUser	END	1669246073953
USER	registerUser	END	1669246073953
REQUEST		CreateOrder_03_SelectCategory FISH	1669246073724	1669246073974	OK	 
REQUEST		CreateOrder_03_SelectCategory FISH	1669246073724	1669246073974	OK	 
REQUEST		CreateOrder_04_SelectProduct RP-LI-02	1669246075963	1669246076195	OK	 
REQUEST		CreateOrder_04_SelectProduct FI-SW-02	1669246075994	1669246076236	OK	 
REQUEST		CreateOrder_04_SelectProduct FI-FW-02	1669246075994	1669246076236	OK	 
REQUEST		CreateOrder_05_ViewItem	1669246078214	1669246078445	OK	 
REQUEST		CreateOrder_05_ViewItem	1669246078245	1669246078491	OK	 
REQUEST		CreateOrder_05_ViewItem	1669246078245	1669246078491	OK	 
REQUEST		CreateOrder_05_AddToCart	1669246080450	1669246080683	OK	 
REQUEST		CreateOrder_05_AddToCart	1669246080496	1669246080736	OK	 
REQUEST		CreateOrder_05_AddToCart	1669246080496	1669246080737	OK	 
REQUEST		CreateOrder_06_ProceedCheckout	1669246082700	1669246082931	OK	 
REQUEST		CreateOrder_06_ProceedCheckout	1669246082747	1669246082989	OK	 
REQUEST		CreateOrder_06_ProceedCheckout	1669246082747	1669246082989	OK	 
REQUEST		CreateOrder_07_PressContinue	1669246084937	1669246085170	OK	 
REQUEST		CreateOrder_07_PressContinue	1669246084998	1669246085238	OK	 
REQUEST		CreateOrder_07_PressContinue	1669246084998	1669246085239	OK	 
REQUEST		CreateOrder_08_ConfirmOrder	1669246087184	1669246087415	OK	 
USER	createOrder	END	1669246087419
REQUEST		CreateOrder_08_ConfirmOrder	1669246087246	1669246087489	OK	 
USER	createOrder	END	1669246087493
REQUEST		CreateOrder_08_ConfirmOrder	1669246087246	1669246087724	KO	status.find.in(200,201,202,203,204,205,206,207,208,209,304), found 500
USER	createOrder	END	1669246087746
