RUN	com.gatling.tests.registerUser2	registeruser2	1669242009887	asd	3.6.1
USER	registerUser	START	1669242011828
USER	createOrder	START	1669242011828
REQUEST		CreateOrder_00_LandingPage	1669242011880	1669242012677	OK	 
REQUEST		RegisterUser_00_LandingPage	1669242011880	1669242012671	OK	 
REQUEST		RegisterUser_01_ClickSignIn	1669242014948	1669242015183	OK	 
REQUEST		CreateOrder_01_ClickSignIn	1669242014948	1669242015188	OK	 
REQUEST		RegisterUser_02_ClickRegisterNow	1669242017208	1669242017445	OK	 
REQUEST		CreateOrder_02_Login	1669242017215	1669242017458	OK	 
REQUEST		CreateOrder_02_Login Redirect 1	1669242017465	1669242017704	OK	 
REQUEST		RegisterUser_03_SaveAccountInfo	1669242019458	1669242019689	OK	 
REQUEST		RegisterUser_03_SaveAccountInfo Redirect 1	1669242019690	1669242019919	OK	 
USER	registerUser	END	1669242019934
REQUEST		CreateOrder_03_SelectCategory CATS	1669242019738	1669242019977	OK	 
REQUEST		CreateOrder_04_SelectProduct FL-DSH-01	1669242022006	1669242022245	OK	 
REQUEST		CreateOrder_05_ViewItem	1669242024256	1669242024495	OK	 
REQUEST		CreateOrder_05_AddToCart	1669242026505	1669242026747	OK	 
REQUEST		CreateOrder_06_ProceedCheckout	1669242028756	1669242028998	OK	 
REQUEST		CreateOrder_07_PressContinue	1669242031012	1669242031257	OK	 
REQUEST		CreateOrder_08_ConfirmOrder	1669242033268	1669242033509	OK	 
USER	createOrder	END	1669242033513
