RUN	com.gatling.tests.petshop	petshop	1669206143126	asdf	3.6.1
USER	registerUser	START	1669206145067
USER	registerUser	START	1669206145067
USER	registerUser	START	1669206145067
REQUEST		request_0	1669206145118	1669206145972	OK	 
REQUEST		request_0	1669206145118	1669206145965	OK	 
REQUEST		request_0	1669206145118	1669206145965	OK	 
REQUEST		jpetstore.css	1669206146345	1669206146587	OK	 
REQUEST		jpetstore.css	1669206146345	1669206146596	OK	 
REQUEST		jpetstore.css	1669206146345	1669206146587	OK	 
REQUEST		sm_reptiles.gif	1669206146651	1669206146879	OK	 
REQUEST		sm_reptiles.gif	1669206146651	1669206146895	OK	 
REQUEST		sm_reptiles.gif	1669206146651	1669206146905	OK	 
REQUEST		sm_cats.gif	1669206146883	1669206147111	OK	 
REQUEST		cart.gif	1669206146349	1669206147118	OK	 
REQUEST		sm_cats.gif	1669206146897	1669206147141	OK	 
REQUEST		cart.gif	1669206146349	1669206147146	OK	 
REQUEST		logo-topbar.gif	1669206146347	1669206147147	OK	 
REQUEST		separator.gif	1669206146350	1669206147152	OK	 
REQUEST		sm_fish.gif	1669206146351	1669206147152	OK	 
REQUEST		cart.gif	1669206146349	1669206147158	OK	 
REQUEST		separator.gif	1669206146350	1669206147159	OK	 
REQUEST		sm_cats.gif	1669206146907	1669206147163	OK	 
REQUEST		sm_dogs.gif	1669206146353	1669206147165	OK	 
REQUEST		logo-topbar.gif	1669206146347	1669206147165	OK	 
REQUEST		separator.gif	1669206146350	1669206147169	OK	 
REQUEST		logo-topbar.gif	1669206146347	1669206147173	OK	 
REQUEST		sm_fish.gif	1669206146351	1669206147177	OK	 
REQUEST		sm_fish.gif	1669206146352	1669206147179	OK	 
REQUEST		sm_dogs.gif	1669206146352	1669206147183	OK	 
REQUEST		sm_dogs.gif	1669206146353	1669206147184	OK	 
REQUEST		sm_birds.gif	1669206147112	1669206147349	OK	 
REQUEST		sm_birds.gif	1669206147119	1669206147354	OK	 
REQUEST		cats_icon.gif	1669206147154	1669206147383	OK	 
REQUEST		fish_icon.gif	1669206147148	1669206147383	OK	 
REQUEST		dogs_icon.gif	1669206147154	1669206147395	OK	 
REQUEST		fish_icon.gif	1669206147144	1669206147396	OK	 
REQUEST		dogs_icon.gif	1669206147148	1669206147400	OK	 
REQUEST		sm_birds.gif	1669206147160	1669206147400	OK	 
REQUEST		reptiles_icon.gif	1669206147161	1669206147404	OK	 
REQUEST		birds_icon.gif	1669206147167	1669206147410	OK	 
REQUEST		cats_icon.gif	1669206147167	1669206147416	OK	 
REQUEST		dogs_icon.gif	1669206147170	1669206147416	OK	 
REQUEST		birds_icon.gif	1669206147185	1669206147421	OK	 
REQUEST		fish_icon.gif	1669206147165	1669206147424	OK	 
REQUEST		reptiles_icon.gif	1669206147181	1669206147424	OK	 
REQUEST		cats_icon.gif	1669206147174	1669206147428	OK	 
REQUEST		reptiles_icon.gif	1669206147180	1669206147433	OK	 
REQUEST		birds_icon.gif	1669206147184	1669206147436	OK	 
REQUEST		request_10	1669206147392	1669206147618	OK	 
REQUEST		request_11	1669206147397	1669206147633	OK	 
REQUEST		request_12	1669206147397	1669206147633	OK	 
REQUEST		request_11	1669206147392	1669206147636	OK	 
REQUEST		request_13	1669206147402	1669206147644	OK	 
REQUEST		request_14	1669206147406	1669206147647	OK	 
REQUEST		request_10	1669206147422	1669206147655	OK	 
REQUEST		request_13	1669206147418	1669206147659	OK	 
REQUEST		request_14	1669206147434	1669206147678	OK	 
REQUEST		request_12	1669206147426	1669206147680	OK	 
REQUEST		request_13	1669206147430	1669206147681	OK	 
REQUEST		splash.gif	1669206147355	1669206147818	OK	 
REQUEST		splash.gif	1669206147351	1669206147830	OK	 
REQUEST		splash.gif	1669206147402	1669206147881	OK	 
REQUEST		request_15	1669206147411	1669206147884	OK	 
REQUEST		request_15	1669206147422	1669206147908	OK	 
REQUEST		request_15	1669206147438	1669206147913	OK	 
REQUEST		request_16	1669206149893	1669206150131	OK	 
REQUEST		request_16	1669206149923	1669206150159	OK	 
REQUEST		request_16	1669206149927	1669206150178	OK	 
REQUEST		separator.gif	1669206150167	1669206150398	OK	 
REQUEST		jpetstore.css	1669206150157	1669206150407	OK	 
REQUEST		logo-topbar.gif	1669206150159	1669206150410	OK	 
REQUEST		cart.gif	1669206150161	1669206150412	OK	 
REQUEST		sm_fish.gif	1669206150170	1669206150415	OK	 
REQUEST		sm_dogs.gif	1669206150178	1669206150420	OK	 
REQUEST		jpetstore.css	1669206150184	1669206150421	OK	 
REQUEST		sm_dogs.gif	1669206150192	1669206150427	OK	 
REQUEST		logo-topbar.gif	1669206150186	1669206150429	OK	 
REQUEST		cart.gif	1669206150187	1669206150431	OK	 
REQUEST		separator.gif	1669206150189	1669206150433	OK	 
REQUEST		sm_fish.gif	1669206150191	1669206150434	OK	 
REQUEST		separator.gif	1669206150217	1669206150443	OK	 
REQUEST		jpetstore.css	1669206150210	1669206150454	OK	 
REQUEST		cart.gif	1669206150215	1669206150456	OK	 
REQUEST		logo-topbar.gif	1669206150213	1669206150458	OK	 
REQUEST		sm_fish.gif	1669206150220	1669206150460	OK	 
REQUEST		sm_dogs.gif	1669206150223	1669206150465	OK	 
REQUEST		request_26	1669206152428	1669206152656	OK	 
REQUEST		request_26	1669206152444	1669206152683	OK	 
REQUEST		request_26	1669206152477	1669206152707	OK	 
REQUEST		sm_dogs.gif	1669206152679	1669206152905	OK	 
REQUEST		jpetstore.css	1669206152673	1669206152909	OK	 
REQUEST		sm_fish.gif	1669206152678	1669206152910	OK	 
REQUEST		separator.gif	1669206152676	1669206152920	OK	 
REQUEST		logo-topbar.gif	1669206152674	1669206152922	OK	 
REQUEST		cart.gif	1669206152675	1669206152923	OK	 
REQUEST		jpetstore.css	1669206152697	1669206152930	OK	 
REQUEST		sm_dogs.gif	1669206152704	1669206152939	OK	 
REQUEST		logo-topbar.gif	1669206152699	1669206152941	OK	 
REQUEST		separator.gif	1669206152702	1669206152942	OK	 
REQUEST		sm_fish.gif	1669206152703	1669206152943	OK	 
REQUEST		cart.gif	1669206152701	1669206152952	OK	 
REQUEST		sm_dogs.gif	1669206152729	1669206152955	OK	 
REQUEST		logo-topbar.gif	1669206152723	1669206152959	OK	 
REQUEST		jpetstore.css	1669206152720	1669206152961	OK	 
REQUEST		separator.gif	1669206152726	1669206152964	OK	 
REQUEST		cart.gif	1669206152725	1669206152966	OK	 
REQUEST		sm_fish.gif	1669206152727	1669206152966	OK	 
REQUEST		AAAAAAAAAAAAAA	1669206154945	1669206155174	OK	 
REQUEST		AAAAAAAAAAAAAA Redirect 1	1669206155179	1669206155422	OK	 
REQUEST		AAAAAAAAAAAAAA	1669206154982	1669206155438	KO	status.find.in(200,201,202,203,204,205,206,207,208,209,304), found 500
REQUEST		AAAAAAAAAAAAAA	1669206154968	1669206155438	KO	status.find.in(200,201,202,203,204,205,206,207,208,209,304), found 500
USER	registerUser	END	1669206155485
USER	registerUser	END	1669206155485
REQUEST		jpetstore.css	1669206155432	1669206155673	OK	 
REQUEST		sm_dogs.gif	1669206155437	1669206155679	OK	 
REQUEST		cart.gif	1669206155433	1669206155681	OK	 
REQUEST		sm_fish.gif	1669206155435	1669206155682	OK	 
REQUEST		separator.gif	1669206155434	1669206155685	OK	 
REQUEST		logo-topbar.gif	1669206155433	1669206155686	OK	 
USER	registerUser	END	1669206155691
