RUN	com.gatling.tests.petshop	petshop	1669209221066	test	3.6.1
USER	registerUser	START	1669209222969
USER	registerUser	START	1669209222969
USER	registerUser	START	1669209222969
REQUEST		request_0	1669209223021	1669209223795	OK	 
REQUEST		request_0	1669209223021	1669209223795	OK	 
REQUEST		request_0	1669209223021	1669209223795	OK	 
REQUEST		jpetstore.css	1669209224050	1669209224291	OK	 
REQUEST		jpetstore.css	1669209224050	1669209224291	OK	 
REQUEST		jpetstore.css	1669209224050	1669209224291	OK	 
REQUEST		sm_reptiles.gif	1669209224339	1669209224578	OK	 
REQUEST		sm_reptiles.gif	1669209224339	1669209224578	OK	 
REQUEST		sm_reptiles.gif	1669209224339	1669209224578	OK	 
REQUEST		sm_cats.gif	1669209224583	1669209224825	OK	 
REQUEST		sm_cats.gif	1669209224583	1669209224825	OK	 
REQUEST		sm_cats.gif	1669209224582	1669209224825	OK	 
REQUEST		logo-topbar.gif	1669209224053	1669209224835	OK	 
REQUEST		logo-topbar.gif	1669209224053	1669209224836	OK	 
REQUEST		logo-topbar.gif	1669209224053	1669209224836	OK	 
REQUEST		cart.gif	1669209224055	1669209224840	OK	 
REQUEST		separator.gif	1669209224056	1669209224840	OK	 
REQUEST		sm_fish.gif	1669209224059	1669209224845	OK	 
REQUEST		sm_dogs.gif	1669209224061	1669209224846	OK	 
REQUEST		cart.gif	1669209224055	1669209224846	OK	 
REQUEST		cart.gif	1669209224055	1669209224850	OK	 
REQUEST		separator.gif	1669209224056	1669209224850	OK	 
REQUEST		sm_fish.gif	1669209224058	1669209224854	OK	 
REQUEST		separator.gif	1669209224056	1669209224857	OK	 
REQUEST		sm_fish.gif	1669209224058	1669209224858	OK	 
REQUEST		sm_dogs.gif	1669209224061	1669209224862	OK	 
REQUEST		sm_dogs.gif	1669209224061	1669209224868	OK	 
REQUEST		sm_birds.gif	1669209224826	1669209225064	OK	 
REQUEST		sm_birds.gif	1669209224826	1669209225064	OK	 
REQUEST		sm_birds.gif	1669209224826	1669209225064	OK	 
REQUEST		fish_icon.gif	1669209224837	1669209225075	OK	 
REQUEST		fish_icon.gif	1669209224837	1669209225075	OK	 
REQUEST		fish_icon.gif	1669209224837	1669209225075	OK	 
REQUEST		dogs_icon.gif	1669209224842	1669209225087	OK	 
REQUEST		dogs_icon.gif	1669209224847	1669209225087	OK	 
REQUEST		dogs_icon.gif	1669209224842	1669209225087	OK	 
REQUEST		cats_icon.gif	1669209224851	1669209225091	OK	 
REQUEST		cats_icon.gif	1669209224847	1669209225091	OK	 
REQUEST		cats_icon.gif	1669209224846	1669209225091	OK	 
REQUEST		reptiles_icon.gif	1669209224851	1669209225095	OK	 
REQUEST		birds_icon.gif	1669209224863	1669209225095	OK	 
REQUEST		reptiles_icon.gif	1669209224856	1669209225095	OK	 
REQUEST		birds_icon.gif	1669209224870	1669209225098	OK	 
REQUEST		birds_icon.gif	1669209224859	1669209225101	OK	 
REQUEST		reptiles_icon.gif	1669209224859	1669209225108	OK	 
REQUEST		request_12	1669209225089	1669209225322	OK	 
REQUEST		request_11	1669209225084	1669209225323	OK	 
REQUEST		request_11	1669209225085	1669209225324	OK	 
REQUEST		request_12	1669209225089	1669209225324	OK	 
REQUEST		request_12	1669209225089	1669209225326	OK	 
REQUEST		request_13	1669209225093	1669209225326	OK	 
REQUEST		request_13	1669209225093	1669209225329	OK	 
REQUEST		request_11	1669209225085	1669209225328	OK	 
REQUEST		request_14	1669209225096	1669209225330	OK	 
REQUEST		request_14	1669209225096	1669209225331	OK	 
REQUEST		request_13	1669209225093	1669209225333	OK	 
REQUEST		splash.gif	1669209225066	1669209225545	OK	 
REQUEST		splash.gif	1669209225066	1669209225545	OK	 
REQUEST		request_15	1669209225100	1669209225548	OK	 
REQUEST		splash.gif	1669209225066	1669209225569	OK	 
REQUEST		request_15	1669209225097	1669209225571	OK	 
REQUEST		request_15	1669209225103	1669209225580	OK	 
REQUEST		request_16	1669209227562	1669209227800	OK	 
REQUEST		request_16	1669209227593	1669209227845	OK	 
REQUEST		request_16	1669209227578	1669209227869	OK	 
REQUEST		jpetstore.css	1669209227815	1669209228065	OK	 
REQUEST		separator.gif	1669209227832	1669209228074	OK	 
REQUEST		sm_dogs.gif	1669209227835	1669209228076	OK	 
REQUEST		logo-topbar.gif	1669209227817	1669209228077	OK	 
REQUEST		cart.gif	1669209227830	1669209228078	OK	 
REQUEST		sm_fish.gif	1669209227833	1669209228079	OK	 
REQUEST		cart.gif	1669209227887	1669209228110	OK	 
REQUEST		cart.gif	1669209227872	1669209228110	OK	 
REQUEST		separator.gif	1669209227874	1669209228115	OK	 
REQUEST		jpetstore.css	1669209227867	1669209228116	OK	 
REQUEST		logo-topbar.gif	1669209227886	1669209228118	OK	 
REQUEST		logo-topbar.gif	1669209227870	1669209228118	OK	 
REQUEST		sm_dogs.gif	1669209227878	1669209228119	OK	 
REQUEST		jpetstore.css	1669209227885	1669209228119	OK	 
REQUEST		sm_fish.gif	1669209227876	1669209228120	OK	 
REQUEST		sm_fish.gif	1669209227890	1669209228129	OK	 
REQUEST		separator.gif	1669209227888	1669209228130	OK	 
REQUEST		sm_dogs.gif	1669209227891	1669209228136	OK	 
REQUEST		request_26	1669209230092	1669209230332	OK	 
REQUEST		request_26	1669209230153	1669209230377	OK	 
REQUEST		request_26	1669209230138	1669209230377	OK	 
REQUEST		sm_fish.gif	1669209230353	1669209230585	OK	 
REQUEST		jpetstore.css	1669209230347	1669209230589	OK	 
REQUEST		logo-topbar.gif	1669209230349	1669209230591	OK	 
REQUEST		cart.gif	1669209230350	1669209230593	OK	 
REQUEST		separator.gif	1669209230352	1669209230594	OK	 
REQUEST		sm_dogs.gif	1669209230354	1669209230596	OK	 
REQUEST		jpetstore.css	1669209230391	1669209230629	OK	 
REQUEST		sm_dogs.gif	1669209230399	1669209230629	OK	 
REQUEST		jpetstore.css	1669209230392	1669209230633	OK	 
REQUEST		logo-topbar.gif	1669209230392	1669209230633	OK	 
REQUEST		separator.gif	1669209230394	1669209230634	OK	 
REQUEST		separator.gif	1669209230395	1669209230634	OK	 
REQUEST		cart.gif	1669209230393	1669209230635	OK	 
REQUEST		logo-topbar.gif	1669209230393	1669209230635	OK	 
REQUEST		sm_fish.gif	1669209230395	1669209230636	OK	 
REQUEST		cart.gif	1669209230394	1669209230637	OK	 
REQUEST		sm_dogs.gif	1669209230397	1669209230638	OK	 
REQUEST		sm_fish.gif	1669209230397	1669209230643	OK	 
REQUEST		AAAAAAAAAAAAAA	1669209232618	1669209233091	KO	status.find.in(200,201,202,203,204,205,206,207,208,209,304), found 500
USER	registerUser	END	1669209233119
REQUEST		AAAAAAAAAAAAAA	1669209232656	1669209233121	KO	status.find.in(200,201,202,203,204,205,206,207,208,209,304), found 500
USER	registerUser	END	1669209233128
REQUEST		AAAAAAAAAAAAAA	1669209232640	1669209233137	KO	status.find.in(200,201,202,203,204,205,206,207,208,209,304), found 500
USER	registerUser	END	1669209233155
