RUN	com.gatling.tests.registerUser	registeruser	1669180080789	test	3.6.1
USER	registerUser	START	1669180082715
USER	registerUser	START	1669180082715
USER	registerUser	START	1669180082715
REQUEST		request_0	1669180082766	1669180083562	OK	 
REQUEST		request_0	1669180082766	1669180083562	OK	 
REQUEST		request_0	1669180082766	1669180083562	OK	 
REQUEST		jpetstore.css	1669180083836	1669180084065	OK	 
REQUEST		jpetstore.css	1669180083836	1669180084065	OK	 
REQUEST		jpetstore.css	1669180083836	1669180084078	OK	 
REQUEST		sm_reptiles.gif	1669180084117	1669180084349	OK	 
REQUEST		sm_reptiles.gif	1669180084118	1669180084349	OK	 
REQUEST		sm_reptiles.gif	1669180084118	1669180084363	OK	 
REQUEST		sm_cats.gif	1669180084352	1669180084580	OK	 
REQUEST		sm_cats.gif	1669180084352	1669180084580	OK	 
REQUEST		logo-topbar.gif	1669180083840	1669180084580	OK	 
REQUEST		separator.gif	1669180083842	1669180084585	OK	 
REQUEST		logo-topbar.gif	1669180083839	1669180084586	OK	 
REQUEST		sm_fish.gif	1669180083844	1669180084604	OK	 
REQUEST		cart.gif	1669180083841	1669180084604	OK	 
REQUEST		sm_cats.gif	1669180084365	1669180084607	OK	 
REQUEST		separator.gif	1669180083842	1669180084612	OK	 
REQUEST		sm_dogs.gif	1669180083846	1669180084612	OK	 
REQUEST		sm_fish.gif	1669180083843	1669180084612	OK	 
REQUEST		cart.gif	1669180083841	1669180084624	OK	 
REQUEST		logo-topbar.gif	1669180083839	1669180084632	OK	 
REQUEST		sm_dogs.gif	1669180083844	1669180084652	OK	 
REQUEST		cart.gif	1669180083841	1669180084652	OK	 
REQUEST		separator.gif	1669180083842	1669180084652	OK	 
REQUEST		sm_fish.gif	1669180083843	1669180084656	OK	 
REQUEST		sm_dogs.gif	1669180083844	1669180084659	OK	 
REQUEST		sm_birds.gif	1669180084582	1669180084808	OK	 
REQUEST		sm_birds.gif	1669180084582	1669180084808	OK	 
REQUEST		sm_birds.gif	1669180084582	1669180084808	OK	 
REQUEST		fish_icon.gif	1669180084587	1669180084820	OK	 
REQUEST		fish_icon.gif	1669180084587	1669180084820	OK	 
REQUEST		fish_icon.gif	1669180084605	1669180084846	OK	 
REQUEST		dogs_icon.gif	1669180084605	1669180084845	OK	 
REQUEST		dogs_icon.gif	1669180084614	1669180084852	OK	 
REQUEST		cats_icon.gif	1669180084614	1669180084852	OK	 
REQUEST		dogs_icon.gif	1669180084609	1669180084853	OK	 
REQUEST		cats_icon.gif	1669180084614	1669180084855	OK	 
REQUEST		reptiles_icon.gif	1669180084625	1669180084861	OK	 
REQUEST		cats_icon.gif	1669180084633	1669180084876	OK	 
REQUEST		reptiles_icon.gif	1669180084653	1669180084887	OK	 
REQUEST		birds_icon.gif	1669180084653	1669180084899	OK	 
REQUEST		birds_icon.gif	1669180084658	1669180084899	OK	 
REQUEST		reptiles_icon.gif	1669180084653	1669180084903	OK	 
REQUEST		birds_icon.gif	1669180084660	1669180084910	OK	 
REQUEST		request_11	1669180084827	1669180085055	OK	 
REQUEST		request_11	1669180084828	1669180085065	OK	 
REQUEST		request_11	1669180084850	1669180085079	OK	 
REQUEST		request_12	1669180084847	1669180085080	OK	 
REQUEST		request_13	1669180084856	1669180085081	OK	 
REQUEST		request_13	1669180084854	1669180085093	OK	 
REQUEST		request_12	1669180084854	1669180085093	OK	 
REQUEST		request_12	1669180084854	1669180085093	OK	 
REQUEST		request_14	1669180084863	1669180085095	OK	 
REQUEST		request_14	1669180084888	1669180085114	OK	 
REQUEST		request_13	1669180084877	1669180085114	OK	 
REQUEST		request_14	1669180084904	1669180085151	OK	 
REQUEST		splash.gif	1669180084810	1669180085264	OK	 
REQUEST		splash.gif	1669180084810	1669180085268	OK	 
REQUEST		splash.gif	1669180084810	1669180085268	OK	 
REQUEST		request_15	1669180084900	1669180085412	OK	 
REQUEST		request_15	1669180084900	1669180085412	OK	 
REQUEST		request_15	1669180084911	1669180085429	OK	 
REQUEST		request_16	1669180087418	1669180087647	OK	 
REQUEST		request_16	1669180087418	1669180087648	OK	 
REQUEST		request_16	1669180087434	1669180087661	OK	 
REQUEST		jpetstore.css	1669180087667	1669180087894	OK	 
REQUEST		cart.gif	1669180087671	1669180087894	OK	 
REQUEST		separator.gif	1669180087674	1669180087903	OK	 
REQUEST		separator.gif	1669180087674	1669180087903	OK	 
REQUEST		sm_dogs.gif	1669180087677	1669180087906	OK	 
REQUEST		sm_dogs.gif	1669180087677	1669180087906	OK	 
REQUEST		jpetstore.css	1669180087668	1669180087907	OK	 
REQUEST		logo-topbar.gif	1669180087669	1669180087907	OK	 
REQUEST		cart.gif	1669180087672	1669180087909	OK	 
REQUEST		logo-topbar.gif	1669180087670	1669180087909	OK	 
REQUEST		sm_fish.gif	1669180087676	1669180087915	OK	 
REQUEST		sm_fish.gif	1669180087675	1669180087915	OK	 
REQUEST		separator.gif	1669180087691	1669180087915	OK	 
REQUEST		sm_dogs.gif	1669180087693	1669180087922	OK	 
REQUEST		logo-topbar.gif	1669180087687	1669180087923	OK	 
REQUEST		jpetstore.css	1669180087685	1669180087924	OK	 
REQUEST		cart.gif	1669180087689	1669180087934	OK	 
REQUEST		sm_fish.gif	1669180087692	1669180087936	OK	 
REQUEST		request_26	1669180089925	1669180090153	OK	 
REQUEST		request_26	1669180089925	1669180090153	OK	 
REQUEST		request_26	1669180089940	1669180090168	OK	 
REQUEST		jpetstore.css	1669180090166	1669180090390	OK	 
REQUEST		logo-topbar.gif	1669180090167	1669180090397	OK	 
REQUEST		logo-topbar.gif	1669180090169	1669180090397	OK	 
REQUEST		sm_dogs.gif	1669180090172	1669180090399	OK	 
REQUEST		jpetstore.css	1669180090168	1669180090401	OK	 
REQUEST		sm_dogs.gif	1669180090176	1669180090402	OK	 
REQUEST		separator.gif	1669180090169	1669180090405	OK	 
REQUEST		jpetstore.css	1669180090184	1669180090405	OK	 
REQUEST		cart.gif	1669180090168	1669180090407	OK	 
REQUEST		cart.gif	1669180090171	1669180090421	OK	 
REQUEST		sm_fish.gif	1669180090171	1669180090421	OK	 
REQUEST		separator.gif	1669180090172	1669180090422	OK	 
REQUEST		sm_fish.gif	1669180090175	1669180090424	OK	 
REQUEST		sm_dogs.gif	1669180090192	1669180090430	OK	 
REQUEST		logo-topbar.gif	1669180090185	1669180090431	OK	 
REQUEST		cart.gif	1669180090186	1669180090432	OK	 
REQUEST		separator.gif	1669180090188	1669180090433	OK	 
REQUEST		sm_fish.gif	1669180090190	1669180090434	OK	 
REQUEST		AAAAAAAAAAAAAA	1669180092446	1669180092903	KO	status.find.in(200,201,202,203,204,205,206,207,208,209,304), found 500
REQUEST		AAAAAAAAAAAAAA	1669180092446	1669180092903	KO	status.find.in(200,201,202,203,204,205,206,207,208,209,304), found 500
REQUEST		AAAAAAAAAAAAAA	1669180092446	1669180092909	KO	status.find.in(200,201,202,203,204,205,206,207,208,209,304), found 500
USER	registerUser	END	1669180092946
USER	registerUser	END	1669180092946
USER	registerUser	END	1669180092947
