RUN	com.gatling.tests.petshop	petshop	1669213451372	test	3.6.1
USER	registerUser	START	1669213453276
USER	registerUser	START	1669213453276
USER	registerUser	START	1669213453276
REQUEST		request_0	1669213453331	1669213454074	OK	 
REQUEST		request_0	1669213453331	1669213454074	OK	 
REQUEST		request_0	1669213453331	1669213454074	OK	 
REQUEST		jpetstore.css	1669213454363	1669213454598	OK	 
REQUEST		jpetstore.css	1669213454363	1669213454607	OK	 
REQUEST		jpetstore.css	1669213454363	1669213454598	OK	 
REQUEST		sm_reptiles.gif	1669213454658	1669213454886	OK	 
REQUEST		sm_reptiles.gif	1669213454659	1669213454900	OK	 
REQUEST		sm_reptiles.gif	1669213454663	1669213454900	OK	 
REQUEST		sm_cats.gif	1669213454890	1669213455116	OK	 
REQUEST		cart.gif	1669213454369	1669213455146	OK	 
REQUEST		sm_cats.gif	1669213454902	1669213455146	OK	 
REQUEST		sm_cats.gif	1669213454902	1669213455150	OK	 
REQUEST		cart.gif	1669213454369	1669213455155	OK	 
REQUEST		cart.gif	1669213454369	1669213455155	OK	 
REQUEST		logo-topbar.gif	1669213454367	1669213455155	OK	 
REQUEST		separator.gif	1669213454370	1669213455159	OK	 
REQUEST		separator.gif	1669213454370	1669213455159	OK	 
REQUEST		sm_fish.gif	1669213454371	1669213455159	OK	 
REQUEST		sm_fish.gif	1669213454371	1669213455163	OK	 
REQUEST		logo-topbar.gif	1669213454367	1669213455169	OK	 
REQUEST		sm_dogs.gif	1669213454373	1669213455169	OK	 
REQUEST		sm_dogs.gif	1669213454373	1669213455169	OK	 
REQUEST		sm_fish.gif	1669213454371	1669213455174	OK	 
REQUEST		separator.gif	1669213454370	1669213455174	OK	 
REQUEST		logo-topbar.gif	1669213454367	1669213455192	OK	 
REQUEST		sm_dogs.gif	1669213454373	1669213455208	OK	 
REQUEST		sm_birds.gif	1669213455118	1669213455344	OK	 
REQUEST		sm_birds.gif	1669213455148	1669213455376	OK	 
REQUEST		sm_birds.gif	1669213455147	1669213455384	OK	 
REQUEST		fish_icon.gif	1669213455152	1669213455384	OK	 
REQUEST		fish_icon.gif	1669213455156	1669213455392	OK	 
REQUEST		fish_icon.gif	1669213455156	1669213455392	OK	 
REQUEST		dogs_icon.gif	1669213455156	1669213455395	OK	 
REQUEST		dogs_icon.gif	1669213455160	1669213455401	OK	 
REQUEST		dogs_icon.gif	1669213455160	1669213455401	OK	 
REQUEST		cats_icon.gif	1669213455161	1669213455401	OK	 
REQUEST		cats_icon.gif	1669213455165	1669213455406	OK	 
REQUEST		reptiles_icon.gif	1669213455171	1669213455406	OK	 
REQUEST		cats_icon.gif	1669213455171	1669213455420	OK	 
REQUEST		reptiles_icon.gif	1669213455171	1669213455420	OK	 
REQUEST		birds_icon.gif	1669213455175	1669213455420	OK	 
REQUEST		reptiles_icon.gif	1669213455175	1669213455424	OK	 
REQUEST		birds_icon.gif	1669213455194	1669213455460	OK	 
REQUEST		birds_icon.gif	1669213455210	1669213455461	OK	 
REQUEST		request_11	1669213455392	1669213455622	OK	 
REQUEST		request_11	1669213455397	1669213455633	OK	 
REQUEST		request_13	1669213455403	1669213455633	OK	 
REQUEST		request_11	1669213455398	1669213455634	OK	 
REQUEST		request_12	1669213455397	1669213455636	OK	 
REQUEST		request_12	1669213455402	1669213455639	OK	 
REQUEST		request_14	1669213455407	1669213455639	OK	 
REQUEST		request_12	1669213455402	1669213455639	OK	 
REQUEST		request_13	1669213455407	1669213455647	OK	 
REQUEST		request_14	1669213455422	1669213455679	OK	 
REQUEST		request_13	1669213455422	1669213455679	OK	 
REQUEST		request_14	1669213455425	1669213455681	OK	 
REQUEST		splash.gif	1669213455345	1669213455801	OK	 
REQUEST		splash.gif	1669213455377	1669213455835	OK	 
REQUEST		splash.gif	1669213455386	1669213455869	OK	 
REQUEST		request_15	1669213455422	1669213455914	OK	 
REQUEST		request_15	1669213455462	1669213455942	OK	 
REQUEST		request_15	1669213455461	1669213455968	OK	 
REQUEST		request_16	1669213457922	1669213458176	OK	 
REQUEST		request_16	1669213457953	1669213458203	OK	 
REQUEST		request_16	1669213457985	1669213458231	OK	 
REQUEST		jpetstore.css	1669213458195	1669213458426	OK	 
REQUEST		separator.gif	1669213458200	1669213458435	OK	 
REQUEST		cart.gif	1669213458198	1669213458436	OK	 
REQUEST		logo-topbar.gif	1669213458196	1669213458438	OK	 
REQUEST		sm_dogs.gif	1669213458206	1669213458440	OK	 
REQUEST		sm_fish.gif	1669213458204	1669213458441	OK	 
REQUEST		cart.gif	1669213458223	1669213458462	OK	 
REQUEST		separator.gif	1669213458224	1669213458467	OK	 
REQUEST		logo-topbar.gif	1669213458222	1669213458469	OK	 
REQUEST		jpetstore.css	1669213458220	1669213458470	OK	 
REQUEST		sm_fish.gif	1669213458226	1669213458471	OK	 
REQUEST		sm_dogs.gif	1669213458228	1669213458472	OK	 
REQUEST		separator.gif	1669213458249	1669213458475	OK	 
REQUEST		jpetstore.css	1669213458245	1669213458479	OK	 
REQUEST		logo-topbar.gif	1669213458247	1669213458481	OK	 
REQUEST		cart.gif	1669213458248	1669213458483	OK	 
REQUEST		sm_dogs.gif	1669213458252	1669213458488	OK	 
REQUEST		sm_fish.gif	1669213458250	1669213458495	OK	 
REQUEST		request_26	1669213460450	1669213460700	OK	 
REQUEST		request_26	1669213460482	1669213460717	OK	 
REQUEST		request_26	1669213460498	1669213460723	OK	 
REQUEST		jpetstore.css	1669213460711	1669213460936	OK	 
REQUEST		logo-topbar.gif	1669213460713	1669213460943	OK	 
REQUEST		sm_dogs.gif	1669213460718	1669213460945	OK	 
REQUEST		separator.gif	1669213460715	1669213460949	OK	 
REQUEST		cart.gif	1669213460714	1669213460951	OK	 
REQUEST		sm_fish.gif	1669213460717	1669213460960	OK	 
REQUEST		jpetstore.css	1669213460728	1669213460963	OK	 
REQUEST		sm_dogs.gif	1669213460744	1669213460970	OK	 
REQUEST		sm_fish.gif	1669213460734	1669213460970	OK	 
REQUEST		logo-topbar.gif	1669213460729	1669213460972	OK	 
REQUEST		cart.gif	1669213460730	1669213460973	OK	 
REQUEST		sm_dogs.gif	1669213460735	1669213460974	OK	 
REQUEST		logo-topbar.gif	1669213460739	1669213460976	OK	 
REQUEST		separator.gif	1669213460732	1669213460976	OK	 
REQUEST		separator.gif	1669213460741	1669213460977	OK	 
REQUEST		jpetstore.css	1669213460737	1669213460978	OK	 
REQUEST		cart.gif	1669213460740	1669213460979	OK	 
REQUEST		sm_fish.gif	1669213460743	1669213460991	OK	 
REQUEST		AAAAAAAAAAAAAA	1669213462980	1669213463207	OK	 
REQUEST		AAAAAAAAAAAAAA	1669213462992	1669213463227	OK	 
REQUEST		AAAAAAAAAAAAAA	1669213463007	1669213463240	OK	 
REQUEST		AAAAAAAAAAAAAA Redirect 1	1669213463210	1669213463439	OK	 
REQUEST		AAAAAAAAAAAAAA Redirect 1	1669213463228	1669213463462	OK	 
REQUEST		AAAAAAAAAAAAAA Redirect 1	1669213463241	1669213463478	OK	 
REQUEST		jpetstore.css	1669213463447	1669213463671	OK	 
REQUEST		sm_fish.gif	1669213463450	1669213463680	OK	 
REQUEST		sm_dogs.gif	1669213463450	1669213463681	OK	 
REQUEST		logo-topbar.gif	1669213463448	1669213463685	OK	 
REQUEST		cart.gif	1669213463448	1669213463686	OK	 
REQUEST		separator.gif	1669213463449	1669213463686	OK	 
USER	registerUser	END	1669213463697
REQUEST		logo-topbar.gif	1669213463468	1669213463702	OK	 
REQUEST		jpetstore.css	1669213463468	1669213463703	OK	 
REQUEST		sm_dogs.gif	1669213463470	1669213463704	OK	 
REQUEST		cart.gif	1669213463469	1669213463704	OK	 
REQUEST		sm_fish.gif	1669213463470	1669213463709	OK	 
REQUEST		sm_fish.gif	1669213463484	1669213463709	OK	 
REQUEST		separator.gif	1669213463469	1669213463716	OK	 
USER	registerUser	END	1669213463719
REQUEST		logo-topbar.gif	1669213463482	1669213463720	OK	 
REQUEST		jpetstore.css	1669213463482	1669213463721	OK	 
REQUEST		sm_dogs.gif	1669213463484	1669213463722	OK	 
REQUEST		cart.gif	1669213463483	1669213463723	OK	 
REQUEST		separator.gif	1669213463483	1669213463730	OK	 
USER	registerUser	END	1669213463733
