RUN	com.gatling.tests.createOrder	createorder	1669247331168	asd	3.6.1
USER	createOrder	START	1669247333061
USER	createOrder	START	1669247333061
USER	createOrder	START	1669247333061
REQUEST		CreateOrder_00_LandingPage	1669247333115	1669247333919	OK	 
REQUEST		CreateOrder_00_LandingPage	1669247333115	1669247333919	OK	 
REQUEST		CreateOrder_00_LandingPage	1669247333115	1669247333921	OK	 
REQUEST		CreateOrder_01_ClickSignIn	1669247336208	1669247336437	OK	 
REQUEST		CreateOrder_01_ClickSignIn	1669247336208	1669247336437	OK	 
REQUEST		CreateOrder_01_ClickSignIn	1669247336208	1669247336452	OK	 
REQUEST		CreateOrder_02_Login PerfTest002	1669247338466	1669247338700	OK	 
REQUEST		CreateOrder_02_Login PerfTest002	1669247338466	1669247338701	OK	 
REQUEST		CreateOrder_02_Login PerfTest001	1669247338467	1669247338716	OK	 
REQUEST		CreateOrder_03_SelectCategory REPTILES	1669247340725	1669247340962	OK	 
REQUEST		CreateOrder_03_SelectCategory CATS	1669247340725	1669247340952	OK	 
REQUEST		CreateOrder_03_SelectCategory DOGS	1669247340736	1669247340975	OK	 
REQUEST		CreateOrder_04_SelectProduct RP-SN-01	1669247342979	1669247343211	OK	 
REQUEST		CreateOrder_04_SelectProduct FL-DLH-02	1669247342979	1669247343211	OK	 
REQUEST		CreateOrder_04_SelectProduct K9-CW-01	1669247342995	1669247343232	OK	 
REQUEST		CreateOrder_05_ViewItem	1669247345230	1669247345461	OK	 
REQUEST		CreateOrder_05_ViewItem	1669247345230	1669247345462	OK	 
REQUEST		CreateOrder_05_ViewItem	1669247345245	1669247345486	OK	 
REQUEST		CreateOrder_05_AddToCart	1669247347472	1669247347706	OK	 
REQUEST		CreateOrder_05_AddToCart	1669247347473	1669247347706	OK	 
REQUEST		CreateOrder_05_AddToCart	1669247347503	1669247347759	OK	 
REQUEST		CreateOrder_06_ProceedCheckout	1669247349725	1669247349958	OK	 
REQUEST		CreateOrder_06_ProceedCheckout	1669247349725	1669247349958	OK	 
REQUEST		CreateOrder_06_ProceedCheckout	1669247349772	1669247350018	OK	 
REQUEST		CreateOrder_07_PressContinue	1669247351971	1669247352200	OK	 
REQUEST		CreateOrder_07_PressContinue	1669247351971	1669247352209	OK	 
REQUEST		CreateOrder_07_PressContinue	1669247352034	1669247352282	OK	 
REQUEST		CreateOrder_08_ConfirmOrder	1669247354203	1669247354663	KO	status.find.in(200,201,202,203,204,205,206,207,208,209,304), found 500
REQUEST		CreateOrder_08_ConfirmOrder	1669247354219	1669247354671	KO	status.find.in(200,201,202,203,204,205,206,207,208,209,304), found 500
USER	createOrder	END	1669247354685
USER	createOrder	END	1669247354685
REQUEST		CreateOrder_08_ConfirmOrder	1669247354295	1669247354775	KO	status.find.in(200,201,202,203,204,205,206,207,208,209,304), found 500
USER	createOrder	END	1669247354776
