RUN	com.gatling.tests.createOrder	createorder	1669294782859	asdf	3.6.1
USER	createOrder	START	1669294784757
USER	createOrder	START	1669294784757
USER	createOrder	START	1669294784757
REQUEST		CreateOrder_00_LandingPage	1669294784809	1669294785553	OK	 
REQUEST		CreateOrder_00_LandingPage	1669294784809	1669294785551	OK	 
REQUEST		CreateOrder_00_LandingPage	1669294784809	1669294785559	OK	 
REQUEST		CreateOrder_01_ClickSignIn	1669294787802	1669294788031	OK	 
REQUEST		CreateOrder_01_ClickSignIn	1669294787802	1669294788046	OK	 
REQUEST		CreateOrder_01_ClickSignIn	1669294787802	1669294788046	OK	 
REQUEST		CreateOrder_02_Login #{username}	1669294790059	1669294790292	OK	 
REQUEST		CreateOrder_02_Login #{username}	1669294790074	1669294790314	OK	 
REQUEST		CreateOrder_02_Login #{username}	1669294790074	1669294790315	OK	 
REQUEST		CreateOrder_03_SelectCategory FISH	1669294792308	1669294792536	OK	 
REQUEST		CreateOrder_03_SelectCategory BIRDS	1669294792333	1669294792571	OK	 
REQUEST		CreateOrder_03_SelectCategory REPTILES	1669294792333	1669294792572	OK	 
REQUEST		CreateOrder_04_SelectProduct AV-SB-02	1669294794583	1669294794823	OK	 
REQUEST		CreateOrder_04_SelectProduct FI-FW-01	1669294794568	1669294794823	OK	 
REQUEST		CreateOrder_04_SelectProduct RP-LI-02	1669294794583	1669294794826	OK	 
REQUEST		CreateOrder_05_ViewItem	1669294796841	1669294797066	OK	 
REQUEST		CreateOrder_05_ViewItem	1669294796841	1669294797076	OK	 
REQUEST		CreateOrder_05_ViewItem	1669294796841	1669294797076	OK	 
REQUEST		CreateOrder_05_AddToCart	1669294799083	1669294799312	OK	 
REQUEST		CreateOrder_05_AddToCart	1669294799082	1669294799322	OK	 
REQUEST		CreateOrder_05_AddToCart	1669294799082	1669294799322	OK	 
REQUEST		CreateOrder_06_ProceedCheckout	1669294801323	1669294801552	OK	 
REQUEST		CreateOrder_06_ProceedCheckout	1669294801338	1669294801577	OK	 
REQUEST		CreateOrder_06_ProceedCheckout	1669294801338	1669294801578	OK	 
REQUEST		CreateOrder_07_PressContinue	1669294803572	1669294803804	OK	 
REQUEST		CreateOrder_07_PressContinue	1669294803588	1669294803826	OK	 
REQUEST		CreateOrder_07_PressContinue	1669294803588	1669294803839	OK	 
REQUEST		CreateOrder_08_ConfirmOrder	1669294805824	1669294806278	KO	status.find.in(200,201,202,203,204,205,206,207,208,209,304), found 500
USER	createOrder	END	1669294806303
REQUEST		CreateOrder_08_ConfirmOrder	1669294805838	1669294806311	KO	status.find.in(200,201,202,203,204,205,206,207,208,209,304), found 500
USER	createOrder	END	1669294806314
REQUEST		CreateOrder_08_ConfirmOrder	1669294805854	1669294806337	KO	status.find.in(200,201,202,203,204,205,206,207,208,209,304), found 500
USER	createOrder	END	1669294806340
