RUN	com.gatling.tests.updateOrder	updateorder	1669315412489	fasd	3.6.1
USER	createOrder	START	1669315414304
REQUEST		CreateOrder_00_LandingPage	1669315414348	1669315415116	OK	 
REQUEST		CreateOrder_01_ClickSignIn	1669315418439	1669315418678	OK	 
REQUEST		CreateOrder_02_Login	1669315422209	1669315422451	OK	 
REQUEST		CreateOrder_02_Login Redirect 1	1669315422455	1669315422696	OK	 
REQUEST		CreateOrder_03_SelectCategory FISH	1669315425904	1669315426186	OK	 
REQUEST		CreateOrder_04_SelectProduct FI-SW-01	1669315429455	1669315429699	OK	 
REQUEST		CreateOrder_05_ViewItem EST-2	1669315432980	1669315433223	OK	 
REQUEST		CreateOrder_05_AddToCart EST-2	1669315435732	1669315435986	OK	 
REQUEST		CreateOrder_03_SelectCategory FISH	1669315439961	1669315440199	OK	 
REQUEST		CreateOrder_04_SelectProduct FI-FW-01	1669315443058	1669315443302	OK	 
REQUEST		CreateOrder_05_ViewItem EST-4	1669315446979	1669315447223	OK	 
REQUEST		CreateOrder_05_AddToCart EST-4	1669315451020	1669315451258	OK	 
REQUEST		CreateOrder_03_SelectCategory DOGS	1669315453847	1669315454085	OK	 
REQUEST		CreateOrder_04_SelectProduct K9-BD-01	1669315457836	1669315458077	OK	 
REQUEST		CreateOrder_05_ViewItem EST-7	1669315461226	1669315461471	OK	 
REQUEST		CreateOrder_05_AddToCart EST-7	1669315464627	1669315464867	OK	 
REQUEST		request_142	1669315467424	1669315467672	OK	 
REQUEST		request_152	1669315471536	1669315471777	OK	 
REQUEST		request_162	1669315473866	1669315474108	OK	 
USER	createOrder	END	1669315474111
