RUN	com.gatling.tests.petshop	petshop	1669209828341	test	3.6.1
USER	registerUser	START	1669209830289
USER	registerUser	START	1669209830289
USER	registerUser	START	1669209830289
REQUEST		request_0	1669209830345	1669209831104	OK	 
REQUEST		request_0	1669209830345	1669209831104	OK	 
REQUEST		request_0	1669209830345	1669209831104	OK	 
REQUEST		jpetstore.css	1669209831380	1669209831620	OK	 
REQUEST		jpetstore.css	1669209831380	1669209831620	OK	 
REQUEST		jpetstore.css	1669209831380	1669209831620	OK	 
REQUEST		sm_reptiles.gif	1669209831675	1669209831908	OK	 
REQUEST		sm_reptiles.gif	1669209831675	1669209831908	OK	 
REQUEST		sm_reptiles.gif	1669209831675	1669209831915	OK	 
REQUEST		cart.gif	1669209831383	1669209832142	OK	 
REQUEST		sm_fish.gif	1669209831387	1669209832148	OK	 
REQUEST		sm_cats.gif	1669209831912	1669209832152	OK	 
REQUEST		logo-topbar.gif	1669209831382	1669209832157	OK	 
REQUEST		sm_cats.gif	1669209831917	1669209832157	OK	 
REQUEST		sm_cats.gif	1669209831912	1669209832161	OK	 
REQUEST		logo-topbar.gif	1669209831382	1669209832162	OK	 
REQUEST		logo-topbar.gif	1669209831382	1669209832162	OK	 
REQUEST		cart.gif	1669209831383	1669209832166	OK	 
REQUEST		sm_fish.gif	1669209831386	1669209832182	OK	 
REQUEST		separator.gif	1669209831387	1669209832182	OK	 
REQUEST		cart.gif	1669209831384	1669209832182	OK	 
REQUEST		separator.gif	1669209831385	1669209832187	OK	 
REQUEST		separator.gif	1669209831385	1669209832188	OK	 
REQUEST		sm_dogs.gif	1669209831387	1669209832191	OK	 
REQUEST		sm_dogs.gif	1669209831389	1669209832191	OK	 
REQUEST		sm_fish.gif	1669209831389	1669209832193	OK	 
REQUEST		sm_dogs.gif	1669209831391	1669209832197	OK	 
REQUEST		sm_birds.gif	1669209832143	1669209832379	OK	 
REQUEST		sm_birds.gif	1669209832149	1669209832379	OK	 
REQUEST		fish_icon.gif	1669209832159	1669209832394	OK	 
REQUEST		sm_birds.gif	1669209832158	1669209832394	OK	 
REQUEST		fish_icon.gif	1669209832154	1669209832396	OK	 
REQUEST		fish_icon.gif	1669209832163	1669209832400	OK	 
REQUEST		dogs_icon.gif	1669209832164	1669209832407	OK	 
REQUEST		dogs_icon.gif	1669209832164	1669209832407	OK	 
REQUEST		dogs_icon.gif	1669209832167	1669209832408	OK	 
REQUEST		cats_icon.gif	1669209832184	1669209832427	OK	 
REQUEST		cats_icon.gif	1669209832185	1669209832427	OK	 
REQUEST		reptiles_icon.gif	1669209832188	1669209832430	OK	 
REQUEST		birds_icon.gif	1669209832193	1669209832430	OK	 
REQUEST		cats_icon.gif	1669209832185	1669209832432	OK	 
REQUEST		reptiles_icon.gif	1669209832189	1669209832435	OK	 
REQUEST		birds_icon.gif	1669209832192	1669209832435	OK	 
REQUEST		birds_icon.gif	1669209832198	1669209832438	OK	 
REQUEST		reptiles_icon.gif	1669209832194	1669209832448	OK	 
REQUEST		request_11	1669209832405	1669209832641	OK	 
REQUEST		request_11	1669209832405	1669209832641	OK	 
REQUEST		request_12	1669209832409	1669209832650	OK	 
REQUEST		request_12	1669209832409	1669209832650	OK	 
REQUEST		request_12	1669209832409	1669209832650	OK	 
REQUEST		request_11	1669209832406	1669209832652	OK	 
REQUEST		request_13	1669209832428	1669209832665	OK	 
REQUEST		request_14	1669209832432	1669209832666	OK	 
REQUEST		request_13	1669209832428	1669209832666	OK	 
REQUEST		request_13	1669209832434	1669209832676	OK	 
REQUEST		splash.gif	1669209832381	1669209832839	OK	 
REQUEST		splash.gif	1669209832381	1669209832848	OK	 
REQUEST		splash.gif	1669209832396	1669209832865	OK	 
REQUEST		request_15	1669209832432	1669209832906	OK	 
REQUEST		request_15	1669209832438	1669209832940	OK	 
REQUEST		request_15	1669209832440	1669209832948	OK	 
REQUEST		request_16	1669209834918	1669209835163	OK	 
REQUEST		request_16	1669209834948	1669209835187	OK	 
REQUEST		request_16	1669209834964	1669209835217	OK	 
REQUEST		separator.gif	1669209835196	1669209835431	OK	 
REQUEST		jpetstore.css	1669209835189	1669209835439	OK	 
REQUEST		logo-topbar.gif	1669209835192	1669209835440	OK	 
REQUEST		cart.gif	1669209835194	1669209835441	OK	 
REQUEST		sm_dogs.gif	1669209835202	1669209835442	OK	 
REQUEST		sm_fish.gif	1669209835198	1669209835444	OK	 
REQUEST		cart.gif	1669209835214	1669209835453	OK	 
REQUEST		jpetstore.css	1669209835210	1669209835457	OK	 
REQUEST		separator.gif	1669209835215	1669209835459	OK	 
REQUEST		separator.gif	1669209835235	1669209835460	OK	 
REQUEST		logo-topbar.gif	1669209835212	1669209835460	OK	 
REQUEST		sm_fish.gif	1669209835216	1669209835462	OK	 
REQUEST		sm_dogs.gif	1669209835218	1669209835463	OK	 
REQUEST		jpetstore.css	1669209835232	1669209835465	OK	 
REQUEST		logo-topbar.gif	1669209835234	1669209835476	OK	 
REQUEST		cart.gif	1669209835235	1669209835478	OK	 
REQUEST		sm_fish.gif	1669209835236	1669209835480	OK	 
REQUEST		sm_dogs.gif	1669209835237	1669209835481	OK	 
REQUEST		request_26	1669209837452	1669209837682	OK	 
REQUEST		request_26	1669209837467	1669209837702	OK	 
REQUEST		request_26	1669209837498	1669209837724	OK	 
REQUEST		sm_fish.gif	1669209837698	1669209837927	OK	 
REQUEST		jpetstore.css	1669209837692	1669209837930	OK	 
REQUEST		sm_dogs.gif	1669209837698	1669209837931	OK	 
REQUEST		separator.gif	1669209837715	1669209837960	OK	 
REQUEST		separator.gif	1669209837697	1669209837960	OK	 
REQUEST		logo-topbar.gif	1669209837694	1669209837962	OK	 
REQUEST		cart.gif	1669209837695	1669209837963	OK	 
REQUEST		jpetstore.css	1669209837711	1669209837965	OK	 
REQUEST		logo-topbar.gif	1669209837712	1669209837966	OK	 
REQUEST		jpetstore.css	1669209837734	1669209837966	OK	 
REQUEST		sm_fish.gif	1669209837717	1669209837967	OK	 
REQUEST		sm_dogs.gif	1669209837718	1669209837968	OK	 
REQUEST		cart.gif	1669209837713	1669209837969	OK	 
REQUEST		sm_dogs.gif	1669209837741	1669209837970	OK	 
REQUEST		logo-topbar.gif	1669209837735	1669209837974	OK	 
REQUEST		cart.gif	1669209837737	1669209837976	OK	 
REQUEST		separator.gif	1669209837739	1669209837976	OK	 
REQUEST		sm_fish.gif	1669209837740	1669209837992	OK	 
REQUEST		AAAAAAAAAAAAAA	1669209839995	1669209840231	OK	 
REQUEST		AAAAAAAAAAAAAA	1669209839987	1669209840446	KO	status.find.in(200,201,202,203,204,205,206,207,208,209,304), found 500
REQUEST		AAAAAAAAAAAAAA Redirect 1	1669209840239	1669209840471	OK	 
REQUEST		AAAAAAAAAAAAAA	1669209839987	1669209840470	KO	status.find.in(200,201,202,203,204,205,206,207,208,209,304), found 500
USER	registerUser	END	1669209840478
USER	registerUser	END	1669209840478
REQUEST		sm_dogs.gif	1669209840503	1669209840737	OK	 
REQUEST		sm_fish.gif	1669209840502	1669209840742	OK	 
REQUEST		jpetstore.css	1669209840487	1669209840743	OK	 
REQUEST		logo-topbar.gif	1669209840500	1669209840744	OK	 
REQUEST		cart.gif	1669209840501	1669209840745	OK	 
REQUEST		separator.gif	1669209840502	1669209840748	OK	 
USER	registerUser	END	1669209840753
