RUN	com.gatling.tests.createOrder	createorder	1669300773798	3	3.6.1
USER	createOrder	START	1669300775816
USER	createOrder	START	1669300775816
USER	createOrder	START	1669300775816
REQUEST		CreateOrder_00_LandingPage	1669300775871	1669300776702	OK	 
REQUEST		CreateOrder_00_LandingPage	1669300775871	1669300776702	OK	 
REQUEST		CreateOrder_00_LandingPage	1669300775871	1669300776702	OK	 
REQUEST		CreateOrder_01_ClickSignIn	1669300779019	1669300779257	OK	 
REQUEST		CreateOrder_01_ClickSignIn	1669300779019	1669300779257	OK	 
REQUEST		CreateOrder_01_ClickSignIn	1669300779020	1669300779257	OK	 
REQUEST		CreateOrder_02_Login PerfTest001	1669300781297	1669300781538	OK	 
REQUEST		CreateOrder_02_Login PerfTest001	1669300781297	1669300781538	OK	 
REQUEST		CreateOrder_02_Login PerfTest002	1669300781297	1669300781531	OK	 
REQUEST		CreateOrder_02_Login PerfTest002 Redirect 1	1669300781541	1669300781771	OK	 
REQUEST		CreateOrder_02_Login PerfTest001 Redirect 1	1669300781541	1669300781777	OK	 
REQUEST		CreateOrder_02_Login PerfTest001 Redirect 1	1669300781542	1669300781787	OK	 
REQUEST		CreateOrder_03_SelectCategory CATS	1669300783791	1669300784020	OK	 
REQUEST		CreateOrder_03_SelectCategory FISH	1669300783791	1669300784037	OK	 
REQUEST		CreateOrder_03_SelectCategory FISH	1669300783803	1669300784042	OK	 
REQUEST		CreateOrder_04_SelectProduct FL-DSH-01	1669300786041	1669300786277	OK	 
REQUEST		CreateOrder_04_SelectProduct FI-SW-02	1669300786056	1669300786296	OK	 
REQUEST		CreateOrder_04_SelectProduct FI-FW-01	1669300786056	1669300786296	OK	 
REQUEST		CreateOrder_05_ViewItem	1669300788292	1669300788517	OK	 
REQUEST		CreateOrder_05_ViewItem	1669300788307	1669300788548	OK	 
REQUEST		CreateOrder_05_ViewItem	1669300788307	1669300788548	OK	 
REQUEST		CreateOrder_05_AddToCart	1669300790537	1669300790770	OK	 
REQUEST		CreateOrder_05_AddToCart	1669300790567	1669300790808	OK	 
REQUEST		CreateOrder_05_AddToCart	1669300790567	1669300790808	OK	 
REQUEST		CreateOrder_06_ProceedCheckout	1669300792776	1669300793012	OK	 
REQUEST		CreateOrder_06_ProceedCheckout	1669300792825	1669300793058	OK	 
REQUEST		CreateOrder_06_ProceedCheckout	1669300792825	1669300793058	OK	 
REQUEST		CreateOrder_07_PressContinue	1669300795028	1669300795253	OK	 
REQUEST		CreateOrder_07_PressContinue	1669300795073	1669300795312	OK	 
REQUEST		CreateOrder_07_PressContinue	1669300795073	1669300795312	OK	 
REQUEST		CreateOrder_08_ConfirmOrder	1669300798446	1669300798689	OK	 
USER	createOrder	END	1669300798696
REQUEST		CreateOrder_08_ConfirmOrder	1669300798477	1669300798714	OK	 
USER	createOrder	END	1669300798717
REQUEST		CreateOrder_08_ConfirmOrder	1669300798446	1669300798914	KO	status.find.in(200,201,202,203,204,205,206,207,208,209,304), found 500
USER	createOrder	END	1669300798929
