RUN	com.gatling.tests.createOrder	createorder	1669247899923	fg	3.6.1
USER	createOrder	START	1669247901853
USER	createOrder	START	1669247901853
USER	createOrder	START	1669247901853
REQUEST		CreateOrder_00_LandingPage	1669247901914	1669247902688	OK	 
REQUEST		CreateOrder_00_LandingPage	1669247901914	1669247902687	OK	 
REQUEST		CreateOrder_00_LandingPage	1669247901914	1669247902687	OK	 
REQUEST		CreateOrder_01_ClickSignIn	1669247905030	1669247905268	OK	 
REQUEST		CreateOrder_01_ClickSignIn	1669247905030	1669247905268	OK	 
REQUEST		CreateOrder_01_ClickSignIn	1669247905030	1669247905268	OK	 
REQUEST		CreateOrder_02_Login PerfTest003	1669247907295	1669247907539	OK	 
REQUEST		CreateOrder_02_Login PerfTest003	1669247907293	1669247907539	OK	 
REQUEST		CreateOrder_02_Login PerfTest002	1669247907295	1669247907539	OK	 
REQUEST		CreateOrder_02_Login PerfTest003 Redirect 1	1669247907547	1669247907786	OK	 
REQUEST		CreateOrder_02_Login PerfTest003 Redirect 1	1669247907547	1669247907786	OK	 
REQUEST		CreateOrder_02_Login PerfTest002 Redirect 1	1669247907547	1669247907792	OK	 
REQUEST		CreateOrder_03_SelectCategory FISH	1669247909814	1669247910052	OK	 
REQUEST		CreateOrder_03_SelectCategory REPTILES	1669247909802	1669247910040	OK	 
REQUEST		CreateOrder_03_SelectCategory REPTILES	1669247909802	1669247910040	OK	 
REQUEST		CreateOrder_04_SelectProduct RP-LI-02	1669247912065	1669247912298	OK	 
REQUEST		CreateOrder_04_SelectProduct RP-SN-01	1669247912065	1669247912313	OK	 
REQUEST		CreateOrder_04_SelectProduct FI-FW-01	1669247912065	1669247912313	OK	 
REQUEST		CreateOrder_05_ViewItem	1669247914315	1669247914550	OK	 
REQUEST		CreateOrder_05_ViewItem	1669247914331	1669247914568	OK	 
REQUEST		CreateOrder_05_ViewItem	1669247914331	1669247914575	OK	 
REQUEST		CreateOrder_05_AddToCart	1669247916555	1669247916796	OK	 
REQUEST		CreateOrder_05_AddToCart	1669247916587	1669247916827	OK	 
REQUEST		CreateOrder_05_AddToCart	1669247916587	1669247916834	OK	 
REQUEST		CreateOrder_06_ProceedCheckout	1669247918810	1669247919059	OK	 
REQUEST		CreateOrder_06_ProceedCheckout	1669247918841	1669247919084	OK	 
REQUEST		CreateOrder_06_ProceedCheckout	1669247918841	1669247919084	OK	 
REQUEST		CreateOrder_07_PressContinue	1669247921078	1669247921319	OK	 
REQUEST		CreateOrder_07_PressContinue	1669247921093	1669247921334	OK	 
REQUEST		CreateOrder_07_PressContinue	1669247921093	1669247921334	OK	 
REQUEST		CreateOrder_08_ConfirmOrder	1669247923329	1669247923567	OK	 
USER	createOrder	END	1669247923576
REQUEST		CreateOrder_08_ConfirmOrder	1669247923344	1669247923587	OK	 
USER	createOrder	END	1669247923592
REQUEST		CreateOrder_08_ConfirmOrder	1669247923344	1669247923823	KO	status.find.in(200,201,202,203,204,205,206,207,208,209,304), found 500
USER	createOrder	END	1669247923845
