RUN	com.gatling.tests.createOrder	createorder	1669240267322	ASD	3.6.1
USER	createOrder	START	1669240269241
USER	createOrder	START	1669240269241
USER	createOrder	START	1669240269241
USER	createOrder	START	1669240269241
USER	createOrder	START	1669240269241
REQUEST		CreateOrder_00_LandingPage	1669240269310	1669240270078	OK	 
REQUEST		CreateOrder_00_LandingPage	1669240269310	1669240270077	OK	 
REQUEST		CreateOrder_00_LandingPage	1669240269310	1669240270073	OK	 
REQUEST		CreateOrder_00_LandingPage	1669240269310	1669240270078	OK	 
REQUEST		CreateOrder_00_LandingPage	1669240269310	1669240270073	OK	 
REQUEST		CreateOrder_01_ClickSignIn	1669240272373	1669240272601	OK	 
REQUEST		CreateOrder_01_ClickSignIn	1669240272373	1669240272610	OK	 
REQUEST		CreateOrder_01_ClickSignIn	1669240272373	1669240272610	OK	 
REQUEST		CreateOrder_01_ClickSignIn	1669240272373	1669240272610	OK	 
REQUEST		CreateOrder_01_ClickSignIn	1669240272373	1669240272610	OK	 
REQUEST		CreateOrder_02_Login	1669240274630	1669240274864	OK	 
REQUEST		CreateOrder_02_Login	1669240274631	1669240274877	OK	 
REQUEST		CreateOrder_02_Login	1669240274632	1669240274877	OK	 
REQUEST		CreateOrder_02_Login	1669240274631	1669240274877	OK	 
REQUEST		CreateOrder_02_Login	1669240274631	1669240274880	OK	 
REQUEST		CreateOrder_02_Login Redirect 1	1669240274870	1669240275100	OK	 
REQUEST		CreateOrder_02_Login Redirect 1	1669240274878	1669240275115	OK	 
REQUEST		CreateOrder_02_Login Redirect 1	1669240274878	1669240275115	OK	 
REQUEST		CreateOrder_02_Login Redirect 1	1669240274878	1669240275115	OK	 
REQUEST		CreateOrder_02_Login Redirect 1	1669240274880	1669240275123	OK	 
REQUEST		CreateOrder_03_SelectCategory REPTILES	1669240277124	1669240277367	OK	 
REQUEST		CreateOrder_03_SelectCategory BIRDS	1669240277134	1669240277372	OK	 
REQUEST		CreateOrder_03_SelectCategory REPTILES	1669240277134	1669240277372	OK	 
REQUEST		CreateOrder_03_SelectCategory REPTILES	1669240277134	1669240277372	OK	 
REQUEST		CreateOrder_03_SelectCategory FISH	1669240277134	1669240277382	OK	 
REQUEST		CreateOrder_04_SelectProduct AV-CB-01	1669240279405	1669240279658	OK	 
REQUEST		CreateOrder_04_SelectProduct RP-SN-01	1669240279405	1669240279658	OK	 
REQUEST		CreateOrder_04_SelectProduct FI-FW-01	1669240279405	1669240279659	OK	 
REQUEST		CreateOrder_04_SelectProduct RP-SN-01	1669240279405	1669240279659	OK	 
REQUEST		CreateOrder_04_SelectProduct RP-SN-01	1669240279405	1669240279659	OK	 
REQUEST		CreateOrder_05_ViewItem	1669240281676	1669240281905	OK	 
REQUEST		CreateOrder_05_ViewItem	1669240281676	1669240281913	OK	 
REQUEST		CreateOrder_05_ViewItem	1669240281676	1669240281913	OK	 
REQUEST		CreateOrder_05_ViewItem	1669240281676	1669240281913	OK	 
REQUEST		CreateOrder_05_ViewItem	1669240281676	1669240281920	OK	 
REQUEST		CreateOrder_05_AddToCart	1669240283922	1669240284158	OK	 
REQUEST		CreateOrder_05_AddToCart	1669240283922	1669240284159	OK	 
REQUEST		CreateOrder_05_AddToCart	1669240283922	1669240284159	OK	 
REQUEST		CreateOrder_05_AddToCart	1669240283922	1669240284159	OK	 
REQUEST		CreateOrder_05_AddToCart	1669240283937	1669240284179	OK	 
REQUEST		CreateOrder_06_ProceedCheckout	1669240286174	1669240286427	OK	 
REQUEST		CreateOrder_06_ProceedCheckout	1669240286173	1669240286427	OK	 
REQUEST		CreateOrder_06_ProceedCheckout	1669240286189	1669240286438	OK	 
REQUEST		CreateOrder_06_ProceedCheckout	1669240286174	1669240286438	OK	 
REQUEST		CreateOrder_06_ProceedCheckout	1669240286173	1669240286438	OK	 
REQUEST		CreateOrder_07_PressContinue	1669240288443	1669240288676	OK	 
REQUEST		CreateOrder_07_PressContinue	1669240288459	1669240288694	OK	 
REQUEST		CreateOrder_07_PressContinue	1669240288442	1669240288694	OK	 
REQUEST		CreateOrder_07_PressContinue	1669240288458	1669240288694	OK	 
REQUEST		CreateOrder_07_PressContinue	1669240288458	1669240288700	OK	 
REQUEST		CreateOrder_08_ConfirmOrder	1669240290686	1669240290921	OK	 
USER	createOrder	END	1669240290927
REQUEST		CreateOrder_08_ConfirmOrder	1669240290717	1669240290990	OK	 
REQUEST		CreateOrder_08_ConfirmOrder	1669240290702	1669240290990	OK	 
REQUEST		CreateOrder_08_ConfirmOrder	1669240290701	1669240290990	OK	 
REQUEST		CreateOrder_08_ConfirmOrder	1669240290701	1669240290990	OK	 
USER	createOrder	END	1669240290994
USER	createOrder	END	1669240290994
USER	createOrder	END	1669240290994
USER	createOrder	END	1669240290994
