RUN	com.gatling.tests.createOrder	createorder	1669299709754	asdf	3.6.1
USER	createOrder	START	1669299711699
USER	createOrder	START	1669299711699
USER	createOrder	START	1669299711699
REQUEST		CreateOrder_00_LandingPage	1669299711774	1669299712530	OK	 
REQUEST		CreateOrder_00_LandingPage	1669299711774	1669299712530	OK	 
REQUEST		CreateOrder_00_LandingPage	1669299711774	1669299712530	OK	 
REQUEST		CreateOrder_01_ClickSignIn	1669299714842	1669299715071	OK	 
REQUEST		CreateOrder_01_ClickSignIn	1669299714842	1669299715085	OK	 
REQUEST		CreateOrder_01_ClickSignIn	1669299714853	1669299715093	OK	 
REQUEST		CreateOrder_02_Login #{username}	1669299717105	1669299717338	OK	 
REQUEST		CreateOrder_02_Login #{username}	1669299717105	1669299717352	OK	 
REQUEST		CreateOrder_02_Login #{username}	1669299717105	1669299717352	OK	 
REQUEST		CreateOrder_02_Login #{username} Redirect 1	1669299717345	1669299717575	OK	 
REQUEST		CreateOrder_02_Login #{username} Redirect 1	1669299717353	1669299717593	OK	 
REQUEST		CreateOrder_02_Login #{username} Redirect 1	1669299717353	1669299717596	OK	 
REQUEST		CreateOrder_03_SelectCategory DOGS	1669299719607	1669299719840	OK	 
REQUEST		CreateOrder_03_SelectCategory BIRDS	1669299719598	1669299719826	OK	 
REQUEST		CreateOrder_03_SelectCategory REPTILES	1669299719622	1669299719858	OK	 
REQUEST		CreateOrder_04_SelectProduct AV-CB-01	1669299721858	1669299722091	OK	 
REQUEST		CreateOrder_04_SelectProduct K9-PO-02	1669299721858	1669299722098	OK	 
REQUEST		CreateOrder_04_SelectProduct RP-LI-02	1669299721874	1669299722123	OK	 
REQUEST		CreateOrder_05_ViewItem	1669299724099	1669299724328	OK	 
REQUEST		CreateOrder_05_ViewItem	1669299724115	1669299724385	OK	 
REQUEST		CreateOrder_05_ViewItem	1669299724130	1669299724385	OK	 
REQUEST		CreateOrder_05_AddToCart	1669299726347	1669299726588	OK	 
REQUEST		CreateOrder_05_AddToCart	1669299726395	1669299726636	OK	 
REQUEST		CreateOrder_05_AddToCart	1669299726395	1669299726644	OK	 
REQUEST		CreateOrder_06_ProceedCheckout	1669299728593	1669299728819	OK	 
REQUEST		CreateOrder_06_ProceedCheckout	1669299728655	1669299728897	OK	 
REQUEST		CreateOrder_06_ProceedCheckout	1669299728655	1669299728897	OK	 
REQUEST		CreateOrder_07_PressContinue	1669299730827	1669299731053	OK	 
REQUEST		CreateOrder_07_PressContinue	1669299730905	1669299731164	OK	 
REQUEST		CreateOrder_07_PressContinue	1669299730905	1669299731164	OK	 
REQUEST		CreateOrder_08_ConfirmOrder	1669299733071	1669299733300	OK	 
USER	createOrder	END	1669299733306
REQUEST		CreateOrder_08_ConfirmOrder	1669299733180	1669299733419	OK	 
USER	createOrder	END	1669299733420
REQUEST		CreateOrder_08_ConfirmOrder	1669299733180	1669299733653	KO	status.find.in(200,201,202,203,204,205,206,207,208,209,304), found 500
USER	createOrder	END	1669299733663
