RUN	com.gatling.tests.updateOrder	updateorder	1669313380136	sadf	3.6.1
USER	createOrder	START	1669313382002
REQUEST		CreateOrder_00_LandingPage	1669313382047	1669313382847	OK	 
REQUEST		CreateOrder_01_ClickSignIn	1669313387050	1669313387290	OK	 
REQUEST		CreateOrder_02_Login	1669313389492	1669313389731	OK	 
REQUEST		CreateOrder_02_Login Redirect 1	1669313389737	1669313389969	OK	 
REQUEST		CreateOrder_03_SelectCategory CATS	1669313393600	1669313393832	OK	 
REQUEST		CreateOrder_04_SelectProduct FL-DLH-02	1669313396394	1669313396651	OK	 
REQUEST		CreateOrder_05_ViewItem EST-17	1669313398691	1669313398924	OK	 
REQUEST		CreateOrder_05_AddToCart EST-17	1669313401764	1669313401999	OK	 
REQUEST		CreateOrder_03_SelectCategory FISH	1669313404784	1669313405016	OK	 
REQUEST		CreateOrder_04_SelectProduct FI-SW-02	1669313407171	1669313407403	OK	 
REQUEST		CreateOrder_05_ViewItem EST-3	1669313411298	1669313411530	OK	 
REQUEST		CreateOrder_05_AddToCart EST-3	1669313413937	1669313414169	OK	 
REQUEST		CreateOrder_03_SelectCategory FISH	1669313416601	1669313416834	OK	 
REQUEST		CreateOrder_04_SelectProduct FI-SW-01	1669313419430	1669313419661	OK	 
REQUEST		CreateOrder_05_ViewItem EST-2	1669313421722	1669313421954	OK	 
REQUEST		CreateOrder_05_AddToCart EST-2	1669313424169	1669313424401	OK	 
REQUEST		request_142	1669313428235	1669313428476	OK	 
REQUEST		request_152	1669313431481	1669313431715	OK	 
REQUEST		request_162	1669313432731	1669313432965	OK	 
USER	createOrder	END	1669313432970
