RUN	com.gatling.tests.createOrder	createorder	1669242938138	sdf	3.6.1
USER	createOrder	START	1669242940063
USER	createOrder	START	1669242940063
USER	createOrder	START	1669242940063
REQUEST		CreateOrder_00_LandingPage	1669242940134	1669242940908	OK	 
REQUEST		CreateOrder_00_LandingPage	1669242940134	1669242940936	OK	 
REQUEST		CreateOrder_00_LandingPage	1669242940134	1669242940935	OK	 
REQUEST		CreateOrder_01_ClickSignIn	1669242943182	1669242943410	OK	 
REQUEST		CreateOrder_01_ClickSignIn	1669242943182	1669242943420	OK	 
REQUEST		CreateOrder_01_ClickSignIn	1669242943182	1669242943420	OK	 
REQUEST		CreateOrder_02_Login	1669242945442	1669242945680	OK	 
REQUEST		CreateOrder_02_Login	1669242945442	1669242945680	OK	 
REQUEST		CreateOrder_02_Login	1669242945442	1669242945680	OK	 
REQUEST		CreateOrder_02_Login Redirect 1	1669242945690	1669242945947	OK	 
REQUEST		CreateOrder_02_Login Redirect 1	1669242945690	1669242945947	OK	 
REQUEST		CreateOrder_02_Login Redirect 1	1669242945690	1669242945948	OK	 
REQUEST		CreateOrder_03_SelectCategory REPTILES	1669242947967	1669242948196	OK	 
REQUEST		CreateOrder_03_SelectCategory FISH	1669242947967	1669242948204	OK	 
REQUEST		CreateOrder_03_SelectCategory REPTILES	1669242947967	1669242948204	OK	 
REQUEST		CreateOrder_04_SelectProduct RP-SN-01	1669242950220	1669242950449	OK	 
REQUEST		CreateOrder_04_SelectProduct RP-LI-02	1669242950220	1669242950457	OK	 
REQUEST		CreateOrder_04_SelectProduct FI-FW-01	1669242950220	1669242950457	OK	 
REQUEST		CreateOrder_05_ViewItem	1669242952459	1669242952690	OK	 
REQUEST		CreateOrder_05_ViewItem	1669242952474	1669242952711	OK	 
REQUEST		CreateOrder_05_ViewItem	1669242952474	1669242952711	OK	 
REQUEST		CreateOrder_05_AddToCart	1669242954704	1669242954940	OK	 
REQUEST		CreateOrder_05_AddToCart	1669242954719	1669242954957	OK	 
REQUEST		CreateOrder_05_AddToCart	1669242954719	1669242954961	OK	 
REQUEST		CreateOrder_06_ProceedCheckout	1669242956956	1669242957192	OK	 
REQUEST		CreateOrder_06_ProceedCheckout	1669242956972	1669242957215	OK	 
REQUEST		CreateOrder_06_ProceedCheckout	1669242956972	1669242957216	OK	 
REQUEST		CreateOrder_07_PressContinue	1669242959204	1669242959434	OK	 
REQUEST		CreateOrder_07_PressContinue	1669242959220	1669242959450	OK	 
REQUEST		CreateOrder_07_PressContinue	1669242959220	1669242959458	OK	 
REQUEST		CreateOrder_08_ConfirmOrder	1669242961465	1669242961702	OK	 
REQUEST		CreateOrder_08_ConfirmOrder	1669242961465	1669242961702	OK	 
REQUEST		CreateOrder_08_ConfirmOrder	1669242961450	1669242961702	OK	 
USER	createOrder	END	1669242961707
USER	createOrder	END	1669242961707
USER	createOrder	END	1669242961707
