RUN	com.gatling.tests.petshop	petshop	1669209084644	test	3.6.1
USER	registerUser	START	1669209086573
USER	registerUser	START	1669209086573
USER	registerUser	START	1669209086573
REQUEST		request_0	1669209086627	1669209087371	OK	 
REQUEST		request_0	1669209086627	1669209087372	OK	 
REQUEST		request_0	1669209086627	1669209087370	OK	 
REQUEST		jpetstore.css	1669209087644	1669209088029	OK	 
REQUEST		jpetstore.css	1669209087644	1669209088029	OK	 
REQUEST		jpetstore.css	1669209087644	1669209088027	OK	 
REQUEST		sm_reptiles.gif	1669209088074	1669209088308	OK	 
REQUEST		sm_reptiles.gif	1669209088074	1669209088315	OK	 
REQUEST		sm_reptiles.gif	1669209088074	1669209088315	OK	 
REQUEST		sm_fish.gif	1669209087652	1669209088506	OK	 
REQUEST		cart.gif	1669209087654	1669209088513	OK	 
REQUEST		sm_cats.gif	1669209088312	1669209088555	OK	 
REQUEST		sm_cats.gif	1669209088317	1669209088556	OK	 
REQUEST		sm_cats.gif	1669209088317	1669209088555	OK	 
REQUEST		logo-topbar.gif	1669209087646	1669209088560	OK	 
REQUEST		logo-topbar.gif	1669209087646	1669209088561	OK	 
REQUEST		logo-topbar.gif	1669209087646	1669209088561	OK	 
REQUEST		sm_fish.gif	1669209087650	1669209088581	OK	 
REQUEST		cart.gif	1669209087647	1669209088586	OK	 
REQUEST		separator.gif	1669209087649	1669209088591	OK	 
REQUEST		cart.gif	1669209087648	1669209088597	OK	 
REQUEST		separator.gif	1669209087656	1669209088600	OK	 
REQUEST		separator.gif	1669209087649	1669209088602	OK	 
REQUEST		sm_fish.gif	1669209087658	1669209088605	OK	 
REQUEST		sm_dogs.gif	1669209087659	1669209088610	OK	 
REQUEST		sm_dogs.gif	1669209087654	1669209088629	OK	 
REQUEST		sm_dogs.gif	1669209087654	1669209088629	OK	 
REQUEST		sm_birds.gif	1669209088508	1669209088734	OK	 
REQUEST		sm_birds.gif	1669209088516	1669209088751	OK	 
REQUEST		sm_birds.gif	1669209088557	1669209088802	OK	 
REQUEST		fish_icon.gif	1669209088558	1669209088802	OK	 
REQUEST		fish_icon.gif	1669209088562	1669209088806	OK	 
REQUEST		fish_icon.gif	1669209088557	1669209088815	OK	 
REQUEST		dogs_icon.gif	1669209088563	1669209088823	OK	 
REQUEST		dogs_icon.gif	1669209088563	1669209088823	OK	 
REQUEST		dogs_icon.gif	1669209088583	1669209088823	OK	 
REQUEST		cats_icon.gif	1669209088588	1669209088834	OK	 
REQUEST		cats_icon.gif	1669209088599	1669209088834	OK	 
REQUEST		reptiles_icon.gif	1669209088593	1669209088838	OK	 
REQUEST		cats_icon.gif	1669209088602	1669209088838	OK	 
REQUEST		reptiles_icon.gif	1669209088607	1669209088845	OK	 
REQUEST		birds_icon.gif	1669209088612	1669209088848	OK	 
REQUEST		reptiles_icon.gif	1669209088604	1669209088852	OK	 
REQUEST		birds_icon.gif	1669209088630	1669209088868	OK	 
REQUEST		birds_icon.gif	1669209088630	1669209088869	OK	 
REQUEST		request_11	1669209088821	1669209089052	OK	 
REQUEST		request_11	1669209088821	1669209089052	OK	 
REQUEST		request_11	1669209088821	1669209089053	OK	 
REQUEST		request_12	1669209088825	1669209089055	OK	 
REQUEST		request_12	1669209088825	1669209089061	OK	 
REQUEST		request_12	1669209088825	1669209089061	OK	 
REQUEST		request_13	1669209088836	1669209089072	OK	 
REQUEST		request_13	1669209088836	1669209089072	OK	 
REQUEST		request_14	1669209088839	1669209089078	OK	 
REQUEST		request_13	1669209088839	1669209089078	OK	 
REQUEST		request_14	1669209088846	1669209089087	OK	 
REQUEST		request_14	1669209088854	1669209089098	OK	 
REQUEST		splash.gif	1669209088736	1669209089189	OK	 
REQUEST		splash.gif	1669209088753	1669209089221	OK	 
REQUEST		splash.gif	1669209088804	1669209089297	OK	 
REQUEST		request_15	1669209088849	1669209089330	OK	 
REQUEST		request_15	1669209088870	1669209089351	OK	 
REQUEST		request_15	1669209088870	1669209089364	OK	 
REQUEST		request_16	1669209091344	1669209091595	OK	 
REQUEST		request_16	1669209091360	1669209091603	OK	 
REQUEST		request_16	1669209091376	1669209091622	OK	 
REQUEST		jpetstore.css	1669209091622	1669209091851	OK	 
REQUEST		logo-topbar.gif	1669209091623	1669209091880	OK	 
REQUEST		sm_dogs.gif	1669209091624	1669209091880	OK	 
REQUEST		cart.gif	1669209091626	1669209091881	OK	 
REQUEST		jpetstore.css	1669209091617	1669209091882	OK	 
REQUEST		separator.gif	1669209091621	1669209091883	OK	 
REQUEST		separator.gif	1669209091628	1669209091883	OK	 
REQUEST		separator.gif	1669209091644	1669209091883	OK	 
REQUEST		logo-topbar.gif	1669209091618	1669209091883	OK	 
REQUEST		cart.gif	1669209091620	1669209091884	OK	 
REQUEST		sm_fish.gif	1669209091623	1669209091885	OK	 
REQUEST		logo-topbar.gif	1669209091641	1669209091893	OK	 
REQUEST		sm_dogs.gif	1669209091631	1669209091893	OK	 
REQUEST		sm_fish.gif	1669209091629	1669209091894	OK	 
REQUEST		sm_dogs.gif	1669209091647	1669209091894	OK	 
REQUEST		jpetstore.css	1669209091640	1669209091894	OK	 
REQUEST		sm_fish.gif	1669209091646	1669209091895	OK	 
REQUEST		cart.gif	1669209091643	1669209091903	OK	 
REQUEST		request_26	1669209093892	1669209094131	OK	 
REQUEST		request_26	1669209093907	1669209094131	OK	 
REQUEST		request_26	1669209093907	1669209094131	OK	 
REQUEST		jpetstore.css	1669209094138	1669209094370	OK	 
REQUEST		cart.gif	1669209094139	1669209094370	OK	 
REQUEST		jpetstore.css	1669209094138	1669209094370	OK	 
REQUEST		sm_dogs.gif	1669209094144	1669209094373	OK	 
REQUEST		jpetstore.css	1669209094138	1669209094373	OK	 
REQUEST		sm_dogs.gif	1669209094144	1669209094373	OK	 
REQUEST		sm_fish.gif	1669209094142	1669209094380	OK	 
REQUEST		logo-topbar.gif	1669209094138	1669209094380	OK	 
REQUEST		logo-topbar.gif	1669209094138	1669209094380	OK	 
REQUEST		cart.gif	1669209094139	1669209094382	OK	 
REQUEST		separator.gif	1669209094141	1669209094382	OK	 
REQUEST		cart.gif	1669209094139	1669209094382	OK	 
REQUEST		logo-topbar.gif	1669209094138	1669209094383	OK	 
REQUEST		separator.gif	1669209094141	1669209094383	OK	 
REQUEST		separator.gif	1669209094141	1669209094383	OK	 
REQUEST		sm_fish.gif	1669209094143	1669209094384	OK	 
REQUEST		sm_fish.gif	1669209094143	1669209094385	OK	 
REQUEST		sm_dogs.gif	1669209094144	1669209094385	OK	 
REQUEST		AAAAAAAAAAAAAA	1669209096397	1669209096634	OK	 
REQUEST		AAAAAAAAAAAAAA	1669209096397	1669209096634	OK	 
REQUEST		AAAAAAAAAAAAAA	1669209096397	1669209096849	KO	status.find.in(200,201,202,203,204,205,206,207,208,209,304), found 500
REQUEST		AAAAAAAAAAAAAA Redirect 1	1669209096637	1669209096863	OK	 
USER	registerUser	END	1669209096867
REQUEST		AAAAAAAAAAAAAA Redirect 1	1669209096637	1669209096872	OK	 
REQUEST		sm_dogs.gif	1669209096875	1669209097132	OK	 
REQUEST		cart.gif	1669209096874	1669209097139	OK	 
REQUEST		jpetstore.css	1669209096880	1669209097139	OK	 
REQUEST		jpetstore.css	1669209096872	1669209097139	OK	 
REQUEST		logo-topbar.gif	1669209096873	1669209097140	OK	 
REQUEST		separator.gif	1669209096883	1669209097141	OK	 
REQUEST		sm_fish.gif	1669209096875	1669209097141	OK	 
REQUEST		separator.gif	1669209096874	1669209097146	OK	 
USER	registerUser	END	1669209097150
REQUEST		sm_fish.gif	1669209096883	1669209097150	OK	 
REQUEST		logo-topbar.gif	1669209096882	1669209097150	OK	 
REQUEST		cart.gif	1669209096882	1669209097151	OK	 
REQUEST		sm_dogs.gif	1669209096884	1669209097157	OK	 
USER	registerUser	END	1669209097160
