RUN	com.gatling.tests.createOrder	createorder	1669247636062	f	3.6.1
USER	createOrder	START	1669247637982
USER	createOrder	START	1669247637982
USER	createOrder	START	1669247637982
REQUEST		CreateOrder_00_LandingPage	1669247638035	1669247638839	OK	 
REQUEST		CreateOrder_00_LandingPage	1669247638035	1669247638839	OK	 
REQUEST		CreateOrder_00_LandingPage	1669247638035	1669247638839	OK	 
REQUEST		CreateOrder_01_ClickSignIn	1669247641092	1669247641333	OK	 
REQUEST		CreateOrder_01_ClickSignIn	1669247641093	1669247641333	OK	 
REQUEST		CreateOrder_01_ClickSignIn	1669247641093	1669247641337	OK	 
REQUEST		CreateOrder_02_Login Test001	1669247643372	1669247643614	OK	 
REQUEST		CreateOrder_02_Login Test003	1669247643373	1669247643614	OK	 
REQUEST		CreateOrder_02_Login Test003	1669247643373	1669247643614	OK	 
REQUEST		CreateOrder_03_SelectCategory CATS	1669247645633	1669247645874	OK	 
REQUEST		CreateOrder_03_SelectCategory REPTILES	1669247645634	1669247645874	OK	 
REQUEST		CreateOrder_03_SelectCategory CATS	1669247645633	1669247645874	OK	 
REQUEST		CreateOrder_04_SelectProduct FL-DSH-01	1669247647913	1669247648152	OK	 
REQUEST		CreateOrder_04_SelectProduct FL-DLH-02	1669247647913	1669247648152	OK	 
REQUEST		CreateOrder_04_SelectProduct RP-SN-01	1669247647913	1669247648161	OK	 
REQUEST		CreateOrder_05_ViewItem	1669247650171	1669247650413	OK	 
REQUEST		CreateOrder_05_ViewItem	1669247650171	1669247650413	OK	 
REQUEST		CreateOrder_05_ViewItem	1669247650171	1669247650413	OK	 
REQUEST		CreateOrder_05_AddToCart	1669247652416	1669247652658	OK	 
REQUEST		CreateOrder_05_AddToCart	1669247652416	1669247652658	OK	 
REQUEST		CreateOrder_05_AddToCart	1669247652432	1669247652681	OK	 
REQUEST		CreateOrder_06_ProceedCheckout	1669247654672	1669247654909	OK	 
REQUEST		CreateOrder_06_ProceedCheckout	1669247654672	1669247654909	OK	 
REQUEST		CreateOrder_06_ProceedCheckout	1669247654689	1669247654928	OK	 
REQUEST		CreateOrder_07_PressContinue	1669247656921	1669247657161	OK	 
REQUEST		CreateOrder_07_PressContinue	1669247656921	1669247657161	OK	 
REQUEST		CreateOrder_07_PressContinue	1669247656935	1669247657174	OK	 
REQUEST		CreateOrder_08_ConfirmOrder	1669247659178	1669247659652	KO	status.find.in(200,201,202,203,204,205,206,207,208,209,304), found 500
REQUEST		CreateOrder_08_ConfirmOrder	1669247659178	1669247659652	KO	status.find.in(200,201,202,203,204,205,206,207,208,209,304), found 500
REQUEST		CreateOrder_08_ConfirmOrder	1669247659178	1669247659652	KO	status.find.in(200,201,202,203,204,205,206,207,208,209,304), found 500
USER	createOrder	END	1669247659671
USER	createOrder	END	1669247659671
USER	createOrder	END	1669247659671
