RUN	com.gatling.tests.createOrder	createorder	1669295924022	dfgh	3.6.1
USER	createOrder	START	1669295927525
USER	createOrder	START	1669295927525
USER	createOrder	START	1669295927525
REQUEST		CreateOrder_00_LandingPage	1669295927576	1669295928346	OK	 
REQUEST		CreateOrder_00_LandingPage	1669295927576	1669295928346	OK	 
REQUEST		CreateOrder_00_LandingPage	1669295927576	1669295928346	OK	 
REQUEST		CreateOrder_01_ClickSignIn	1669295930651	1669295930924	OK	 
REQUEST		CreateOrder_01_ClickSignIn	1669295930651	1669295930923	OK	 
REQUEST		CreateOrder_01_ClickSignIn	1669295930651	1669295930923	OK	 
REQUEST		CreateOrder_02_Login #{username}	1669295932946	1669295933189	OK	 
REQUEST		CreateOrder_02_Login #{username}	1669295932946	1669295933189	OK	 
REQUEST		CreateOrder_02_Login #{username}	1669295932946	1669295933189	OK	 
REQUEST		CreateOrder_02_Login #{username} Redirect 1	1669295933197	1669295933435	OK	 
REQUEST		CreateOrder_02_Login #{username} Redirect 1	1669295933197	1669295933436	OK	 
REQUEST		CreateOrder_02_Login #{username} Redirect 1	1669295933197	1669295933444	OK	 
REQUEST		CreateOrder_03_SelectCategory BIRDS	1669295935449	1669295935687	OK	 
REQUEST		CreateOrder_03_SelectCategory FISH	1669295935449	1669295935687	OK	 
REQUEST		CreateOrder_03_SelectCategory FISH	1669295935459	1669295935695	OK	 
REQUEST		CreateOrder_04_SelectProduct AV-CB-01	1669295937700	1669295937949	OK	 
REQUEST		CreateOrder_04_SelectProduct FI-FW-02	1669295937700	1669295937949	OK	 
REQUEST		CreateOrder_04_SelectProduct FI-SW-02	1669295937700	1669295937952	OK	 
REQUEST		CreateOrder_05_ViewItem	1669295939962	1669295940202	OK	 
REQUEST		CreateOrder_05_ViewItem	1669295939962	1669295940202	OK	 
REQUEST		CreateOrder_05_ViewItem	1669295939962	1669295940209	OK	 
REQUEST		CreateOrder_05_AddToCart	1669295942215	1669295942452	OK	 
REQUEST		CreateOrder_05_AddToCart	1669295942215	1669295942452	OK	 
REQUEST		CreateOrder_05_AddToCart	1669295942215	1669295942452	OK	 
REQUEST		CreateOrder_06_ProceedCheckout	1669295944457	1669295944694	OK	 
REQUEST		CreateOrder_06_ProceedCheckout	1669295944457	1669295944694	OK	 
REQUEST		CreateOrder_06_ProceedCheckout	1669295944457	1669295944694	OK	 
REQUEST		CreateOrder_07_PressContinue	1669295946705	1669295946944	OK	 
REQUEST		CreateOrder_07_PressContinue	1669295946705	1669295946944	OK	 
REQUEST		CreateOrder_07_PressContinue	1669295946705	1669295946952	OK	 
REQUEST		CreateOrder_08_ConfirmOrder	1669295948951	1669295949190	OK	 
REQUEST		CreateOrder_08_ConfirmOrder	1669295948951	1669295949190	OK	 
USER	createOrder	END	1669295949194
USER	createOrder	END	1669295949194
REQUEST		CreateOrder_08_ConfirmOrder	1669295948967	1669295949238	OK	 
USER	createOrder	END	1669295949241
