RUN	com.gatling.tests.createOrder	createorder	1669248912149	sdf	3.6.1
USER	createOrder	START	1669248914068
USER	createOrder	START	1669248914068
USER	createOrder	START	1669248914068
REQUEST		CreateOrder_00_LandingPage	1669248914139	1669248914913	OK	 
REQUEST		CreateOrder_00_LandingPage	1669248914139	1669248914913	OK	 
REQUEST		CreateOrder_00_LandingPage	1669248914139	1669248914913	OK	 
REQUEST		CreateOrder_01_ClickSignIn	1669248917191	1669248917418	OK	 
REQUEST		CreateOrder_01_ClickSignIn	1669248917191	1669248917428	OK	 
REQUEST		CreateOrder_01_ClickSignIn	1669248917191	1669248917428	OK	 
REQUEST		CreateOrder_02_Login PerfTest001	1669248919455	1669248919704	KO	regex(Sign Out(.*)").findRandom.exists, found nothing
REQUEST		CreateOrder_02_Login PerfTest001	1669248919455	1669248919699	KO	regex(Sign Out(.*)").findRandom.exists, found nothing
REQUEST		CreateOrder_02_Login PerfTest002	1669248919455	1669248919688	KO	regex(Sign Out(.*)").findRandom.exists, found nothing
REQUEST		CreateOrder_03_SelectCategory REPTILES	1669248921745	1669248921971	OK	 
REQUEST		CreateOrder_03_SelectCategory FISH	1669248921744	1669248921982	OK	 
REQUEST		CreateOrder_03_SelectCategory CATS	1669248921744	1669248921982	OK	 
REQUEST		CreateOrder_04_SelectProduct RP-LI-02	1669248923996	1669248924225	OK	 
REQUEST		CreateOrder_04_SelectProduct FI-SW-01	1669248923996	1669248924235	OK	 
REQUEST		CreateOrder_04_SelectProduct FL-DSH-01	1669248923996	1669248924235	OK	 
REQUEST		CreateOrder_05_ViewItem	1669248926244	1669248926473	OK	 
REQUEST		CreateOrder_05_ViewItem	1669248926244	1669248926485	OK	 
REQUEST		CreateOrder_05_ViewItem	1669248926244	1669248926485	OK	 
REQUEST		CreateOrder_05_AddToCart	1669248928484	1669248928726	OK	 
REQUEST		CreateOrder_05_AddToCart	1669248928500	1669248928738	OK	 
REQUEST		CreateOrder_05_AddToCart	1669248928500	1669248928739	OK	 
REQUEST		CreateOrder_06_ProceedCheckout	1669248930745	1669248930976	OK	 
REQUEST		CreateOrder_06_ProceedCheckout	1669248930745	1669248930985	OK	 
REQUEST		CreateOrder_06_ProceedCheckout	1669248930745	1669248930985	OK	 
REQUEST		CreateOrder_07_PressContinue	1669248932991	1669248933242	OK	 
REQUEST		CreateOrder_07_PressContinue	1669248932991	1669248933242	OK	 
REQUEST		CreateOrder_07_PressContinue	1669248932991	1669248933242	OK	 
REQUEST		CreateOrder_08_ConfirmOrder	1669248935248	1669248935702	KO	status.find.in(200,201,202,203,204,205,206,207,208,209,304), found 500
USER	createOrder	END	1669248935709
REQUEST		CreateOrder_08_ConfirmOrder	1669248935248	1669248935719	KO	status.find.in(200,201,202,203,204,205,206,207,208,209,304), found 500
REQUEST		CreateOrder_08_ConfirmOrder	1669248935248	1669248935719	KO	status.find.in(200,201,202,203,204,205,206,207,208,209,304), found 500
USER	createOrder	END	1669248935722
USER	createOrder	END	1669248935722
