RUN	com.gatling.tests.petshop	petshop	1669211823501	test	3.6.1
USER	registerUser	START	1669211825462
USER	registerUser	START	1669211825462
USER	registerUser	START	1669211825462
REQUEST		request_0	1669211825515	1669211826279	OK	 
REQUEST		request_0	1669211825515	1669211826289	OK	 
REQUEST		request_0	1669211825515	1669211826279	OK	 
REQUEST		jpetstore.css	1669211826567	1669211826832	OK	 
REQUEST		jpetstore.css	1669211826567	1669211826840	OK	 
REQUEST		jpetstore.css	1669211826567	1669211826830	OK	 
REQUEST		sm_reptiles.gif	1669211826884	1669211827120	OK	 
REQUEST		sm_reptiles.gif	1669211826884	1669211827120	OK	 
REQUEST		sm_reptiles.gif	1669211826884	1669211827132	OK	 
REQUEST		cart.gif	1669211826578	1669211827299	OK	 
REQUEST		cart.gif	1669211826571	1669211827299	OK	 
REQUEST		sm_dogs.gif	1669211826576	1669211827320	OK	 
REQUEST		sm_dogs.gif	1669211826587	1669211827348	OK	 
REQUEST		sm_cats.gif	1669211827123	1669211827361	OK	 
REQUEST		sm_cats.gif	1669211827123	1669211827361	OK	 
REQUEST		cart.gif	1669211826571	1669211827367	OK	 
REQUEST		logo-topbar.gif	1669211826569	1669211827367	OK	 
REQUEST		separator.gif	1669211826582	1669211827375	OK	 
REQUEST		logo-topbar.gif	1669211826570	1669211827378	OK	 
REQUEST		separator.gif	1669211826573	1669211827383	OK	 
REQUEST		sm_fish.gif	1669211826585	1669211827384	OK	 
REQUEST		logo-topbar.gif	1669211826570	1669211827384	OK	 
REQUEST		sm_cats.gif	1669211827134	1669211827388	OK	 
REQUEST		separator.gif	1669211826573	1669211827388	OK	 
REQUEST		sm_fish.gif	1669211826579	1669211827391	OK	 
REQUEST		sm_fish.gif	1669211826574	1669211827392	OK	 
REQUEST		sm_dogs.gif	1669211826581	1669211827413	OK	 
REQUEST		sm_birds.gif	1669211827301	1669211827531	OK	 
REQUEST		sm_birds.gif	1669211827301	1669211827531	OK	 
REQUEST		fish_icon.gif	1669211827322	1669211827558	OK	 
REQUEST		fish_icon.gif	1669211827350	1669211827586	OK	 
REQUEST		dogs_icon.gif	1669211827362	1669211827599	OK	 
REQUEST		sm_birds.gif	1669211827362	1669211827611	OK	 
REQUEST		dogs_icon.gif	1669211827368	1669211827611	OK	 
REQUEST		cats_icon.gif	1669211827376	1669211827614	OK	 
REQUEST		fish_icon.gif	1669211827368	1669211827616	OK	 
REQUEST		reptiles_icon.gif	1669211827380	1669211827620	OK	 
REQUEST		birds_icon.gif	1669211827385	1669211827623	OK	 
REQUEST		cats_icon.gif	1669211827385	1669211827627	OK	 
REQUEST		cats_icon.gif	1669211827389	1669211827627	OK	 
REQUEST		birds_icon.gif	1669211827393	1669211827630	OK	 
REQUEST		dogs_icon.gif	1669211827386	1669211827630	OK	 
REQUEST		reptiles_icon.gif	1669211827393	1669211827633	OK	 
REQUEST		reptiles_icon.gif	1669211827389	1669211827637	OK	 
REQUEST		birds_icon.gif	1669211827414	1669211827662	OK	 
REQUEST		request_11	1669211827568	1669211827803	OK	 
REQUEST		request_11	1669211827591	1669211827816	OK	 
REQUEST		request_12	1669211827601	1669211827835	OK	 
REQUEST		request_13	1669211827615	1669211827851	OK	 
REQUEST		request_12	1669211827613	1669211827851	OK	 
REQUEST		request_11	1669211827622	1669211827860	OK	 
REQUEST		request_14	1669211827621	1669211827861	OK	 
REQUEST		request_13	1669211827628	1669211827868	OK	 
REQUEST		request_14	1669211827631	1669211827868	OK	 
REQUEST		request_13	1669211827628	1669211827869	OK	 
REQUEST		splash.gif	1669211827533	1669211827994	OK	 
REQUEST		splash.gif	1669211827533	1669211827994	OK	 
REQUEST		splash.gif	1669211827613	1669211828092	OK	 
REQUEST		request_15	1669211827624	1669211828107	OK	 
REQUEST		request_15	1669211827631	1669211828109	OK	 
REQUEST		request_15	1669211827634	1669211828109	OK	 
REQUEST		request_16	1669211830113	1669211830348	OK	 
REQUEST		request_16	1669211830113	1669211830357	OK	 
REQUEST		request_16	1669211830113	1669211830380	OK	 
REQUEST		separator.gif	1669211830373	1669211830604	OK	 
REQUEST		jpetstore.css	1669211830368	1669211830612	OK	 
REQUEST		cart.gif	1669211830372	1669211830614	OK	 
REQUEST		logo-topbar.gif	1669211830370	1669211830615	OK	 
REQUEST		sm_fish.gif	1669211830375	1669211830617	OK	 
REQUEST		sm_dogs.gif	1669211830376	1669211830618	OK	 
REQUEST		separator.gif	1669211830403	1669211830627	OK	 
REQUEST		jpetstore.css	1669211830375	1669211830627	OK	 
REQUEST		separator.gif	1669211830397	1669211830634	OK	 
REQUEST		jpetstore.css	1669211830398	1669211830634	OK	 
REQUEST		logo-topbar.gif	1669211830394	1669211830635	OK	 
REQUEST		cart.gif	1669211830396	1669211830637	OK	 
REQUEST		sm_fish.gif	1669211830399	1669211830638	OK	 
REQUEST		sm_dogs.gif	1669211830400	1669211830639	OK	 
REQUEST		logo-topbar.gif	1669211830400	1669211830641	OK	 
REQUEST		cart.gif	1669211830402	1669211830643	OK	 
REQUEST		sm_fish.gif	1669211830404	1669211830644	OK	 
REQUEST		sm_dogs.gif	1669211830407	1669211830655	OK	 
REQUEST		request_26	1669211832626	1669211832860	OK	 
REQUEST		request_26	1669211832641	1669211832884	OK	 
REQUEST		request_26	1669211832673	1669211832902	OK	 
REQUEST		sm_fish.gif	1669211832877	1669211833105	OK	 
REQUEST		jpetstore.css	1669211832871	1669211833109	OK	 
REQUEST		sm_dogs.gif	1669211832878	1669211833110	OK	 
REQUEST		separator.gif	1669211832876	1669211833116	OK	 
REQUEST		logo-topbar.gif	1669211832874	1669211833117	OK	 
REQUEST		cart.gif	1669211832875	1669211833119	OK	 
REQUEST		jpetstore.css	1669211832895	1669211833131	OK	 
REQUEST		separator.gif	1669211832899	1669211833135	OK	 
REQUEST		logo-topbar.gif	1669211832896	1669211833136	OK	 
REQUEST		sm_dogs.gif	1669211832902	1669211833137	OK	 
REQUEST		cart.gif	1669211832898	1669211833138	OK	 
REQUEST		sm_fish.gif	1669211832901	1669211833139	OK	 
REQUEST		sm_dogs.gif	1669211832918	1669211833143	OK	 
REQUEST		jpetstore.css	1669211832912	1669211833146	OK	 
REQUEST		separator.gif	1669211832916	1669211833157	OK	 
REQUEST		logo-topbar.gif	1669211832913	1669211833159	OK	 
REQUEST		cart.gif	1669211832914	1669211833160	OK	 
REQUEST		sm_fish.gif	1669211832917	1669211833164	OK	 
REQUEST		AAAAAAAAAAAAAA	1669211835139	1669211835370	OK	 
REQUEST		AAAAAAAAAAAAAA Redirect 1	1669211835375	1669211835612	OK	 
REQUEST		AAAAAAAAAAAAAA	1669211835178	1669211835638	KO	status.find.in(200,201,202,203,204,205,206,207,208,209,304), found 500
REQUEST		AAAAAAAAAAAAAA	1669211835147	1669211835620	KO	status.find.in(200,201,202,203,204,205,206,207,208,209,304), found 500
USER	registerUser	END	1669211835660
USER	registerUser	END	1669211835660
REQUEST		jpetstore.css	1669211835629	1669211835858	OK	 
REQUEST		sm_fish.gif	1669211835637	1669211835868	OK	 
REQUEST		cart.gif	1669211835633	1669211835869	OK	 
REQUEST		separator.gif	1669211835635	1669211835870	OK	 
REQUEST		logo-topbar.gif	1669211835630	1669211835872	OK	 
REQUEST		sm_dogs.gif	1669211835639	1669211835880	OK	 
USER	registerUser	END	1669211835885
