RUN	com.gatling.tests.createOrder	createorder	1669247752123	d	3.6.1
USER	createOrder	START	1669247754091
USER	createOrder	START	1669247754091
USER	createOrder	START	1669247754091
REQUEST		CreateOrder_00_LandingPage	1669247754150	1669247754901	OK	 
REQUEST		CreateOrder_00_LandingPage	1669247754150	1669247754901	OK	 
REQUEST		CreateOrder_00_LandingPage	1669247754150	1669247754901	OK	 
REQUEST		CreateOrder_01_ClickSignIn	1669247757197	1669247757426	OK	 
REQUEST		CreateOrder_01_ClickSignIn	1669247757197	1669247757426	OK	 
REQUEST		CreateOrder_01_ClickSignIn	1669247757197	1669247757440	OK	 
REQUEST		CreateOrder_02_Login PerfTest001	1669247759464	1669247759698	OK	 
REQUEST		CreateOrder_02_Login PerfTest001	1669247759464	1669247759698	OK	 
REQUEST		CreateOrder_02_Login PerfTest001	1669247759464	1669247759706	OK	 
REQUEST		CreateOrder_03_SelectCategory CATS	1669247761717	1669247761945	OK	 
REQUEST		CreateOrder_03_SelectCategory DOGS	1669247761717	1669247761960	OK	 
REQUEST		CreateOrder_03_SelectCategory DOGS	1669247761717	1669247761945	OK	 
REQUEST		CreateOrder_04_SelectProduct K9-BD-01	1669247763971	1669247764199	OK	 
REQUEST		CreateOrder_04_SelectProduct FL-DSH-01	1669247763971	1669247764198	OK	 
REQUEST		CreateOrder_04_SelectProduct K9-PO-02	1669247763971	1669247764213	OK	 
REQUEST		CreateOrder_05_ViewItem	1669247766207	1669247766442	OK	 
REQUEST		CreateOrder_05_ViewItem	1669247766207	1669247766442	OK	 
REQUEST		CreateOrder_05_ViewItem	1669247766223	1669247766462	OK	 
REQUEST		CreateOrder_05_AddToCart	1669247768449	1669247768684	OK	 
REQUEST		CreateOrder_05_AddToCart	1669247768450	1669247768684	OK	 
REQUEST		CreateOrder_05_AddToCart	1669247768480	1669247768719	OK	 
REQUEST		CreateOrder_06_ProceedCheckout	1669247770692	1669247770920	OK	 
REQUEST		CreateOrder_06_ProceedCheckout	1669247770692	1669247770920	OK	 
REQUEST		CreateOrder_06_ProceedCheckout	1669247770738	1669247770984	OK	 
REQUEST		CreateOrder_07_PressContinue	1669247772932	1669247773181	OK	 
REQUEST		CreateOrder_07_PressContinue	1669247772932	1669247773181	OK	 
REQUEST		CreateOrder_07_PressContinue	1669247772994	1669247773234	OK	 
REQUEST		CreateOrder_08_ConfirmOrder	1669247775189	1669247775644	KO	status.find.in(200,201,202,203,204,205,206,207,208,209,304), found 500
REQUEST		CreateOrder_08_ConfirmOrder	1669247775189	1669247775644	KO	status.find.in(200,201,202,203,204,205,206,207,208,209,304), found 500
USER	createOrder	END	1669247775675
USER	createOrder	END	1669247775675
REQUEST		CreateOrder_08_ConfirmOrder	1669247775251	1669247775725	KO	status.find.in(200,201,202,203,204,205,206,207,208,209,304), found 500
USER	createOrder	END	1669247775728
