RUN	com.gatling.tests.petshop	petshop	1669214524282	sdfgsdfg	3.6.1
USER	registerUser	START	1669214526259
USER	registerUser	START	1669214526259
USER	registerUser	START	1669214526259
REQUEST		request_0	1669214526311	1669214527064	OK	 
REQUEST		request_0	1669214526311	1669214527064	OK	 
REQUEST		request_0	1669214526311	1669214527064	OK	 
REQUEST		jpetstore.css	1669214527354	1669214527591	OK	 
REQUEST		jpetstore.css	1669214527354	1669214527591	OK	 
REQUEST		jpetstore.css	1669214527354	1669214527586	OK	 
REQUEST		sm_reptiles.gif	1669214527635	1669214527862	OK	 
REQUEST		sm_reptiles.gif	1669214527635	1669214527869	OK	 
REQUEST		sm_reptiles.gif	1669214527635	1669214527876	OK	 
REQUEST		sm_cats.gif	1669214527865	1669214528091	OK	 
REQUEST		logo-topbar.gif	1669214527356	1669214528103	OK	 
REQUEST		logo-topbar.gif	1669214527356	1669214528117	OK	 
REQUEST		logo-topbar.gif	1669214527356	1669214528117	OK	 
REQUEST		cart.gif	1669214527359	1669214528117	OK	 
REQUEST		sm_cats.gif	1669214527871	1669214528121	OK	 
REQUEST		sm_cats.gif	1669214527878	1669214528121	OK	 
REQUEST		cart.gif	1669214527359	1669214528126	OK	 
REQUEST		cart.gif	1669214527359	1669214528126	OK	 
REQUEST		sm_dogs.gif	1669214527363	1669214528131	OK	 
REQUEST		sm_fish.gif	1669214527362	1669214528136	OK	 
REQUEST		separator.gif	1669214527360	1669214528136	OK	 
REQUEST		separator.gif	1669214527360	1669214528139	OK	 
REQUEST		separator.gif	1669214527360	1669214528151	OK	 
REQUEST		sm_fish.gif	1669214527362	1669214528155	OK	 
REQUEST		sm_dogs.gif	1669214527363	1669214528160	OK	 
REQUEST		sm_fish.gif	1669214527362	1669214528170	OK	 
REQUEST		sm_dogs.gif	1669214527363	1669214528174	OK	 
REQUEST		sm_birds.gif	1669214528093	1669214528319	OK	 
REQUEST		sm_birds.gif	1669214528104	1669214528345	OK	 
REQUEST		fish_icon.gif	1669214528119	1669214528349	OK	 
REQUEST		sm_birds.gif	1669214528119	1669214528355	OK	 
REQUEST		fish_icon.gif	1669214528119	1669214528355	OK	 
REQUEST		fish_icon.gif	1669214528123	1669214528361	OK	 
REQUEST		dogs_icon.gif	1669214528123	1669214528362	OK	 
REQUEST		dogs_icon.gif	1669214528128	1669214528364	OK	 
REQUEST		cats_icon.gif	1669214528140	1669214528367	OK	 
REQUEST		cats_icon.gif	1669214528132	1669214528367	OK	 
REQUEST		dogs_icon.gif	1669214528128	1669214528371	OK	 
REQUEST		cats_icon.gif	1669214528138	1669214528383	OK	 
REQUEST		reptiles_icon.gif	1669214528138	1669214528383	OK	 
REQUEST		birds_icon.gif	1669214528153	1669214528390	OK	 
REQUEST		reptiles_icon.gif	1669214528157	1669214528397	OK	 
REQUEST		birds_icon.gif	1669214528162	1669214528400	OK	 
REQUEST		reptiles_icon.gif	1669214528171	1669214528412	OK	 
REQUEST		birds_icon.gif	1669214528175	1669214528416	OK	 
REQUEST		request_11	1669214528359	1669214528587	OK	 
REQUEST		request_13	1669214528369	1669214528599	OK	 
REQUEST		request_13	1669214528368	1669214528599	OK	 
REQUEST		request_11	1669214528361	1669214528600	OK	 
REQUEST		request_12	1669214528364	1669214528601	OK	 
REQUEST		request_12	1669214528365	1669214528602	OK	 
REQUEST		request_11	1669214528368	1669214528612	OK	 
REQUEST		request_14	1669214528384	1669214528614	OK	 
REQUEST		request_12	1669214528372	1669214528614	OK	 
REQUEST		request_13	1669214528384	1669214528620	OK	 
REQUEST		request_14	1669214528414	1669214528653	OK	 
REQUEST		request_14	1669214528398	1669214528654	OK	 
REQUEST		splash.gif	1669214528320	1669214528770	OK	 
REQUEST		splash.gif	1669214528347	1669214528805	OK	 
REQUEST		splash.gif	1669214528356	1669214528856	OK	 
REQUEST		request_15	1669214528392	1669214528869	OK	 
REQUEST		request_15	1669214528401	1669214528875	OK	 
REQUEST		request_15	1669214528417	1669214528903	OK	 
REQUEST		request_16	1669214530886	1669214531117	OK	 
REQUEST		request_16	1669214530886	1669214531128	OK	 
REQUEST		request_16	1669214530916	1669214531159	OK	 
REQUEST		separator.gif	1669214531137	1669214531367	OK	 
REQUEST		jpetstore.css	1669214531132	1669214531374	OK	 
REQUEST		logo-topbar.gif	1669214531134	1669214531375	OK	 
REQUEST		sm_fish.gif	1669214531139	1669214531377	OK	 
REQUEST		cart.gif	1669214531136	1669214531378	OK	 
REQUEST		sm_dogs.gif	1669214531140	1669214531380	OK	 
REQUEST		jpetstore.css	1669214531146	1669214531386	OK	 
REQUEST		separator.gif	1669214531151	1669214531389	OK	 
REQUEST		logo-topbar.gif	1669214531148	1669214531390	OK	 
REQUEST		cart.gif	1669214531150	1669214531391	OK	 
REQUEST		sm_fish.gif	1669214531152	1669214531392	OK	 
REQUEST		sm_dogs.gif	1669214531153	1669214531394	OK	 
REQUEST		jpetstore.css	1669214531175	1669214531406	OK	 
REQUEST		separator.gif	1669214531180	1669214531410	OK	 
REQUEST		sm_dogs.gif	1669214531183	1669214531411	OK	 
REQUEST		cart.gif	1669214531177	1669214531413	OK	 
REQUEST		logo-topbar.gif	1669214531176	1669214531414	OK	 
REQUEST		sm_fish.gif	1669214531181	1669214531421	OK	 
REQUEST		request_26	1669214533386	1669214533613	OK	 
REQUEST		request_26	1669214533401	1669214533642	OK	 
REQUEST		request_26	1669214533432	1669214533666	OK	 
REQUEST		sm_fish.gif	1669214533629	1669214533860	OK	 
REQUEST		sm_dogs.gif	1669214533630	1669214533863	OK	 
REQUEST		jpetstore.css	1669214533625	1669214533864	OK	 
REQUEST		separator.gif	1669214533628	1669214533866	OK	 
REQUEST		logo-topbar.gif	1669214533626	1669214533867	OK	 
REQUEST		cart.gif	1669214533627	1669214533869	OK	 
REQUEST		jpetstore.css	1669214533651	1669214533889	OK	 
REQUEST		separator.gif	1669214533655	1669214533896	OK	 
REQUEST		sm_fish.gif	1669214533656	1669214533898	OK	 
REQUEST		sm_dogs.gif	1669214533657	1669214533899	OK	 
REQUEST		logo-topbar.gif	1669214533653	1669214533900	OK	 
REQUEST		cart.gif	1669214533654	1669214533901	OK	 
REQUEST		jpetstore.css	1669214533676	1669214533906	OK	 
REQUEST		logo-topbar.gif	1669214533677	1669214533908	OK	 
REQUEST		sm_dogs.gif	1669214533681	1669214533909	OK	 
REQUEST		cart.gif	1669214533678	1669214533918	OK	 
REQUEST		separator.gif	1669214533679	1669214533919	OK	 
REQUEST		sm_fish.gif	1669214533680	1669214533920	OK	 
REQUEST		AAAAAAAAAAAAAA	1669214535879	1669214536124	OK	 
REQUEST		AAAAAAAAAAAAAA	1669214535904	1669214536139	OK	 
REQUEST		AAAAAAAAAAAAAA	1669214535936	1669214536166	OK	 
REQUEST		AAAAAAAAAAAAAA Redirect 1	1669214536129	1669214536372	OK	 
REQUEST		AAAAAAAAAAAAAA Redirect 1	1669214536140	1669214536373	OK	 
REQUEST		AAAAAAAAAAAAAA Redirect 1	1669214536167	1669214536392	OK	 
REQUEST		jpetstore.css	1669214536383	1669214536619	OK	 
REQUEST		sm_dogs.gif	1669214536389	1669214536624	OK	 
REQUEST		sm_fish.gif	1669214536388	1669214536625	OK	 
REQUEST		sm_fish.gif	1669214536390	1669214536626	OK	 
REQUEST		logo-topbar.gif	1669214536384	1669214536626	OK	 
REQUEST		jpetstore.css	1669214536403	1669214536626	OK	 
REQUEST		cart.gif	1669214536385	1669214536627	OK	 
REQUEST		separator.gif	1669214536387	1669214536628	OK	 
REQUEST		sm_dogs.gif	1669214536408	1669214536631	OK	 
REQUEST		jpetstore.css	1669214536385	1669214536631	OK	 
REQUEST		logo-topbar.gif	1669214536386	1669214536632	OK	 
REQUEST		sm_fish.gif	1669214536407	1669214536632	OK	 
REQUEST		cart.gif	1669214536388	1669214536633	OK	 
REQUEST		separator.gif	1669214536389	1669214536634	OK	 
REQUEST		sm_dogs.gif	1669214536391	1669214536636	OK	 
REQUEST		logo-topbar.gif	1669214536404	1669214536637	OK	 
REQUEST		cart.gif	1669214536405	1669214536639	OK	 
USER	registerUser	END	1669214536639
USER	registerUser	END	1669214536641
REQUEST		separator.gif	1669214536406	1669214536643	OK	 
USER	registerUser	END	1669214536647
