RUN	com.gatling.tests.petshop	petshop	1669214168263	test	3.6.1
USER	registerUser	START	1669214170196
USER	registerUser	START	1669214170196
USER	registerUser	START	1669214170197
REQUEST		request_0	1669214170250	1669214170992	OK	 
REQUEST		request_0	1669214170250	1669214170992	OK	 
REQUEST		request_0	1669214170250	1669214170992	OK	 
REQUEST		jpetstore.css	1669214171280	1669214171519	OK	 
REQUEST		jpetstore.css	1669214171280	1669214171513	OK	 
REQUEST		jpetstore.css	1669214171280	1669214171520	OK	 
REQUEST		sm_reptiles.gif	1669214171568	1669214171801	OK	 
REQUEST		sm_reptiles.gif	1669214171568	1669214171808	OK	 
REQUEST		sm_reptiles.gif	1669214171569	1669214171808	OK	 
REQUEST		cart.gif	1669214171284	1669214172037	OK	 
REQUEST		cart.gif	1669214171284	1669214172037	OK	 
REQUEST		sm_cats.gif	1669214171810	1669214172041	OK	 
REQUEST		sm_fish.gif	1669214171287	1669214172041	OK	 
REQUEST		sm_cats.gif	1669214171805	1669214172041	OK	 
REQUEST		separator.gif	1669214171286	1669214172046	OK	 
REQUEST		sm_fish.gif	1669214171287	1669214172052	OK	 
REQUEST		sm_cats.gif	1669214171810	1669214172052	OK	 
REQUEST		logo-topbar.gif	1669214171282	1669214172073	OK	 
REQUEST		separator.gif	1669214171286	1669214172073	OK	 
REQUEST		separator.gif	1669214171285	1669214172078	OK	 
REQUEST		logo-topbar.gif	1669214171282	1669214172078	OK	 
REQUEST		sm_dogs.gif	1669214171288	1669214172082	OK	 
REQUEST		sm_fish.gif	1669214171287	1669214172082	OK	 
REQUEST		sm_dogs.gif	1669214171288	1669214172082	OK	 
REQUEST		logo-topbar.gif	1669214171282	1669214172086	OK	 
REQUEST		cart.gif	1669214171284	1669214172089	OK	 
REQUEST		sm_dogs.gif	1669214171288	1669214172103	OK	 
REQUEST		sm_birds.gif	1669214172038	1669214172264	OK	 
REQUEST		sm_birds.gif	1669214172039	1669214172265	OK	 
REQUEST		fish_icon.gif	1669214172043	1669214172268	OK	 
REQUEST		fish_icon.gif	1669214172043	1669214172271	OK	 
REQUEST		dogs_icon.gif	1669214172047	1669214172278	OK	 
REQUEST		sm_birds.gif	1669214172043	1669214172281	OK	 
REQUEST		cats_icon.gif	1669214172054	1669214172281	OK	 
REQUEST		dogs_icon.gif	1669214172054	1669214172294	OK	 
REQUEST		fish_icon.gif	1669214172075	1669214172302	OK	 
REQUEST		cats_icon.gif	1669214172075	1669214172311	OK	 
REQUEST		cats_icon.gif	1669214172084	1669214172311	OK	 
REQUEST		birds_icon.gif	1669214172083	1669214172315	OK	 
REQUEST		dogs_icon.gif	1669214172079	1669214172320	OK	 
REQUEST		reptiles_icon.gif	1669214172079	1669214172320	OK	 
REQUEST		reptiles_icon.gif	1669214172083	1669214172320	OK	 
REQUEST		birds_icon.gif	1669214172088	1669214172334	OK	 
REQUEST		reptiles_icon.gif	1669214172090	1669214172334	OK	 
REQUEST		birds_icon.gif	1669214172104	1669214172351	OK	 
REQUEST		request_11	1669214172276	1669214172503	OK	 
REQUEST		request_12	1669214172280	1669214172504	OK	 
REQUEST		request_11	1669214172276	1669214172507	OK	 
REQUEST		request_13	1669214172283	1669214172511	OK	 
REQUEST		request_12	1669214172296	1669214172531	OK	 
REQUEST		request_11	1669214172308	1669214172531	OK	 
REQUEST		request_13	1669214172313	1669214172541	OK	 
REQUEST		request_13	1669214172313	1669214172552	OK	 
REQUEST		request_14	1669214172321	1669214172560	OK	 
REQUEST		request_14	1669214172321	1669214172560	OK	 
REQUEST		splash.gif	1669214172266	1669214172721	OK	 
REQUEST		splash.gif	1669214172267	1669214172728	OK	 
REQUEST		splash.gif	1669214172283	1669214172762	OK	 
REQUEST		request_15	1669214172316	1669214172770	OK	 
REQUEST		request_15	1669214172335	1669214172824	OK	 
REQUEST		request_15	1669214172335	1669214172828	OK	 
REQUEST		request_16	1669214174783	1669214175020	OK	 
REQUEST		request_16	1669214174830	1669214175072	OK	 
REQUEST		request_16	1669214174845	1669214175072	OK	 
REQUEST		jpetstore.css	1669214175039	1669214175265	OK	 
REQUEST		separator.gif	1669214175045	1669214175279	OK	 
REQUEST		logo-topbar.gif	1669214175041	1669214175281	OK	 
REQUEST		cart.gif	1669214175043	1669214175283	OK	 
REQUEST		sm_fish.gif	1669214175046	1669214175285	OK	 
REQUEST		sm_dogs.gif	1669214175049	1669214175286	OK	 
REQUEST		jpetstore.css	1669214175089	1669214175314	OK	 
REQUEST		logo-topbar.gif	1669214175092	1669214175322	OK	 
REQUEST		logo-topbar.gif	1669214175102	1669214175329	OK	 
REQUEST		cart.gif	1669214175093	1669214175329	OK	 
REQUEST		separator.gif	1669214175094	1669214175331	OK	 
REQUEST		jpetstore.css	1669214175087	1669214175334	OK	 
REQUEST		sm_dogs.gif	1669214175097	1669214175336	OK	 
REQUEST		separator.gif	1669214175104	1669214175336	OK	 
REQUEST		sm_dogs.gif	1669214175106	1669214175338	OK	 
REQUEST		sm_fish.gif	1669214175096	1669214175344	OK	 
REQUEST		cart.gif	1669214175103	1669214175344	OK	 
REQUEST		sm_fish.gif	1669214175105	1669214175351	OK	 
REQUEST		request_26	1669214177298	1669214177526	OK	 
REQUEST		request_26	1669214177360	1669214177591	OK	 
REQUEST		request_26	1669214177360	1669214177591	OK	 
REQUEST		jpetstore.css	1669214177538	1669214177763	OK	 
REQUEST		sm_dogs.gif	1669214177545	1669214177767	OK	 
REQUEST		separator.gif	1669214177542	1669214177770	OK	 
REQUEST		cart.gif	1669214177541	1669214177778	OK	 
REQUEST		logo-topbar.gif	1669214177539	1669214177781	OK	 
REQUEST		sm_fish.gif	1669214177543	1669214177782	OK	 
REQUEST		jpetstore.css	1669214177603	1669214177829	OK	 
REQUEST		jpetstore.css	1669214177603	1669214177829	OK	 
REQUEST		logo-topbar.gif	1669214177605	1669214177833	OK	 
REQUEST		sm_dogs.gif	1669214177608	1669214177833	OK	 
REQUEST		cart.gif	1669214177606	1669214177834	OK	 
REQUEST		logo-topbar.gif	1669214177604	1669214177841	OK	 
REQUEST		sm_dogs.gif	1669214177609	1669214177841	OK	 
REQUEST		cart.gif	1669214177605	1669214177842	OK	 
REQUEST		separator.gif	1669214177607	1669214177842	OK	 
REQUEST		separator.gif	1669214177606	1669214177844	OK	 
REQUEST		sm_fish.gif	1669214177607	1669214177852	OK	 
REQUEST		sm_fish.gif	1669214177608	1669214177859	OK	 
REQUEST		AAAAAAAAAAAAAA	1669214179795	1669214180027	OK	 
REQUEST		AAAAAAAAAAAAAA	1669214179866	1669214180095	OK	 
REQUEST		AAAAAAAAAAAAAA	1669214179866	1669214180109	OK	 
REQUEST		AAAAAAAAAAAAAA Redirect 1	1669214180032	1669214180258	OK	 
REQUEST		AAAAAAAAAAAAAA Redirect 1	1669214180096	1669214180322	OK	 
REQUEST		AAAAAAAAAAAAAA Redirect 1	1669214180110	1669214180337	OK	 
REQUEST		jpetstore.css	1669214180274	1669214180498	OK	 
REQUEST		sm_fish.gif	1669214180278	1669214180502	OK	 
REQUEST		logo-topbar.gif	1669214180275	1669214180515	OK	 
REQUEST		cart.gif	1669214180276	1669214180516	OK	 
REQUEST		separator.gif	1669214180277	1669214180518	OK	 
REQUEST		sm_dogs.gif	1669214180279	1669214180519	OK	 
USER	registerUser	END	1669214180527
REQUEST		jpetstore.css	1669214180334	1669214180559	OK	 
REQUEST		logo-topbar.gif	1669214180336	1669214180571	OK	 
REQUEST		sm_fish.gif	1669214180340	1669214180572	OK	 
REQUEST		sm_dogs.gif	1669214180341	1669214180573	OK	 
REQUEST		cart.gif	1669214180337	1669214180582	OK	 
REQUEST		sm_fish.gif	1669214180350	1669214180582	OK	 
REQUEST		logo-topbar.gif	1669214180348	1669214180586	OK	 
REQUEST		separator.gif	1669214180339	1669214180586	OK	 
USER	registerUser	END	1669214180590
REQUEST		jpetstore.css	1669214180347	1669214180599	OK	 
REQUEST		sm_dogs.gif	1669214180351	1669214180600	OK	 
REQUEST		cart.gif	1669214180349	1669214180601	OK	 
REQUEST		separator.gif	1669214180350	1669214180602	OK	 
USER	registerUser	END	1669214180605
