RUN	com.gatling.tests.registerUser2	registeruser2	1669243939626	asdf	3.6.1
USER	registerUser	START	1669243941522
USER	registerUser	START	1669243941529
USER	createOrder	START	1669243941526
USER	createOrder	START	1669243941529
USER	registerUser	START	1669243941528
USER	createOrder	START	1669243941522
REQUEST		CreateOrder_00_LandingPage	1669243941605	1669243942393	OK	 
REQUEST		RegisterUser_00_LandingPage	1669243941605	1669243942393	OK	 
REQUEST		CreateOrder_00_LandingPage	1669243941605	1669243942393	OK	 
REQUEST		RegisterUser_00_LandingPage	1669243941605	1669243942393	OK	 
REQUEST		CreateOrder_00_LandingPage	1669243941605	1669243942393	OK	 
REQUEST		RegisterUser_00_LandingPage	1669243941609	1669243942393	OK	 
REQUEST		RegisterUser_01_ClickSignIn	1669243944706	1669243944956	OK	 
REQUEST		RegisterUser_01_ClickSignIn	1669243944706	1669243944956	OK	 
REQUEST		RegisterUser_01_ClickSignIn	1669243944706	1669243944956	OK	 
REQUEST		CreateOrder_01_ClickSignIn	1669243944706	1669243944956	OK	 
REQUEST		CreateOrder_01_ClickSignIn	1669243944707	1669243944956	OK	 
REQUEST		CreateOrder_01_ClickSignIn	1669243944707	1669243944956	OK	 
REQUEST		RegisterUser_02_ClickRegisterNow	1669243946981	1669243947220	OK	 
REQUEST		RegisterUser_02_ClickRegisterNow	1669243946979	1669243947220	OK	 
REQUEST		RegisterUser_02_ClickRegisterNow	1669243946979	1669243947220	OK	 
REQUEST		CreateOrder_02_Login	1669243946996	1669243947247	OK	 
REQUEST		CreateOrder_02_Login	1669243946996	1669243947247	OK	 
REQUEST		CreateOrder_02_Login	1669243946996	1669243947247	OK	 
REQUEST		RegisterUser_03_SaveAccountInfo	1669243949238	1669243949482	OK	 
REQUEST		RegisterUser_03_SaveAccountInfo	1669243949238	1669243949482	OK	 
REQUEST		RegisterUser_03_SaveAccountInfo	1669243949238	1669243949482	OK	 
REQUEST		CreateOrder_03_SelectCategory BIRDS	1669243949278	1669243949516	OK	 
REQUEST		CreateOrder_03_SelectCategory BIRDS	1669243949278	1669243949516	OK	 
REQUEST		CreateOrder_03_SelectCategory DOGS	1669243949278	1669243949516	OK	 
REQUEST		RegisterUser_03_SaveAccountInfo Redirect 1	1669243949489	1669243949755	OK	 
REQUEST		RegisterUser_03_SaveAccountInfo Redirect 1	1669243949489	1669243949755	OK	 
REQUEST		RegisterUser_03_SaveAccountInfo Redirect 1	1669243949489	1669243949756	OK	 
USER	registerUser	END	1669243949766
USER	registerUser	END	1669243949766
USER	registerUser	END	1669243949766
REQUEST		CreateOrder_04_SelectProduct AV-SB-02	1669243951545	1669243951783	OK	 
REQUEST		CreateOrder_04_SelectProduct K9-RT-02	1669243951545	1669243951784	OK	 
REQUEST		CreateOrder_04_SelectProduct AV-SB-02	1669243951545	1669243951797	OK	 
REQUEST		CreateOrder_05_ViewItem	1669243953801	1669243954040	OK	 
REQUEST		CreateOrder_05_ViewItem	1669243953801	1669243954040	OK	 
REQUEST		CreateOrder_05_ViewItem	1669243953816	1669243954055	OK	 
REQUEST		CreateOrder_05_AddToCart	1669243956045	1669243956285	OK	 
REQUEST		CreateOrder_05_AddToCart	1669243956045	1669243956285	OK	 
REQUEST		CreateOrder_05_AddToCart	1669243956060	1669243956298	OK	 
REQUEST		CreateOrder_06_ProceedCheckout	1669243958300	1669243958544	OK	 
REQUEST		CreateOrder_06_ProceedCheckout	1669243958300	1669243958544	OK	 
REQUEST		CreateOrder_06_ProceedCheckout	1669243958315	1669243958558	OK	 
REQUEST		CreateOrder_07_PressContinue	1669243960559	1669243960799	OK	 
REQUEST		CreateOrder_07_PressContinue	1669243960559	1669243960799	OK	 
REQUEST		CreateOrder_07_PressContinue	1669243960574	1669243960813	OK	 
REQUEST		CreateOrder_08_ConfirmOrder	1669243962810	1669243963282	KO	status.find.in(200,201,202,203,204,205,206,207,208,209,304), found 500
REQUEST		CreateOrder_08_ConfirmOrder	1669243962810	1669243963282	KO	status.find.in(200,201,202,203,204,205,206,207,208,209,304), found 500
USER	createOrder	END	1669243963298
USER	createOrder	END	1669243963298
REQUEST		CreateOrder_08_ConfirmOrder	1669243962826	1669243963299	KO	status.find.in(200,201,202,203,204,205,206,207,208,209,304), found 500
USER	createOrder	END	1669243963302
