RUN	com.gatling.tests.createOrder	createorder	1669300351938	dfg	3.6.1
USER	createOrder	START	1669300353899
USER	createOrder	START	1669300353899
USER	createOrder	START	1669300353899
REQUEST		CreateOrder_00_LandingPage	1669300353951	1669300354793	OK	 
REQUEST		CreateOrder_00_LandingPage	1669300353951	1669300354792	OK	 
REQUEST		CreateOrder_00_LandingPage	1669300353951	1669300354792	OK	 
REQUEST		CreateOrder_01_ClickSignIn	1669300357075	1669300357317	OK	 
REQUEST		CreateOrder_01_ClickSignIn	1669300357075	1669300357317	OK	 
REQUEST		CreateOrder_01_ClickSignIn	1669300357075	1669300357317	OK	 
REQUEST		CreateOrder_02_Login PerfTest001	1669300359348	1669300359582	OK	 
REQUEST		CreateOrder_02_Login PerfTest002	1669300359348	1669300359590	OK	 
REQUEST		CreateOrder_02_Login PerfTest001	1669300359348	1669300359590	OK	 
REQUEST		CreateOrder_02_Login PerfTest001 Redirect 1	1669300359588	1669300359827	OK	 
REQUEST		CreateOrder_02_Login PerfTest001 Redirect 1	1669300359592	1669300359839	OK	 
REQUEST		CreateOrder_02_Login PerfTest002 Redirect 1	1669300359592	1669300359844	OK	 
REQUEST		CreateOrder_03_SelectCategory FISH	1669300361861	1669300362106	OK	 
REQUEST		CreateOrder_03_SelectCategory DOGS	1669300361848	1669300362092	OK	 
REQUEST		CreateOrder_03_SelectCategory DOGS	1669300361861	1669300362106	OK	 
REQUEST		CreateOrder_04_SelectProduct FI-SW-01	1669300364136	1669300364377	OK	 
REQUEST		CreateOrder_04_SelectProduct K9-BD-01	1669300364136	1669300364377	OK	 
REQUEST		CreateOrder_04_SelectProduct K9-CW-01	1669300364136	1669300364377	OK	 
REQUEST		CreateOrder_05_ViewItem	1669300366399	1669300366638	OK	 
REQUEST		CreateOrder_05_ViewItem	1669300366399	1669300366638	OK	 
REQUEST		CreateOrder_05_ViewItem	1669300366399	1669300366638	OK	 
REQUEST		CreateOrder_05_AddToCart	1669300368657	1669300368897	OK	 
REQUEST		CreateOrder_05_AddToCart	1669300368657	1669300368897	OK	 
REQUEST		CreateOrder_05_AddToCart	1669300368657	1669300368897	OK	 
REQUEST		CreateOrder_06_ProceedCheckout	1669300370911	1669300371152	OK	 
REQUEST		CreateOrder_06_ProceedCheckout	1669300370911	1669300371152	OK	 
REQUEST		CreateOrder_06_ProceedCheckout	1669300370911	1669300371152	OK	 
REQUEST		CreateOrder_07_PressContinue	1669300373162	1669300373403	OK	 
REQUEST		CreateOrder_07_PressContinue	1669300373162	1669300373403	OK	 
REQUEST		CreateOrder_07_PressContinue	1669300373162	1669300373404	OK	 
REQUEST		CreateOrder_08_ConfirmOrder	1669300375419	1669300375658	OK	 
REQUEST		CreateOrder_08_ConfirmOrder	1669300375419	1669300375659	OK	 
USER	createOrder	END	1669300375672
USER	createOrder	END	1669300375672
REQUEST		CreateOrder_08_ConfirmOrder	1669300375419	1669300375892	KO	status.find.in(200,201,202,203,204,205,206,207,208,209,304), found 500
USER	createOrder	END	1669300375917
