RUN	com.gatling.tests.petshop	petshop	1669214635632	kkkkkkkk	3.6.1
USER	registerUser	START	1669214637577
USER	registerUser	START	1669214637577
USER	registerUser	START	1669214637577
REQUEST		request_0	1669214637632	1669214638421	OK	 
REQUEST		request_0	1669214637632	1669214638421	OK	 
REQUEST		request_0	1669214637632	1669214638421	OK	 
REQUEST		jpetstore.css	1669214638712	1669214638962	OK	 
REQUEST		jpetstore.css	1669214638712	1669214638957	OK	 
REQUEST		jpetstore.css	1669214638712	1669214638956	OK	 
REQUEST		sm_reptiles.gif	1669214639008	1669214639247	OK	 
REQUEST		sm_reptiles.gif	1669214639008	1669214639257	OK	 
REQUEST		sm_reptiles.gif	1669214639008	1669214639262	OK	 
REQUEST		sm_fish.gif	1669214638719	1669214639432	OK	 
REQUEST		separator.gif	1669214638718	1669214639432	OK	 
REQUEST		separator.gif	1669214638718	1669214639432	OK	 
REQUEST		sm_dogs.gif	1669214638721	1669214639436	OK	 
REQUEST		logo-topbar.gif	1669214638715	1669214639448	OK	 
REQUEST		sm_cats.gif	1669214639261	1669214639509	OK	 
REQUEST		cart.gif	1669214638717	1669214639509	OK	 
REQUEST		cart.gif	1669214638717	1669214639510	OK	 
REQUEST		sm_cats.gif	1669214639250	1669214639513	OK	 
REQUEST		logo-topbar.gif	1669214638715	1669214639523	OK	 
REQUEST		sm_fish.gif	1669214638719	1669214639524	OK	 
REQUEST		logo-topbar.gif	1669214638715	1669214639526	OK	 
REQUEST		cart.gif	1669214638717	1669214639528	OK	 
REQUEST		sm_cats.gif	1669214639263	1669214639531	OK	 
REQUEST		sm_fish.gif	1669214638719	1669214639531	OK	 
REQUEST		sm_dogs.gif	1669214638721	1669214639535	OK	 
REQUEST		separator.gif	1669214638718	1669214639541	OK	 
REQUEST		sm_dogs.gif	1669214638721	1669214639557	OK	 
REQUEST		sm_birds.gif	1669214639433	1669214639664	OK	 
REQUEST		sm_birds.gif	1669214639434	1669214639664	OK	 
REQUEST		sm_birds.gif	1669214639433	1669214639664	OK	 
REQUEST		fish_icon.gif	1669214639438	1669214639682	OK	 
REQUEST		dogs_icon.gif	1669214639449	1669214639696	OK	 
REQUEST		fish_icon.gif	1669214639511	1669214639757	OK	 
REQUEST		fish_icon.gif	1669214639511	1669214639757	OK	 
REQUEST		cats_icon.gif	1669214639511	1669214639757	OK	 
REQUEST		dogs_icon.gif	1669214639515	1669214639764	OK	 
REQUEST		reptiles_icon.gif	1669214639527	1669214639772	OK	 
REQUEST		dogs_icon.gif	1669214639525	1669214639772	OK	 
REQUEST		reptiles_icon.gif	1669214639532	1669214639772	OK	 
REQUEST		cats_icon.gif	1669214639530	1669214639775	OK	 
REQUEST		birds_icon.gif	1669214639536	1669214639786	OK	 
REQUEST		birds_icon.gif	1669214639532	1669214639786	OK	 
REQUEST		reptiles_icon.gif	1669214639543	1669214639786	OK	 
REQUEST		cats_icon.gif	1669214639527	1669214639790	OK	 
REQUEST		birds_icon.gif	1669214639558	1669214639805	OK	 
REQUEST		request_11	1669214639693	1669214639923	OK	 
REQUEST		request_12	1669214639697	1669214639937	OK	 
REQUEST		request_13	1669214639759	1669214639993	OK	 
REQUEST		request_11	1669214639762	1669214639993	OK	 
REQUEST		request_12	1669214639766	1669214640002	OK	 
REQUEST		request_11	1669214639762	1669214640002	OK	 
REQUEST		request_14	1669214639776	1669214640017	OK	 
REQUEST		request_12	1669214639773	1669214640017	OK	 
REQUEST		request_14	1669214639773	1669214640017	OK	 
REQUEST		request_13	1669214639777	1669214640019	OK	 
REQUEST		request_14	1669214639788	1669214640028	OK	 
REQUEST		splash.gif	1669214639665	1669214640123	OK	 
REQUEST		splash.gif	1669214639665	1669214640124	OK	 
REQUEST		splash.gif	1669214639665	1669214640145	OK	 
REQUEST		request_15	1669214639788	1669214640262	OK	 
REQUEST		request_15	1669214639788	1669214640298	OK	 
REQUEST		request_15	1669214639806	1669214640306	OK	 
REQUEST		request_16	1669214642269	1669214642518	OK	 
REQUEST		request_16	1669214642301	1669214642536	OK	 
REQUEST		request_16	1669214642317	1669214642567	OK	 
REQUEST		separator.gif	1669214642553	1669214642782	OK	 
REQUEST		separator.gif	1669214642558	1669214642787	OK	 
REQUEST		logo-topbar.gif	1669214642551	1669214642789	OK	 
REQUEST		jpetstore.css	1669214642533	1669214642790	OK	 
REQUEST		jpetstore.css	1669214642554	1669214642791	OK	 
REQUEST		cart.gif	1669214642552	1669214642792	OK	 
REQUEST		sm_fish.gif	1669214642555	1669214642793	OK	 
REQUEST		logo-topbar.gif	1669214642555	1669214642793	OK	 
REQUEST		sm_dogs.gif	1669214642562	1669214642795	OK	 
REQUEST		cart.gif	1669214642556	1669214642799	OK	 
REQUEST		sm_fish.gif	1669214642560	1669214642805	OK	 
REQUEST		sm_dogs.gif	1669214642556	1669214642805	OK	 
REQUEST		separator.gif	1669214642585	1669214642815	OK	 
REQUEST		sm_fish.gif	1669214642586	1669214642822	OK	 
REQUEST		sm_dogs.gif	1669214642587	1669214642824	OK	 
REQUEST		jpetstore.css	1669214642581	1669214642825	OK	 
REQUEST		logo-topbar.gif	1669214642582	1669214642826	OK	 
REQUEST		cart.gif	1669214642584	1669214642828	OK	 
REQUEST		request_26	1669214644816	1669214645048	OK	 
REQUEST		request_26	1669214644816	1669214645048	OK	 
REQUEST		request_26	1669214644831	1669214645061	OK	 
REQUEST		cart.gif	1669214645064	1669214645296	OK	 
REQUEST		jpetstore.css	1669214645061	1669214645300	OK	 
REQUEST		logo-topbar.gif	1669214645063	1669214645301	OK	 
REQUEST		sm_dogs.gif	1669214645081	1669214645309	OK	 
REQUEST		separator.gif	1669214645066	1669214645309	OK	 
REQUEST		sm_dogs.gif	1669214645070	1669214645310	OK	 
REQUEST		sm_fish.gif	1669214645068	1669214645313	OK	 
REQUEST		jpetstore.css	1669214645081	1669214645313	OK	 
REQUEST		jpetstore.css	1669214645071	1669214645313	OK	 
REQUEST		logo-topbar.gif	1669214645073	1669214645315	OK	 
REQUEST		cart.gif	1669214645075	1669214645316	OK	 
REQUEST		separator.gif	1669214645077	1669214645317	OK	 
REQUEST		sm_fish.gif	1669214645080	1669214645319	OK	 
REQUEST		sm_dogs.gif	1669214645086	1669214645319	OK	 
REQUEST		logo-topbar.gif	1669214645082	1669214645320	OK	 
REQUEST		cart.gif	1669214645083	1669214645321	OK	 
REQUEST		separator.gif	1669214645084	1669214645321	OK	 
REQUEST		sm_fish.gif	1669214645085	1669214645322	OK	 
REQUEST		AAAAAAAAAAAAAA	1669214647337	1669214647839	KO	status.find.in(200,201,202,203,204,205,206,207,208,209,304), found 500
REQUEST		AAAAAAAAAAAAAA	1669214647337	1669214647809	KO	status.find.in(200,201,202,203,204,205,206,207,208,209,304), found 500
REQUEST		AAAAAAAAAAAAAA	1669214647337	1669214647795	KO	status.find.in(200,201,202,203,204,205,206,207,208,209,304), found 500
USER	registerUser	END	1669214647854
USER	registerUser	END	1669214647854
USER	registerUser	END	1669214647854
