RUN	com.gatling.tests.registerUser2	registeruser2	1669296195663	sdf	3.6.1
USER	registerUser	START	1669296197586
USER	registerUser	START	1669296197586
USER	createOrder	START	1669296197586
USER	createOrder	START	1669296197586
USER	createOrder	START	1669296197586
USER	registerUser	START	1669296197586
REQUEST		CreateOrder_00_LandingPage	1669296197651	1669296198426	OK	 
REQUEST		CreateOrder_00_LandingPage	1669296197651	1669296198426	OK	 
REQUEST		RegisterUser_00_LandingPage	1669296197651	1669296198426	OK	 
REQUEST		RegisterUser_00_LandingPage	1669296197651	1669296198426	OK	 
REQUEST		RegisterUser_00_LandingPage	1669296197651	1669296198426	OK	 
REQUEST		CreateOrder_00_LandingPage	1669296197652	1669296198426	OK	 
REQUEST		CreateOrder_01_ClickSignIn	1669296200713	1669296200948	OK	 
REQUEST		RegisterUser_01_ClickSignIn	1669296200713	1669296200948	OK	 
REQUEST		CreateOrder_01_ClickSignIn	1669296200713	1669296200948	OK	 
REQUEST		RegisterUser_01_ClickSignIn	1669296200713	1669296200948	OK	 
REQUEST		RegisterUser_01_ClickSignIn	1669296200713	1669296200954	OK	 
REQUEST		CreateOrder_01_ClickSignIn	1669296200713	1669296200955	OK	 
REQUEST		RegisterUser_02_ClickRegisterNow	1669296202966	1669296203204	OK	 
REQUEST		RegisterUser_02_ClickRegisterNow	1669296202966	1669296203204	OK	 
REQUEST		RegisterUser_02_ClickRegisterNow	1669296202966	1669296203205	OK	 
REQUEST		CreateOrder_02_Login #{username}	1669296202975	1669296203217	OK	 
REQUEST		CreateOrder_02_Login #{username}	1669296202975	1669296203219	OK	 
REQUEST		CreateOrder_02_Login #{username}	1669296202975	1669296203217	OK	 
REQUEST		CreateOrder_02_Login #{username} Redirect 1	1669296203226	1669296203466	OK	 
REQUEST		CreateOrder_02_Login #{username} Redirect 1	1669296203226	1669296203466	OK	 
REQUEST		CreateOrder_02_Login #{username} Redirect 1	1669296203228	1669296203466	OK	 
REQUEST		RegisterUser_03_SaveAccountInfo	1669296205220	1669296205479	OK	 
REQUEST		RegisterUser_03_SaveAccountInfo	1669296205220	1669296205479	OK	 
REQUEST		RegisterUser_03_SaveAccountInfo	1669296205220	1669296205479	OK	 
REQUEST		RegisterUser_03_SaveAccountInfo Redirect 1	1669296205480	1669296205720	OK	 
REQUEST		RegisterUser_03_SaveAccountInfo Redirect 1	1669296205480	1669296205721	OK	 
USER	registerUser	END	1669296205729
USER	registerUser	END	1669296205729
REQUEST		RegisterUser_03_SaveAccountInfo Redirect 1	1669296205480	1669296205732	OK	 
USER	registerUser	END	1669296205736
REQUEST		CreateOrder_03_SelectCategory BIRDS	1669296205664	1669296205901	OK	 
REQUEST		CreateOrder_03_SelectCategory REPTILES	1669296205808	1669296206041	OK	 
REQUEST		CreateOrder_03_SelectCategory BIRDS	1669296206628	1669296206868	OK	 
REQUEST		CreateOrder_04_SelectProduct RP-SN-01	1669296209085	1669296209321	OK	 
REQUEST		CreateOrder_04_SelectProduct AV-SB-02	1669296209332	1669296209572	OK	 
REQUEST		CreateOrder_04_SelectProduct AV-CB-01	1669296209719	1669296209953	OK	 
REQUEST		CreateOrder_05_ViewItem	1669296211655	1669296211894	OK	 
REQUEST		CreateOrder_05_ViewItem	1669296212801	1669296213035	OK	 
REQUEST		CreateOrder_05_ViewItem	1669296213017	1669296213252	OK	 
REQUEST		CreateOrder_05_AddToCart	1669296215181	1669296215417	OK	 
REQUEST		CreateOrder_05_AddToCart	1669296215536	1669296215775	OK	 
REQUEST		CreateOrder_05_AddToCart	1669296215861	1669296216097	OK	 
REQUEST		CreateOrder_06_ProceedCheckout	1669296219207	1669296219446	OK	 
REQUEST		CreateOrder_06_ProceedCheckout	1669296219391	1669296219655	OK	 
REQUEST		CreateOrder_06_ProceedCheckout	1669296219699	1669296219936	OK	 
REQUEST		CreateOrder_07_PressContinue	1669296222303	1669296222543	OK	 
REQUEST		CreateOrder_07_PressContinue	1669296222533	1669296222764	OK	 
REQUEST		CreateOrder_07_PressContinue	1669296223847	1669296224098	OK	 
REQUEST		CreateOrder_08_ConfirmOrder	1669296225019	1669296225255	OK	 
USER	createOrder	END	1669296225258
REQUEST		CreateOrder_08_ConfirmOrder	1669296226133	1669296226370	OK	 
USER	createOrder	END	1669296226372
REQUEST		CreateOrder_08_ConfirmOrder	1669296227781	1669296228019	OK	 
USER	createOrder	END	1669296228021
