RUN	com.gatling.tests.registerUser	registeruser	1669179616136	test	3.6.1
USER	registerUser	START	1669179618113
USER	registerUser	START	1669179618113
USER	registerUser	START	1669179618113
REQUEST		request_0	1669179618165	1669179618904	OK	 
REQUEST		request_0	1669179618165	1669179618900	OK	 
REQUEST		request_0	1669179618165	1669179618900	OK	 
REQUEST		jpetstore.css	1669179619158	1669179619384	OK	 
REQUEST		jpetstore.css	1669179619158	1669179619384	OK	 
REQUEST		jpetstore.css	1669179619158	1669179619397	OK	 
REQUEST		sm_reptiles.gif	1669179619436	1669179619678	OK	 
REQUEST		sm_reptiles.gif	1669179619436	1669179619678	OK	 
REQUEST		sm_reptiles.gif	1669179619436	1669179619687	OK	 
REQUEST		sm_cats.gif	1669179619681	1669179619910	OK	 
REQUEST		logo-topbar.gif	1669179619160	1669179619910	OK	 
REQUEST		sm_cats.gif	1669179619683	1669179619919	OK	 
REQUEST		sm_cats.gif	1669179619689	1669179619919	OK	 
REQUEST		logo-topbar.gif	1669179619160	1669179619929	OK	 
REQUEST		cart.gif	1669179619163	1669179619929	OK	 
REQUEST		separator.gif	1669179619163	1669179619929	OK	 
REQUEST		sm_dogs.gif	1669179619166	1669179619935	OK	 
REQUEST		logo-topbar.gif	1669179619160	1669179619953	OK	 
REQUEST		cart.gif	1669179619162	1669179619953	OK	 
REQUEST		sm_fish.gif	1669179619169	1669179619960	OK	 
REQUEST		sm_dogs.gif	1669179619170	1669179619964	OK	 
REQUEST		cart.gif	1669179619162	1669179619968	OK	 
REQUEST		sm_fish.gif	1669179619167	1669179619975	OK	 
REQUEST		sm_fish.gif	1669179619164	1669179619975	OK	 
REQUEST		separator.gif	1669179619165	1669179619979	OK	 
REQUEST		separator.gif	1669179619165	1669179619981	OK	 
REQUEST		sm_dogs.gif	1669179619168	1669179619988	OK	 
REQUEST		sm_birds.gif	1669179619911	1669179620139	OK	 
REQUEST		sm_birds.gif	1669179619911	1669179620139	OK	 
REQUEST		fish_icon.gif	1669179619920	1669179620147	OK	 
REQUEST		sm_birds.gif	1669179619920	1669179620154	OK	 
REQUEST		fish_icon.gif	1669179619932	1669179620163	OK	 
REQUEST		cats_icon.gif	1669179619936	1669179620163	OK	 
REQUEST		fish_icon.gif	1669179619932	1669179620170	OK	 
REQUEST		dogs_icon.gif	1669179619932	1669179620170	OK	 
REQUEST		reptiles_icon.gif	1669179619954	1669179620192	OK	 
REQUEST		dogs_icon.gif	1669179619954	1669179620201	OK	 
REQUEST		cats_icon.gif	1669179619977	1669179620201	OK	 
REQUEST		cats_icon.gif	1669179619961	1669179620205	OK	 
REQUEST		dogs_icon.gif	1669179619970	1669179620210	OK	 
REQUEST		reptiles_icon.gif	1669179619965	1669179620212	OK	 
REQUEST		reptiles_icon.gif	1669179619981	1669179620213	OK	 
REQUEST		birds_icon.gif	1669179619977	1669179620215	OK	 
REQUEST		birds_icon.gif	1669179619982	1669179620228	OK	 
REQUEST		birds_icon.gif	1669179619989	1669179620228	OK	 
REQUEST		request_11	1669179620156	1669179620388	OK	 
REQUEST		request_13	1669179620165	1669179620394	OK	 
REQUEST		request_14	1669179620171	1669179620407	OK	 
REQUEST		request_11	1669179620169	1669179620407	OK	 
REQUEST		request_11	1669179620175	1669179620418	OK	 
REQUEST		request_13	1669179620203	1669179620437	OK	 
REQUEST		request_14	1669179620214	1669179620451	OK	 
REQUEST		request_14	1669179620211	1669179620453	OK	 
REQUEST		request_12	1669179620203	1669179620453	OK	 
REQUEST		request_13	1669179620207	1669179620454	OK	 
REQUEST		splash.gif	1669179620140	1669179620596	OK	 
REQUEST		splash.gif	1669179620141	1669179620604	OK	 
REQUEST		splash.gif	1669179620156	1669179620634	OK	 
REQUEST		request_15	1669179620194	1669179620668	OK	 
REQUEST		request_15	1669179620214	1669179620686	OK	 
REQUEST		request_15	1669179620229	1669179620721	OK	 
REQUEST		request_16	1669179622688	1669179622933	OK	 
REQUEST		request_16	1669179622703	1669179622947	OK	 
REQUEST		request_16	1669179622735	1669179622993	OK	 
REQUEST		separator.gif	1669179622961	1669179623188	OK	 
REQUEST		logo-topbar.gif	1669179622970	1669179623197	OK	 
REQUEST		jpetstore.css	1669179622955	1669179623197	OK	 
REQUEST		cart.gif	1669179622959	1669179623198	OK	 
REQUEST		logo-topbar.gif	1669179622957	1669179623199	OK	 
REQUEST		sm_dogs.gif	1669179622963	1669179623204	OK	 
REQUEST		jpetstore.css	1669179622967	1669179623204	OK	 
REQUEST		cart.gif	1669179622971	1669179623205	OK	 
REQUEST		sm_fish.gif	1669179622962	1669179623205	OK	 
REQUEST		sm_fish.gif	1669179622974	1669179623212	OK	 
REQUEST		separator.gif	1669179622973	1669179623215	OK	 
REQUEST		sm_dogs.gif	1669179622976	1669179623216	OK	 
REQUEST		separator.gif	1669179623012	1669179623238	OK	 
REQUEST		jpetstore.css	1669179623008	1669179623242	OK	 
REQUEST		cart.gif	1669179623011	1669179623248	OK	 
REQUEST		sm_dogs.gif	1669179623014	1669179623249	OK	 
REQUEST		logo-topbar.gif	1669179623010	1669179623262	OK	 
REQUEST		sm_fish.gif	1669179623012	1669179623263	OK	 
REQUEST		request_26	1669179625216	1669179625444	OK	 
REQUEST		request_26	1669179625231	1669179625460	OK	 
REQUEST		request_26	1669179625278	1669179625504	OK	 
REQUEST		jpetstore.css	1669179625455	1669179625681	OK	 
REQUEST		sm_dogs.gif	1669179625462	1669179625687	OK	 
REQUEST		cart.gif	1669179625458	1669179625688	OK	 
REQUEST		jpetstore.css	1669179625470	1669179625697	OK	 
REQUEST		logo-topbar.gif	1669179625457	1669179625697	OK	 
REQUEST		sm_fish.gif	1669179625460	1669179625699	OK	 
REQUEST		separator.gif	1669179625459	1669179625700	OK	 
REQUEST		sm_dogs.gif	1669179625477	1669179625707	OK	 
REQUEST		separator.gif	1669179625474	1669179625708	OK	 
REQUEST		logo-topbar.gif	1669179625471	1669179625709	OK	 
REQUEST		cart.gif	1669179625472	1669179625710	OK	 
REQUEST		sm_fish.gif	1669179625476	1669179625723	OK	 
REQUEST		sm_dogs.gif	1669179625520	1669179625750	OK	 
REQUEST		jpetstore.css	1669179625516	1669179625753	OK	 
REQUEST		logo-topbar.gif	1669179625517	1669179625755	OK	 
REQUEST		cart.gif	1669179625517	1669179625756	OK	 
REQUEST		separator.gif	1669179625518	1669179625766	OK	 
REQUEST		sm_fish.gif	1669179625519	1669179625767	OK	 
REQUEST		AAAAAAAAAAAAAA	1669179627721	1669179627952	OK	 
REQUEST		AAAAAAAAAAAAAA Redirect 1	1669179627958	1669179628184	OK	 
REQUEST		AAAAAAAAAAAAAA	1669179627731	1669179628196	KO	status.find.in(200,201,202,203,204,205,206,207,208,209,304), found 500
USER	registerUser	END	1669179628226
REQUEST		AAAAAAAAAAAAAA	1669179627778	1669179628232	KO	status.find.in(200,201,202,203,204,205,206,207,208,209,304), found 500
USER	registerUser	END	1669179628250
REQUEST		jpetstore.css	1669179628196	1669179628426	OK	 
REQUEST		sm_fish.gif	1669179628199	1669179628430	OK	 
REQUEST		sm_dogs.gif	1669179628200	1669179628445	OK	 
REQUEST		cart.gif	1669179628197	1669179628446	OK	 
REQUEST		logo-topbar.gif	1669179628197	1669179628448	OK	 
REQUEST		separator.gif	1669179628198	1669179628449	OK	 
USER	registerUser	END	1669179628452
