RUN	com.gatling.tests.petshop	petshop	1669211130081	test	3.6.1
USER	registerUser	START	1669211132074
USER	registerUser	START	1669211132074
USER	registerUser	START	1669211132074
REQUEST		request_0	1669211132129	1669211132895	OK	 
REQUEST		request_0	1669211132129	1669211132895	OK	 
REQUEST		request_0	1669211132129	1669211132895	OK	 
REQUEST		jpetstore.css	1669211133219	1669211133457	OK	 
REQUEST		jpetstore.css	1669211133219	1669211133456	OK	 
REQUEST		jpetstore.css	1669211133219	1669211133457	OK	 
REQUEST		sm_reptiles.gif	1669211133504	1669211133738	OK	 
REQUEST		sm_reptiles.gif	1669211133505	1669211133745	OK	 
REQUEST		sm_reptiles.gif	1669211133505	1669211133748	OK	 
REQUEST		logo-topbar.gif	1669211133222	1669211133972	OK	 
REQUEST		cart.gif	1669211133223	1669211133972	OK	 
REQUEST		sm_cats.gif	1669211133741	1669211133977	OK	 
REQUEST		sm_cats.gif	1669211133746	1669211133977	OK	 
REQUEST		cart.gif	1669211133223	1669211133984	OK	 
REQUEST		logo-topbar.gif	1669211133222	1669211133984	OK	 
REQUEST		sm_cats.gif	1669211133749	1669211133988	OK	 
REQUEST		logo-topbar.gif	1669211133222	1669211133995	OK	 
REQUEST		separator.gif	1669211133224	1669211133995	OK	 
REQUEST		sm_fish.gif	1669211133226	1669211134002	OK	 
REQUEST		cart.gif	1669211133223	1669211134041	OK	 
REQUEST		separator.gif	1669211133224	1669211134041	OK	 
REQUEST		sm_dogs.gif	1669211133227	1669211134041	OK	 
REQUEST		sm_fish.gif	1669211133225	1669211134046	OK	 
REQUEST		sm_fish.gif	1669211133226	1669211134045	OK	 
REQUEST		separator.gif	1669211133224	1669211134049	OK	 
REQUEST		sm_dogs.gif	1669211133227	1669211134050	OK	 
REQUEST		sm_dogs.gif	1669211133227	1669211134055	OK	 
REQUEST		sm_birds.gif	1669211133973	1669211134206	OK	 
REQUEST		sm_birds.gif	1669211133973	1669211134206	OK	 
REQUEST		fish_icon.gif	1669211133979	1669211134213	OK	 
REQUEST		sm_birds.gif	1669211133979	1669211134213	OK	 
REQUEST		fish_icon.gif	1669211133986	1669211134225	OK	 
REQUEST		dogs_icon.gif	1669211133986	1669211134225	OK	 
REQUEST		dogs_icon.gif	1669211133989	1669211134235	OK	 
REQUEST		cats_icon.gif	1669211133996	1669211134259	OK	 
REQUEST		fish_icon.gif	1669211133996	1669211134259	OK	 
REQUEST		reptiles_icon.gif	1669211134004	1669211134263	OK	 
REQUEST		cats_icon.gif	1669211134042	1669211134286	OK	 
REQUEST		birds_icon.gif	1669211134042	1669211134286	OK	 
REQUEST		dogs_icon.gif	1669211134042	1669211134286	OK	 
REQUEST		reptiles_icon.gif	1669211134047	1669211134290	OK	 
REQUEST		birds_icon.gif	1669211134051	1669211134295	OK	 
REQUEST		cats_icon.gif	1669211134047	1669211134295	OK	 
REQUEST		birds_icon.gif	1669211134057	1669211134302	OK	 
REQUEST		reptiles_icon.gif	1669211134051	1669211134305	OK	 
REQUEST		request_11	1669211134221	1669211134450	OK	 
REQUEST		request_12	1669211134227	1669211134491	OK	 
REQUEST		request_11	1669211134232	1669211134491	OK	 
REQUEST		request_13	1669211134260	1669211134498	OK	 
REQUEST		request_11	1669211134264	1669211134498	OK	 
REQUEST		request_12	1669211134236	1669211134498	OK	 
REQUEST		request_14	1669211134264	1669211134499	OK	 
REQUEST		request_13	1669211134288	1669211134525	OK	 
REQUEST		request_12	1669211134288	1669211134525	OK	 
REQUEST		request_14	1669211134291	1669211134527	OK	 
REQUEST		request_13	1669211134297	1669211134534	OK	 
REQUEST		splash.gif	1669211134209	1669211134664	OK	 
REQUEST		splash.gif	1669211134208	1669211134667	OK	 
REQUEST		splash.gif	1669211134215	1669211134688	OK	 
REQUEST		request_15	1669211134297	1669211134766	OK	 
REQUEST		request_15	1669211134288	1669211134772	OK	 
REQUEST		request_15	1669211134303	1669211134776	OK	 
REQUEST		request_16	1669211136781	1669211137021	OK	 
REQUEST		request_16	1669211136781	1669211137032	OK	 
REQUEST		request_16	1669211136781	1669211137037	OK	 
REQUEST		separator.gif	1669211137055	1669211137283	OK	 
REQUEST		jpetstore.css	1669211137050	1669211137293	OK	 
REQUEST		separator.gif	1669211137069	1669211137297	OK	 
REQUEST		sm_dogs.gif	1669211137057	1669211137297	OK	 
REQUEST		separator.gif	1669211137059	1669211137297	OK	 
REQUEST		logo-topbar.gif	1669211137052	1669211137299	OK	 
REQUEST		cart.gif	1669211137053	1669211137300	OK	 
REQUEST		sm_fish.gif	1669211137056	1669211137302	OK	 
REQUEST		sm_dogs.gif	1669211137073	1669211137304	OK	 
REQUEST		jpetstore.css	1669211137053	1669211137304	OK	 
REQUEST		logo-topbar.gif	1669211137055	1669211137305	OK	 
REQUEST		jpetstore.css	1669211137062	1669211137305	OK	 
REQUEST		logo-topbar.gif	1669211137065	1669211137306	OK	 
REQUEST		cart.gif	1669211137058	1669211137306	OK	 
REQUEST		cart.gif	1669211137067	1669211137308	OK	 
REQUEST		sm_fish.gif	1669211137062	1669211137308	OK	 
REQUEST		sm_dogs.gif	1669211137064	1669211137311	OK	 
REQUEST		sm_fish.gif	1669211137071	1669211137311	OK	 
REQUEST		request_26	1669211139314	1669211139545	OK	 
REQUEST		request_26	1669211139314	1669211139545	OK	 
REQUEST		request_26	1669211139314	1669211139552	OK	 
REQUEST		jpetstore.css	1669211139562	1669211139795	OK	 
REQUEST		sm_dogs.gif	1669211139571	1669211139795	OK	 
REQUEST		sm_dogs.gif	1669211139570	1669211139800	OK	 
REQUEST		jpetstore.css	1669211139566	1669211139803	OK	 
REQUEST		logo-topbar.gif	1669211139564	1669211139803	OK	 
REQUEST		logo-topbar.gif	1669211139564	1669211139803	OK	 
REQUEST		cart.gif	1669211139565	1669211139805	OK	 
REQUEST		jpetstore.css	1669211139562	1669211139805	OK	 
REQUEST		cart.gif	1669211139566	1669211139806	OK	 
REQUEST		separator.gif	1669211139567	1669211139810	OK	 
REQUEST		cart.gif	1669211139569	1669211139810	OK	 
REQUEST		separator.gif	1669211139568	1669211139810	OK	 
REQUEST		sm_fish.gif	1669211139568	1669211139811	OK	 
REQUEST		sm_fish.gif	1669211139569	1669211139811	OK	 
REQUEST		sm_dogs.gif	1669211139573	1669211139811	OK	 
REQUEST		logo-topbar.gif	1669211139568	1669211139813	OK	 
REQUEST		separator.gif	1669211139571	1669211139815	OK	 
REQUEST		sm_fish.gif	1669211139572	1669211139824	OK	 
REQUEST		AAAAAAAAAAAAAA	1669211141825	1669211142066	OK	 
REQUEST		AAAAAAAAAAAAAA Redirect 1	1669211142072	1669211142302	OK	 
REQUEST		AAAAAAAAAAAAAA	1669211141833	1669211142308	KO	status.find.in(200,201,202,203,204,205,206,207,208,209,304), found 500
REQUEST		AAAAAAAAAAAAAA	1669211141825	1669211142288	KO	status.find.in(200,201,202,203,204,205,206,207,208,209,304), found 500
USER	registerUser	END	1669211142325
USER	registerUser	END	1669211142325
REQUEST		sm_dogs.gif	1669211142327	1669211142557	OK	 
REQUEST		sm_fish.gif	1669211142326	1669211142563	OK	 
REQUEST		jpetstore.css	1669211142321	1669211142565	OK	 
REQUEST		logo-topbar.gif	1669211142322	1669211142567	OK	 
REQUEST		cart.gif	1669211142323	1669211142568	OK	 
REQUEST		separator.gif	1669211142324	1669211142569	OK	 
USER	registerUser	END	1669211142572
