RUN	com.gatling.tests.registerUser2	registeruser2	1669243042148	sdf	3.6.1
USER	createOrder	START	1669243044065
USER	registerUser	START	1669243044065
USER	registerUser	START	1669243044065
USER	registerUser	START	1669243044065
USER	createOrder	START	1669243044065
USER	createOrder	START	1669243044065
REQUEST		RegisterUser_00_LandingPage	1669243044127	1669243044885	OK	 
REQUEST		CreateOrder_00_LandingPage	1669243044127	1669243044885	OK	 
REQUEST		RegisterUser_00_LandingPage	1669243044126	1669243044885	OK	 
REQUEST		RegisterUser_00_LandingPage	1669243044127	1669243044885	OK	 
REQUEST		CreateOrder_00_LandingPage	1669243044127	1669243044885	OK	 
REQUEST		CreateOrder_00_LandingPage	1669243044126	1669243044885	OK	 
REQUEST		RegisterUser_01_ClickSignIn	1669243047163	1669243047392	OK	 
REQUEST		CreateOrder_01_ClickSignIn	1669243047163	1669243047392	OK	 
REQUEST		RegisterUser_01_ClickSignIn	1669243047164	1669243047401	OK	 
REQUEST		CreateOrder_01_ClickSignIn	1669243047164	1669243047401	OK	 
REQUEST		CreateOrder_01_ClickSignIn	1669243047164	1669243047402	OK	 
REQUEST		RegisterUser_01_ClickSignIn	1669243047163	1669243047411	OK	 
REQUEST		RegisterUser_02_ClickRegisterNow	1669243049408	1669243049638	OK	 
REQUEST		RegisterUser_02_ClickRegisterNow	1669243049424	1669243049662	OK	 
REQUEST		CreateOrder_02_Login	1669243049432	1669243049663	OK	 
REQUEST		CreateOrder_02_Login	1669243049432	1669243049673	OK	 
REQUEST		CreateOrder_02_Login	1669243049432	1669243049674	OK	 
REQUEST		RegisterUser_02_ClickRegisterNow	1669243049424	1669243049676	OK	 
REQUEST		CreateOrder_02_Login Redirect 1	1669243049673	1669243049903	OK	 
REQUEST		CreateOrder_02_Login Redirect 1	1669243049675	1669243049915	OK	 
REQUEST		CreateOrder_02_Login Redirect 1	1669243049675	1669243049914	OK	 
REQUEST		RegisterUser_03_SaveAccountInfo	1669243051647	1669243051875	OK	 
REQUEST		RegisterUser_03_SaveAccountInfo	1669243051678	1669243051914	OK	 
REQUEST		RegisterUser_03_SaveAccountInfo	1669243051693	1669243051932	OK	 
REQUEST		RegisterUser_03_SaveAccountInfo Redirect 1	1669243051876	1669243052104	OK	 
USER	registerUser	END	1669243052111
REQUEST		RegisterUser_03_SaveAccountInfo Redirect 1	1669243051915	1669243052152	OK	 
USER	registerUser	END	1669243052156
REQUEST		CreateOrder_03_SelectCategory FISH	1669243051926	1669243052151	OK	 
REQUEST		CreateOrder_03_SelectCategory CATS	1669243051929	1669243052168	OK	 
REQUEST		CreateOrder_03_SelectCategory DOGS	1669243051929	1669243052168	OK	 
REQUEST		RegisterUser_03_SaveAccountInfo Redirect 1	1669243051933	1669243052177	OK	 
USER	registerUser	END	1669243052182
REQUEST		CreateOrder_04_SelectProduct FI-SW-01	1669243054177	1669243054413	OK	 
REQUEST		CreateOrder_04_SelectProduct FL-DLH-02	1669243054177	1669243054413	OK	 
REQUEST		CreateOrder_04_SelectProduct K9-DL-01	1669243054177	1669243054413	OK	 
REQUEST		CreateOrder_05_ViewItem	1669243056434	1669243056668	OK	 
REQUEST		CreateOrder_05_ViewItem	1669243056435	1669243056672	OK	 
REQUEST		CreateOrder_05_ViewItem	1669243056435	1669243056672	OK	 
REQUEST		CreateOrder_05_AddToCart	1669243058685	1669243058919	OK	 
REQUEST		CreateOrder_05_AddToCart	1669243058685	1669243058926	OK	 
REQUEST		CreateOrder_05_AddToCart	1669243058685	1669243058934	OK	 
REQUEST		CreateOrder_06_ProceedCheckout	1669243060929	1669243061193	OK	 
REQUEST		CreateOrder_06_ProceedCheckout	1669243060943	1669243061193	OK	 
REQUEST		CreateOrder_06_ProceedCheckout	1669243060943	1669243061193	OK	 
REQUEST		CreateOrder_07_PressContinue	1669243063212	1669243063454	OK	 
REQUEST		CreateOrder_07_PressContinue	1669243063212	1669243063454	OK	 
REQUEST		CreateOrder_07_PressContinue	1669243063212	1669243063454	OK	 
REQUEST		CreateOrder_08_ConfirmOrder	1669243065469	1669243065711	OK	 
USER	createOrder	END	1669243065715
REQUEST		CreateOrder_08_ConfirmOrder	1669243065469	1669243065948	KO	status.find.in(200,201,202,203,204,205,206,207,208,209,304), found 500
REQUEST		CreateOrder_08_ConfirmOrder	1669243065469	1669243065933	KO	status.find.in(200,201,202,203,204,205,206,207,208,209,304), found 500
USER	createOrder	END	1669243065958
USER	createOrder	END	1669243065958
