RUN	com.gatling.tests.updateOrder	updateorder	1669317714384	asdf	3.6.1
USER	createOrder	START	1669317716254
REQUEST		CreateOrder_00_LandingPage	1669317716308	1669317717096	OK	 
REQUEST		CreateOrder_01_ClickSignIn	1669317720941	1669317721185	OK	 
REQUEST		CreateOrder_02_Login	1669317723493	1669317723740	OK	 
REQUEST		CreateOrder_02_Login Redirect 1	1669317723746	1669317723990	OK	 
REQUEST		CreateOrder_03_SelectCategory DOGS	1669317727934	1669317728188	OK	 
REQUEST		CreateOrder_04_SelectProduct K9-CW-01	1669317730502	1669317730747	OK	 
REQUEST		CreateOrder_05_ViewItem EST-26	1669317734469	1669317734713	OK	 
REQUEST		CreateOrder_05_AddToCart EST-26	1669317737160	1669317737404	OK	 
REQUEST		CreateOrder_03_SelectCategory DOGS	1669317740457	1669317740701	OK	 
REQUEST		CreateOrder_04_SelectProduct K9-CW-01	1669317743610	1669317743858	OK	 
REQUEST		CreateOrder_05_ViewItem EST-26	1669317746929	1669317747170	OK	 
REQUEST		CreateOrder_05_AddToCart EST-26	1669317750405	1669317750647	OK	 
REQUEST		CreateOrder_03_SelectCategory DOGS	1669317753640	1669317753881	OK	 
REQUEST		CreateOrder_04_SelectProduct K9-DL-01	1669317756568	1669317756811	OK	 
REQUEST		CreateOrder_05_ViewItem EST-10	1669317759951	1669317760195	OK	 
REQUEST		CreateOrder_05_AddToCart EST-10	1669317762452	1669317762694	OK	 
REQUEST		CreateOrder_03_SelectCategory BIRDS	1669317766127	1669317766367	OK	 
REQUEST		CreateOrder_04_SelectProduct AV-CB-01	1669317769809	1669317770054	OK	 
REQUEST		CreateOrder_05_ViewItem EST-18	1669317773727	1669317773970	OK	 
REQUEST		CreateOrder_05_AddToCart EST-18	1669317777938	1669317778183	OK	 
REQUEST		CreateOrder_03_SelectCategory FISH	1669317782163	1669317782407	OK	 
REQUEST		CreateOrder_04_SelectProduct FI-FW-01	1669317786220	1669317786462	OK	 
REQUEST		CreateOrder_05_ViewItem EST-5	1669317789193	1669317789434	OK	 
REQUEST		CreateOrder_05_AddToCart EST-5	1669317793059	1669317793304	OK	 
REQUEST		CreateOrder_03_SelectCategory DOGS	1669317797292	1669317797533	OK	 
REQUEST		CreateOrder_04_SelectProduct K9-CW-01	1669317801019	1669317801263	OK	 
REQUEST		CreateOrder_05_ViewItem EST-27	1669317803535	1669317803777	OK	 
REQUEST		CreateOrder_05_AddToCart EST-27	1669317806928	1669317807172	OK	 
REQUEST		CreateOrder_03_SelectCategory BIRDS	1669317810570	1669317810811	OK	 
REQUEST		CreateOrder_04_SelectProduct AV-CB-01	1669317814255	1669317814500	OK	 
REQUEST		CreateOrder_05_ViewItem EST-18	1669317817654	1669317817894	OK	 
REQUEST		CreateOrder_05_AddToCart EST-18	1669317821848	1669317822090	OK	 
REQUEST		CreateOrder_06_ProceedCheckout	1669317824942	1669317825208	OK	 
REQUEST		CreateOrder_07_PressContinue	1669317828141	1669317828384	OK	 
REQUEST		CreateOrder_08_ConfirmOrder	1669317830920	1669317831166	OK	 
USER	createOrder	END	1669317834101
