RUN	com.gatling.tests.updateOrder	updateorder	1669313200439	sadf	3.6.1
USER	createOrder	START	1669313202269
REQUEST		CreateOrder_00_LandingPage	1669313202311	1669313203089	OK	 
REQUEST		CreateOrder_01_ClickSignIn	1669313205549	1669313205790	OK	 
REQUEST		CreateOrder_02_Login	1669313208157	1669313208404	OK	 
REQUEST		CreateOrder_02_Login Redirect 1	1669313208410	1669313208677	OK	 
REQUEST		CreateOrder_03_SelectCategory DOGS	1669313211390	1669313211641	OK	 
REQUEST		CreateOrder_04_SelectProduct K9-RT-02	1669313213981	1669313214228	OK	 
REQUEST		CreateOrder_05_ViewItem EST-25	1669313217468	1669313217710	OK	 
REQUEST		CreateOrder_05_AddToCart EST-25	1669313221499	1669313221742	OK	 
REQUEST		CreateOrder_03_SelectCategory FISH	1669313224292	1669313224534	OK	 
REQUEST		CreateOrder_04_SelectProduct FI-FW-02	1669313227683	1669313227929	OK	 
REQUEST		CreateOrder_05_ViewItem EST-20	1669313230362	1669313230602	OK	 
REQUEST		CreateOrder_05_AddToCart EST-20	1669313233640	1669313233881	OK	 
REQUEST		CreateOrder_03_SelectCategory CATS	1669313236774	1669313237015	OK	 
REQUEST		CreateOrder_04_SelectProduct FL-DSH-01	1669313240201	1669313240442	OK	 
REQUEST		CreateOrder_05_ViewItem EST-15	1669313242855	1669313243096	OK	 
REQUEST		CreateOrder_05_AddToCart EST-15	1669313246553	1669313246795	OK	 
REQUEST		request_142	1669313249252	1669313249512	OK	 
REQUEST		request_152	1669313252525	1669313252769	OK	 
REQUEST		request_162	1669313253771	1669313254014	OK	 
USER	createOrder	END	1669313254017
