RUN	com.gatling.tests.registerUser2	registeruser2	1669242103225	asd	3.6.1
USER	registerUser	START	1669242105088
USER	createOrder	START	1669242105088
USER	createOrder	START	1669242105088
USER	createOrder	START	1669242105088
USER	registerUser	START	1669242105088
USER	createOrder	START	1669242105184
USER	registerUser	START	1669242105088
USER	registerUser	START	1669242105088
USER	registerUser	START	1669242105088
USER	createOrder	START	1669242105088
USER	registerUser	START	1669242105088
USER	createOrder	START	1669242105190
USER	createOrder	START	1669242105088
USER	createOrder	START	1669242105192
USER	registerUser	START	1669242105088
USER	registerUser	START	1669242105088
USER	createOrder	START	1669242105088
USER	createOrder	START	1669242105201
USER	registerUser	START	1669242105088
USER	registerUser	START	1669242105088
REQUEST		RegisterUser_00_LandingPage	1669242105164	1669242105966	OK	 
REQUEST		CreateOrder_00_LandingPage	1669242105170	1669242105966	OK	 
REQUEST		RegisterUser_00_LandingPage	1669242105165	1669242105972	OK	 
REQUEST		CreateOrder_00_LandingPage	1669242105193	1669242105966	OK	 
REQUEST		CreateOrder_00_LandingPage	1669242105191	1669242105966	OK	 
REQUEST		CreateOrder_00_LandingPage	1669242105164	1669242105966	OK	 
REQUEST		RegisterUser_00_LandingPage	1669242105173	1669242105966	OK	 
REQUEST		RegisterUser_00_LandingPage	1669242105174	1669242105976	OK	 
REQUEST		RegisterUser_00_LandingPage	1669242105166	1669242105975	OK	 
REQUEST		CreateOrder_00_LandingPage	1669242105175	1669242105973	OK	 
REQUEST		RegisterUser_00_LandingPage	1669242105175	1669242105966	OK	 
REQUEST		RegisterUser_00_LandingPage	1669242105168	1669242105967	OK	 
REQUEST		CreateOrder_00_LandingPage	1669242105165	1669242105979	OK	 
REQUEST		RegisterUser_00_LandingPage	1669242105164	1669242105966	OK	 
REQUEST		CreateOrder_00_LandingPage	1669242105169	1669242105967	OK	 
REQUEST		CreateOrder_00_LandingPage	1669242105165	1669242105975	OK	 
REQUEST		RegisterUser_00_LandingPage	1669242105171	1669242106260	OK	 
REQUEST		CreateOrder_00_LandingPage	1669242105185	1669242106261	OK	 
REQUEST		CreateOrder_00_LandingPage	1669242105202	1669242106262	OK	 
REQUEST		RegisterUser_00_LandingPage	1669242105170	1669242106272	OK	 
REQUEST		CreateOrder_01_ClickSignIn	1669242108275	1669242108504	OK	 
REQUEST		CreateOrder_01_ClickSignIn	1669242108275	1669242108504	OK	 
REQUEST		RegisterUser_01_ClickSignIn	1669242108275	1669242108512	OK	 
REQUEST		CreateOrder_01_ClickSignIn	1669242108275	1669242108513	OK	 
REQUEST		CreateOrder_01_ClickSignIn	1669242108275	1669242108512	OK	 
REQUEST		RegisterUser_01_ClickSignIn	1669242108275	1669242108521	OK	 
REQUEST		RegisterUser_01_ClickSignIn	1669242108281	1669242108523	OK	 
REQUEST		CreateOrder_01_ClickSignIn	1669242108275	1669242108526	OK	 
REQUEST		RegisterUser_01_ClickSignIn	1669242108281	1669242108527	OK	 
REQUEST		RegisterUser_01_ClickSignIn	1669242108276	1669242108530	OK	 
REQUEST		RegisterUser_01_ClickSignIn	1669242108275	1669242108531	OK	 
REQUEST		CreateOrder_01_ClickSignIn	1669242108279	1669242108531	OK	 
REQUEST		RegisterUser_01_ClickSignIn	1669242108275	1669242108535	OK	 
REQUEST		RegisterUser_01_ClickSignIn	1669242108277	1669242108537	OK	 
REQUEST		CreateOrder_01_ClickSignIn	1669242108281	1669242108539	OK	 
REQUEST		CreateOrder_01_ClickSignIn	1669242108279	1669242108543	OK	 
REQUEST		RegisterUser_01_ClickSignIn	1669242108275	1669242108545	OK	 
REQUEST		CreateOrder_01_ClickSignIn	1669242108281	1669242108553	OK	 
REQUEST		CreateOrder_01_ClickSignIn	1669242108281	1669242108556	OK	 
REQUEST		RegisterUser_01_ClickSignIn	1669242108283	1669242108558	OK	 
REQUEST		RegisterUser_02_ClickRegisterNow	1669242110520	1669242110754	OK	 
REQUEST		RegisterUser_02_ClickRegisterNow	1669242110536	1669242110773	OK	 
REQUEST		RegisterUser_02_ClickRegisterNow	1669242110536	1669242110773	OK	 
REQUEST		RegisterUser_02_ClickRegisterNow	1669242110536	1669242110773	OK	 
REQUEST		RegisterUser_02_ClickRegisterNow	1669242110551	1669242110786	OK	 
REQUEST		RegisterUser_02_ClickRegisterNow	1669242110551	1669242110787	OK	 
REQUEST		CreateOrder_02_Login	1669242110547	1669242110789	OK	 
REQUEST		CreateOrder_02_Login	1669242110547	1669242110787	OK	 
REQUEST		CreateOrder_02_Login	1669242110547	1669242110787	OK	 
REQUEST		CreateOrder_02_Login	1669242110553	1669242110804	OK	 
REQUEST		CreateOrder_02_Login	1669242110553	1669242110805	OK	 
REQUEST		CreateOrder_02_Login	1669242110552	1669242110805	OK	 
REQUEST		CreateOrder_02_Login	1669242110551	1669242110806	OK	 
REQUEST		CreateOrder_02_Login	1669242110566	1669242110807	OK	 
REQUEST		CreateOrder_02_Login	1669242110547	1669242110807	OK	 
REQUEST		RegisterUser_02_ClickRegisterNow	1669242110552	1669242110808	OK	 
REQUEST		RegisterUser_02_ClickRegisterNow	1669242110555	1669242110813	OK	 
REQUEST		CreateOrder_02_Login	1669242110566	1669242110814	OK	 
REQUEST		RegisterUser_02_ClickRegisterNow	1669242110566	1669242110814	OK	 
REQUEST		RegisterUser_02_ClickRegisterNow	1669242110572	1669242110819	OK	 
REQUEST		CreateOrder_02_Login Redirect 1	1669242110796	1669242111023	OK	 
REQUEST		CreateOrder_02_Login Redirect 1	1669242110796	1669242111030	OK	 
REQUEST		CreateOrder_02_Login Redirect 1	1669242110796	1669242111030	OK	 
REQUEST		CreateOrder_02_Login Redirect 1	1669242110806	1669242111045	OK	 
REQUEST		CreateOrder_02_Login Redirect 1	1669242110808	1669242111045	OK	 
REQUEST		CreateOrder_02_Login Redirect 1	1669242110807	1669242111045	OK	 
REQUEST		CreateOrder_02_Login Redirect 1	1669242110807	1669242111045	OK	 
REQUEST		CreateOrder_02_Login Redirect 1	1669242110806	1669242111054	OK	 
REQUEST		CreateOrder_02_Login Redirect 1	1669242110810	1669242111054	OK	 
REQUEST		CreateOrder_02_Login Redirect 1	1669242110815	1669242111060	OK	 
REQUEST		RegisterUser_03_SaveAccountInfo	1669242112769	1669242113002	OK	 
REQUEST		RegisterUser_03_SaveAccountInfo	1669242112785	1669242113017	OK	 
REQUEST		RegisterUser_03_SaveAccountInfo	1669242112785	1669242113017	OK	 
REQUEST		RegisterUser_03_SaveAccountInfo	1669242112800	1669242113047	OK	 
REQUEST		RegisterUser_03_SaveAccountInfo	1669242112800	1669242113047	OK	 
REQUEST		RegisterUser_03_SaveAccountInfo	1669242112785	1669242113047	OK	 
REQUEST		RegisterUser_03_SaveAccountInfo	1669242112815	1669242113053	OK	 
REQUEST		RegisterUser_03_SaveAccountInfo	1669242112831	1669242113069	OK	 
REQUEST		RegisterUser_03_SaveAccountInfo	1669242112831	1669242113069	OK	 
REQUEST		RegisterUser_03_SaveAccountInfo	1669242112831	1669242113076	OK	 
REQUEST		RegisterUser_03_SaveAccountInfo Redirect 1	1669242113003	1669242113230	OK	 
USER	registerUser	END	1669242113239
REQUEST		RegisterUser_03_SaveAccountInfo Redirect 1	1669242113049	1669242113304	OK	 
REQUEST		RegisterUser_03_SaveAccountInfo Redirect 1	1669242113019	1669242113305	OK	 
REQUEST		RegisterUser_03_SaveAccountInfo Redirect 1	1669242113019	1669242113305	OK	 
REQUEST		RegisterUser_03_SaveAccountInfo Redirect 1	1669242113049	1669242113306	OK	 
REQUEST		RegisterUser_03_SaveAccountInfo Redirect 1	1669242113049	1669242113307	OK	 
REQUEST		RegisterUser_03_SaveAccountInfo Redirect 1	1669242113070	1669242113315	OK	 
USER	registerUser	END	1669242113308
REQUEST		RegisterUser_03_SaveAccountInfo Redirect 1	1669242113054	1669242113321	OK	 
USER	registerUser	END	1669242113308
USER	registerUser	END	1669242113308
USER	registerUser	END	1669242113315
USER	registerUser	END	1669242113319
USER	registerUser	END	1669242113321
USER	registerUser	END	1669242113325
REQUEST		CreateOrder_03_SelectCategory DOGS	1669242113047	1669242113303	OK	 
REQUEST		CreateOrder_03_SelectCategory BIRDS	1669242113053	1669242113323	OK	 
REQUEST		CreateOrder_03_SelectCategory DOGS	1669242113062	1669242113321	OK	 
REQUEST		CreateOrder_03_SelectCategory REPTILES	1669242113062	1669242113314	OK	 
REQUEST		CreateOrder_03_SelectCategory FISH	1669242113044	1669242113305	OK	 
REQUEST		CreateOrder_03_SelectCategory BIRDS	1669242113062	1669242113314	OK	 
REQUEST		CreateOrder_03_SelectCategory BIRDS	1669242113063	1669242113316	OK	 
REQUEST		CreateOrder_03_SelectCategory BIRDS	1669242113062	1669242113316	OK	 
REQUEST		CreateOrder_03_SelectCategory REPTILES	1669242113048	1669242113304	OK	 
REQUEST		CreateOrder_03_SelectCategory FISH	1669242113078	1669242113318	OK	 
REQUEST		RegisterUser_03_SaveAccountInfo Redirect 1	1669242113077	1669242113342	OK	 
REQUEST		RegisterUser_03_SaveAccountInfo Redirect 1	1669242113070	1669242113342	OK	 
USER	registerUser	END	1669242113346
USER	registerUser	END	1669242113346
REQUEST		CreateOrder_04_SelectProduct RP-SN-01	1669242115351	1669242115582	OK	 
REQUEST		CreateOrder_04_SelectProduct K9-RT-01	1669242115351	1669242115582	OK	 
REQUEST		CreateOrder_04_SelectProduct FI-SW-01	1669242115350	1669242115582	OK	 
REQUEST		CreateOrder_04_SelectProduct K9-RT-01	1669242115351	1669242115597	OK	 
REQUEST		CreateOrder_04_SelectProduct AV-SB-02	1669242115351	1669242115597	OK	 
REQUEST		CreateOrder_04_SelectProduct AV-CB-01	1669242115351	1669242115598	OK	 
REQUEST		CreateOrder_04_SelectProduct RP-LI-02	1669242115351	1669242115599	OK	 
REQUEST		CreateOrder_04_SelectProduct AV-CB-01	1669242115352	1669242115600	OK	 
REQUEST		CreateOrder_04_SelectProduct FI-FW-01	1669242115351	1669242115602	OK	 
REQUEST		CreateOrder_04_SelectProduct AV-CB-01	1669242115352	1669242115604	OK	 
REQUEST		CreateOrder_05_ViewItem	1669242117591	1669242117847	OK	 
REQUEST		CreateOrder_05_ViewItem	1669242117606	1669242117847	OK	 
REQUEST		CreateOrder_05_ViewItem	1669242117591	1669242117847	OK	 
REQUEST		CreateOrder_05_ViewItem	1669242117606	1669242117847	OK	 
REQUEST		CreateOrder_05_ViewItem	1669242117591	1669242117847	OK	 
REQUEST		CreateOrder_05_ViewItem	1669242117606	1669242117854	OK	 
REQUEST		CreateOrder_05_ViewItem	1669242117606	1669242117854	OK	 
REQUEST		CreateOrder_05_ViewItem	1669242117607	1669242117854	OK	 
REQUEST		CreateOrder_05_ViewItem	1669242117606	1669242117855	OK	 
REQUEST		CreateOrder_05_ViewItem	1669242117622	1669242117863	OK	 
REQUEST		CreateOrder_05_AddToCart	1669242119861	1669242120090	OK	 
REQUEST		CreateOrder_05_AddToCart	1669242119861	1669242120090	OK	 
REQUEST		CreateOrder_05_AddToCart	1669242119862	1669242120104	OK	 
REQUEST		CreateOrder_05_AddToCart	1669242119861	1669242120105	OK	 
REQUEST		CreateOrder_05_AddToCart	1669242119861	1669242120105	OK	 
REQUEST		CreateOrder_05_AddToCart	1669242119861	1669242120109	OK	 
REQUEST		CreateOrder_05_AddToCart	1669242119862	1669242120109	OK	 
REQUEST		CreateOrder_05_AddToCart	1669242119861	1669242120109	OK	 
REQUEST		CreateOrder_05_AddToCart	1669242119862	1669242120112	OK	 
REQUEST		CreateOrder_05_AddToCart	1669242119876	1669242120124	OK	 
REQUEST		CreateOrder_06_ProceedCheckout	1669242122098	1669242122330	OK	 
REQUEST		CreateOrder_06_ProceedCheckout	1669242122098	1669242122337	OK	 
REQUEST		CreateOrder_06_ProceedCheckout	1669242122113	1669242122342	OK	 
REQUEST		CreateOrder_06_ProceedCheckout	1669242122113	1669242122351	OK	 
REQUEST		CreateOrder_06_ProceedCheckout	1669242122113	1669242122351	OK	 
REQUEST		CreateOrder_06_ProceedCheckout	1669242122113	1669242122351	OK	 
REQUEST		CreateOrder_06_ProceedCheckout	1669242122128	1669242122367	OK	 
REQUEST		CreateOrder_06_ProceedCheckout	1669242122128	1669242122367	OK	 
REQUEST		CreateOrder_06_ProceedCheckout	1669242122128	1669242122367	OK	 
REQUEST		CreateOrder_06_ProceedCheckout	1669242122128	1669242122367	OK	 
REQUEST		CreateOrder_07_PressContinue	1669242124341	1669242124571	OK	 
REQUEST		CreateOrder_07_PressContinue	1669242124341	1669242124571	OK	 
REQUEST		CreateOrder_07_PressContinue	1669242124357	1669242124586	OK	 
REQUEST		CreateOrder_07_PressContinue	1669242124357	1669242124594	OK	 
REQUEST		CreateOrder_07_PressContinue	1669242124357	1669242124594	OK	 
REQUEST		CreateOrder_07_PressContinue	1669242124357	1669242124594	OK	 
REQUEST		CreateOrder_07_PressContinue	1669242124373	1669242124611	OK	 
REQUEST		CreateOrder_07_PressContinue	1669242124373	1669242124611	OK	 
REQUEST		CreateOrder_07_PressContinue	1669242124373	1669242124618	OK	 
REQUEST		CreateOrder_07_PressContinue	1669242124373	1669242124623	OK	 
REQUEST		CreateOrder_08_ConfirmOrder	1669242126593	1669242126825	OK	 
REQUEST		CreateOrder_08_ConfirmOrder	1669242126577	1669242126825	OK	 
REQUEST		CreateOrder_08_ConfirmOrder	1669242126577	1669242126831	OK	 
USER	createOrder	END	1669242126832
USER	createOrder	END	1669242126832
USER	createOrder	END	1669242126833
REQUEST		CreateOrder_08_ConfirmOrder	1669242126609	1669242126845	OK	 
REQUEST		CreateOrder_08_ConfirmOrder	1669242126609	1669242126845	OK	 
REQUEST		CreateOrder_08_ConfirmOrder	1669242126609	1669242126845	OK	 
USER	createOrder	END	1669242126846
USER	createOrder	END	1669242126846
USER	createOrder	END	1669242126846
REQUEST		CreateOrder_08_ConfirmOrder	1669242126624	1669242126862	OK	 
USER	createOrder	END	1669242126863
REQUEST		CreateOrder_08_ConfirmOrder	1669242126624	1669242126867	OK	 
USER	createOrder	END	1669242126868
REQUEST		CreateOrder_08_ConfirmOrder	1669242126641	1669242126878	OK	 
USER	createOrder	END	1669242126879
REQUEST		CreateOrder_08_ConfirmOrder	1669242126624	1669242127099	KO	status.find.in(200,201,202,203,204,205,206,207,208,209,304), found 500
USER	createOrder	END	1669242127113
