RUN	com.gatling.tests.petshop	petshop	1669213003011	 	3.6.1
USER	registerUser	START	1669213004929
USER	registerUser	START	1669213004929
USER	registerUser	START	1669213004929
REQUEST		request_0	1669213004987	1669213005752	OK	 
REQUEST		request_0	1669213004987	1669213005752	OK	 
REQUEST		request_0	1669213004987	1669213005752	OK	 
REQUEST		jpetstore.css	1669213006017	1669213006254	OK	 
REQUEST		jpetstore.css	1669213006017	1669213006254	OK	 
REQUEST		jpetstore.css	1669213006017	1669213006254	OK	 
REQUEST		sm_reptiles.gif	1669213006310	1669213006544	OK	 
REQUEST		sm_reptiles.gif	1669213006310	1669213006544	OK	 
REQUEST		sm_reptiles.gif	1669213006310	1669213006544	OK	 
REQUEST		sm_cats.gif	1669213006548	1669213006787	OK	 
REQUEST		sm_cats.gif	1669213006548	1669213006787	OK	 
REQUEST		sm_dogs.gif	1669213006026	1669213006792	OK	 
REQUEST		sm_cats.gif	1669213006549	1669213006796	OK	 
REQUEST		cart.gif	1669213006021	1669213006812	OK	 
REQUEST		logo-topbar.gif	1669213006019	1669213006812	OK	 
REQUEST		separator.gif	1669213006024	1669213006814	OK	 
REQUEST		cart.gif	1669213006021	1669213006817	OK	 
REQUEST		separator.gif	1669213006023	1669213006834	OK	 
REQUEST		separator.gif	1669213006024	1669213006843	OK	 
REQUEST		sm_fish.gif	1669213006025	1669213006843	OK	 
REQUEST		sm_dogs.gif	1669213006026	1669213006843	OK	 
REQUEST		logo-topbar.gif	1669213006019	1669213006848	OK	 
REQUEST		logo-topbar.gif	1669213006019	1669213006848	OK	 
REQUEST		sm_fish.gif	1669213006025	1669213006853	OK	 
REQUEST		sm_fish.gif	1669213006025	1669213006853	OK	 
REQUEST		sm_dogs.gif	1669213006027	1669213006857	OK	 
REQUEST		cart.gif	1669213006021	1669213006857	OK	 
REQUEST		sm_birds.gif	1669213006788	1669213007020	OK	 
REQUEST		sm_birds.gif	1669213006788	1669213007020	OK	 
REQUEST		sm_birds.gif	1669213006794	1669213007020	OK	 
REQUEST		fish_icon.gif	1669213006798	1669213007051	OK	 
REQUEST		fish_icon.gif	1669213006815	1669213007056	OK	 
REQUEST		fish_icon.gif	1669213006814	1669213007056	OK	 
REQUEST		dogs_icon.gif	1669213006814	1669213007063	OK	 
REQUEST		cats_icon.gif	1669213006818	1669213007067	OK	 
REQUEST		dogs_icon.gif	1669213006845	1669213007071	OK	 
REQUEST		dogs_icon.gif	1669213006845	1669213007070	OK	 
REQUEST		reptiles_icon.gif	1669213006836	1669213007070	OK	 
REQUEST		birds_icon.gif	1669213006845	1669213007084	OK	 
REQUEST		reptiles_icon.gif	1669213006854	1669213007091	OK	 
REQUEST		reptiles_icon.gif	1669213006854	1669213007091	OK	 
REQUEST		cats_icon.gif	1669213006849	1669213007095	OK	 
REQUEST		birds_icon.gif	1669213006858	1669213007098	OK	 
REQUEST		cats_icon.gif	1669213006849	1669213007100	OK	 
REQUEST		birds_icon.gif	1669213006858	1669213007104	OK	 
REQUEST		request_11	1669213007060	1669213007297	OK	 
REQUEST		request_12	1669213007072	1669213007297	OK	 
REQUEST		request_12	1669213007072	1669213007297	OK	 
REQUEST		request_11	1669213007062	1669213007300	OK	 
REQUEST		request_11	1669213007063	1669213007300	OK	 
REQUEST		request_12	1669213007064	1669213007300	OK	 
REQUEST		request_14	1669213007072	1669213007309	OK	 
REQUEST		request_13	1669213007068	1669213007311	OK	 
REQUEST		request_14	1669213007092	1669213007323	OK	 
REQUEST		request_14	1669213007092	1669213007329	OK	 
REQUEST		splash.gif	1669213007022	1669213007478	OK	 
REQUEST		splash.gif	1669213007022	1669213007493	OK	 
REQUEST		splash.gif	1669213007022	1669213007516	OK	 
REQUEST		request_15	1669213007086	1669213007558	OK	 
REQUEST		request_15	1669213007096	1669213007571	OK	 
REQUEST		request_15	1669213007101	1669213007591	OK	 
REQUEST		request_16	1669213009563	1669213009808	OK	 
REQUEST		request_16	1669213009579	1669213009808	OK	 
REQUEST		request_16	1669213009595	1669213009839	OK	 
REQUEST		jpetstore.css	1669213009831	1669213010063	OK	 
REQUEST		jpetstore.css	1669213009830	1669213010063	OK	 
REQUEST		logo-topbar.gif	1669213009833	1669213010071	OK	 
REQUEST		cart.gif	1669213009834	1669213010071	OK	 
REQUEST		logo-topbar.gif	1669213009832	1669213010073	OK	 
REQUEST		separator.gif	1669213009836	1669213010074	OK	 
REQUEST		separator.gif	1669213009850	1669213010079	OK	 
REQUEST		sm_fish.gif	1669213009838	1669213010079	OK	 
REQUEST		jpetstore.css	1669213009855	1669213010079	OK	 
REQUEST		sm_dogs.gif	1669213009839	1669213010081	OK	 
REQUEST		cart.gif	1669213009834	1669213010084	OK	 
REQUEST		sm_dogs.gif	1669213009853	1669213010087	OK	 
REQUEST		sm_fish.gif	1669213009852	1669213010090	OK	 
REQUEST		logo-topbar.gif	1669213009857	1669213010090	OK	 
REQUEST		cart.gif	1669213009858	1669213010097	OK	 
REQUEST		separator.gif	1669213009860	1669213010099	OK	 
REQUEST		sm_fish.gif	1669213009862	1669213010107	OK	 
REQUEST		sm_dogs.gif	1669213009863	1669213010109	OK	 
REQUEST		request_26	1669213012088	1669213012335	OK	 
REQUEST		request_26	1669213012104	1669213012336	OK	 
REQUEST		request_26	1669213012119	1669213012357	OK	 
REQUEST		cart.gif	1669213012356	1669213012589	OK	 
REQUEST		jpetstore.css	1669213012352	1669213012593	OK	 
REQUEST		logo-topbar.gif	1669213012353	1669213012594	OK	 
REQUEST		jpetstore.css	1669213012365	1669213012595	OK	 
REQUEST		sm_dogs.gif	1669213012361	1669213012595	OK	 
REQUEST		sm_fish.gif	1669213012359	1669213012596	OK	 
REQUEST		separator.gif	1669213012358	1669213012597	OK	 
REQUEST		sm_dogs.gif	1669213012380	1669213012603	OK	 
REQUEST		sm_dogs.gif	1669213012374	1669213012603	OK	 
REQUEST		logo-topbar.gif	1669213012367	1669213012604	OK	 
REQUEST		jpetstore.css	1669213012373	1669213012614	OK	 
REQUEST		separator.gif	1669213012371	1669213012614	OK	 
REQUEST		cart.gif	1669213012375	1669213012616	OK	 
REQUEST		sm_fish.gif	1669213012373	1669213012616	OK	 
REQUEST		logo-topbar.gif	1669213012374	1669213012617	OK	 
REQUEST		cart.gif	1669213012370	1669213012617	OK	 
REQUEST		sm_fish.gif	1669213012378	1669213012628	OK	 
REQUEST		separator.gif	1669213012377	1669213012629	OK	 
REQUEST		AAAAAAAAAAAAAA	1669213014617	1669213014848	OK	 
REQUEST		AAAAAAAAAAAAAA Redirect 1	1669213014852	1669213015094	OK	 
REQUEST		AAAAAAAAAAAAAA	1669213014641	1669213015100	KO	status.find.in(200,201,202,203,204,205,206,207,208,209,304), found 500
REQUEST		AAAAAAAAAAAAAA	1669213014625	1669213015111	KO	status.find.in(200,201,202,203,204,205,206,207,208,209,304), found 500
USER	registerUser	END	1669213015131
USER	registerUser	END	1669213015131
REQUEST		sm_fish.gif	1669213015115	1669213015346	OK	 
REQUEST		cart.gif	1669213015113	1669213015350	OK	 
REQUEST		logo-topbar.gif	1669213015112	1669213015351	OK	 
REQUEST		jpetstore.css	1669213015110	1669213015352	OK	 
REQUEST		separator.gif	1669213015114	1669213015352	OK	 
REQUEST		sm_dogs.gif	1669213015117	1669213015356	OK	 
USER	registerUser	END	1669213015362
