RUN	com.gatling.tests.registerUser2	registeruser2	1669296028230	sdf	3.6.1
USER	registerUser	START	1669296029944
USER	registerUser	START	1669296029944
USER	registerUser	START	1669296029944
USER	createOrder	START	1669296029944
USER	createOrder	START	1669296029944
USER	createOrder	START	1669296029944
REQUEST		CreateOrder_00_LandingPage	1669296029975	1669296030711	OK	 
REQUEST		CreateOrder_00_LandingPage	1669296029976	1669296030710	OK	 
REQUEST		RegisterUser_00_LandingPage	1669296029975	1669296030691	OK	 
REQUEST		CreateOrder_00_LandingPage	1669296029976	1669296030710	OK	 
REQUEST		RegisterUser_00_LandingPage	1669296029975	1669296030711	OK	 
REQUEST		RegisterUser_00_LandingPage	1669296029975	1669296030710	OK	 
REQUEST		RegisterUser_01_ClickSignIn	1669296032839	1669296033093	OK	 
REQUEST		RegisterUser_01_ClickSignIn	1669296032839	1669296033093	OK	 
REQUEST		CreateOrder_01_ClickSignIn	1669296032839	1669296033093	OK	 
REQUEST		RegisterUser_01_ClickSignIn	1669296032839	1669296033093	OK	 
REQUEST		CreateOrder_01_ClickSignIn	1669296032839	1669296033093	OK	 
REQUEST		CreateOrder_01_ClickSignIn	1669296032839	1669296033093	OK	 
REQUEST		RegisterUser_02_ClickRegisterNow	1669296035099	1669296035326	OK	 
REQUEST		RegisterUser_02_ClickRegisterNow	1669296035099	1669296035333	OK	 
REQUEST		RegisterUser_02_ClickRegisterNow	1669296035099	1669296035333	OK	 
REQUEST		CreateOrder_02_Login #{username}	1669296035114	1669296035350	OK	 
REQUEST		CreateOrder_02_Login #{username}	1669296035103	1669296035350	OK	 
REQUEST		CreateOrder_02_Login #{username}	1669296035114	1669296035350	OK	 
REQUEST		CreateOrder_02_Login #{username} Redirect 1	1669296035353	1669296035590	OK	 
REQUEST		CreateOrder_02_Login #{username} Redirect 1	1669296035353	1669296035590	OK	 
REQUEST		CreateOrder_02_Login #{username} Redirect 1	1669296035353	1669296035591	OK	 
REQUEST		RegisterUser_03_SaveAccountInfo	1669296037335	1669296037563	OK	 
REQUEST		RegisterUser_03_SaveAccountInfo	1669296037351	1669296037586	OK	 
REQUEST		RegisterUser_03_SaveAccountInfo	1669296037351	1669296037586	OK	 
REQUEST		RegisterUser_03_SaveAccountInfo Redirect 1	1669296037564	1669296037789	OK	 
USER	registerUser	END	1669296037794
REQUEST		RegisterUser_03_SaveAccountInfo Redirect 1	1669296037586	1669296037821	OK	 
REQUEST		RegisterUser_03_SaveAccountInfo Redirect 1	1669296037586	1669296037821	OK	 
USER	registerUser	END	1669296037824
USER	registerUser	END	1669296037824
REQUEST		CreateOrder_03_SelectCategory CATS	1669296037608	1669296037876	OK	 
REQUEST		CreateOrder_03_SelectCategory BIRDS	1669296037608	1669296037876	OK	 
REQUEST		CreateOrder_03_SelectCategory REPTILES	1669296037608	1669296037876	OK	 
REQUEST		CreateOrder_04_SelectProduct AV-SB-02	1669296039893	1669296040130	OK	 
REQUEST		CreateOrder_04_SelectProduct RP-SN-01	1669296039893	1669296040130	OK	 
REQUEST		CreateOrder_04_SelectProduct FL-DLH-02	1669296039893	1669296040138	OK	 
REQUEST		CreateOrder_05_ViewItem	1669296042138	1669296042375	OK	 
REQUEST		CreateOrder_05_ViewItem	1669296042138	1669296042375	OK	 
REQUEST		CreateOrder_05_ViewItem	1669296042154	1669296042391	OK	 
REQUEST		CreateOrder_05_AddToCart	1669296044382	1669296044620	OK	 
REQUEST		CreateOrder_05_AddToCart	1669296044382	1669296044620	OK	 
REQUEST		CreateOrder_05_AddToCart	1669296044398	1669296044636	OK	 
REQUEST		CreateOrder_06_ProceedCheckout	1669296046634	1669296046874	OK	 
REQUEST		CreateOrder_06_ProceedCheckout	1669296046634	1669296046874	OK	 
REQUEST		CreateOrder_06_ProceedCheckout	1669296046651	1669296046889	OK	 
REQUEST		CreateOrder_07_PressContinue	1669296048882	1669296049118	OK	 
REQUEST		CreateOrder_07_PressContinue	1669296048881	1669296049118	OK	 
REQUEST		CreateOrder_07_PressContinue	1669296048897	1669296049134	OK	 
REQUEST		CreateOrder_08_ConfirmOrder	1669296051127	1669296051366	OK	 
USER	createOrder	END	1669296051368
REQUEST		CreateOrder_08_ConfirmOrder	1669296051143	1669296051382	OK	 
USER	createOrder	END	1669296051383
REQUEST		CreateOrder_08_ConfirmOrder	1669296051127	1669296051604	KO	status.find.in(200,201,202,203,204,205,206,207,208,209,304), found 500
USER	createOrder	END	1669296051617
