RUN	com.gatling.tests.createOrder	createorder	1669292960258	d	3.6.1
USER	createOrder	START	1669292962188
USER	createOrder	START	1669292962188
USER	createOrder	START	1669292962188
REQUEST		CreateOrder_00_LandingPage	1669292962244	1669292962993	OK	 
REQUEST		CreateOrder_00_LandingPage	1669292962244	1669292962993	OK	 
REQUEST		CreateOrder_00_LandingPage	1669292962244	1669292962993	OK	 
REQUEST		CreateOrder_01_ClickSignIn	1669292965246	1669292965481	OK	 
REQUEST		CreateOrder_01_ClickSignIn	1669292965246	1669292965481	OK	 
REQUEST		CreateOrder_01_ClickSignIn	1669292965246	1669292965481	OK	 
REQUEST		CreateOrder_02_Login #{username}	1669292967502	1669292967738	OK	 
REQUEST		CreateOrder_02_Login #{username}	1669292967502	1669292967746	OK	 
REQUEST		CreateOrder_02_Login #{username}	1669292967502	1669292967746	OK	 
REQUEST		CreateOrder_02_Login #{username} Redirect 1	1669292967741	1669292967972	OK	 
REQUEST		CreateOrder_02_Login #{username} Redirect 1	1669292967746	1669292967986	OK	 
REQUEST		CreateOrder_02_Login #{username} Redirect 1	1669292967746	1669292967986	OK	 
REQUEST		CreateOrder_03_SelectCategory DOGS	1669292969981	1669292970208	OK	 
REQUEST		CreateOrder_03_SelectCategory FISH	1669292969995	1669292970230	OK	 
REQUEST		CreateOrder_03_SelectCategory REPTILES	1669292969995	1669292970230	OK	 
REQUEST		CreateOrder_04_SelectProduct K9-RT-01	1669292972228	1669292972460	OK	 
REQUEST		CreateOrder_04_SelectProduct FI-SW-01	1669292972243	1669292972505	OK	 
REQUEST		CreateOrder_04_SelectProduct RP-SN-01	1669292972243	1669292972505	OK	 
REQUEST		CreateOrder_05_ViewItem	1669292974466	1669292974712	OK	 
REQUEST		CreateOrder_05_ViewItem	1669292974514	1669292974751	OK	 
REQUEST		CreateOrder_05_ViewItem	1669292974514	1669292974751	OK	 
REQUEST		CreateOrder_05_AddToCart	1669292976728	1669292976958	OK	 
REQUEST		CreateOrder_05_AddToCart	1669292976760	1669292977018	OK	 
REQUEST		CreateOrder_05_AddToCart	1669292976760	1669292977018	OK	 
REQUEST		CreateOrder_06_ProceedCheckout	1669292978973	1669292979200	OK	 
REQUEST		CreateOrder_06_ProceedCheckout	1669292979037	1669292979270	OK	 
REQUEST		CreateOrder_06_ProceedCheckout	1669292979037	1669292979270	OK	 
REQUEST		CreateOrder_07_PressContinue	1669292981217	1669292981444	OK	 
REQUEST		CreateOrder_07_PressContinue	1669292981280	1669292981515	OK	 
REQUEST		CreateOrder_07_PressContinue	1669292981280	1669292981515	OK	 
REQUEST		CreateOrder_08_ConfirmOrder	1669292983461	1669292983690	OK	 
USER	createOrder	END	1669292983694
REQUEST		CreateOrder_08_ConfirmOrder	1669292983525	1669292983760	OK	 
REQUEST		CreateOrder_08_ConfirmOrder	1669292983525	1669292983760	OK	 
USER	createOrder	END	1669292983762
USER	createOrder	END	1669292983762
