RUN	com.gatling.tests.registerUser2	registeruser2	1669295753830	asdf	3.6.1
USER	createOrder	START	1669295755689
USER	createOrder	START	1669295755689
USER	createOrder	START	1669295755689
USER	registerUser	START	1669295755689
USER	registerUser	START	1669295755689
USER	registerUser	START	1669295755689
REQUEST		CreateOrder_00_LandingPage	1669295755761	1669295756536	OK	 
REQUEST		RegisterUser_00_LandingPage	1669295755761	1669295756536	OK	 
REQUEST		RegisterUser_00_LandingPage	1669295755762	1669295756536	OK	 
REQUEST		CreateOrder_00_LandingPage	1669295755762	1669295756536	OK	 
REQUEST		CreateOrder_00_LandingPage	1669295755765	1669295756536	OK	 
REQUEST		RegisterUser_00_LandingPage	1669295755762	1669295756536	OK	 
REQUEST		CreateOrder_01_ClickSignIn	1669295758807	1669295759043	OK	 
REQUEST		CreateOrder_01_ClickSignIn	1669295758807	1669295759043	OK	 
REQUEST		RegisterUser_01_ClickSignIn	1669295758807	1669295759043	OK	 
REQUEST		RegisterUser_01_ClickSignIn	1669295758807	1669295759056	OK	 
REQUEST		CreateOrder_01_ClickSignIn	1669295758807	1669295759055	OK	 
REQUEST		RegisterUser_01_ClickSignIn	1669295758807	1669295759055	OK	 
REQUEST		RegisterUser_02_ClickRegisterNow	1669295761065	1669295761301	OK	 
REQUEST		RegisterUser_02_ClickRegisterNow	1669295761065	1669295761301	OK	 
REQUEST		RegisterUser_02_ClickRegisterNow	1669295761080	1669295761342	OK	 
REQUEST		CreateOrder_03_SelectCategory DOGS	1669295763088	1669295763323	OK	 
REQUEST		CreateOrder_03_SelectCategory CATS	1669295763088	1669295763323	OK	 
REQUEST		CreateOrder_03_SelectCategory FISH	1669295763088	1669295763324	OK	 
REQUEST		RegisterUser_03_SaveAccountInfo	1669295763313	1669295763560	OK	 
REQUEST		RegisterUser_03_SaveAccountInfo	1669295763313	1669295763553	OK	 
REQUEST		RegisterUser_03_SaveAccountInfo	1669295763353	1669295763593	OK	 
REQUEST		RegisterUser_03_SaveAccountInfo Redirect 1	1669295763561	1669295763797	OK	 
REQUEST		RegisterUser_03_SaveAccountInfo Redirect 1	1669295763561	1669295763797	OK	 
USER	registerUser	END	1669295763808
USER	registerUser	END	1669295763808
REQUEST		RegisterUser_03_SaveAccountInfo Redirect 1	1669295763594	1669295763832	OK	 
USER	registerUser	END	1669295763836
REQUEST		CreateOrder_04_SelectProduct FI-FW-02	1669295765346	1669295765582	OK	 
REQUEST		CreateOrder_04_SelectProduct FL-DSH-01	1669295765346	1669295765582	OK	 
REQUEST		CreateOrder_04_SelectProduct K9-RT-02	1669295765346	1669295765588	OK	 
REQUEST		CreateOrder_05_ViewItem	1669295767617	1669295767858	OK	 
REQUEST		CreateOrder_05_ViewItem	1669295767613	1669295767859	OK	 
REQUEST		CreateOrder_05_ViewItem	1669295767619	1669295767859	OK	 
REQUEST		CreateOrder_05_AddToCart	1669295769873	1669295770109	OK	 
REQUEST		CreateOrder_05_AddToCart	1669295769873	1669295770109	OK	 
REQUEST		CreateOrder_05_AddToCart	1669295769873	1669295770109	OK	 
REQUEST		CreateOrder_06_ProceedCheckout	1669295772129	1669295772366	OK	 
REQUEST		CreateOrder_06_ProceedCheckout	1669295772129	1669295772366	OK	 
REQUEST		CreateOrder_06_ProceedCheckout	1669295772129	1669295772366	OK	 
REQUEST		CreateOrder_07_PressContinue	1669295774378	1669295774620	OK	 
REQUEST		CreateOrder_07_PressContinue	1669295774378	1669295774620	OK	 
REQUEST		CreateOrder_07_PressContinue	1669295774378	1669295774620	OK	 
REQUEST		CreateOrder_08_ConfirmOrder	1669295776629	1669295777097	KO	status.find.in(200,201,202,203,204,205,206,207,208,209,304), found 500
REQUEST		CreateOrder_08_ConfirmOrder	1669295776628	1669295777097	KO	status.find.in(200,201,202,203,204,205,206,207,208,209,304), found 500
REQUEST		CreateOrder_08_ConfirmOrder	1669295776629	1669295777097	KO	status.find.in(200,201,202,203,204,205,206,207,208,209,304), found 500
USER	createOrder	END	1669295777123
USER	createOrder	END	1669295777123
USER	createOrder	END	1669295777123
