RUN	com.gatling.tests.createOrder	createorder	1669249015729	asdf	3.6.1
USER	createOrder	START	1669249017615
USER	createOrder	START	1669249017615
USER	createOrder	START	1669249017615
REQUEST		CreateOrder_00_LandingPage	1669249017676	1669249018477	OK	 
REQUEST		CreateOrder_00_LandingPage	1669249017676	1669249018478	OK	 
REQUEST		CreateOrder_00_LandingPage	1669249017676	1669249018477	OK	 
REQUEST		CreateOrder_01_ClickSignIn	1669249020795	1669249021036	OK	 
REQUEST		CreateOrder_01_ClickSignIn	1669249020795	1669249021036	OK	 
REQUEST		CreateOrder_01_ClickSignIn	1669249020795	1669249021036	OK	 
REQUEST		CreateOrder_02_Login PerfTest002	1669249023068	1669249023307	OK	 
REQUEST		CreateOrder_02_Login PerfTest002	1669249023068	1669249023307	OK	 
REQUEST		CreateOrder_02_Login PerfTest003	1669249023068	1669249023307	OK	 
REQUEST		CreateOrder_02_Login PerfTest002 Redirect 1	1669249023314	1669249023555	KO	regex(Sign Out(.*)").findRandom.exists, found nothing
REQUEST		CreateOrder_02_Login PerfTest003 Redirect 1	1669249023315	1669249023555	KO	regex(Sign Out(.*)").findRandom.exists, found nothing
REQUEST		CreateOrder_02_Login PerfTest002 Redirect 1	1669249023314	1669249023555	KO	regex(Sign Out(.*)").findRandom.exists, found nothing
REQUEST		CreateOrder_03_SelectCategory CATS	1669249025609	1669249025846	OK	 
REQUEST		CreateOrder_03_SelectCategory REPTILES	1669249025609	1669249025847	OK	 
REQUEST		CreateOrder_03_SelectCategory REPTILES	1669249025609	1669249025854	OK	 
REQUEST		CreateOrder_04_SelectProduct FL-DSH-01	1669249027860	1669249028100	OK	 
REQUEST		CreateOrder_04_SelectProduct RP-SN-01	1669249027860	1669249028099	OK	 
REQUEST		CreateOrder_04_SelectProduct RP-SN-01	1669249027876	1669249028113	OK	 
REQUEST		CreateOrder_05_ViewItem	1669249030119	1669249030357	OK	 
REQUEST		CreateOrder_05_ViewItem	1669249030119	1669249030357	OK	 
REQUEST		CreateOrder_05_ViewItem	1669249030135	1669249030376	OK	 
REQUEST		CreateOrder_05_AddToCart	1669249032371	1669249032608	OK	 
REQUEST		CreateOrder_05_AddToCart	1669249032371	1669249032608	OK	 
REQUEST		CreateOrder_05_AddToCart	1669249032387	1669249032624	OK	 
REQUEST		CreateOrder_06_ProceedCheckout	1669249034618	1669249034860	OK	 
REQUEST		CreateOrder_06_ProceedCheckout	1669249034618	1669249034863	OK	 
REQUEST		CreateOrder_06_ProceedCheckout	1669249034634	1669249034879	OK	 
REQUEST		CreateOrder_07_PressContinue	1669249036874	1669249037117	OK	 
REQUEST		CreateOrder_07_PressContinue	1669249036874	1669249037117	OK	 
REQUEST		CreateOrder_07_PressContinue	1669249036890	1669249037139	OK	 
REQUEST		CreateOrder_08_ConfirmOrder	1669249039130	1669249039375	OK	 
REQUEST		CreateOrder_08_ConfirmOrder	1669249039130	1669249039375	OK	 
REQUEST		CreateOrder_08_ConfirmOrder	1669249039145	1669249039384	OK	 
USER	createOrder	END	1669249039385
USER	createOrder	END	1669249039385
USER	createOrder	END	1669249039388
