RUN	com.gatling.tests.createOrder	createorder	1669245654469	asdf	3.6.1
USER	createOrder	START	1669245656427
USER	createOrder	START	1669245656427
USER	createOrder	START	1669245656427
REQUEST		CreateOrder_00_LandingPage	1669245656494	1669245657268	OK	 
REQUEST		CreateOrder_00_LandingPage	1669245656494	1669245657268	OK	 
REQUEST		CreateOrder_00_LandingPage	1669245656494	1669245657268	OK	 
REQUEST		CreateOrder_01_ClickSignIn	1669245659564	1669245659793	OK	 
REQUEST		CreateOrder_01_ClickSignIn	1669245659564	1669245659800	OK	 
REQUEST		CreateOrder_01_ClickSignIn	1669245659564	1669245659800	OK	 
REQUEST		CreateOrder_02_Login	1669245661819	1669245662058	OK	 
REQUEST		CreateOrder_02_Login	1669245661823	1669245662070	OK	 
REQUEST		CreateOrder_02_Login	1669245661823	1669245662070	OK	 
REQUEST		CreateOrder_03_SelectCategory REPTILES	1669245664070	1669245664308	OK	 
REQUEST		CreateOrder_03_SelectCategory DOGS	1669245664079	1669245664320	OK	 
REQUEST		CreateOrder_03_SelectCategory DOGS	1669245664079	1669245664317	OK	 
REQUEST		CreateOrder_04_SelectProduct RP-LI-02	1669245666335	1669245666564	OK	 
REQUEST		CreateOrder_04_SelectProduct K9-RT-02	1669245666335	1669245666577	OK	 
REQUEST		CreateOrder_04_SelectProduct K9-DL-01	1669245666335	1669245666581	OK	 
REQUEST		CreateOrder_05_ViewItem	1669245668576	1669245668803	OK	 
REQUEST		CreateOrder_05_ViewItem	1669245668591	1669245668821	OK	 
REQUEST		CreateOrder_05_ViewItem	1669245668591	1669245668829	OK	 
REQUEST		CreateOrder_05_AddToCart	1669245670812	1669245671040	OK	 
REQUEST		CreateOrder_05_AddToCart	1669245670827	1669245671062	OK	 
REQUEST		CreateOrder_05_AddToCart	1669245670843	1669245671080	OK	 
REQUEST		CreateOrder_06_ProceedCheckout	1669245673052	1669245673286	OK	 
REQUEST		CreateOrder_06_ProceedCheckout	1669245673067	1669245673312	OK	 
REQUEST		CreateOrder_06_ProceedCheckout	1669245673083	1669245673324	OK	 
REQUEST		CreateOrder_07_PressContinue	1669245675294	1669245675524	OK	 
REQUEST		CreateOrder_07_PressContinue	1669245675326	1669245675564	OK	 
REQUEST		CreateOrder_07_PressContinue	1669245675342	1669245675580	OK	 
REQUEST		CreateOrder_08_ConfirmOrder	1669245677541	1669245678044	KO	status.find.in(200,201,202,203,204,205,206,207,208,209,304), found 500
USER	createOrder	END	1669245678061
REQUEST		CreateOrder_08_ConfirmOrder	1669245677588	1669245678061	KO	status.find.in(200,201,202,203,204,205,206,207,208,209,304), found 500
REQUEST		CreateOrder_08_ConfirmOrder	1669245677572	1669245678061	KO	status.find.in(200,201,202,203,204,205,206,207,208,209,304), found 500
USER	createOrder	END	1669245678064
USER	createOrder	END	1669245678064
